02/09/2011 16:34:28  Authentication successful
02/09/2011 16:34:28  Auth:
<?xml version='1.0' standalone='yes'?>
<response>
  <status>ok</status>
</response>

02/09/2011 16:36:01 
>>> Checkout barcode 38700001290338 for borrower 3119	response times (in ms) for run 37 : 2278[OK]
>>> Checkout barcode 38700003810018 for borrower 4052	response times (in ms) for run 28 : 2517[OK]
>>> Checkout barcode 38700005092805 for borrower 4010	response times (in ms) for run 34 : 1400[OK]
>>> Checkout barcode 38700006719224 for borrower 1589	response times (in ms) for run 32 : 2212[OK]
>>> Checkout barcode 38700007159743 for borrower 3680	response times (in ms) for run 17 : 2521[OK]
>>> Checkout barcode 38700004077609 for borrower 3119	response times (in ms) for run 0 : 1466[OK]
>>> Checkout barcode 38700001842856 for borrower 1530	response times (in ms) for run 42 : 2156[OK]
>>> Checkout barcode 38700001338731 for borrower 4010	response times (in ms) for run 39 : 2249[OK]
>>> Checkout barcode 38700008625700 for borrower 3119	response times (in ms) for run 26 : 2327[OK]
>>> Checkout barcode 38700001590984 for borrower 4052	response times (in ms) for run 15 : 2211[OK]
>>> Checkout barcode 38700006719208 for borrower 1530	response times (in ms) for run 22 : 2216[OK]
>>> Checkout barcode 38700004285616 for borrower 2369	response times (in ms) for run 18 : 2330[OK]
>>> Checkout barcode 38700006415179 for borrower 4052	response times (in ms) for run 5 : 1287[OK]
>>> Checkout barcode 38700003828804 for borrower 3119	response times (in ms) for run 46 : 1387[OK]
>>> Checkout barcode 38700006042973 for borrower 3680	response times (in ms) for run 47 : 1583[OK]
>>> Checkout barcode 38700006885322 for borrower 3680	response times (in ms) for run 30 : 2465[OK]
>>> Checkout barcode 38700003919850 for borrower 4052	response times (in ms) for run 19 : 1295[OK]
>>> Checkout barcode 38700001288548 for borrower 4052	response times (in ms) for run 3 : 1291[OK]
>>> Checkout barcode 38700001237750 for borrower 4010	response times (in ms) for run 36 : 1372[OK]
>>> Checkout barcode 38700006471164 for borrower 2534	response times (in ms) for run 40 : 2194[OK]
>>> Checkout barcode 38700004316403 for borrower 1530	response times (in ms) for run 23 : 1328[OK]
>>> Checkout barcode 38700001673681 for borrower 3119	response times (in ms) for run 9 : 2234[OK]
>>> Checkout barcode 38700004289261 for borrower 1530	response times (in ms) for run 11 : 1338[OK]
>>> Checkout barcode 38700001636563 for borrower 3119	response times (in ms) for run 49 : 2289[OK]
>>> Checkout barcode 38700004384260 for borrower 1589	response times (in ms) for run 4 : 1314[OK]
>>> Checkout barcode 38700005092854 for borrower 3680	response times (in ms) for run 35 : 1603[OK]
>>> Checkout barcode 38700000402793 for borrower 1530	response times (in ms) for run 12 : 1320[OK]
>>> Checkout barcode 38700004047396 for borrower 4252	response times (in ms) for run 43 : 2186[OK]
>>> Checkout barcode 38700003918761 for borrower 2534	response times (in ms) for run 41 : 1299[OK]
>>> Checkout barcode 38700003465029 for borrower 4010	response times (in ms) for run 6 : 1425[OK]
>>> Checkout barcode 38700006355953 for borrower 3680	response times (in ms) for run 13 : 2396[OK]
>>> Checkout barcode CDB69 for borrower 3119	response times (in ms) for run 21 : 1461[OK]
>>> Checkout barcode 38700001838524 for borrower 2369	response times (in ms) for run 8 : 1352[OK]
>>> Checkout barcode 38700001248435 for borrower 1530	response times (in ms) for run 25 : 1337[OK]
>>> Checkout barcode 58700001335252 for borrower 4010	response times (in ms) for run 16 : 2252[OK]
>>> Checkout barcode 38700003854818 for borrower 4052	response times (in ms) for run 20 : 1289[OK]
>>> Checkout barcode 38700001362053 for borrower 1530	response times (in ms) for run 10 : 2134[OK]
>>> Checkout barcode 38700004264702 for borrower 3680	response times (in ms) for run 7 : 2506[OK]
>>> Checkout barcode 38700003928414 for borrower 2369	response times (in ms) for run 31 : 1342[OK]
>>> Checkout barcode 38700007021463 for borrower 4010	response times (in ms) for run 44 : 2316[OK]
>>> Checkout barcode 38700004317716 for borrower 2534	response times (in ms) for run 27 : 1314[OK]
>>> Checkout barcode 38700006555453 for borrower 3680	response times (in ms) for run 38 : 2481[OK]
>>> Checkout barcode 38700004005212 for borrower 3680	response times (in ms) for run 33 : 2467[OK]
>>> Checkout barcode 38700003277424 for borrower 3119	response times (in ms) for run 2 : 1431[OK]
>>> Checkout barcode 38700001813295 for borrower 3119	response times (in ms) for run 24 : 1393[OK]
>>> Checkout barcode 38700003920395 for borrower 1530	response times (in ms) for run 48 : 1332[OK]
>>> Checkout barcode 38700000229824 for borrower 2534	response times (in ms) for run 45 : 1300[OK]
>>> Checkout barcode 38700001361956 for borrower 2369	response times (in ms) for run 14 : 2153[OK]
>>> Checkout barcode 38700007587273 for borrower 4252	response times (in ms) for run 29 : 2297[OK]
>>> Checkout barcode 38700002784123 for borrower 4052	response times (in ms) for run 1 : 2161[OK]
total response time = 91807
avg response time = 1836.14


02/09/2011 16:38:00 
>>> Checkin barcode 38700007146054 for borrower 51393 (cardnumber=28700011467266)	response times (in ms) for run 37 : 2719[OK]
>>> Checkin barcode CDB75526 for borrower 55088 (cardnumber=28700011567339)	response times (in ms) for run 28 : 2598[OK]
>>> Checkin barcode 38700006411863 for borrower 3314 (cardnumber=28700011677450)	response times (in ms) for run 34 : 2607[OK]
>>> Checkin barcode 38700003969004 for borrower 2895 (cardnumber=28700010898339)	response times (in ms) for run 32 : 2129[OK]
>>> Checkin barcode 38700004277910 for borrower 3072 (cardnumber=287000010059411)	response times (in ms) for run 17 : 2178[OK]
>>> Checkin barcode 38700001861476 for borrower 1651 (cardnumber=28700001002188)	response times (in ms) for run 0 : 2105[OK]
>>> Checkin barcode 38700003983674 for borrower 3927 (cardnumber=287000010056575)	response times (in ms) for run 42 : 2126[OK]
>>> Checkin barcode 58700001228390 for borrower 2672 (cardnumber=287000010033491)	response times (in ms) for run 39 : 2185[OK]
>>> Checkin barcode 38700004097458 for borrower 547 (cardnumber=287000010064914)	response times (in ms) for run 26 : 2103[OK]
>>> Checkin barcode 38700003526952 for borrower 15870 (cardnumber=28700011576512)	response times (in ms) for run 15 : 2636[OK]
>>> Checkin barcode 38700006737739 for borrower 1383 (cardnumber=287000010029801)	response times (in ms) for run 22 : 2121[OK]
>>> Checkin barcode 38700009343204 for borrower 54877 (cardnumber=28700012013721)	response times (in ms) for run 18 : 2618[OK]
>>> Checkin barcode 38700005065827 for borrower 3854 (cardnumber=28700010899527)	response times (in ms) for run 5 : 2217[OK]
>>> Checkin barcode 38700001286419 for borrower 3579 (cardnumber=28700011078717)	response times (in ms) for run 46 : 2171[OK]
>>> Checkin barcode 38700003818813 for borrower 61972 (cardnumber=28700011555615)	response times (in ms) for run 47 : 2670[OK]
>>> Checkin barcode 38700001590984 for borrower 4052 (cardnumber=28700011610543)	response times (in ms) for run 30 : 2143[OK]
>>> Checkin barcode 38700001792473 for borrower 8285 (cardnumber=28700000648710)	response times (in ms) for run 19 : 2331[OK]
>>> Checkin barcode 38700007055438 for borrower 51393 (cardnumber=28700011467266)	response times (in ms) for run 3 : 2601[OK]
>>> Checkin barcode 38700003972396 for borrower 169 (cardnumber=28700000170988)	response times (in ms) for run 36 : 2160[OK]
>>> Checkin barcode 38700001509281 for borrower 744 (cardnumber=28700011533653)	response times (in ms) for run 40 : 2130[OK]
>>> Checkin barcode 38700004039377 for borrower 5671 (cardnumber=28700011581918)	response times (in ms) for run 23 : 2115[OK]
>>> Checkin barcode 38700003813178 for borrower 5176 (cardnumber=28700010739509)	response times (in ms) for run 9 : 2150[OK]
>>> Checkin barcode 38700008885460 for borrower 54877 (cardnumber=28700012013721)	response times (in ms) for run 11 : 2695[OK]
>>> Checkin barcode 38700002798776 for borrower 7664 (cardnumber=28700011129676)	response times (in ms) for run 49 : 2185[OK]
>>> Checkin barcode 38700011495448 for borrower 3883 (cardnumber=28700001003148)	response times (in ms) for run 4 : 2175[OK]
>>> Checkin barcode 38700008773898 for borrower 65892 (cardnumber=28700012034420)	response times (in ms) for run 35 : 2631[OK]
>>> Checkin barcode 38700008212483 for borrower 65944 (cardnumber=28700012031897)	response times (in ms) for run 12 : 2565[OK]
>>> Checkin barcode 38700008854714 for borrower 69783 (cardnumber=28700011544189)	response times (in ms) for run 43 : 2556[OK]
>>> Checkin barcode 38700009175531 for borrower 64978 (cardnumber=28700011713982)	response times (in ms) for run 41 : 2600[OK]
>>> Checkin barcode 38700004277811 for borrower 8568 (cardnumber=28700011426841)	response times (in ms) for run 6 : 2156[OK]
>>> Checkin barcode 38700003963312 for borrower 5820 (cardnumber=287000010054935)	response times (in ms) for run 13 : 2328[OK]
>>> Checkin barcode 38700010149400 for borrower 69098 (cardnumber=28700011543223)	response times (in ms) for run 21 : 2541[OK]
>>> Checkin barcode 58700001335252 for borrower 4010 (cardnumber=28700013146983)	response times (in ms) for run 8 : 2097[OK]
>>> Checkin barcode 38700008150204 for borrower 54877 (cardnumber=28700012013721)	response times (in ms) for run 25 : 2584[OK]
>>> Checkin barcode 38700008617756 for borrower 3765 (cardnumber=28700000053879)	response times (in ms) for run 16 : 2329[OK]
>>> Checkin barcode 38700004001633 for borrower 7284 (cardnumber=28700001002682)	response times (in ms) for run 20 : 2475[OK]
>>> Checkin barcode 38700005134128 for borrower 8109 (cardnumber=28700010661562)	response times (in ms) for run 10 : 2073[OK]
>>> Checkin barcode CDB24386 for borrower 14272 (cardnumber=28700011266031)	response times (in ms) for run 7 : 2588[OK]
>>> Checkin barcode 38700003701506 for borrower 66588 (cardnumber=28700011538330)	response times (in ms) for run 31 : 2728[OK]
>>> Checkin barcode 38700007001358 for borrower 60916 (cardnumber=28700012016963)	response times (in ms) for run 44 : 2604[OK]
>>> Checkin barcode 38700008391493 for borrower 15870 (cardnumber=28700011576512)	response times (in ms) for run 27 : 2481[OK]
>>> Checkin barcode 38700003899433 for borrower 273 (cardnumber=28700011517599)	response times (in ms) for run 38 : 2098[OK]
>>> Checkin barcode 38700001319004 for borrower 7670 (cardnumber=28700010661570)	response times (in ms) for run 33 : 2308[OK]
>>> Checkin barcode 38700004285616 for borrower 2369 (cardnumber=28700011380741)	response times (in ms) for run 2 : 2100[OK]
>>> Checkin barcode 58700001006226 for borrower 844 (cardnumber=287000010013686)	response times (in ms) for run 24 : 2333[OK]
>>> Checkin barcode 38700007656185 for borrower 50246 (cardnumber=28700011543629)	response times (in ms) for run 48 : 2720[OK]
>>> Checkin barcode 38700009307357 for borrower 25524 (cardnumber=28700011460980)	response times (in ms) for run 45 : 2666[OK]
>>> Checkin barcode 38700007308290 for borrower 2672 (cardnumber=287000010033491)	response times (in ms) for run 14 : 2157[OK]
>>> Checkin barcode 38700008786858 for borrower 54877 (cardnumber=28700012013721)	response times (in ms) for run 29 : 2556[OK]
>>> Checkin barcode 38700005477949 for borrower 13383 (cardnumber=28700011685537)	response times (in ms) for run 1 : 2669[OK]
total response time = 118811
avg response time = 2376.22


