
02/09/2011 15:33:36  Authentication successful
02/09/2011 15:33:36  Auth:
<?xml version='1.0' standalone='yes'?>
<response>
  <status>ok</status>
</response>

02/09/2011 15:37:03 
>>> Checkout barcode 38700003832608 for borrower 1651	response times (in ms) for run 37 : 6630[OK]
>>> Checkout barcode 38700007171433 for borrower 3072	response times (in ms) for run 28 : 1259[OK]
>>> Checkout barcode 38700003928414 for borrower 273	response times (in ms) for run 34 : 1319[OK]
>>> Checkout barcode 38700004455763 for borrower 273	response times (in ms) for run 32 : 1309[OK]
>>> Checkout barcode 38700004064789 for borrower 3072	response times (in ms) for run 17 : 6433[OK]
>>> Checkout barcode 38700005965869 for borrower 2462	response times (in ms) for run 0 : 1241[OK]
>>> Checkout barcode 38700004049152 for borrower 7	response times (in ms) for run 42 : 6358[OK]
>>> Checkout barcode 38700003277424 for borrower 3579	response times (in ms) for run 39 : 1393[OK]
>>> Checkout barcode 38700004274354 for borrower 1651	response times (in ms) for run 26 : 1226[OK]
>>> Checkout barcode 38700003450294 for borrower 3579	response times (in ms) for run 15 : 1363[OK]
>>> Checkout barcode 38700007171474 for borrower 2462	response times (in ms) for run 22 : 1219[OK]
>>> Checkout barcode 38700005528915 for borrower 36	response times (in ms) for run 18 : 5540[OK]
>>> Checkout barcode 38700006774310 for borrower 36	response times (in ms) for run 5 : 8375[OK]
>>> Checkout barcode 38700004049913 for borrower 371	response times (in ms) for run 46 : 9242[OK]
>>> Checkout barcode 38700001875872 for borrower 1030	response times (in ms) for run 47 : 1268[OK]
>>> Checkout barcode 38700000108598 for borrower 3072	response times (in ms) for run 30 : 12217[OK]
>>> Checkout barcode 38700001422238 for borrower 2462	response times (in ms) for run 19 : 1220[OK]
>>> Checkout barcode 38700003695245 for borrower 7	response times (in ms) for run 3 : 4547[OK]
>>> Checkout barcode 38700004133105 for borrower 1651	response times (in ms) for run 36 : 11674[OK]
>>> Checkout barcode 38700006306287 for borrower 371	response times (in ms) for run 40 : 1228[OK]
>>> Checkout barcode 0161 for borrower 3072	response times (in ms) for run 23 : 1244[OK]
>>> Checkout barcode 38700004472578 for borrower 1651	response times (in ms) for run 9 : 1248[OK]
>>> Checkout barcode 38700004228814 for borrower 1030	response times (in ms) for run 11 : 6765[OK]
>>> Checkout barcode 38700005092805 for borrower 3072	response times (in ms) for run 49 : 1324[OK]
>>> Checkout barcode 38700001286419 for borrower 3579	response times (in ms) for run 4 : 6630[OK]
>>> Checkout barcode 38700004484078 for borrower 3072	response times (in ms) for run 35 : 1254[OK]
>>> Checkout barcode 38700003919801 for borrower 3579	response times (in ms) for run 12 : 1360[OK]
>>> Checkout barcode 38700004272796 for borrower 273	response times (in ms) for run 43 : 1287[OK]
>>> Checkout barcode 58700001590492 for borrower 1030	response times (in ms) for run 41 : 1303[OK]
>>> Checkout barcode 38700003572667 for borrower 2462	response times (in ms) for run 6 : 1253[OK]
>>> Checkout barcode 38700001508580 for borrower 1030	response times (in ms) for run 13 : 1313[OK]
>>> Checkout barcode 38700004077757 for borrower 2462	response times (in ms) for run 21 : 1237[OK]
>>> Checkout barcode 38700001508820 for borrower 3072	response times (in ms) for run 8 : 18248[OK]
>>> Checkout barcode 38700002819572 for borrower 7	response times (in ms) for run 25 : 9180[OK]
>>> Checkout barcode 161 for borrower 3072	response times (in ms) for run 16 : 1270[OK]
>>> Checkout barcode 38700005044533 for borrower 36	response times (in ms) for run 20 : 1273[OK]
>>> Checkout barcode 38700008636665 for borrower 3579	response times (in ms) for run 10 : 6318[OK]
>>> Checkout barcode 38700005722534 for borrower 2462	response times (in ms) for run 7 : 1245[OK]
>>> Checkout barcode 38700004289113 for borrower 2462	response times (in ms) for run 31 : 1329[OK]
>>> Checkout barcode 38700006081237 for borrower 371	response times (in ms) for run 44 : 1280[OK]
>>> Checkout barcode 38700005092854 for borrower 3072	response times (in ms) for run 27 : 1295[OK]
>>> Checkout barcode 38700004052719 for borrower 3579	response times (in ms) for run 38 : 4181[OK]
>>> Checkout barcode 38700005526505 for borrower 1651	response times (in ms) for run 33 : 4091[OK]
>>> Checkout barcode 38700003817518 for borrower 1030	response times (in ms) for run 2 : 8062[OK]
>>> Checkout barcode 38700003982841 for borrower 2462	response times (in ms) for run 24 : 7773[OK]
>>> Checkout barcode 38700004371275 for borrower 36	response times (in ms) for run 48 : 11456[OK]
>>> Checkout barcode 38700003874600 for borrower 3072	response times (in ms) for run 45 : 1275[OK]
>>> Checkout barcode 38700001303909 for borrower 7	response times (in ms) for run 14 : 9015[OK]
>>> Checkout barcode 38700004276821 for borrower 3072	response times (in ms) for run 29 : 1246[OK]
>>> Checkout barcode 38700006285473 for borrower 7	response times (in ms) for run 1 : 7692[OK]
total response time = 207508
avg response time = 4150.16


02/09/2011 15:45:05 
>>> Checkin barcode 58700002008320 for borrower 59633 (cardnumber=28700011589242)	response times (in ms) for run 37 : 9140[OK]
>>> Checkin barcode 38700002312065 for borrower 406 (cardnumber=287000010060405)	response times (in ms) for run 28 : 6986[OK]
>>> Checkin barcode 58700001406392 for borrower 7063 (cardnumber=28700011334581)	response times (in ms) for run 34 : 7418[OK]
>>> Checkin barcode 38700006719224 for borrower 8310 (cardnumber=28700010716416)	response times (in ms) for run 32 : 9730[OK]
>>> Checkin barcode 38700000111691 for borrower 8456 (cardnumber=28700001004697)	response times (in ms) for run 17 : 6159[OK]
>>> Checkin barcode 38700005779955 for borrower 5738 (cardnumber=28700011330134)	response times (in ms) for run 0 : 8936[OK]
>>> Checkin barcode 58700001403894 for borrower 281 (cardnumber=28700013204139)	response times (in ms) for run 42 : 5485[OK]
>>> Checkin barcode 38700007631865 for borrower 66561 (cardnumber=28700011539122)	response times (in ms) for run 39 : 12978[OK]
>>> Checkin barcode 38700007832802 for borrower 64910 (cardnumber=28700011659003)	response times (in ms) for run 26 : 8278[OK]
>>> Checkin barcode 38700008680689 for borrower 48770 (cardnumber=28700011424929)	response times (in ms) for run 15 : 10496[OK]
>>> Checkin barcode 38700005598819 for borrower 1 (cardnumber=1)	response times (in ms) for run 22 : 11152[OK]
>>> Checkin barcode 38700005534764 for borrower 413 (cardnumber=28700010827155)	response times (in ms) for run 18 : 8080[OK]
>>> Checkin barcode 38700007512503 for borrower 4737 (cardnumber=28700011526848)	response times (in ms) for run 5 : 6234[OK]
>>> Checkin barcode 38700005324968 for borrower 409 (cardnumber=287000010064054)	response times (in ms) for run 46 : 7842[OK]
>>> Checkin barcode 38700008815616 for borrower 46780 (cardnumber=28700011679498)	response times (in ms) for run 47 : 11199[OK]
>>> Checkin barcode 38700001508820 for borrower 3072 (cardnumber=287000010059411)	response times (in ms) for run 30 : 6193[OK]
>>> Checkin barcode 58700001398755 for borrower 69793 (cardnumber=28700012052687)	response times (in ms) for run 19 : 10562[OK]
>>> Checkin barcode 38700004292372 for borrower 2775 (cardnumber=28700013096212)	response times (in ms) for run 3 : 6586[OK]
>>> Checkin barcode 38700002531391 for borrower 417 (cardnumber=28700013041861)	response times (in ms) for run 36 : 10485[OK]
>>> Checkin barcode 38700003096337 for borrower 744 (cardnumber=28700011533653)	response times (in ms) for run 40 : 7530[OK]
>>> Checkin barcode 38700001304162 for borrower 1184 (cardnumber=28700011092403)	response times (in ms) for run 23 : 3857[OK]
>>> Checkin barcode 38700004262789 for borrower 855 (cardnumber=2504)	response times (in ms) for run 9 : 4673[OK]
>>> Checkin barcode 38700006527148 for borrower 3314 (cardnumber=28700011677450)	response times (in ms) for run 11 : 11075[OK]
>>> Checkin barcode 58700001519616 for borrower 65944 (cardnumber=28700012031897)	response times (in ms) for run 49 : 9170[OK]
>>> Checkin barcode 38700008438153 for borrower 1227 (cardnumber=28700010813510)	response times (in ms) for run 4 : 7453[OK]
>>> Checkin barcode 38700004064789 for borrower 3072 (cardnumber=287000010059411)	response times (in ms) for run 35 : 9246[OK]
>>> Checkin barcode 38700005148474 for borrower 541 (cardnumber=287000010010334)	response times (in ms) for run 12 : 4511[OK]
>>> Checkin barcode 38700009170011 for borrower 4626 (cardnumber=28700001003144)	response times (in ms) for run 43 : 7236[OK]
>>> Checkin barcode 58700001692306 for borrower 62130 (cardnumber=28700011669168)	response times (in ms) for run 41 : 6229[OK]
>>> Checkin barcode 58700001448568 for borrower 7454 (cardnumber=28700013141687)	response times (in ms) for run 6 : 6675[OK]
>>> Checkin barcode 38700007960025 for borrower 64828 (cardnumber=28700011669424)	response times (in ms) for run 13 : 9671[OK]
>>> Checkin barcode 38700008762131 for borrower 67225 (cardnumber=28700011540179)	response times (in ms) for run 21 : 13535[OK]
>>> Checkin barcode 38700003972842 for borrower 578 (cardnumber=28700011459826)	response times (in ms) for run 8 : 4347[OK]
>>> Checkin barcode 38700007296586 for borrower 69785 (cardnumber=28700012052752)	response times (in ms) for run 25 : 11129[OK]
>>> Checkin barcode 38700004032117 for borrower 3327 (cardnumber=287000010013679)	response times (in ms) for run 16 : 4388[OK]
>>> Checkin barcode 38700007183453 for borrower 67886 (cardnumber=28700011665182)	response times (in ms) for run 20 : 8525[OK]
>>> Checkin barcode 38700001263632 for borrower 1222 (cardnumber=28700011501387)	response times (in ms) for run 10 : 7768[OK]
>>> Checkin barcode 38700001257493 for borrower 52762 (cardnumber=28700012000751)	response times (in ms) for run 7 : 16984[OK]
>>> Checkin barcode 38700010086925 for borrower 60786 (cardnumber=28700012023662)	response times (in ms) for run 31 : 11130[OK]
>>> Checkin barcode 38700009035800 for borrower 48041 (cardnumber=28700012017508)	response times (in ms) for run 44 : 45651[OK]
>>> Checkin barcode 58700001088158 for borrower 15871 (cardnumber=28700011576462)	response times (in ms) for run 27 : 8391[OK]
>>> Checkin barcode 58700001078985 for borrower 54695 (cardnumber=28700011561530)	response times (in ms) for run 38 : 7837[OK]
>>> Checkin barcode 58700001660485 for borrower 66671 (cardnumber=28700011538785)	response times (in ms) for run 33 : 10246[OK]
>>> Checkin barcode 38700001242545 for borrower 8943 (cardnumber=28700011133876)	response times (in ms) for run 2 : 5911[OK]
>>> Checkin barcode 38700007804892 for borrower 67322 (cardnumber=28700012001197)	response times (in ms) for run 24 : 7106[OK]
>>> Checkin barcode 38700006522222 for borrower 59632 (cardnumber=28700011588020)	response times (in ms) for run 48 : 37181[OK]
>>> Checkin barcode 38700006835053 for borrower 66671 (cardnumber=28700011538785)	response times (in ms) for run 45 : 6068[OK]
>>> Checkin barcode 38700003700532 for borrower 8532 (cardnumber=28700010952219)	response times (in ms) for run 14 : 7902[OK]
>>> Checkin barcode 429579 for borrower 65378 (cardnumber=28700011719641)	response times (in ms) for run 29 : 9486[OK]
>>> Checkin barcode 38700000673484 for borrower 62922 (cardnumber=28700011651240)	response times (in ms) for run 1 : 6751[OK]
total response time = 481601
avg response time = 9632.02


