
02/09/2011 16:50:53  Authentication successful
02/09/2011 16:50:53  Auth:
<?xml version='1.0' standalone='yes'?>
<response>
  <status>ok</status>
</response>

02/09/2011 16:51:05  Authentication successful
02/09/2011 16:51:05  Auth:
<?xml version='1.0' standalone='yes'?>
<response>
  <status>ok</status>
</response>

02/09/2011 16:55:13 
>>> Checkout barcode 38700004467164 for borrower 4203	response times (in ms) for run 28 : 1338[OK]
>>> Checkout barcode 38700008464910 for borrower 242	response times (in ms) for run 32 : 1339[OK]
>>> Checkout barcode 38700001607168 for borrower 1114	response times (in ms) for run 17 : 22486[OK]
>>> Checkout barcode 38700004455466 for borrower 5200	response times (in ms) for run 90 : 2371[OK]
>>> Checkout barcode 38700003918761 for borrower 8875	response times (in ms) for run 57 : 1412[OK]
>>> Checkout barcode 38700001237750 for borrower 5653	response times (in ms) for run 50 : 1444[OK]
>>> Checkout barcode 38700001238634 for borrower 9478	response times (in ms) for run 42 : 2137[OK]
>>> Checkout barcode 38700007069843 for borrower 8875	response times (in ms) for run 67 : 2607[OK]
>>> Checkout barcode 38700004039377 for borrower 1114	response times (in ms) for run 39 : 21658[OK]
>>> Checkout barcode 38700001876748 for borrower 4203	response times (in ms) for run 99 : 1357[OK]
>>> Checkout barcode 38700005842373 for borrower 1236	response times (in ms) for run 15 : 2017[OK]
>>> Checkout barcode 38700002030162 for borrower 4512	response times (in ms) for run 18 : 1568[OK]
>>> Checkout barcode 38700005725081 for borrower 7142	response times (in ms) for run 69 : 1417[OK]
>>> Checkout barcode 38700008650716 for borrower 2845	response times (in ms) for run 46 : 2325[OK]
>>> Checkout barcode 38700005047411 for borrower 978	response times (in ms) for run 84 : 2237[OK]
>>> Checkout barcode 38700001367730 for borrower 5653	response times (in ms) for run 81 : 2416[OK]
>>> Checkout barcode 38700001238683 for borrower 5367	response times (in ms) for run 19 : 1289[OK]
>>> Checkout barcode 38700001861476 for borrower 7469	response times (in ms) for run 3 : 2127[OK]
>>> Checkout barcode 38700004273083 for borrower 260	response times (in ms) for run 36 : 1346[OK]
>>> Checkout barcode 38700004285616 for borrower 2462	response times (in ms) for run 40 : 2159[OK]
>>> Checkout barcode 38700003951580 for borrower 1762	response times (in ms) for run 9 : 2182[OK]
>>> Checkout barcode 38700003854800 for borrower 629	response times (in ms) for run 76 : 1432[OK]
>>> Checkout barcode 58700001287651 for borrower 5993	response times (in ms) for run 70 : 2210[OK]
>>> Checkout barcode 38700002564491 for borrower 290	response times (in ms) for run 64 : 4046[OK]
>>> Checkout barcode 38700006181425 for borrower 800	response times (in ms) for run 4 : 3265[OK]
>>> Checkout barcode 38700003910420 for borrower 8642	response times (in ms) for run 35 : 1346[OK]
>>> Checkout barcode 38700001712463 for borrower 5833	response times (in ms) for run 73 : 2280[OK]
>>> Checkout barcode 38700004274354 for borrower 290	response times (in ms) for run 59 : 1346[OK]
>>> Checkout barcode 38700003460939 for borrower 800	response times (in ms) for run 12 : 2578[OK]
>>> Checkout barcode 38700004272978 for borrower 7469	response times (in ms) for run 82 : 1293[OK]
>>> Checkout barcode 38700001577791 for borrower 8362	response times (in ms) for run 43 : 2990[OK]
>>> Checkout barcode 38700001888933 for borrower 4060	response times (in ms) for run 51 : 2532[OK]
>>> Checkout barcode 38700003998201 for borrower 8077	response times (in ms) for run 6 : 2177[OK]
>>> Checkout barcode 38700003836153 for borrower 2042	response times (in ms) for run 13 : 2258[OK]
>>> Checkout barcode 38700004021037 for borrower 6233	response times (in ms) for run 21 : 2252[OK]
>>> Checkout barcode 38700009331829 for borrower 8362	response times (in ms) for run 8 : 2267[OK]
>>> Checkout barcode 38700005699252 for borrower 6233	response times (in ms) for run 54 : 1376[OK]
>>> Checkout barcode 58700001481353 for borrower 2462	response times (in ms) for run 16 : 1373[OK]
>>> Checkout barcode 38700011495448 for borrower 5833	response times (in ms) for run 20 : 2209[OK]
>>> Checkout barcode 38700001290544 for borrower 5367	response times (in ms) for run 60 : 2259[OK]
>>> Checkout barcode 38700004276938 for borrower 7150	response times (in ms) for run 75 : 1339[OK]
>>> Checkout barcode 38700003591436 for borrower 8875	response times (in ms) for run 7 : 1374[OK]
>>> Checkout barcode 38700004276169 for borrower 5833	response times (in ms) for run 86 : 1365[OK]
>>> Checkout barcode 38700003969004 for borrower 290	response times (in ms) for run 31 : 2174[OK]
>>> Checkout barcode 38700000752874 for borrower 5851	response times (in ms) for run 55 : 4208[OK]
>>> Checkout barcode 38700004247269 for borrower 242	response times (in ms) for run 27 : 2231[OK]
>>> Checkout barcode 38700003811503 for borrower 260	response times (in ms) for run 38 : 2204[OK]
>>> Checkout barcode 38700007629836 for borrower 242	response times (in ms) for run 83 : 2230[OK]
>>> Checkout barcode 38700003099497 for borrower 3554	response times (in ms) for run 66 : 2402[OK]
>>> Checkout barcode 38700001834127 for borrower 8875	response times (in ms) for run 48 : 2211[OK]
>>> Checkout barcode 38700003572667 for borrower 7469	response times (in ms) for run 45 : 1331[OK]
>>> Checkout barcode 38700003998714 for borrower 5200	response times (in ms) for run 71 : 2503[OK]
>>> Checkout barcode 38700004318540 for borrower 7150	response times (in ms) for run 14 : 1317[OK]
>>> Checkout barcode 38700000229824 for borrower 4512	response times (in ms) for run 29 : 1516[OK]
>>> Checkout barcode 38700002570043 for borrower 978	response times (in ms) for run 87 : 1336[OK]
>>> Checkout barcode 38700004321775 for borrower 800	response times (in ms) for run 77 : 2754[OK]
>>> Checkout barcode 38700003983625 for borrower 4060	response times (in ms) for run 1 : 2130[OK]
>>> Checkout barcode 38700001739664 for borrower 8077	response times (in ms) for run 65 : 2388[OK]
>>> Checkout barcode 38700004294873 for borrower 5367	response times (in ms) for run 37 : 1309[OK]
>>> Checkout barcode 38700004456852 for borrower 8362	response times (in ms) for run 34 : 1350[OK]
>>> Checkout barcode 38700001348359 for borrower 9478	response times (in ms) for run 0 : 2204[OK]
>>> Checkout barcode 38700003858744 for borrower 553	response times (in ms) for run 74 : 1638[OK]
>>> Checkout barcode 38700002810613 for borrower 1168	response times (in ms) for run 26 : 2246[OK]
>>> Checkout barcode 38700005561684 for borrower 5667	response times (in ms) for run 97 : 1527[OK]
>>> Checkout barcode 38700007171433 for borrower 4060	response times (in ms) for run 5 : 1295[OK]
>>> Checkout barcode 38700001724369 for borrower 1114	response times (in ms) for run 22 : 21675[OK]
>>> Checkout barcode 38700004318227 for borrower 5653	response times (in ms) for run 72 : 1345[OK]
>>> Checkout barcode 38700002247808 for borrower 8875	response times (in ms) for run 79 : 1428[OK]
>>> Checkout barcode 38700005783015 for borrower 2257	response times (in ms) for run 47 : 1554[OK]
>>> Checkout barcode 38700002844182 for borrower 8362	response times (in ms) for run 61 : 2258[OK]
>>> Checkout barcode 38700005126744 for borrower 5653	response times (in ms) for run 95 : 2308[OK]
>>> Checkout barcode 38700004278041 for borrower 1762	response times (in ms) for run 30 : 1312[OK]
>>> Checkout barcode 38700004292372 for borrower 2214	response times (in ms) for run 96 : 2233[OK]
>>> Checkout barcode 38700004262532 for borrower 8642	response times (in ms) for run 80 : 2412[OK]
>>> Checkout barcode 58700001380464 for borrower 1170	response times (in ms) for run 11 : 2154[OK]
>>> Checkout barcode 38700001636324 for borrower 3937	response times (in ms) for run 23 : 2148[OK]
>>> Checkout barcode 38700001328153 for borrower 1236	response times (in ms) for run 53 : 2514[OK]
>>> Checkout barcode 38700008403595 for borrower 8642	response times (in ms) for run 58 : 1400[OK]
>>> Checkout barcode 38700003918878 for borrower 5851	response times (in ms) for run 49 : 1470[OK]
>>> Checkout barcode 38700001878900 for borrower 260	response times (in ms) for run 62 : 1425[OK]
>>> Checkout barcode 38700007167811 for borrower 629	response times (in ms) for run 41 : 1450[OK]
>>> Checkout barcode 38700003227171 for borrower 4924	response times (in ms) for run 52 : 2408[OK]
>>> Checkout barcode 38700008593064 for borrower 1168	response times (in ms) for run 98 : 2209[OK]
>>> Checkout barcode 38700003826212 for borrower 7142	response times (in ms) for run 78 : 2301[OK]
>>> Checkout barcode 38700003996403 for borrower 5667	response times (in ms) for run 25 : 4204[OK]
>>> Checkout barcode 38700002569995 for borrower 290	response times (in ms) for run 85 : 1337[OK]
>>> Checkout barcode 38700011092831 for borrower 5200	response times (in ms) for run 10 : 2354[OK]
>>> Checkout barcode 38700003983146 for borrower 8362	response times (in ms) for run 68 : 2418[OK]
>>> Checkout barcode 38700001559609 for borrower 3188	response times (in ms) for run 56 : 2324[OK]
>>> Checkout barcode 38700003854164 for borrower 3554	response times (in ms) for run 44 : 1272[OK]
>>> Checkout barcode 38700003910818 for borrower 9478	response times (in ms) for run 89 : 1318[OK]
>>> Checkout barcode 38700004467172 for borrower 3188	response times (in ms) for run 2 : 1298[OK]
>>> Checkout barcode 38700004077658 for borrower 8642	response times (in ms) for run 33 : 1374[OK]
>>> Checkout barcode 38700006498589 for borrower 1762	response times (in ms) for run 24 : 2246[OK]
>>> Checkout barcode 38700005203097 for borrower 2486	response times (in ms) for run 88 : 1304[OK]
>>> Checkout barcode 38700004017464 for borrower 2042	response times (in ms) for run 92 : 2243[OK]
>>> Checkout barcode 38700003572576 for borrower 3908	response times (in ms) for run 94 : 1362[OK]
>>> Checkout barcode 38700005122818 for borrower 1731	response times (in ms) for run 63 : 2311[OK]
>>> Checkout barcode 38700004459195 for borrower 6233	response times (in ms) for run 93 : 1360[OK]
>>> Checkout barcode 38700003813178 for borrower 1762	response times (in ms) for run 91 : 3125[OK]
total response time = 257157
avg response time = 2571.57


02/09/2011 16:55:36 
>>> Checkout barcode 58700001024252 for borrower 1490	response times (in ms) for run 28 : 1514[OK]
>>> Checkout barcode 38700005670154 for borrower 194	response times (in ms) for run 32 : 1344[OK]
>>> Checkout barcode 38700001507608 for borrower 4415	response times (in ms) for run 17 : 2568[OK]
>>> Checkout barcode 38700005020624 for borrower 194	response times (in ms) for run 90 : 2193[OK]
>>> Checkout barcode 38700003813178 for borrower 4939	response times (in ms) for run 57 : 2322[OK]
>>> Checkout barcode CDB67 for borrower 1638	response times (in ms) for run 50 : 1586[OK]
>>> Checkout barcode 58700002001796 for borrower 2651	response times (in ms) for run 42 : 2208[OK]
>>> Checkout barcode 38700006306295 for borrower 3672	response times (in ms) for run 67 : 1336[OK]
>>> Checkout barcode 38700003861243 for borrower 1964	response times (in ms) for run 39 : 2277[OK]
>>> Checkout barcode 38700003984672 for borrower 5683	response times (in ms) for run 99 : 2201[OK]
>>> Checkout barcode 38700004315512 for borrower 1812	response times (in ms) for run 15 : 1429[OK]
>>> Checkout barcode 38700001723148 for borrower 2349	response times (in ms) for run 18 : 2703[OK]
>>> Checkout barcode 38700000111238 for borrower 5100	response times (in ms) for run 69 : 2233[OK]
>>> Checkout barcode 38700001449835 for borrower 1964	response times (in ms) for run 46 : 1377[OK]
>>> Checkout barcode 38700005779955 for borrower 7454	response times (in ms) for run 84 : 2234[OK]
>>> Checkout barcode 38700004472719 for borrower 7144	response times (in ms) for run 81 : 1299[OK]
>>> Checkout barcode 38700000107715 for borrower 3816	response times (in ms) for run 19 : 1447[OK]
>>> Checkout barcode 58700001005269 for borrower 4415	response times (in ms) for run 3 : 2186[OK]
>>> Checkout barcode 38700003803104 for borrower 9045	response times (in ms) for run 36 : 2287[OK]
>>> Checkout barcode 38700002209642 for borrower 9420	response times (in ms) for run 40 : 1486[OK]
>>> Checkout barcode 38700006600432 for borrower 8700	response times (in ms) for run 9 : 2265[OK]
>>> Checkout barcode 38700001712463 for borrower 1637	response times (in ms) for run 76 : 3042[OK]
>>> Checkout barcode 38700001360651 for borrower 4893	response times (in ms) for run 70 : 2241[OK]
>>> Checkout barcode 38700002589852 for borrower 8875	response times (in ms) for run 64 : 2218[OK]
>>> Checkout barcode 38700005965869 for borrower 9045	response times (in ms) for run 4 : 1354[OK]
>>> Checkout barcode 38700004316304 for borrower 1964	response times (in ms) for run 35 : 1386[OK]
>>> Checkout barcode 38700001524793 for borrower 1173	response times (in ms) for run 73 : 1507[OK]
>>> Checkout barcode 38700004287612 for borrower 169	response times (in ms) for run 59 : 2313[OK]
>>> Checkout barcode 38700003810257 for borrower 9420	response times (in ms) for run 12 : 2347[OK]
>>> Checkout barcode 38700001360529 for borrower 2651	response times (in ms) for run 82 : 2226[OK]
>>> Checkout barcode 38700003095990 for borrower 3816	response times (in ms) for run 43 : 2239[OK]
>>> Checkout barcode 38700002810613 for borrower 1812	response times (in ms) for run 51 : 3429[OK]
>>> Checkout barcode 38700005456620 for borrower 3672	response times (in ms) for run 6 : 2250[OK]
>>> Checkout barcode 38700004287208 for borrower 7454	response times (in ms) for run 13 : 2277[OK]
>>> Checkout barcode 58700001430400 for borrower 1812	response times (in ms) for run 21 : 2173[OK]
>>> Checkout barcode 38700006383666 for borrower 9420	response times (in ms) for run 8 : 2439[OK]
>>> Checkout barcode 38700010226158 for borrower 3765	response times (in ms) for run 54 : 2643[OK]
>>> Checkout barcode 38700001636431 for borrower 1396	response times (in ms) for run 16 : 4645[OK]
>>> Checkout barcode 38700001577791 for borrower 8538	response times (in ms) for run 20 : 3391[OK]
>>> Checkout barcode 38700005157202 for borrower 8700	response times (in ms) for run 60 : 2289[OK]
>>> Checkout barcode 38700002245489 for borrower 800	response times (in ms) for run 75 : 1696[OK]
>>> Checkout barcode 38700002570571 for borrower 7454	response times (in ms) for run 7 : 1374[OK]
>>> Checkout barcode 38700004276821 for borrower 3971	response times (in ms) for run 86 : 1369[OK]
>>> Checkout barcode 38700003858199 for borrower 1964	response times (in ms) for run 31 : 1423[OK]
>>> Checkout barcode 38700001723304 for borrower 3971	response times (in ms) for run 55 : 2419[OK]
>>> Checkout barcode 38700005360095 for borrower 8782	response times (in ms) for run 27 : 2546[OK]
>>> Checkout barcode 38700001319004 for borrower 9045	response times (in ms) for run 38 : 2285[OK]
>>> Checkout barcode 38700004273091 for borrower 8538	response times (in ms) for run 83 : 2377[OK]
>>> Checkout barcode 38700003985554 for borrower 9045	response times (in ms) for run 66 : 2326[OK]
>>> Checkout barcode 38700005670147 for borrower 7900	response times (in ms) for run 48 : 1325[OK]
>>> Checkout barcode 38700004071487 for borrower 1490	response times (in ms) for run 45 : 2191[OK]
>>> Checkout barcode 38700005397204 for borrower 2651	response times (in ms) for run 71 : 2431[OK]
>>> Checkout barcode 58700001713391 for borrower 7539	response times (in ms) for run 14 : 2384[OK]
>>> Checkout barcode 38700003983674 for borrower 5354	response times (in ms) for run 29 : 2446[OK]
>>> Checkout barcode 38700003918654 for borrower 3554	response times (in ms) for run 87 : 1315[OK]
>>> Checkout barcode 38700008441629 for borrower 6784	response times (in ms) for run 77 : 3720[OK]
>>> Checkout barcode 38700001640482 for borrower 1173	response times (in ms) for run 1 : 2344[OK]
>>> Checkout barcode 38700005521332 for borrower 1638	response times (in ms) for run 65 : 1386[OK]
>>> Checkout barcode 38700003919868 for borrower 7144	response times (in ms) for run 37 : 1318[OK]
>>> Checkout barcode 38700003918399 for borrower 1117	response times (in ms) for run 34 : 1323[OK]
>>> Checkout barcode 38700000111311 for borrower 5613	response times (in ms) for run 0 : 2217[OK]
>>> Checkout barcode 38700001774711 for borrower 8875	response times (in ms) for run 74 : 2278[OK]
>>> Checkout barcode 38700003572766 for borrower 1812	response times (in ms) for run 26 : 1384[OK]
>>> Checkout barcode 38700007608046 for borrower 3561	response times (in ms) for run 97 : 2398[OK]
>>> Checkout barcode 38700005921813 for borrower 8782	response times (in ms) for run 5 : 2251[OK]
>>> Checkout barcode 38700004347820 for borrower 8797	response times (in ms) for run 22 : 2307[OK]
>>> Checkout barcode 38700008353287 for borrower 5576	response times (in ms) for run 72 : 60235[OK]
>>> Checkout barcode 38700001897686 for borrower 169	response times (in ms) for run 79 : 2270[OK]
>>> Checkout barcode 38700001316547 for borrower 3554	response times (in ms) for run 47 : 2203[OK]
>>> Checkout barcode 38700003918571 for borrower 8875	response times (in ms) for run 61 : 1360[OK]
>>> Checkout barcode 38700004384260 for borrower 2999	response times (in ms) for run 95 : 1310[OK]
>>> Checkout barcode 38700003967628 for borrower 169	response times (in ms) for run 30 : 1547[OK]
>>> Checkout barcode 38700003854750 for borrower 5683	response times (in ms) for run 96 : 1331[OK]
>>> Checkout barcode 38700008783830 for borrower 5312	response times (in ms) for run 80 : 2292[OK]
>>> Checkout barcode 38700003918621 for borrower 3554	response times (in ms) for run 11 : 1282[OK]
>>> Checkout barcode 38700004289014 for borrower 7900	response times (in ms) for run 23 : 2229[OK]
>>> Checkout barcode 38700003825289 for borrower 1656	response times (in ms) for run 53 : 1389[OK]
>>> Checkout barcode 38700003920395 for borrower 5683	response times (in ms) for run 58 : 1350[OK]
>>> Checkout barcode 38700002776749 for borrower 1396	response times (in ms) for run 49 : 3524[OK]
>>> Checkout barcode 38700005946679 for borrower 7454	response times (in ms) for run 62 : 2197[OK]
>>> Checkout barcode 38700005044517 for borrower 1229	response times (in ms) for run 41 : 1373[OK]
>>> Checkout barcode 38700004287901 for borrower 1656	response times (in ms) for run 52 : 2321[OK]
>>> Checkout barcode 38700003687143 for borrower 1173	response times (in ms) for run 98 : 2317[OK]
>>> Checkout barcode 38700004252798 for borrower 7539	response times (in ms) for run 78 : 2289[OK]
>>> Checkout barcode 38700003835072 for borrower 5015	response times (in ms) for run 25 : 2680[OK]
>>> Checkout barcode 38700001237750 for borrower 3971	response times (in ms) for run 85 : 1368[OK]
>>> Checkout barcode 38700001792473 for borrower 1490	response times (in ms) for run 10 : 2184[OK]
>>> Checkout barcode 38700003820108 for borrower 9420	response times (in ms) for run 68 : 2346[OK]
>>> Checkout barcode 38700002247808 for borrower 9420	response times (in ms) for run 56 : 1543[OK]
>>> Checkout barcode 38700005598819 for borrower 4893	response times (in ms) for run 44 : 2164[OK]
>>> Checkout barcode 38700001290403 for borrower 5683	response times (in ms) for run 89 : 3317[OK]
>>> Checkout barcode 38700003549038 for borrower 1117	response times (in ms) for run 2 : 2172[OK]
>>> Checkout barcode 38700002569888 for borrower 169	response times (in ms) for run 33 : 1378[OK]
>>> Checkout barcode 38700004048261 for borrower 4893	response times (in ms) for run 24 : 2192[OK]
>>> Checkout barcode 38700002496256 for borrower 1490	response times (in ms) for run 88 : 2234[OK]
>>> Checkout barcode 38700001895433 for borrower 7144	response times (in ms) for run 92 : 2437[OK]
>>> Checkout barcode 38700004467404 for borrower 5051	response times (in ms) for run 94 : 1443[OK]
>>> Checkout barcode 38700004050598 for borrower 5683	response times (in ms) for run 63 : 2144[OK]
>>> Checkout barcode 38700003971802 for borrower 1637	response times (in ms) for run 93 : 2505[OK]
>>> Checkout barcode 58700002072706 for borrower 3816	response times (in ms) for run 91 : 2309[OK]
total response time = 266972
avg response time = 2669.72


02/09/2011 16:59:30 
>>> Checkin barcode 38700006719224 for borrower 1589 (cardnumber=28700010919820)	response times (in ms) for run 28 : 2233[OK]
>>> Checkin barcode 38700006623012 for borrower 55860 (cardnumber=28700011583211)	response times (in ms) for run 32 : 2596[OK]
>>> Checkin barcode 38700004489887 for borrower 364 (cardnumber=28700013200483)	response times (in ms) for run 17 : 2172[OK]
>>> Checkin barcode 58700001496831 for borrower 72915 (cardnumber=28700013008894)	response times (in ms) for run 90 : 2551[OK]
>>> Checkin barcode 38700004299641 for borrower 8484 (cardnumber=28700011040899)	response times (in ms) for run 57 : 2107[OK]
>>> Checkin barcode 38700001891937 for borrower 64933 (cardnumber=28700011682435)	response times (in ms) for run 50 : 2569[OK]
>>> Checkin barcode 38700008435761 for borrower 68435 (cardnumber=28700011541573)	response times (in ms) for run 42 : 2615[OK]
>>> Checkin barcode 38700004214228 for borrower 70 (cardnumber=28700011239350)	response times (in ms) for run 67 : 2140[OK]
>>> Checkin barcode 38700008896327 for borrower 70689 (cardnumber=28700012064492)	response times (in ms) for run 39 : 2573[OK]
>>> Checkin barcode 38700002862291 for borrower 2120 (cardnumber=287000010050096)	response times (in ms) for run 99 : 2093[OK]
>>> Checkin barcode 38700006600432 for borrower 8700 (cardnumber=28700012045913)	response times (in ms) for run 15 : 2167[OK]
>>> Checkin barcode 58700001486980 for borrower 27935 (cardnumber=28700012015817)	response times (in ms) for run 18 : 2598[OK]
>>> Checkin barcode 38700005469250 for borrower 67275 (cardnumber=28700011532713)	response times (in ms) for run 69 : 2516[OK]
>>> Checkin barcode 0698 for borrower 69287 (cardnumber=28700012041276)	response times (in ms) for run 46 : 2641[OK]
>>> Checkin barcode 38700006001714 for borrower 27487 (cardnumber=28700011648469)	response times (in ms) for run 84 : 2675[OK]
>>> Checkin barcode 38700008597180 for borrower 51941 (cardnumber=28700011654731)	response times (in ms) for run 81 : 1725[OK]
>>> Checkin barcode 38700004163805 for borrower 7317 (cardnumber=28700000200413)	response times (in ms) for run 19 : 2254[OK]
>>> Checkin barcode 38700004189149 for borrower 5823 (cardnumber=28700010974908)	response times (in ms) for run 3 : 2473[OK]
>>> Checkin barcode 38700009054645 for borrower 46700 (cardnumber=28700011702803)	response times (in ms) for run 36 : 2597[OK]
>>> Checkin barcode 38700006987417 for borrower 72224 (cardnumber=28700012065283)	response times (in ms) for run 40 : 2582[OK]
>>> Checkin barcode 38700008369044 for borrower 29339 (cardnumber=28700012084417)	response times (in ms) for run 9 : 2577[OK]
>>> Checkin barcode 38700007258420 for borrower 67958 (cardnumber=28700012019298)	response times (in ms) for run 76 : 2539[OK]
>>> Checkin barcode 38700007948889 for borrower 47589 (cardnumber=28700013014447)	response times (in ms) for run 70 : 2567[OK]
>>> Checkin barcode 38700009324998 for borrower 2240 (cardnumber=28700012009109)	response times (in ms) for run 64 : 2566[OK]
>>> Checkin barcode 38700004369048 for borrower 27935 (cardnumber=28700012015817)	response times (in ms) for run 4 : 2723[OK]
>>> Checkin barcode 38700008848831 for borrower 43713 (cardnumber=28700011369090)	response times (in ms) for run 35 : 2585[OK]
>>> Checkin barcode 38700001303941 for borrower 6499 (cardnumber=28700010743055)	response times (in ms) for run 73 : 2171[OK]
>>> Checkin barcode 38700003932424 for borrower 69287 (cardnumber=28700012041276)	response times (in ms) for run 59 : 2708[OK]
>>> Checkin barcode 38700006863089 for borrower 28989 (cardnumber=28700012015825)	response times (in ms) for run 12 : 2658[OK]
>>> Checkin barcode 38700008141229 for borrower 51393 (cardnumber=28700011467266)	response times (in ms) for run 82 : 2567[OK]
>>> Checkin barcode 38700004049905 for borrower 979 (cardnumber=287000010058237)	response times (in ms) for run 43 : 2191[OK]
>>> Checkin barcode 38700002929132 for borrower 53889 (cardnumber=2006)	response times (in ms) for run 51 : 2589[OK]
>>> Checkin barcode 38700008512379 for borrower 70230 (cardnumber=28700011533810)	response times (in ms) for run 6 : 2588[OK]
>>> Checkin barcode 38700006305776 for borrower 48770 (cardnumber=28700011424929)	response times (in ms) for run 13 : 2620[OK]
>>> Checkin barcode 38700008602915 for borrower 69380 (cardnumber=28700012038629)	response times (in ms) for run 21 : 2748[OK]
>>> Checkin barcode 38700008849771 for borrower 27935 (cardnumber=28700012015817)	response times (in ms) for run 8 : 2572[OK]
>>> Checkin barcode 38700007644876 for borrower 61982 (cardnumber=28700011574400)	response times (in ms) for run 54 : 2552[OK]
>>> Checkin barcode 38700001712463 for borrower 1637 (cardnumber=28700001002189)	response times (in ms) for run 16 : 2121[OK]
>>> Checkin barcode 38700008760549 for borrower 71994 (cardnumber=28700012085091)	response times (in ms) for run 20 : 2714[OK]
>>> Checkin barcode 38700007230403 for borrower 11715 (cardnumber=28700001006106)	response times (in ms) for run 60 : 2596[OK]
>>> Checkin barcode 38700009024903 for borrower 67845 (cardnumber=28700012004233)	response times (in ms) for run 75 : 2187[OK]
>>> Checkin barcode 38700008625700 for borrower 3119 (cardnumber=287000010051285)	response times (in ms) for run 7 : 2195[OK]
>>> Checkin barcode 58700001500038 for borrower 18447 (cardnumber=28700012089911)	response times (in ms) for run 86 : 2861[OK]
>>> Checkin barcode 38700008942121 for borrower 27935 (cardnumber=28700012015817)	response times (in ms) for run 31 : 2644[OK]
>>> Checkin barcode 38700008637432 for borrower 71994 (cardnumber=28700012085091)	response times (in ms) for run 55 : 2549[OK]
>>> Checkin barcode 38700011765485 for borrower 61972 (cardnumber=28700011555615)	response times (in ms) for run 27 : 2042[OK]
>>> Checkin barcode 38700003667004 for borrower 62475 (cardnumber=28700013014272)	response times (in ms) for run 38 : 2766[OK]
>>> Checkin barcode 58700001485974 for borrower 67572 (cardnumber=28700012014141)	response times (in ms) for run 83 : 2654[OK]
>>> Checkin barcode 38700011660611 for borrower 27941 (cardnumber=28700010945338)	response times (in ms) for run 66 : 4085[OK]
>>> Checkin barcode 38700002528645 for borrower 38985 (cardnumber=28700011189548)	response times (in ms) for run 48 : 2751[OK]
>>> Checkin barcode 38700006189790 for borrower 47954 (cardnumber=28700011665091)	response times (in ms) for run 45 : 2697[OK]
>>> Checkin barcode 38700001255653 for borrower 18830 (cardnumber=287000010051515)	response times (in ms) for run 71 : 2691[OK]
>>> Checkin barcode 38700003969004 for borrower 290 (cardnumber=28700010727231)	response times (in ms) for run 14 : 2092[OK]
>>> Checkin barcode 38700001318691 for borrower 5957 (cardnumber=28700000607039)	response times (in ms) for run 29 : 2288[OK]
>>> Checkin barcode 38700011001626 for borrower 66982 (cardnumber=28700012001544)	response times (in ms) for run 87 : 3725[OK]
>>> Checkin barcode 58700001650767 for borrower 68619 (cardnumber=28700012036961)	response times (in ms) for run 77 : 2725[OK]
>>> Checkin barcode 38700001723148 for borrower 2349 (cardnumber=28700010684408)	response times (in ms) for run 1 : 2165[OK]
>>> Checkin barcode 38700002496256 for borrower 1490 (cardnumber=28700011676361)	response times (in ms) for run 65 : 2117[OK]
>>> Checkin barcode CDB11437 for borrower 2922 (cardnumber=28700011702696)	response times (in ms) for run 37 : 2589[OK]
>>> Checkin barcode 38700005183117 for borrower 54696 (cardnumber=28700011561548)	response times (in ms) for run 34 : 2607[OK]
>>> Checkin barcode 38700006684030 for borrower 50620 (cardnumber=28700011474866)	response times (in ms) for run 0 : 2630[OK]
>>> Checkin barcode 38700003996403 for borrower 5667 (cardnumber=28700011717538)	response times (in ms) for run 74 : 2171[OK]
>>> Checkin barcode 38700007060693 for borrower 67956 (cardnumber=28700011540567)	response times (in ms) for run 26 : 2650[OK]
>>> Checkin barcode 38700003812790 for borrower 2970 (cardnumber=28700001000077)	response times (in ms) for run 97 : 2229[OK]
>>> Checkin barcode 58700001353511 for borrower 72163 (cardnumber=28700012065267)	response times (in ms) for run 5 : 2132[OK]
>>> Checkin barcode 38700005588075 for borrower 56316 (cardnumber=28700013009322)	response times (in ms) for run 22 : 2604[OK]
>>> Checkin barcode 38700011186237 for borrower 38985 (cardnumber=28700011189548)	response times (in ms) for run 72 : 6036[OK]
>>> Checkin barcode 38700003800167 for borrower 54877 (cardnumber=28700012013721)	response times (in ms) for run 79 : 2553[OK]
>>> Checkin barcode 38700009311193 for borrower 68619 (cardnumber=28700012036961)	response times (in ms) for run 47 : 2694[OK]
>>> Checkin barcode 58700001660261 for borrower 62393 (cardnumber=28700011670935)	response times (in ms) for run 61 : 2674[OK]
>>> Checkin barcode 58700001294848 for borrower 31447 (cardnumber=28700012010396)	response times (in ms) for run 95 : 2565[OK]
>>> Checkin barcode 38700001361964 for borrower 6623 (cardnumber=28700013144319)	response times (in ms) for run 30 : 2163[OK]
>>> Checkin barcode 38700004248697 for borrower 3727 (cardnumber=28700011370510)	response times (in ms) for run 96 : 2172[OK]
>>> Checkin barcode 38700006446695 for borrower 18447 (cardnumber=28700012089911)	response times (in ms) for run 80 : 2625[OK]
>>> Checkin barcode 38700005989901 for borrower 2679 (cardnumber=28700012022110)	response times (in ms) for run 11 : 2306[OK]
>>> Checkin barcode 38700008547219 for borrower 69380 (cardnumber=28700012038629)	response times (in ms) for run 23 : 2598[OK]
>>> Checkin barcode 38700007529291 for borrower 19499 (cardnumber=28700011538553)	response times (in ms) for run 53 : 2556[OK]
>>> Checkin barcode 38700005581583 for borrower 66199 (cardnumber=28700011708602)	response times (in ms) for run 58 : 2547[OK]
>>> Checkin barcode 38700001280602 for borrower 547 (cardnumber=287000010064914)	response times (in ms) for run 49 : 2157[OK]
>>> Checkin barcode 38700001360529 for borrower 2651 (cardnumber=28700011023614)	response times (in ms) for run 62 : 2144[OK]
>>> Checkin barcode 38700007896294 for borrower 69785 (cardnumber=28700012052752)	response times (in ms) for run 41 : 2535[OK]
>>> Checkin barcode 38700008896921 for borrower 73228 (cardnumber=28700013028736)	response times (in ms) for run 52 : 2495[OK]
>>> Checkin barcode CDB31543 for borrower 11960 (cardnumber=28700011646497)	response times (in ms) for run 98 : 2519[OK]
>>> Checkin barcode 38700008887060 for borrower 41797 (cardnumber=28700011522375)	response times (in ms) for run 78 : 2232[OK]
>>> Checkin barcode 38700009057564 for borrower 26084 (cardnumber=28700011136994)	response times (in ms) for run 25 : 2640[OK]
>>> Checkin barcode 38700001524702 for borrower 383 (cardnumber=28700011084137)	response times (in ms) for run 85 : 2298[OK]
>>> Checkin barcode 38700008445364 for borrower 2430 (cardnumber=28700000852130)	response times (in ms) for run 10 : 3251[OK]
>>> Checkin barcode 38700006719208 for borrower 1530 (cardnumber=28700011483933)	response times (in ms) for run 68 : 1656[OK]
>>> Checkin barcode 38700003583342 for borrower 53889 (cardnumber=2006)	response times (in ms) for run 56 : 2677[OK]
>>> Checkin barcode 38700008953292 for borrower 68942 (cardnumber=28700011542951)	response times (in ms) for run 44 : 1685[OK]
>>> Checkin barcode CDB19072 for borrower 50068 (cardnumber=28700012070671)	response times (in ms) for run 89 : 2551[OK]
>>> Checkin barcode 58700001462742 for borrower 70230 (cardnumber=28700011533810)	response times (in ms) for run 2 : 2666[OK]
>>> Checkin barcode 38700008368848 for borrower 70229 (cardnumber=28700012053594)	response times (in ms) for run 33 : 2576[OK]
>>> Checkin barcode 38700001361956 for borrower 2369 (cardnumber=28700011380741)	response times (in ms) for run 24 : 2153[OK]
>>> Checkin barcode 38700001290338 for borrower 3119 (cardnumber=287000010051285)	response times (in ms) for run 88 : 2093[OK]
>>> Checkin barcode 38700007459978 for borrower 53889 (cardnumber=2006)	response times (in ms) for run 92 : 6236[OK]
>>> Checkin barcode 38700000753260 for borrower 2964 (cardnumber=28700010708140)	response times (in ms) for run 94 : 2236[OK]
>>> Checkin barcode 58700001640198 for borrower 20482 (cardnumber=28700011717975)	response times (in ms) for run 63 : 2096[OK]
>>> Checkin barcode 38700011801280 for borrower 548 (cardnumber=28700011316653)	response times (in ms) for run 93 : 2292[OK]
>>> Checkin barcode 38700007658561 for borrower 67955 (cardnumber=28700011540559)	response times (in ms) for run 91 : 2756[OK]
total response time = 255108
avg response time = 2551.08


02/09/2011 16:59:51 
>>> Checkin barcode 38700008953292 for borrower 68942 (cardnumber=28700011542951)	response times (in ms) for run 28 : 2703[OK]
>>> Checkin barcode 38700005779955 for borrower 7454 (cardnumber=28700013141687)	response times (in ms) for run 32 : 2068[OK]
>>> Checkin barcode 38700007110860 for borrower 5170 (cardnumber=28700000606437)	response times (in ms) for run 17 : 2178[OK]
>>> Checkin barcode 38700008879406 for borrower 49504 (cardnumber=28700011348342)	response times (in ms) for run 90 : 2521[OK]
>>> Checkin barcode 38700006429600 for borrower 4520 (cardnumber=28700001002989)	response times (in ms) for run 57 : 2123[OK]
>>> Checkin barcode CDB56090 for borrower 22822 (cardnumber=28700011648089)	response times (in ms) for run 50 : 2584[OK]
>>> Checkin barcode 38700011760304 for borrower 54877 (cardnumber=28700012013721)	response times (in ms) for run 42 : 2686[OK]
>>> Checkin barcode 38700006039110 for borrower 69287 (cardnumber=28700012041276)	response times (in ms) for run 67 : 2588[OK]
>>> Checkin barcode 38700004037983 for borrower 157 (cardnumber=28700000698517)	response times (in ms) for run 39 : 2184[OK]
>>> Checkin barcode 38700000108598 for borrower 3072 (cardnumber=287000010059411)	response times (in ms) for run 99 : 2049[OK]
>>> Checkin barcode 58700001656640 for borrower 59285 (cardnumber=28700011623116)	response times (in ms) for run 15 : 2546[OK]
>>> Checkin barcode 38700007602619 for borrower 67719 (cardnumber=28700012008754)	response times (in ms) for run 18 : 2863[OK]
>>> Checkin barcode 58700001479977 for borrower 896 (cardnumber=28700000691058)	response times (in ms) for run 69 : 2141[OK]
>>> Checkin barcode 38700006181425 for borrower 800 (cardnumber=28700001006871)	response times (in ms) for run 46 : 2070[OK]
>>> Checkin barcode 38700007221584 for borrower 69774 (cardnumber=28700012052703)	response times (in ms) for run 84 : 2930[OK]
>>> Checkin barcode 38700008769896 for borrower 50068 (cardnumber=28700012070671)	response times (in ms) for run 81 : 2618[OK]
>>> Checkin barcode 38700009132656 for borrower 65944 (cardnumber=28700012031897)	response times (in ms) for run 19 : 2985[OK]
>>> Checkin barcode 38700008720394 for borrower 69638 (cardnumber=28700011534412)	response times (in ms) for run 3 : 2666[OK]
>>> Checkin barcode 38700007288146 for borrower 19087 (cardnumber=287000010052255)	response times (in ms) for run 36 : 2668[OK]
>>> Checkin barcode 38700008952534 for borrower 49539 (cardnumber=28700011528950)	response times (in ms) for run 40 : 2566[OK]
>>> Checkin barcode 38700011765485 for borrower 61972 (cardnumber=28700011555615)	response times (in ms) for run 9 : 2761[OK]
>>> Checkin barcode 38700007809222 for borrower 60415 (cardnumber=28700011589283)	response times (in ms) for run 76 : 2650[OK]
>>> Checkin barcode 38700009278616 for borrower 62475 (cardnumber=28700013014272)	response times (in ms) for run 70 : 7422[OK]
>>> Checkin barcode 38700008150840 for borrower 69202 (cardnumber=28700012041045)	response times (in ms) for run 64 : 2568[OK]
>>> Checkin barcode 38700010231430 for borrower 19499 (cardnumber=28700011538553)	response times (in ms) for run 4 : 2692[OK]
>>> Checkin barcode 38700003826535 for borrower 3643 (cardnumber=28700000093750)	response times (in ms) for run 35 : 2410[OK]
>>> Checkin barcode 38700004250370 for borrower 2986 (cardnumber=28700000668726)	response times (in ms) for run 73 : 2207[OK]
>>> Checkin barcode 38700007608046 for borrower 3561 (cardnumber=28700011636746)	response times (in ms) for run 59 : 2115[OK]
>>> Checkin barcode 38700005118782 for borrower 28216 (cardnumber=28700011007914)	response times (in ms) for run 12 : 2187[OK]
>>> Checkin barcode 38700004287620 for borrower 8930 (cardnumber=28700010772963)	response times (in ms) for run 82 : 2172[OK]
>>> Checkin barcode 38700003414407 for borrower 50068 (cardnumber=28700012070671)	response times (in ms) for run 43 : 2567[OK]
>>> Checkin barcode 38700009139321 for borrower 42871 (cardnumber=28700011716084)	response times (in ms) for run 51 : 6860[OK]
>>> Checkin barcode 58700001396866 for borrower 73633 (cardnumber=28700013002384)	response times (in ms) for run 6 : 2641[OK]
>>> Checkin barcode 38700011021210 for borrower 71563 (cardnumber=28700012081132)	response times (in ms) for run 13 : 2633[OK]
>>> Checkin barcode 38700001285767 for borrower 8942 (cardnumber=28700000849045)	response times (in ms) for run 21 : 2189[OK]
>>> Checkin barcode 38700003006526 for borrower 66757 (cardnumber=28700011537282)	response times (in ms) for run 8 : 2606[OK]
>>> Checkin barcode 38700008394034 for borrower 12856 (cardnumber=28700011571901)	response times (in ms) for run 54 : 2584[OK]
>>> Checkin barcode 38700008147119 for borrower 28216 (cardnumber=28700011007914)	response times (in ms) for run 16 : 2504[OK]
>>> Checkin barcode 38700006719208 for borrower 1530 (cardnumber=28700011483933)	response times (in ms) for run 20 : 2188[OK]
>>> Checkin barcode 38700006623012 for borrower 55860 (cardnumber=28700011583211)	response times (in ms) for run 60 : 1711[OK]
>>> Checkin barcode 38700007189708 for borrower 18830 (cardnumber=287000010051515)	response times (in ms) for run 75 : 2779[OK]
>>> Checkin barcode 38700004252285 for borrower 26031 (cardnumber=28700012061282)	response times (in ms) for run 7 : 2612[OK]
>>> Checkin barcode 38700008666373 for borrower 20278 (cardnumber=287000010058909)	response times (in ms) for run 86 : 2613[OK]
>>> Checkin barcode 38700004215738 for borrower 68301 (cardnumber=28700012020957)	response times (in ms) for run 31 : 2639[OK]
>>> Checkin barcode 38700008598725 for borrower 70251 (cardnumber=28700011543744)	response times (in ms) for run 55 : 2553[OK]
>>> Checkin barcode 38700003227171 for borrower 4924 (cardnumber=28700011666362)	response times (in ms) for run 27 : 2101[OK]
>>> Checkin barcode 38700007373781 for borrower 6801 (cardnumber=28700011435826)	response times (in ms) for run 38 : 2796[OK]
>>> Checkin barcode 38700007441810 for borrower 9996 (cardnumber=28700011181651)	response times (in ms) for run 83 : 2624[OK]
>>> Checkin barcode 38700008942121 for borrower 27935 (cardnumber=28700012015817)	response times (in ms) for run 66 : 1671[OK]
>>> Checkin barcode 58700001556980 for borrower 71563 (cardnumber=28700012081132)	response times (in ms) for run 48 : 2571[OK]
>>> Checkin barcode 38700008782527 for borrower 27935 (cardnumber=28700012015817)	response times (in ms) for run 45 : 2587[OK]
>>> Checkin barcode 38700007333900 for borrower 68371 (cardnumber=28700012024645)	response times (in ms) for run 71 : 2595[OK]
>>> Checkin barcode 38700003587657 for borrower 53889 (cardnumber=2006)	response times (in ms) for run 14 : 2758[OK]
>>> Checkin barcode 38700011800860 for borrower 64962 (cardnumber=28700011711721)	response times (in ms) for run 29 : 2604[OK]
>>> Checkin barcode 38700011874444 for borrower 72580 (cardnumber=28700013004323)	response times (in ms) for run 87 : 3271[OK]
>>> Checkin barcode 38700001273334 for borrower 46351 (cardnumber=28700011365361)	response times (in ms) for run 77 : 2716[OK]
>>> Checkin barcode 58700001503248 for borrower 17726 (cardnumber=28700011258657)	response times (in ms) for run 1 : 2537[OK]
>>> Checkin barcode 38700007525141 for borrower 70735 (cardnumber=28700012027648)	response times (in ms) for run 65 : 2615[OK]
>>> Checkin barcode 38700002950443 for borrower 61134 (cardnumber=28700011631838)	response times (in ms) for run 37 : 2565[OK]
>>> Checkin barcode 38700006814447 for borrower 64828 (cardnumber=28700011669424)	response times (in ms) for run 34 : 2496[OK]
>>> Checkin barcode 38700007587232 for borrower 12856 (cardnumber=28700011571901)	response times (in ms) for run 0 : 2217[OK]
>>> Checkin barcode 38700008009038 for borrower 68444 (cardnumber=28700012017326)	response times (in ms) for run 74 : 2627[OK]
>>> Checkin barcode 38700004137536 for borrower 8887 (cardnumber=28700000817026)	response times (in ms) for run 26 : 2269[OK]
>>> Checkin barcode 38700001303909 for borrower 7 (cardnumber=28700010737693)	response times (in ms) for run 97 : 2107[OK]
>>> Checkin barcode 38700008709926 for borrower 57868 (cardnumber=28700011520924)	response times (in ms) for run 5 : 2574[OK]
>>> Checkin barcode 58700001378245 for borrower 70937 (cardnumber=28700012006584)	response times (in ms) for run 22 : 2169[OK]
>>> Checkin barcode 38700011752335 for borrower 68444 (cardnumber=28700012017326)	response times (in ms) for run 72 : 2189[OK]
>>> Checkin barcode 38700007258420 for borrower 67958 (cardnumber=28700012019298)	response times (in ms) for run 79 : 1650[OK]
>>> Checkin barcode 38700011903482 for borrower 68434 (cardnumber=28700011541565)	response times (in ms) for run 47 : 2603[OK]
>>> Checkin barcode 38700008597180 for borrower 51941 (cardnumber=28700011654731)	response times (in ms) for run 61 : 2791[OK]
>>> Checkin barcode 58700001338116 for borrower 72408 (cardnumber=28700013001295)	response times (in ms) for run 95 : 2525[OK]
>>> Checkin barcode 38700004489887 for borrower 364 (cardnumber=28700013200483)	response times (in ms) for run 30 : 1735[OK]
>>> Checkin barcode 38700004044740 for borrower 5243 (cardnumber=28700000606502)	response times (in ms) for run 96 : 2226[OK]
>>> Checkin barcode 38700006446695 for borrower 18447 (cardnumber=28700012089911)	response times (in ms) for run 80 : 1657[OK]
>>> Checkin barcode CDB70446 for borrower 57194 (cardnumber=28700011603191)	response times (in ms) for run 11 : 2608[OK]
>>> Checkin barcode 38700007881551 for borrower 69638 (cardnumber=28700011534412)	response times (in ms) for run 23 : 2589[OK]
>>> Checkin barcode 58700001309356 for borrower 68434 (cardnumber=28700011541565)	response times (in ms) for run 53 : 2500[OK]
>>> Checkin barcode 58700001575972 for borrower 553 (cardnumber=28700012088418)	response times (in ms) for run 58 : 2082[OK]
>>> Checkin barcode 38700005710836 for borrower 69380 (cardnumber=28700012038629)	response times (in ms) for run 49 : 2616[OK]
>>> Checkin barcode 38700002819572 for borrower 7 (cardnumber=28700010737693)	response times (in ms) for run 62 : 2164[OK]
>>> Checkin barcode 38700005659264 for borrower 67956 (cardnumber=28700011540567)	response times (in ms) for run 41 : 2566[OK]
>>> Checkin barcode 58700001496294 for borrower 65005 (cardnumber=28700011711986)	response times (in ms) for run 52 : 2527[OK]
>>> Checkin barcode 38700008602915 for borrower 69380 (cardnumber=28700012038629)	response times (in ms) for run 98 : 1619[OK]
>>> Checkin barcode 38700010225515 for borrower 19499 (cardnumber=28700011538553)	response times (in ms) for run 78 : 2561[OK]
>>> Checkin barcode 38700003817716 for borrower 8396 (cardnumber=28700011551242)	response times (in ms) for run 25 : 2332[OK]
>>> Checkin barcode 38700007960686 for borrower 43713 (cardnumber=28700011369090)	response times (in ms) for run 85 : 2512[OK]
>>> Checkin barcode 38700007468367 for borrower 29619 (cardnumber=28700011063933)	response times (in ms) for run 10 : 2704[OK]
>>> Checkin barcode 58700001492020 for borrower 20566 (cardnumber=28700011170886)	response times (in ms) for run 68 : 2655[OK]
>>> Checkin barcode 38700004000221 for borrower 6475 (cardnumber=28700010684945)	response times (in ms) for run 56 : 2088[OK]
>>> Checkin barcode 38700003971703 for borrower 196 (cardnumber=28700010998121)	response times (in ms) for run 44 : 2153[OK]
>>> Checkin barcode 38700008860570 for borrower 67016 (cardnumber=28700012004829)	response times (in ms) for run 89 : 2525[OK]
>>> Checkin barcode 38700005419131 for borrower 53889 (cardnumber=2006)	response times (in ms) for run 2 : 3855[OK]
>>> Checkin barcode 38700007811822 for borrower 65677 (cardnumber=28700011717124)	response times (in ms) for run 33 : 2537[OK]
>>> Checkin barcode 38700000090762 for borrower 465 (cardnumber=287000010039973)	response times (in ms) for run 24 : 2133[OK]
>>> Checkin barcode 58700001506589 for borrower 58522 (cardnumber=28700011619304)	response times (in ms) for run 88 : 2739[OK]
>>> Checkin barcode 38700007524961 for borrower 28989 (cardnumber=28700012015825)	response times (in ms) for run 92 : 2626[OK]
>>> Checkin barcode 38700003384014 for borrower 7507 (cardnumber=28700000664147)	response times (in ms) for run 94 : 2240[OK]
>>> Checkin barcode 38700003984771 for borrower 9045 (cardnumber=28700010687005)	response times (in ms) for run 63 : 2093[OK]
>>> Checkin barcode 38700001861476 for borrower 7469 (cardnumber=28700001009666)	response times (in ms) for run 93 : 2115[OK]
>>> Checkin barcode 58700002102057 for borrower 65944 (cardnumber=28700012031897)	response times (in ms) for run 91 : 2531[OK]
total response time = 254116
avg response time = 2541.16


