
05/09/2011 11:11:17 START
05/09/2011 11:11:17 SET OPTS: 
filepath=/tmp/records1.txt
max_records=20
max_delta=20
05/09/2011 11:11:18 Processing previous records
05/09/2011 11:11:18 $VAR1 = {};

05/09/2011 11:11:39 READ biblio 9267
05/09/2011 11:11:40 READ biblio 4431
05/09/2011 11:11:41 READ biblio 6961
05/09/2011 11:11:42 READ biblio 3579
05/09/2011 11:11:43 READ biblio 9955
05/09/2011 11:11:44 READ biblio 8525
05/09/2011 11:11:45 READ biblio 8148
05/09/2011 11:11:46 READ biblio 8437
05/09/2011 11:11:47 READ biblio 7876
05/09/2011 11:11:48 READ biblio 6583
05/09/2011 11:11:49 READ biblio 961
05/09/2011 11:11:50 READ biblio 1464
05/09/2011 11:11:51 READ biblio 1396
05/09/2011 11:11:52 READ biblio 5633
05/09/2011 11:11:53 READ biblio 8656
05/09/2011 11:11:54 READ biblio 4976
05/09/2011 11:11:55 READ biblio 3737
05/09/2011 11:11:56 READ biblio 4439
05/09/2011 11:11:57 READ biblio 4208
05/09/2011 11:11:58 READ biblio 1772
05/09/2011 11:11:58 We have 20 records for biblio and 19seconds since first add
05/09/2011 11:11:58 Removing records (biblio 9267,4431,6961,3579,9955,8525,8148,8437,7876,6583,961,1464,1396,5633,8656,4976,3737,4439,4208,1772) from file
05/09/2011 11:11:58 Indexing
05/09/2011 11:11:58 biblio 9267,4431,6961,3579,9955,8525,8148,8437,7876,6583,961,1464,1396,5633,8656,4976,3737,4439,4208,1772
05/09/2011 11:11:59 READ biblio 7376
05/09/2011 11:12:00 READ biblio 8434
05/09/2011 11:12:01 READ biblio 1148
05/09/2011 11:12:02 READ biblio 8766
05/09/2011 11:12:03 READ biblio 6094
05/09/2011 11:12:05 READ iblio 6953
05/09/2011 11:12:06 READ biblio 7132
05/09/2011 11:12:07 READ biblio 5512
05/09/2011 11:12:08 READ biblio 2341
05/09/2011 11:12:09 READ biblio 2846
05/09/2011 11:12:10 READ biblio 2214
05/09/2011 11:12:11 READ biblio 8805
05/09/2011 11:12:12 READ biblio 7305
05/09/2011 11:12:13 READ biblio 1444
05/09/2011 11:12:14 READ biblio 5254
05/09/2011 11:12:15 READ biblio 5598
05/09/2011 11:12:16 READ biblio 8521
05/09/2011 11:12:17 READ biblio 5455
05/09/2011 11:12:18 READ biblio 2848
05/09/2011 11:12:19 READ biblio 643
05/09/2011 11:12:19 We have 19 records for biblio and 20seconds since first add
05/09/2011 11:12:19 Removing records (biblio 7376,8434,1148,8766,6094,7132,5512,2341,2846,2214,8805,7305,1444,5254,5598,8521,5455,2848,643) from file
05/09/2011 11:12:19 Indexing
05/09/2011 11:12:19 biblio 7376,8434,1148,8766,6094,7132,5512,2341,2846,2214,8805,7305,1444,5254,5598,8521,5455,2848,643
05/09/2011 11:12:20 READ biblio 1135
05/09/2011 11:12:21 READ biblio 4808
05/09/2011 11:12:22 READ biblio 8592
05/09/2011 11:12:23 READ biblio 2476
05/09/2011 11:12:24 READ biblio 239
05/09/2011 11:12:25 READ biblio 7404
05/09/2011 11:12:25 We have 1 records for iblio and 20seconds since first add
05/09/2011 11:12:25 Removing records (iblio 6953) from file
05/09/2011 11:12:25 Indexing
05/09/2011 11:12:25 iblio 6953
05/09/2011 11:12:26 READ biblio 3575
05/09/2011 11:12:27 READ biblio 1725
05/09/2011 11:12:28 READ biblio 6531
05/09/2011 11:12:29 READ biblio 8494
05/09/2011 11:12:30 READ biblio 9711
05/09/2011 11:12:31 READ biblio 6089
05/09/2011 11:12:32 READ biblio 2164
05/09/2011 11:12:33 READ biblio 3214
05/09/2011 11:12:34 READ biblio 6474
05/09/2011 11:12:35 READ biblio 880
05/09/2011 11:12:36 READ biblio 3361
05/09/2011 11:12:37 READ biblio 302
05/09/2011 11:12:38 READ biblio 7914
05/09/2011 11:12:39 READ biblio 6172
05/09/2011 11:12:39 We have 20 records for biblio and 19seconds since first add
05/09/2011 11:12:39 Removing records (biblio 1135,4808,8592,2476,239,7404,3575,1725,6531,8494,9711,6089,2164,3214,6474,880,3361,302,7914,6172) from file
05/09/2011 11:12:39 Indexing
05/09/2011 11:12:39 biblio 1135,4808,8592,2476,239,7404,3575,1725,6531,8494,9711,6089,2164,3214,6474,880,3361,302,7914,6172
05/09/2011 11:12:40 READ biblio 7398
05/09/2011 11:12:41 READ biblio 9483
05/09/2011 11:12:42 READ biblio 7835
05/09/2011 11:12:43 READ biblio 2410
05/09/2011 11:12:44 READ biblio 6256
05/09/2011 11:12:45 READ biblio 9217
05/09/2011 11:12:46 READ biblio 9844
05/09/2011 11:12:47 READ biblio 5133
05/09/2011 11:12:48 READ biblio 9653
05/09/2011 11:12:49 READ biblio 9787
05/09/2011 11:12:50 READ biblio 3765
05/09/2011 11:12:51 READ biblio 2440
05/09/2011 11:12:52 READ biblio 3576
05/09/2011 11:12:54 READ biblio 7881
05/09/2011 11:12:55 READ biblio 4537
05/09/2011 11:12:56 READ biblio 2088
05/09/2011 11:12:57 READ biblio 528
05/09/2011 11:12:58 READ biblio 9915
05/09/2011 11:12:59 READ biblio 5166
05/09/2011 11:13:00 READ biblio 3052
05/09/2011 11:13:00 We have 20 records for biblio and 20seconds since first add
05/09/2011 11:13:00 Removing records (biblio 7398,9483,7835,2410,6256,9217,9844,5133,9653,9787,3765,2440,3576,7881,4537,2088,528,9915,5166,3052) from file
05/09/2011 11:13:00 Indexing
05/09/2011 11:13:00 biblio 7398,9483,7835,2410,6256,9217,9844,5133,9653,9787,3765,2440,3576,7881,4537,2088,528,9915,5166,3052
05/09/2011 11:13:01 READ biblio 3151
05/09/2011 11:13:02 READ biblio 7306
05/09/2011 11:13:03 READ biblio 7689
05/09/2011 11:13:04 READ biblio 9158
05/09/2011 11:13:05 READ biblio 8535
05/09/2011 11:13:06 READ biblio 846
05/09/2011 11:13:07 READ biblio 4788
05/09/2011 11:13:08 READ biblio 9815
05/09/2011 11:13:09 READ biblio 7353
05/09/2011 11:13:10 READ biblio 8220
05/09/2011 11:13:11 READ biblio 6713
05/09/2011 11:13:12 READ biblio 1512
05/09/2011 11:13:13 READ biblio 9006
05/09/2011 11:13:14 READ biblio 6953
05/09/2011 11:13:15 READ biblio 7398
05/09/2011 11:13:16 READ biblio 9483
05/09/2011 11:13:17 READ biblio 7835
05/09/2011 11:13:18 READ biblio 2410
05/09/2011 11:13:19 READ biblio 6256
05/09/2011 11:13:20 READ biblio 9217
05/09/2011 11:13:20 We have 20 records for biblio and 19seconds since first add
05/09/2011 11:13:20 Removing records (biblio 3151,7306,7689,9158,8535,846,4788,9815,7353,8220,6713,1512,9006,6953,7398,9483,7835,2410,6256,9217) from file
05/09/2011 11:13:20 Indexing
05/09/2011 11:13:20 biblio 3151,7306,7689,9158,8535,846,4788,9815,7353,8220,6713,1512,9006,6953,7398,9483,7835,2410,6256,9217
05/09/2011 11:13:21 READ biblio 9844
05/09/2011 11:13:22 READ biblio 5133
05/09/2011 11:13:23 READ biblio 9653
05/09/2011 11:13:24 READ biblio 9787
05/09/2011 11:13:25 READ biblio 3765
05/09/2011 11:13:26 READ biblio 2440
05/09/2011 11:13:27 READ biblio 3576
05/09/2011 11:13:28 READ biblio 9993
05/09/2011 11:13:29 READ biblio 779
05/09/2011 11:13:30 READ biblio 3247
05/09/2011 11:13:31 READ biblio 382
05/09/2011 11:13:32 READ biblio 6257
05/09/2011 11:13:33 READ biblio 7295
05/09/2011 11:13:34 READ biblio 5042
05/09/2011 11:13:36 READ biblio 9993
05/09/2011 11:13:37 READ biblio 779
05/09/2011 11:13:38 READ biblio 3247
05/09/2011 11:13:39 READ biblio 382
05/09/2011 11:13:40 READ biblio 6257
05/09/2011 11:13:41 READ biblio 7295
05/09/2011 11:13:41 We have 14 records for biblio and 20seconds since first add
05/09/2011 11:13:41 Removing records (biblio 9844,5133,9653,9787,3765,2440,3576,9993,779,3247,382,6257,7295,5042) from file
05/09/2011 11:13:41 Indexing
05/09/2011 11:13:41 biblio 9844,5133,9653,9787,3765,2440,3576,9993,779,3247,382,6257,7295,5042
05/09/2011 11:13:42 READ biblio 5042
05/09/2011 11:14:02 We have 1 records for biblio and 20seconds since first add
05/09/2011 11:14:02 Removing records (biblio 5042) from file
05/09/2011 11:14:02 Indexing
05/09/2011 11:14:02 biblio 5042
