Daemon.pm-100: Running in foreground
Daemon.pm-100: Running in foreground
Daemon.pm-156: Process ID is 19380
Daemon.pm-156: Process ID is 19380
Daemon.pm-158: Written to /tmp/IndexRecordQueue.pid
Daemon.pm-158: Written to /tmp/IndexRecordQueue.pid
"my" variable $sth masks earlier declaration in same scope at /home/koha/src//C4/Accounts.pm line 220.
"my" variable $sth masks earlier declaration in same scope at /home/koha/src//C4/Accounts.pm line 220.
biblio 4218 at /home/koha/src//C4/Search/Engine/Solr.pm line 449.
biblio 4218 at /home/koha/src//C4/Search/Engine/Solr.pm line 449.
Error during indexation : recordid 4218, index spe_coteconstruite ( Can't use string ("0") as a subroutine ref while "strict refs" in use at /home/koha/src//C4/Search/Engine/Solr.pm line 461. ) at /home/koha/src//C4/Search/Engine/Solr.pm line 517.
Error during indexation : recordid 4218, index spe_coteconstruite ( Can't use string ("0") as a subroutine ref while "strict refs" in use at /home/koha/src//C4/Search/Engine/Solr.pm line 461. ) at /home/koha/src//C4/Search/Engine/Solr.pm line 517.
biblio 4997 at /home/koha/src//C4/Search/Engine/Solr.pm line 449.
biblio 4997 at /home/koha/src//C4/Search/Engine/Solr.pm line 449.
Error during indexation : recordid 4997, index spe_coteconstruite ( Can't use string ("0") as a subroutine ref while "strict refs" in use at /home/koha/src//C4/Search/Engine/Solr.pm line 461. ) at /home/koha/src//C4/Search/Engine/Solr.pm line 517.
Error during indexation : recordid 4997, index spe_coteconstruite ( Can't use string ("0") as a subroutine ref while "strict refs" in use at /home/koha/src//C4/Search/Engine/Solr.pm line 461. ) at /home/koha/src//C4/Search/Engine/Solr.pm line 517.
biblio 8544 at /home/koha/src//C4/Search/Engine/Solr.pm line 449.
biblio 8544 at /home/koha/src//C4/Search/Engine/Solr.pm line 449.
Error during indexation : recordid 8544, index spe_coteconstruite ( Can't use string ("0") as a subroutine ref while "strict refs" in use at /home/koha/src//C4/Search/Engine/Solr.pm line 461. ) at /home/koha/src//C4/Search/Engine/Solr.pm line 517.
Error during indexation : recordid 8544, index spe_coteconstruite ( Can't use string ("0") as a subroutine ref while "strict refs" in use at /home/koha/src//C4/Search/Engine/Solr.pm line 461. ) at /home/koha/src//C4/Search/Engine/Solr.pm line 517.
biblio 2101 at /home/koha/src//C4/Search/Engine/Solr.pm line 449.
biblio 2101 at /home/koha/src//C4/Search/Engine/Solr.pm line 449.
Error during indexation : recordid 2101, index spe_coteconstruite ( Can't use string ("0") as a subroutine ref while "strict refs" in use at /home/koha/src//C4/Search/Engine/Solr.pm line 461. ) at /home/koha/src//C4/Search/Engine/Solr.pm line 517.
Error during indexation : recordid 2101, index spe_coteconstruite ( Can't use string ("0") as a subroutine ref while "strict refs" in use at /home/koha/src//C4/Search/Engine/Solr.pm line 461. ) at /home/koha/src//C4/Search/Engine/Solr.pm line 517.
biblio 9004 at /home/koha/src//C4/Search/Engine/Solr.pm line 449.
biblio 9004 at /home/koha/src//C4/Search/Engine/Solr.pm line 449.
Error during indexation : recordid 9004, index spe_coteconstruite ( Can't use string ("0") as a subroutine ref while "strict refs" in use at /home/koha/src//C4/Search/Engine/Solr.pm line 461. ) at /home/koha/src//C4/Search/Engine/Solr.pm line 517.
Error during indexation : recordid 9004, index spe_coteconstruite ( Can't use string ("0") as a subroutine ref while "strict refs" in use at /home/koha/src//C4/Search/Engine/Solr.pm line 461. ) at /home/koha/src//C4/Search/Engine/Solr.pm line 517.
biblio 7860 at /home/koha/src//C4/Search/Engine/Solr.pm line 449.
biblio 7860 at /home/koha/src//C4/Search/Engine/Solr.pm line 449.
Error during indexation : recordid 7860, index spe_coteconstruite ( Can't use string ("0") as a subroutine ref while "strict refs" in use at /home/koha/src//C4/Search/Engine/Solr.pm line 461. ) at /home/koha/src//C4/Search/Engine/Solr.pm line 517.
Error during indexation : recordid 7860, index spe_coteconstruite ( Can't use string ("0") as a subroutine ref while "strict refs" in use at /home/koha/src//C4/Search/Engine/Solr.pm line 461. ) at /home/koha/src//C4/Search/Engine/Solr.pm line 517.
biblio 2506 at /home/koha/src//C4/Search/Engine/Solr.pm line 449.
biblio 2506 at /home/koha/src//C4/Search/Engine/Solr.pm line 449.
Error during indexation : recordid 2506, index spe_coteconstruite ( Can't use string ("0") as a subroutine ref while "strict refs" in use at /home/koha/src//C4/Search/Engine/Solr.pm line 461. ) at /home/koha/src//C4/Search/Engine/Solr.pm line 517.
Error during indexation : recordid 2506, index spe_coteconstruite ( Can't use string ("0") as a subroutine ref while "strict refs" in use at /home/koha/src//C4/Search/Engine/Solr.pm line 461. ) at /home/koha/src//C4/Search/Engine/Solr.pm line 517.
biblio 2572 at /home/koha/src//C4/Search/Engine/Solr.pm line 449.
biblio 2572 at /home/koha/src//C4/Search/Engine/Solr.pm line 449.
Error during indexation : recordid 2572, index spe_coteconstruite ( Can't use string ("0") as a subroutine ref while "strict refs" in use at /home/koha/src//C4/Search/Engine/Solr.pm line 461. ) at /home/koha/src//C4/Search/Engine/Solr.pm line 517.
Error during indexation : recordid 2572, index spe_coteconstruite ( Can't use string ("0") as a subroutine ref while "strict refs" in use at /home/koha/src//C4/Search/Engine/Solr.pm line 461. ) at /home/koha/src//C4/Search/Engine/Solr.pm line 517.
biblio 5322 at /home/koha/src//C4/Search/Engine/Solr.pm line 449.
biblio 5322 at /home/koha/src//C4/Search/Engine/Solr.pm line 449.
Error during indexation : recordid 5322, index spe_coteconstruite ( Can't use string ("0") as a subroutine ref while "strict refs" in use at /home/koha/src//C4/Search/Engine/Solr.pm line 461. ) at /home/koha/src//C4/Search/Engine/Solr.pm line 517.
Error during indexation : recordid 5322, index spe_coteconstruite ( Can't use string ("0") as a subroutine ref while "strict refs" in use at /home/koha/src//C4/Search/Engine/Solr.pm line 461. ) at /home/koha/src//C4/Search/Engine/Solr.pm line 517.
biblio 6623 at /home/koha/src//C4/Search/Engine/Solr.pm line 449.
biblio 6623 at /home/koha/src//C4/Search/Engine/Solr.pm line 449.
Error during indexation : recordid 6623, index spe_coteconstruite ( Can't use string ("0") as a subroutine ref while "strict refs" in use at /home/koha/src//C4/Search/Engine/Solr.pm line 461. ) at /home/koha/src//C4/Search/Engine/Solr.pm line 517.
Error during indexation : recordid 6623, index spe_coteconstruite ( Can't use string ("0") as a subroutine ref while "strict refs" in use at /home/koha/src//C4/Search/Engine/Solr.pm line 461. ) at /home/koha/src//C4/Search/Engine/Solr.pm line 517.
biblio 9165 at /home/koha/src//C4/Search/Engine/Solr.pm line 449.
biblio 9165 at /home/koha/src//C4/Search/Engine/Solr.pm line 449.
Error during indexation : recordid 9165, index spe_coteconstruite ( Can't use string ("0") as a subroutine ref while "strict refs" in use at /home/koha/src//C4/Search/Engine/Solr.pm line 461. ) at /home/koha/src//C4/Search/Engine/Solr.pm line 517.
Error during indexation : recordid 9165, index spe_coteconstruite ( Can't use string ("0") as a subroutine ref while "strict refs" in use at /home/koha/src//C4/Search/Engine/Solr.pm line 461. ) at /home/koha/src//C4/Search/Engine/Solr.pm line 517.
biblio 372 at /home/koha/src//C4/Search/Engine/Solr.pm line 449.
biblio 372 at /home/koha/src//C4/Search/Engine/Solr.pm line 449.
Error during indexation : recordid 372, index spe_coteconstruite ( Can't use string ("0") as a subroutine ref while "strict refs" in use at /home/koha/src//C4/Search/Engine/Solr.pm line 461. ) at /home/koha/src//C4/Search/Engine/Solr.pm line 517.
Error during indexation : recordid 372, index spe_coteconstruite ( Can't use string ("0") as a subroutine ref while "strict refs" in use at /home/koha/src//C4/Search/Engine/Solr.pm line 461. ) at /home/koha/src//C4/Search/Engine/Solr.pm line 517.
biblio 9748 at /home/koha/src//C4/Search/Engine/Solr.pm line 449.
biblio 9748 at /home/koha/src//C4/Search/Engine/Solr.pm line 449.
Error during indexation : recordid 9748, index spe_coteconstruite ( Can't use string ("0") as a subroutine ref while "strict refs" in use at /home/koha/src//C4/Search/Engine/Solr.pm line 461. ) at /home/koha/src//C4/Search/Engine/Solr.pm line 517.
Error during indexation : recordid 9748, index spe_coteconstruite ( Can't use string ("0") as a subroutine ref while "strict refs" in use at /home/koha/src//C4/Search/Engine/Solr.pm line 461. ) at /home/koha/src//C4/Search/Engine/Solr.pm line 517.
biblio 6988 at /home/koha/src//C4/Search/Engine/Solr.pm line 449.
biblio 6988 at /home/koha/src//C4/Search/Engine/Solr.pm line 449.
Error during indexation : recordid 6988, index spe_coteconstruite ( Can't use string ("0") as a subroutine ref while "strict refs" in use at /home/koha/src//C4/Search/Engine/Solr.pm line 461. ) at /home/koha/src//C4/Search/Engine/Solr.pm line 517.
Error during indexation : recordid 6988, index spe_coteconstruite ( Can't use string ("0") as a subroutine ref while "strict refs" in use at /home/koha/src//C4/Search/Engine/Solr.pm line 461. ) at /home/koha/src//C4/Search/Engine/Solr.pm line 517.
biblio 6574 at /home/koha/src//C4/Search/Engine/Solr.pm line 449.
biblio 6574 at /home/koha/src//C4/Search/Engine/Solr.pm line 449.
Error during indexation : recordid 6574, index spe_coteconstruite ( Can't use string ("0") as a subroutine ref while "strict refs" in use at /home/koha/src//C4/Search/Engine/Solr.pm line 461. ) at /home/koha/src//C4/Search/Engine/Solr.pm line 517.
Error during indexation : recordid 6574, index spe_coteconstruite ( Can't use string ("0") as a subroutine ref while "strict refs" in use at /home/koha/src//C4/Search/Engine/Solr.pm line 461. ) at /home/koha/src//C4/Search/Engine/Solr.pm line 517.
biblio 5124 at /home/koha/src//C4/Search/Engine/Solr.pm line 449.
biblio 5124 at /home/koha/src//C4/Search/Engine/Solr.pm line 449.
Error during indexation : recordid 5124, index spe_coteconstruite ( Can't use string ("0") as a subroutine ref while "strict refs" in use at /home/koha/src//C4/Search/Engine/Solr.pm line 461. ) at /home/koha/src//C4/Search/Engine/Solr.pm line 517.
Error during indexation : recordid 5124, index spe_coteconstruite ( Can't use string ("0") as a subroutine ref while "strict refs" in use at /home/koha/src//C4/Search/Engine/Solr.pm line 461. ) at /home/koha/src//C4/Search/Engine/Solr.pm line 517.
biblio 752 at /home/koha/src//C4/Search/Engine/Solr.pm line 449.
biblio 752 at /home/koha/src//C4/Search/Engine/Solr.pm line 449.
Error during indexation : recordid 752, index spe_coteconstruite ( Can't use string ("0") as a subroutine ref while "strict refs" in use at /home/koha/src//C4/Search/Engine/Solr.pm line 461. ) at /home/koha/src//C4/Search/Engine/Solr.pm line 517.
Error during indexation : recordid 752, index spe_coteconstruite ( Can't use string ("0") as a subroutine ref while "strict refs" in use at /home/koha/src//C4/Search/Engine/Solr.pm line 461. ) at /home/koha/src//C4/Search/Engine/Solr.pm line 517.
biblio 3371 at /home/koha/src//C4/Search/Engine/Solr.pm line 449.
biblio 3371 at /home/koha/src//C4/Search/Engine/Solr.pm line 449.
Error during indexation : recordid 3371, index spe_coteconstruite ( Can't use string ("0") as a subroutine ref while "strict refs" in use at /home/koha/src//C4/Search/Engine/Solr.pm line 461. ) at /home/koha/src//C4/Search/Engine/Solr.pm line 517.
Error during indexation : recordid 3371, index spe_coteconstruite ( Can't use string ("0") as a subroutine ref while "strict refs" in use at /home/koha/src//C4/Search/Engine/Solr.pm line 461. ) at /home/koha/src//C4/Search/Engine/Solr.pm line 517.
biblio 5226 at /home/koha/src//C4/Search/Engine/Solr.pm line 449.
biblio 5226 at /home/koha/src//C4/Search/Engine/Solr.pm line 449.
Error during indexation : recordid 5226, index spe_coteconstruite ( Can't use string ("0") as a subroutine ref while "strict refs" in use at /home/koha/src//C4/Search/Engine/Solr.pm line 461. ) at /home/koha/src//C4/Search/Engine/Solr.pm line 517.
Error during indexation : recordid 5226, index spe_coteconstruite ( Can't use string ("0") as a subroutine ref while "strict refs" in use at /home/koha/src//C4/Search/Engine/Solr.pm line 461. ) at /home/koha/src//C4/Search/Engine/Solr.pm line 517.
biblio 2555 at /home/koha/src//C4/Search/Engine/Solr.pm line 449.
biblio 2555 at /home/koha/src//C4/Search/Engine/Solr.pm line 449.
Error during indexation : recordid 2555, index spe_coteconstruite ( Can't use string ("0") as a subroutine ref while "strict refs" in use at /home/koha/src//C4/Search/Engine/Solr.pm line 461. ) at /home/koha/src//C4/Search/Engine/Solr.pm line 517.
Error during indexation : recordid 2555, index spe_coteconstruite ( Can't use string ("0") as a subroutine ref while "strict refs" in use at /home/koha/src//C4/Search/Engine/Solr.pm line 461. ) at /home/koha/src//C4/Search/Engine/Solr.pm line 517.
biblio 6645 at /home/koha/src//C4/Search/Engine/Solr.pm line 449.
biblio 6645 at /home/koha/src//C4/Search/Engine/Solr.pm line 449.
Error during indexation : recordid 6645, index spe_coteconstruite ( Can't use string ("0") as a subroutine ref while "strict refs" in use at /home/koha/src//C4/Search/Engine/Solr.pm line 461. ) at /home/koha/src//C4/Search/Engine/Solr.pm line 517.
Error during indexation : recordid 6645, index spe_coteconstruite ( Can't use string ("0") as a subroutine ref while "strict refs" in use at /home/koha/src//C4/Search/Engine/Solr.pm line 461. ) at /home/koha/src//C4/Search/Engine/Solr.pm line 517.
biblio 7677 at /home/koha/src//C4/Search/Engine/Solr.pm line 449.
biblio 7677 at /home/koha/src//C4/Search/Engine/Solr.pm line 449.
Error during indexation : recordid 7677, index spe_coteconstruite ( Can't use string ("0") as a subroutine ref while "strict refs" in use at /home/koha/src//C4/Search/Engine/Solr.pm line 461. ) at /home/koha/src//C4/Search/Engine/Solr.pm line 517.
Error during indexation : recordid 7677, index spe_coteconstruite ( Can't use string ("0") as a subroutine ref while "strict refs" in use at /home/koha/src//C4/Search/Engine/Solr.pm line 461. ) at /home/koha/src//C4/Search/Engine/Solr.pm line 517.
biblio 8124 at /home/koha/src//C4/Search/Engine/Solr.pm line 449.
biblio 8124 at /home/koha/src//C4/Search/Engine/Solr.pm line 449.
Error during indexation : recordid 8124, index spe_coteconstruite ( Can't use string ("0") as a subroutine ref while "strict refs" in use at /home/koha/src//C4/Search/Engine/Solr.pm line 461. ) at /home/koha/src//C4/Search/Engine/Solr.pm line 517.
Error during indexation : recordid 8124, index spe_coteconstruite ( Can't use string ("0") as a subroutine ref while "strict refs" in use at /home/koha/src//C4/Search/Engine/Solr.pm line 461. ) at /home/koha/src//C4/Search/Engine/Solr.pm line 517.
biblio 5371 at /home/koha/src//C4/Search/Engine/Solr.pm line 449.
biblio 5371 at /home/koha/src//C4/Search/Engine/Solr.pm line 449.
Error during indexation : recordid 5371, index spe_coteconstruite ( Can't use string ("0") as a subroutine ref while "strict refs" in use at /home/koha/src//C4/Search/Engine/Solr.pm line 461. ) at /home/koha/src//C4/Search/Engine/Solr.pm line 517.
Error during indexation : recordid 5371, index spe_coteconstruite ( Can't use string ("0") as a subroutine ref while "strict refs" in use at /home/koha/src//C4/Search/Engine/Solr.pm line 461. ) at /home/koha/src//C4/Search/Engine/Solr.pm line 517.
biblio 6327 at /home/koha/src//C4/Search/Engine/Solr.pm line 449.
biblio 6327 at /home/koha/src//C4/Search/Engine/Solr.pm line 449.
Error during indexation : recordid 6327, index spe_coteconstruite ( Can't use string ("0") as a subroutine ref while "strict refs" in use at /home/koha/src//C4/Search/Engine/Solr.pm line 461. ) at /home/koha/src//C4/Search/Engine/Solr.pm line 517.
Error during indexation : recordid 6327, index spe_coteconstruite ( Can't use string ("0") as a subroutine ref while "strict refs" in use at /home/koha/src//C4/Search/Engine/Solr.pm line 461. ) at /home/koha/src//C4/Search/Engine/Solr.pm line 517.
biblio 4210 at /home/koha/src//C4/Search/Engine/Solr.pm line 449.
biblio 4210 at /home/koha/src//C4/Search/Engine/Solr.pm line 449.
Error during indexation : recordid 4210, index spe_coteconstruite ( Can't use string ("0") as a subroutine ref while "strict refs" in use at /home/koha/src//C4/Search/Engine/Solr.pm line 461. ) at /home/koha/src//C4/Search/Engine/Solr.pm line 517.
Error during indexation : recordid 4210, index spe_coteconstruite ( Can't use string ("0") as a subroutine ref while "strict refs" in use at /home/koha/src//C4/Search/Engine/Solr.pm line 461. ) at /home/koha/src//C4/Search/Engine/Solr.pm line 517.
biblio 4396 at /home/koha/src//C4/Search/Engine/Solr.pm line 449.
biblio 4396 at /home/koha/src//C4/Search/Engine/Solr.pm line 449.
Error during indexation : recordid 4396, index spe_coteconstruite ( Can't use string ("0") as a subroutine ref while "strict refs" in use at /home/koha/src//C4/Search/Engine/Solr.pm line 461. ) at /home/koha/src//C4/Search/Engine/Solr.pm line 517.
Error during indexation : recordid 4396, index spe_coteconstruite ( Can't use string ("0") as a subroutine ref while "strict refs" in use at /home/koha/src//C4/Search/Engine/Solr.pm line 461. ) at /home/koha/src//C4/Search/Engine/Solr.pm line 517.
biblio 4194 at /home/koha/src//C4/Search/Engine/Solr.pm line 449.
biblio 4194 at /home/koha/src//C4/Search/Engine/Solr.pm line 449.
Error during indexation : recordid 4194, index spe_coteconstruite ( Can't use string ("0") as a subroutine ref while "strict refs" in use at /home/koha/src//C4/Search/Engine/Solr.pm line 461. ) at /home/koha/src//C4/Search/Engine/Solr.pm line 517.
Error during indexation : recordid 4194, index spe_coteconstruite ( Can't use string ("0") as a subroutine ref while "strict refs" in use at /home/koha/src//C4/Search/Engine/Solr.pm line 461. ) at /home/koha/src//C4/Search/Engine/Solr.pm line 517.
biblio 8876 at /home/koha/src//C4/Search/Engine/Solr.pm line 449.
biblio 8876 at /home/koha/src//C4/Search/Engine/Solr.pm line 449.
Error during indexation : recordid 8876, index spe_coteconstruite ( Can't use string ("0") as a subroutine ref while "strict refs" in use at /home/koha/src//C4/Search/Engine/Solr.pm line 461. ) at /home/koha/src//C4/Search/Engine/Solr.pm line 517.
Error during indexation : recordid 8876, index spe_coteconstruite ( Can't use string ("0") as a subroutine ref while "strict refs" in use at /home/koha/src//C4/Search/Engine/Solr.pm line 461. ) at /home/koha/src//C4/Search/Engine/Solr.pm line 517.
biblio 3271 at /home/koha/src//C4/Search/Engine/Solr.pm line 449.
biblio 3271 at /home/koha/src//C4/Search/Engine/Solr.pm line 449.
Error during indexation : recordid 3271, index spe_coteconstruite ( Can't use string ("0") as a subroutine ref while "strict refs" in use at /home/koha/src//C4/Search/Engine/Solr.pm line 461. ) at /home/koha/src//C4/Search/Engine/Solr.pm line 517.
Error during indexation : recordid 3271, index spe_coteconstruite ( Can't use string ("0") as a subroutine ref while "strict refs" in use at /home/koha/src//C4/Search/Engine/Solr.pm line 461. ) at /home/koha/src//C4/Search/Engine/Solr.pm line 517.
biblio 2189 at /home/koha/src//C4/Search/Engine/Solr.pm line 449.
biblio 2189 at /home/koha/src//C4/Search/Engine/Solr.pm line 449.
Error during indexation : recordid 2189, index spe_coteconstruite ( Can't use string ("0") as a subroutine ref while "strict refs" in use at /home/koha/src//C4/Search/Engine/Solr.pm line 461. ) at /home/koha/src//C4/Search/Engine/Solr.pm line 517.
Error during indexation : recordid 2189, index spe_coteconstruite ( Can't use string ("0") as a subroutine ref while "strict refs" in use at /home/koha/src//C4/Search/Engine/Solr.pm line 461. ) at /home/koha/src//C4/Search/Engine/Solr.pm line 517.
biblio 4287 at /home/koha/src//C4/Search/Engine/Solr.pm line 449.
biblio 4287 at /home/koha/src//C4/Search/Engine/Solr.pm line 449.
Error during indexation : recordid 4287, index spe_coteconstruite ( Can't use string ("0") as a subroutine ref while "strict refs" in use at /home/koha/src//C4/Search/Engine/Solr.pm line 461. ) at /home/koha/src//C4/Search/Engine/Solr.pm line 517.
Error during indexation : recordid 4287, index spe_coteconstruite ( Can't use string ("0") as a subroutine ref while "strict refs" in use at /home/koha/src//C4/Search/Engine/Solr.pm line 461. ) at /home/koha/src//C4/Search/Engine/Solr.pm line 517.
biblio 9653 at /home/koha/src//C4/Search/Engine/Solr.pm line 449.
biblio 9653 at /home/koha/src//C4/Search/Engine/Solr.pm line 449.
Error during indexation : recordid 9653, index spe_coteconstruite ( Can't use string ("0") as a subroutine ref while "strict refs" in use at /home/koha/src//C4/Search/Engine/Solr.pm line 461. ) at /home/koha/src//C4/Search/Engine/Solr.pm line 517.
Error during indexation : recordid 9653, index spe_coteconstruite ( Can't use string ("0") as a subroutine ref while "strict refs" in use at /home/koha/src//C4/Search/Engine/Solr.pm line 461. ) at /home/koha/src//C4/Search/Engine/Solr.pm line 517.
biblio 9783 at /home/koha/src//C4/Search/Engine/Solr.pm line 449.
biblio 9783 at /home/koha/src//C4/Search/Engine/Solr.pm line 449.
Error during indexation : recordid 9783, index spe_coteconstruite ( Can't use string ("0") as a subroutine ref while "strict refs" in use at /home/koha/src//C4/Search/Engine/Solr.pm line 461. ) at /home/koha/src//C4/Search/Engine/Solr.pm line 517.
Error during indexation : recordid 9783, index spe_coteconstruite ( Can't use string ("0") as a subroutine ref while "strict refs" in use at /home/koha/src//C4/Search/Engine/Solr.pm line 461. ) at /home/koha/src//C4/Search/Engine/Solr.pm line 517.
biblio 1172 at /home/koha/src//C4/Search/Engine/Solr.pm line 449.
biblio 1172 at /home/koha/src//C4/Search/Engine/Solr.pm line 449.
Error during indexation : recordid 1172, index spe_coteconstruite ( Can't use string ("0") as a subroutine ref while "strict refs" in use at /home/koha/src//C4/Search/Engine/Solr.pm line 461. ) at /home/koha/src//C4/Search/Engine/Solr.pm line 517.
Error during indexation : recordid 1172, index spe_coteconstruite ( Can't use string ("0") as a subroutine ref while "strict refs" in use at /home/koha/src//C4/Search/Engine/Solr.pm line 461. ) at /home/koha/src//C4/Search/Engine/Solr.pm line 517.
biblio 1460 at /home/koha/src//C4/Search/Engine/Solr.pm line 449.
biblio 1460 at /home/koha/src//C4/Search/Engine/Solr.pm line 449.
Error during indexation : recordid 1460, index spe_coteconstruite ( Can't use string ("0") as a subroutine ref while "strict refs" in use at /home/koha/src//C4/Search/Engine/Solr.pm line 461. ) at /home/koha/src//C4/Search/Engine/Solr.pm line 517.
Error during indexation : recordid 1460, index spe_coteconstruite ( Can't use string ("0") as a subroutine ref while "strict refs" in use at /home/koha/src//C4/Search/Engine/Solr.pm line 461. ) at /home/koha/src//C4/Search/Engine/Solr.pm line 517.
biblio 4179 at /home/koha/src//C4/Search/Engine/Solr.pm line 449.
biblio 4179 at /home/koha/src//C4/Search/Engine/Solr.pm line 449.
Error during indexation : recordid 4179, index spe_coteconstruite ( Can't use string ("0") as a subroutine ref while "strict refs" in use at /home/koha/src//C4/Search/Engine/Solr.pm line 461. ) at /home/koha/src//C4/Search/Engine/Solr.pm line 517.
Error during indexation : recordid 4179, index spe_coteconstruite ( Can't use string ("0") as a subroutine ref while "strict refs" in use at /home/koha/src//C4/Search/Engine/Solr.pm line 461. ) at /home/koha/src//C4/Search/Engine/Solr.pm line 517.
biblio 8525 at /home/koha/src//C4/Search/Engine/Solr.pm line 449.
biblio 8525 at /home/koha/src//C4/Search/Engine/Solr.pm line 449.
Error during indexation : recordid 8525, index spe_coteconstruite ( Can't use string ("0") as a subroutine ref while "strict refs" in use at /home/koha/src//C4/Search/Engine/Solr.pm line 461. ) at /home/koha/src//C4/Search/Engine/Solr.pm line 517.
Error during indexation : recordid 8525, index spe_coteconstruite ( Can't use string ("0") as a subroutine ref while "strict refs" in use at /home/koha/src//C4/Search/Engine/Solr.pm line 461. ) at /home/koha/src//C4/Search/Engine/Solr.pm line 517.
biblio 9993 at /home/koha/src//C4/Search/Engine/Solr.pm line 449.
biblio 9993 at /home/koha/src//C4/Search/Engine/Solr.pm line 449.
Error during indexation : recordid 9993, index spe_coteconstruite ( Can't use string ("0") as a subroutine ref while "strict refs" in use at /home/koha/src//C4/Search/Engine/Solr.pm line 461. ) at /home/koha/src//C4/Search/Engine/Solr.pm line 517.
Error during indexation : recordid 9993, index spe_coteconstruite ( Can't use string ("0") as a subroutine ref while "strict refs" in use at /home/koha/src//C4/Search/Engine/Solr.pm line 461. ) at /home/koha/src//C4/Search/Engine/Solr.pm line 517.
biblio 9293 at /home/koha/src//C4/Search/Engine/Solr.pm line 449.
biblio 9293 at /home/koha/src//C4/Search/Engine/Solr.pm line 449.
Error during indexation : recordid 9293, index spe_coteconstruite ( Can't use string ("0") as a subroutine ref while "strict refs" in use at /home/koha/src//C4/Search/Engine/Solr.pm line 461. ) at /home/koha/src//C4/Search/Engine/Solr.pm line 517.
Error during indexation : recordid 9293, index spe_coteconstruite ( Can't use string ("0") as a subroutine ref while "strict refs" in use at /home/koha/src//C4/Search/Engine/Solr.pm line 461. ) at /home/koha/src//C4/Search/Engine/Solr.pm line 517.
biblio 8522 at /home/koha/src//C4/Search/Engine/Solr.pm line 449.
biblio 8522 at /home/koha/src//C4/Search/Engine/Solr.pm line 449.
Error during indexation : recordid 8522, index spe_coteconstruite ( Can't use string ("0") as a subroutine ref while "strict refs" in use at /home/koha/src//C4/Search/Engine/Solr.pm line 461. ) at /home/koha/src//C4/Search/Engine/Solr.pm line 517.
Error during indexation : recordid 8522, index spe_coteconstruite ( Can't use string ("0") as a subroutine ref while "strict refs" in use at /home/koha/src//C4/Search/Engine/Solr.pm line 461. ) at /home/koha/src//C4/Search/Engine/Solr.pm line 517.
biblio 4943 at /home/koha/src//C4/Search/Engine/Solr.pm line 449.
biblio 4943 at /home/koha/src//C4/Search/Engine/Solr.pm line 449.
Error during indexation : recordid 4943, index spe_coteconstruite ( Can't use string ("0") as a subroutine ref while "strict refs" in use at /home/koha/src//C4/Search/Engine/Solr.pm line 461. ) at /home/koha/src//C4/Search/Engine/Solr.pm line 517.
Error during indexation : recordid 4943, index spe_coteconstruite ( Can't use string ("0") as a subroutine ref while "strict refs" in use at /home/koha/src//C4/Search/Engine/Solr.pm line 461. ) at /home/koha/src//C4/Search/Engine/Solr.pm line 517.
biblio 9947 at /home/koha/src//C4/Search/Engine/Solr.pm line 449.
biblio 9947 at /home/koha/src//C4/Search/Engine/Solr.pm line 449.
Error during indexation : recordid 9947, index spe_coteconstruite ( Can't use string ("0") as a subroutine ref while "strict refs" in use at /home/koha/src//C4/Search/Engine/Solr.pm line 461. ) at /home/koha/src//C4/Search/Engine/Solr.pm line 517.
Error during indexation : recordid 9947, index spe_coteconstruite ( Can't use string ("0") as a subroutine ref while "strict refs" in use at /home/koha/src//C4/Search/Engine/Solr.pm line 461. ) at /home/koha/src//C4/Search/Engine/Solr.pm line 517.
biblio 9822 at /home/koha/src//C4/Search/Engine/Solr.pm line 449.
biblio 9822 at /home/koha/src//C4/Search/Engine/Solr.pm line 449.
Error during indexation : recordid 9822, index spe_coteconstruite ( Can't use string ("0") as a subroutine ref while "strict refs" in use at /home/koha/src//C4/Search/Engine/Solr.pm line 461. ) at /home/koha/src//C4/Search/Engine/Solr.pm line 517.
Error during indexation : recordid 9822, index spe_coteconstruite ( Can't use string ("0") as a subroutine ref while "strict refs" in use at /home/koha/src//C4/Search/Engine/Solr.pm line 461. ) at /home/koha/src//C4/Search/Engine/Solr.pm line 517.
biblio 2437 at /home/koha/src//C4/Search/Engine/Solr.pm line 449.
biblio 2437 at /home/koha/src//C4/Search/Engine/Solr.pm line 449.
Error during indexation : recordid 2437, index spe_coteconstruite ( Can't use string ("0") as a subroutine ref while "strict refs" in use at /home/koha/src//C4/Search/Engine/Solr.pm line 461. ) at /home/koha/src//C4/Search/Engine/Solr.pm line 517.
Error during indexation : recordid 2437, index spe_coteconstruite ( Can't use string ("0") as a subroutine ref while "strict refs" in use at /home/koha/src//C4/Search/Engine/Solr.pm line 461. ) at /home/koha/src//C4/Search/Engine/Solr.pm line 517.
biblio 2716 at /home/koha/src//C4/Search/Engine/Solr.pm line 449.
biblio 2716 at /home/koha/src//C4/Search/Engine/Solr.pm line 449.
Error during indexation : recordid 2716, index spe_coteconstruite ( Can't use string ("0") as a subroutine ref while "strict refs" in use at /home/koha/src//C4/Search/Engine/Solr.pm line 461. ) at /home/koha/src//C4/Search/Engine/Solr.pm line 517.
Error during indexation : recordid 2716, index spe_coteconstruite ( Can't use string ("0") as a subroutine ref while "strict refs" in use at /home/koha/src//C4/Search/Engine/Solr.pm line 461. ) at /home/koha/src//C4/Search/Engine/Solr.pm line 517.
biblio 3160 at /home/koha/src//C4/Search/Engine/Solr.pm line 449.
biblio 3160 at /home/koha/src//C4/Search/Engine/Solr.pm line 449.
Error during indexation : recordid 3160, index spe_coteconstruite ( Can't use string ("0") as a subroutine ref while "strict refs" in use at /home/koha/src//C4/Search/Engine/Solr.pm line 461. ) at /home/koha/src//C4/Search/Engine/Solr.pm line 517.
Error during indexation : recordid 3160, index spe_coteconstruite ( Can't use string ("0") as a subroutine ref while "strict refs" in use at /home/koha/src//C4/Search/Engine/Solr.pm line 461. ) at /home/koha/src//C4/Search/Engine/Solr.pm line 517.
biblio 2959 at /home/koha/src//C4/Search/Engine/Solr.pm line 449.
biblio 2959 at /home/koha/src//C4/Search/Engine/Solr.pm line 449.
Error during indexation : recordid 2959, index spe_coteconstruite ( Can't use string ("0") as a subroutine ref while "strict refs" in use at /home/koha/src//C4/Search/Engine/Solr.pm line 461. ) at /home/koha/src//C4/Search/Engine/Solr.pm line 517.
Error during indexation : recordid 2959, index spe_coteconstruite ( Can't use string ("0") as a subroutine ref while "strict refs" in use at /home/koha/src//C4/Search/Engine/Solr.pm line 461. ) at /home/koha/src//C4/Search/Engine/Solr.pm line 517.
biblio 8376 at /home/koha/src//C4/Search/Engine/Solr.pm line 449.
biblio 8376 at /home/koha/src//C4/Search/Engine/Solr.pm line 449.
Error during indexation : recordid 8376, index spe_coteconstruite ( Can't use string ("0") as a subroutine ref while "strict refs" in use at /home/koha/src//C4/Search/Engine/Solr.pm line 461. ) at /home/koha/src//C4/Search/Engine/Solr.pm line 517.
Error during indexation : recordid 8376, index spe_coteconstruite ( Can't use string ("0") as a subroutine ref while "strict refs" in use at /home/koha/src//C4/Search/Engine/Solr.pm line 461. ) at /home/koha/src//C4/Search/Engine/Solr.pm line 517.
biblio 26 at /home/koha/src//C4/Search/Engine/Solr.pm line 449.
biblio 26 at /home/koha/src//C4/Search/Engine/Solr.pm line 449.
Error during indexation : recordid 26, index spe_coteconstruite ( Can't use string ("0") as a subroutine ref while "strict refs" in use at /home/koha/src//C4/Search/Engine/Solr.pm line 461. ) at /home/koha/src//C4/Search/Engine/Solr.pm line 517.
Error during indexation : recordid 26, index spe_coteconstruite ( Can't use string ("0") as a subroutine ref while "strict refs" in use at /home/koha/src//C4/Search/Engine/Solr.pm line 461. ) at /home/koha/src//C4/Search/Engine/Solr.pm line 517.
biblio 760 at /home/koha/src//C4/Search/Engine/Solr.pm line 449.
biblio 760 at /home/koha/src//C4/Search/Engine/Solr.pm line 449.
Error during indexation : recordid 760, index spe_coteconstruite ( Can't use string ("0") as a subroutine ref while "strict refs" in use at /home/koha/src//C4/Search/Engine/Solr.pm line 461. ) at /home/koha/src//C4/Search/Engine/Solr.pm line 517.
Error during indexation : recordid 760, index spe_coteconstruite ( Can't use string ("0") as a subroutine ref while "strict refs" in use at /home/koha/src//C4/Search/Engine/Solr.pm line 461. ) at /home/koha/src//C4/Search/Engine/Solr.pm line 517.
biblio 8827 at /home/koha/src//C4/Search/Engine/Solr.pm line 449.
biblio 8827 at /home/koha/src//C4/Search/Engine/Solr.pm line 449.
Error during indexation : recordid 8827, index spe_coteconstruite ( Can't use string ("0") as a subroutine ref while "strict refs" in use at /home/koha/src//C4/Search/Engine/Solr.pm line 461. ) at /home/koha/src//C4/Search/Engine/Solr.pm line 517.
Error during indexation : recordid 8827, index spe_coteconstruite ( Can't use string ("0") as a subroutine ref while "strict refs" in use at /home/koha/src//C4/Search/Engine/Solr.pm line 461. ) at /home/koha/src//C4/Search/Engine/Solr.pm line 517.
biblio 269 at /home/koha/src//C4/Search/Engine/Solr.pm line 449.
biblio 269 at /home/koha/src//C4/Search/Engine/Solr.pm line 449.
Error during indexation : recordid 269, index spe_coteconstruite ( Can't use string ("0") as a subroutine ref while "strict refs" in use at /home/koha/src//C4/Search/Engine/Solr.pm line 461. ) at /home/koha/src//C4/Search/Engine/Solr.pm line 517.
Error during indexation : recordid 269, index spe_coteconstruite ( Can't use string ("0") as a subroutine ref while "strict refs" in use at /home/koha/src//C4/Search/Engine/Solr.pm line 461. ) at /home/koha/src//C4/Search/Engine/Solr.pm line 517.
biblio 1039 at /home/koha/src//C4/Search/Engine/Solr.pm line 449.
biblio 1039 at /home/koha/src//C4/Search/Engine/Solr.pm line 449.
Error during indexation : recordid 1039, index spe_coteconstruite ( Can't use string ("0") as a subroutine ref while "strict refs" in use at /home/koha/src//C4/Search/Engine/Solr.pm line 461. ) at /home/koha/src//C4/Search/Engine/Solr.pm line 517.
Error during indexation : recordid 1039, index spe_coteconstruite ( Can't use string ("0") as a subroutine ref while "strict refs" in use at /home/koha/src//C4/Search/Engine/Solr.pm line 461. ) at /home/koha/src//C4/Search/Engine/Solr.pm line 517.
biblio 7979 at /home/koha/src//C4/Search/Engine/Solr.pm line 449.
biblio 7979 at /home/koha/src//C4/Search/Engine/Solr.pm line 449.
Error during indexation : recordid 7979, index spe_coteconstruite ( Can't use string ("0") as a subroutine ref while "strict refs" in use at /home/koha/src//C4/Search/Engine/Solr.pm line 461. ) at /home/koha/src//C4/Search/Engine/Solr.pm line 517.
Error during indexation : recordid 7979, index spe_coteconstruite ( Can't use string ("0") as a subroutine ref while "strict refs" in use at /home/koha/src//C4/Search/Engine/Solr.pm line 461. ) at /home/koha/src//C4/Search/Engine/Solr.pm line 517.
biblio 8566 at /home/koha/src//C4/Search/Engine/Solr.pm line 449.
biblio 8566 at /home/koha/src//C4/Search/Engine/Solr.pm line 449.
Error during indexation : recordid 8566, index spe_coteconstruite ( Can't use string ("0") as a subroutine ref while "strict refs" in use at /home/koha/src//C4/Search/Engine/Solr.pm line 461. ) at /home/koha/src//C4/Search/Engine/Solr.pm line 517.
Error during indexation : recordid 8566, index spe_coteconstruite ( Can't use string ("0") as a subroutine ref while "strict refs" in use at /home/koha/src//C4/Search/Engine/Solr.pm line 461. ) at /home/koha/src//C4/Search/Engine/Solr.pm line 517.
biblio 1702 at /home/koha/src//C4/Search/Engine/Solr.pm line 449.
biblio 1702 at /home/koha/src//C4/Search/Engine/Solr.pm line 449.
Error during indexation : recordid 1702, index spe_coteconstruite ( Can't use string ("0") as a subroutine ref while "strict refs" in use at /home/koha/src//C4/Search/Engine/Solr.pm line 461. ) at /home/koha/src//C4/Search/Engine/Solr.pm line 517.
Error during indexation : recordid 1702, index spe_coteconstruite ( Can't use string ("0") as a subroutine ref while "strict refs" in use at /home/koha/src//C4/Search/Engine/Solr.pm line 461. ) at /home/koha/src//C4/Search/Engine/Solr.pm line 517.
biblio 331 at /home/koha/src//C4/Search/Engine/Solr.pm line 449.
biblio 331 at /home/koha/src//C4/Search/Engine/Solr.pm line 449.
Error during indexation : recordid 331, index spe_coteconstruite ( Can't use string ("0") as a subroutine ref while "strict refs" in use at /home/koha/src//C4/Search/Engine/Solr.pm line 461. ) at /home/koha/src//C4/Search/Engine/Solr.pm line 517.
Error during indexation : recordid 331, index spe_coteconstruite ( Can't use string ("0") as a subroutine ref while "strict refs" in use at /home/koha/src//C4/Search/Engine/Solr.pm line 461. ) at /home/koha/src//C4/Search/Engine/Solr.pm line 517.
biblio 7290 at /home/koha/src//C4/Search/Engine/Solr.pm line 449.
biblio 7290 at /home/koha/src//C4/Search/Engine/Solr.pm line 449.
Error during indexation : recordid 7290, index spe_coteconstruite ( Can't use string ("0") as a subroutine ref while "strict refs" in use at /home/koha/src//C4/Search/Engine/Solr.pm line 461. ) at /home/koha/src//C4/Search/Engine/Solr.pm line 517.
Error during indexation : recordid 7290, index spe_coteconstruite ( Can't use string ("0") as a subroutine ref while "strict refs" in use at /home/koha/src//C4/Search/Engine/Solr.pm line 461. ) at /home/koha/src//C4/Search/Engine/Solr.pm line 517.
biblio 6805 at /home/koha/src//C4/Search/Engine/Solr.pm line 449.
biblio 6805 at /home/koha/src//C4/Search/Engine/Solr.pm line 449.
Error during indexation : recordid 6805, index spe_coteconstruite ( Can't use string ("0") as a subroutine ref while "strict refs" in use at /home/koha/src//C4/Search/Engine/Solr.pm line 461. ) at /home/koha/src//C4/Search/Engine/Solr.pm line 517.
Error during indexation : recordid 6805, index spe_coteconstruite ( Can't use string ("0") as a subroutine ref while "strict refs" in use at /home/koha/src//C4/Search/Engine/Solr.pm line 461. ) at /home/koha/src//C4/Search/Engine/Solr.pm line 517.
biblio 9797 at /home/koha/src//C4/Search/Engine/Solr.pm line 449.
biblio 9797 at /home/koha/src//C4/Search/Engine/Solr.pm line 449.
Error during indexation : recordid 9797, index spe_coteconstruite ( Can't use string ("0") as a subroutine ref while "strict refs" in use at /home/koha/src//C4/Search/Engine/Solr.pm line 461. ) at /home/koha/src//C4/Search/Engine/Solr.pm line 517.
Error during indexation : recordid 9797, index spe_coteconstruite ( Can't use string ("0") as a subroutine ref while "strict refs" in use at /home/koha/src//C4/Search/Engine/Solr.pm line 461. ) at /home/koha/src//C4/Search/Engine/Solr.pm line 517.
biblio 6293 at /home/koha/src//C4/Search/Engine/Solr.pm line 449.
biblio 6293 at /home/koha/src//C4/Search/Engine/Solr.pm line 449.
Error during indexation : recordid 6293, index spe_coteconstruite ( Can't use string ("0") as a subroutine ref while "strict refs" in use at /home/koha/src//C4/Search/Engine/Solr.pm line 461. ) at /home/koha/src//C4/Search/Engine/Solr.pm line 517.
Error during indexation : recordid 6293, index spe_coteconstruite ( Can't use string ("0") as a subroutine ref while "strict refs" in use at /home/koha/src//C4/Search/Engine/Solr.pm line 461. ) at /home/koha/src//C4/Search/Engine/Solr.pm line 517.
biblio 9949 at /home/koha/src//C4/Search/Engine/Solr.pm line 449.
biblio 9949 at /home/koha/src//C4/Search/Engine/Solr.pm line 449.
Error during indexation : recordid 9949, index spe_coteconstruite ( Can't use string ("0") as a subroutine ref while "strict refs" in use at /home/koha/src//C4/Search/Engine/Solr.pm line 461. ) at /home/koha/src//C4/Search/Engine/Solr.pm line 517.
Error during indexation : recordid 9949, index spe_coteconstruite ( Can't use string ("0") as a subroutine ref while "strict refs" in use at /home/koha/src//C4/Search/Engine/Solr.pm line 461. ) at /home/koha/src//C4/Search/Engine/Solr.pm line 517.
biblio 3004 at /home/koha/src//C4/Search/Engine/Solr.pm line 449.
biblio 3004 at /home/koha/src//C4/Search/Engine/Solr.pm line 449.
Error during indexation : recordid 3004, index spe_coteconstruite ( Can't use string ("0") as a subroutine ref while "strict refs" in use at /home/koha/src//C4/Search/Engine/Solr.pm line 461. ) at /home/koha/src//C4/Search/Engine/Solr.pm line 517.
Error during indexation : recordid 3004, index spe_coteconstruite ( Can't use string ("0") as a subroutine ref while "strict refs" in use at /home/koha/src//C4/Search/Engine/Solr.pm line 461. ) at /home/koha/src//C4/Search/Engine/Solr.pm line 517.
biblio 9579 at /home/koha/src//C4/Search/Engine/Solr.pm line 449.
biblio 9579 at /home/koha/src//C4/Search/Engine/Solr.pm line 449.
Error during indexation : recordid 9579, index spe_coteconstruite ( Can't use string ("0") as a subroutine ref while "strict refs" in use at /home/koha/src//C4/Search/Engine/Solr.pm line 461. ) at /home/koha/src//C4/Search/Engine/Solr.pm line 517.
Error during indexation : recordid 9579, index spe_coteconstruite ( Can't use string ("0") as a subroutine ref while "strict refs" in use at /home/koha/src//C4/Search/Engine/Solr.pm line 461. ) at /home/koha/src//C4/Search/Engine/Solr.pm line 517.
biblio 36 at /home/koha/src//C4/Search/Engine/Solr.pm line 449.
biblio 36 at /home/koha/src//C4/Search/Engine/Solr.pm line 449.
Error during indexation : recordid 36, index spe_coteconstruite ( Can't use string ("0") as a subroutine ref while "strict refs" in use at /home/koha/src//C4/Search/Engine/Solr.pm line 461. ) at /home/koha/src//C4/Search/Engine/Solr.pm line 517.
Error during indexation : recordid 36, index spe_coteconstruite ( Can't use string ("0") as a subroutine ref while "strict refs" in use at /home/koha/src//C4/Search/Engine/Solr.pm line 461. ) at /home/koha/src//C4/Search/Engine/Solr.pm line 517.
biblio 3845 at /home/koha/src//C4/Search/Engine/Solr.pm line 449.
biblio 3845 at /home/koha/src//C4/Search/Engine/Solr.pm line 449.
Error during indexation : recordid 3845, index spe_coteconstruite ( Can't use string ("0") as a subroutine ref while "strict refs" in use at /home/koha/src//C4/Search/Engine/Solr.pm line 461. ) at /home/koha/src//C4/Search/Engine/Solr.pm line 517.
Error during indexation : recordid 3845, index spe_coteconstruite ( Can't use string ("0") as a subroutine ref while "strict refs" in use at /home/koha/src//C4/Search/Engine/Solr.pm line 461. ) at /home/koha/src//C4/Search/Engine/Solr.pm line 517.
biblio 1386 at /home/koha/src//C4/Search/Engine/Solr.pm line 449.
biblio 1386 at /home/koha/src//C4/Search/Engine/Solr.pm line 449.
Error during indexation : recordid 1386, index spe_coteconstruite ( Can't use string ("0") as a subroutine ref while "strict refs" in use at /home/koha/src//C4/Search/Engine/Solr.pm line 461. ) at /home/koha/src//C4/Search/Engine/Solr.pm line 517.
Error during indexation : recordid 1386, index spe_coteconstruite ( Can't use string ("0") as a subroutine ref while "strict refs" in use at /home/koha/src//C4/Search/Engine/Solr.pm line 461. ) at /home/koha/src//C4/Search/Engine/Solr.pm line 517.
biblio 4013 at /home/koha/src//C4/Search/Engine/Solr.pm line 449.
biblio 4013 at /home/koha/src//C4/Search/Engine/Solr.pm line 449.
Error during indexation : recordid 4013, index spe_coteconstruite ( Can't use string ("0") as a subroutine ref while "strict refs" in use at /home/koha/src//C4/Search/Engine/Solr.pm line 461. ) at /home/koha/src//C4/Search/Engine/Solr.pm line 517.
Error during indexation : recordid 4013, index spe_coteconstruite ( Can't use string ("0") as a subroutine ref while "strict refs" in use at /home/koha/src//C4/Search/Engine/Solr.pm line 461. ) at /home/koha/src//C4/Search/Engine/Solr.pm line 517.
biblio 8084 at /home/koha/src//C4/Search/Engine/Solr.pm line 449.
biblio 8084 at /home/koha/src//C4/Search/Engine/Solr.pm line 449.
Error during indexation : recordid 8084, index spe_coteconstruite ( Can't use string ("0") as a subroutine ref while "strict refs" in use at /home/koha/src//C4/Search/Engine/Solr.pm line 461. ) at /home/koha/src//C4/Search/Engine/Solr.pm line 517.
Error during indexation : recordid 8084, index spe_coteconstruite ( Can't use string ("0") as a subroutine ref while "strict refs" in use at /home/koha/src//C4/Search/Engine/Solr.pm line 461. ) at /home/koha/src//C4/Search/Engine/Solr.pm line 517.
biblio 5828 at /home/koha/src//C4/Search/Engine/Solr.pm line 449.
biblio 5828 at /home/koha/src//C4/Search/Engine/Solr.pm line 449.
Error during indexation : recordid 5828, index spe_coteconstruite ( Can't use string ("0") as a subroutine ref while "strict refs" in use at /home/koha/src//C4/Search/Engine/Solr.pm line 461. ) at /home/koha/src//C4/Search/Engine/Solr.pm line 517.
Error during indexation : recordid 5828, index spe_coteconstruite ( Can't use string ("0") as a subroutine ref while "strict refs" in use at /home/koha/src//C4/Search/Engine/Solr.pm line 461. ) at /home/koha/src//C4/Search/Engine/Solr.pm line 517.
biblio 6978 at /home/koha/src//C4/Search/Engine/Solr.pm line 449.
biblio 6978 at /home/koha/src//C4/Search/Engine/Solr.pm line 449.
Error during indexation : recordid 6978, index spe_coteconstruite ( Can't use string ("0") as a subroutine ref while "strict refs" in use at /home/koha/src//C4/Search/Engine/Solr.pm line 461. ) at /home/koha/src//C4/Search/Engine/Solr.pm line 517.
Error during indexation : recordid 6978, index spe_coteconstruite ( Can't use string ("0") as a subroutine ref while "strict refs" in use at /home/koha/src//C4/Search/Engine/Solr.pm line 461. ) at /home/koha/src//C4/Search/Engine/Solr.pm line 517.
biblio 3743 at /home/koha/src//C4/Search/Engine/Solr.pm line 449.
biblio 3743 at /home/koha/src//C4/Search/Engine/Solr.pm line 449.
Error during indexation : recordid 3743, index spe_coteconstruite ( Can't use string ("0") as a subroutine ref while "strict refs" in use at /home/koha/src//C4/Search/Engine/Solr.pm line 461. ) at /home/koha/src//C4/Search/Engine/Solr.pm line 517.
Error during indexation : recordid 3743, index spe_coteconstruite ( Can't use string ("0") as a subroutine ref while "strict refs" in use at /home/koha/src//C4/Search/Engine/Solr.pm line 461. ) at /home/koha/src//C4/Search/Engine/Solr.pm line 517.
biblio 8899 at /home/koha/src//C4/Search/Engine/Solr.pm line 449.
biblio 8899 at /home/koha/src//C4/Search/Engine/Solr.pm line 449.
Error during indexation : recordid 8899, index spe_coteconstruite ( Can't use string ("0") as a subroutine ref while "strict refs" in use at /home/koha/src//C4/Search/Engine/Solr.pm line 461. ) at /home/koha/src//C4/Search/Engine/Solr.pm line 517.
Error during indexation : recordid 8899, index spe_coteconstruite ( Can't use string ("0") as a subroutine ref while "strict refs" in use at /home/koha/src//C4/Search/Engine/Solr.pm line 461. ) at /home/koha/src//C4/Search/Engine/Solr.pm line 517.
biblio 1672 at /home/koha/src//C4/Search/Engine/Solr.pm line 449.
biblio 1672 at /home/koha/src//C4/Search/Engine/Solr.pm line 449.
Error during indexation : recordid 1672, index spe_coteconstruite ( Can't use string ("0") as a subroutine ref while "strict refs" in use at /home/koha/src//C4/Search/Engine/Solr.pm line 461. ) at /home/koha/src//C4/Search/Engine/Solr.pm line 517.
Error during indexation : recordid 1672, index spe_coteconstruite ( Can't use string ("0") as a subroutine ref while "strict refs" in use at /home/koha/src//C4/Search/Engine/Solr.pm line 461. ) at /home/koha/src//C4/Search/Engine/Solr.pm line 517.
biblio 1676 at /home/koha/src//C4/Search/Engine/Solr.pm line 449.
biblio 1676 at /home/koha/src//C4/Search/Engine/Solr.pm line 449.
Error during indexation : recordid 1676, index spe_coteconstruite ( Can't use string ("0") as a subroutine ref while "strict refs" in use at /home/koha/src//C4/Search/Engine/Solr.pm line 461. ) at /home/koha/src//C4/Search/Engine/Solr.pm line 517.
Error during indexation : recordid 1676, index spe_coteconstruite ( Can't use string ("0") as a subroutine ref while "strict refs" in use at /home/koha/src//C4/Search/Engine/Solr.pm line 461. ) at /home/koha/src//C4/Search/Engine/Solr.pm line 517.
biblio 599 at /home/koha/src//C4/Search/Engine/Solr.pm line 449.
biblio 599 at /home/koha/src//C4/Search/Engine/Solr.pm line 449.
Error during indexation : recordid 599, index spe_coteconstruite ( Can't use string ("0") as a subroutine ref while "strict refs" in use at /home/koha/src//C4/Search/Engine/Solr.pm line 461. ) at /home/koha/src//C4/Search/Engine/Solr.pm line 517.
Error during indexation : recordid 599, index spe_coteconstruite ( Can't use string ("0") as a subroutine ref while "strict refs" in use at /home/koha/src//C4/Search/Engine/Solr.pm line 461. ) at /home/koha/src//C4/Search/Engine/Solr.pm line 517.
biblio 9348 at /home/koha/src//C4/Search/Engine/Solr.pm line 449.
biblio 9348 at /home/koha/src//C4/Search/Engine/Solr.pm line 449.
Error during indexation : recordid 9348, index spe_coteconstruite ( Can't use string ("0") as a subroutine ref while "strict refs" in use at /home/koha/src//C4/Search/Engine/Solr.pm line 461. ) at /home/koha/src//C4/Search/Engine/Solr.pm line 517.
Error during indexation : recordid 9348, index spe_coteconstruite ( Can't use string ("0") as a subroutine ref while "strict refs" in use at /home/koha/src//C4/Search/Engine/Solr.pm line 461. ) at /home/koha/src//C4/Search/Engine/Solr.pm line 517.
biblio 7723 at /home/koha/src//C4/Search/Engine/Solr.pm line 449.
biblio 7723 at /home/koha/src//C4/Search/Engine/Solr.pm line 449.
Error during indexation : recordid 7723, index spe_coteconstruite ( Can't use string ("0") as a subroutine ref while "strict refs" in use at /home/koha/src//C4/Search/Engine/Solr.pm line 461. ) at /home/koha/src//C4/Search/Engine/Solr.pm line 517.
Error during indexation : recordid 7723, index spe_coteconstruite ( Can't use string ("0") as a subroutine ref while "strict refs" in use at /home/koha/src//C4/Search/Engine/Solr.pm line 461. ) at /home/koha/src//C4/Search/Engine/Solr.pm line 517.
biblio 6686 at /home/koha/src//C4/Search/Engine/Solr.pm line 449.
biblio 6686 at /home/koha/src//C4/Search/Engine/Solr.pm line 449.
Error during indexation : recordid 6686, index spe_coteconstruite ( Can't use string ("0") as a subroutine ref while "strict refs" in use at /home/koha/src//C4/Search/Engine/Solr.pm line 461. ) at /home/koha/src//C4/Search/Engine/Solr.pm line 517.
Error during indexation : recordid 6686, index spe_coteconstruite ( Can't use string ("0") as a subroutine ref while "strict refs" in use at /home/koha/src//C4/Search/Engine/Solr.pm line 461. ) at /home/koha/src//C4/Search/Engine/Solr.pm line 517.
biblio 2574 at /home/koha/src//C4/Search/Engine/Solr.pm line 449.
biblio 2574 at /home/koha/src//C4/Search/Engine/Solr.pm line 449.
Error during indexation : recordid 2574, index spe_coteconstruite ( Can't use string ("0") as a subroutine ref while "strict refs" in use at /home/koha/src//C4/Search/Engine/Solr.pm line 461. ) at /home/koha/src//C4/Search/Engine/Solr.pm line 517.
Error during indexation : recordid 2574, index spe_coteconstruite ( Can't use string ("0") as a subroutine ref while "strict refs" in use at /home/koha/src//C4/Search/Engine/Solr.pm line 461. ) at /home/koha/src//C4/Search/Engine/Solr.pm line 517.
biblio 299 at /home/koha/src//C4/Search/Engine/Solr.pm line 449.
biblio 299 at /home/koha/src//C4/Search/Engine/Solr.pm line 449.
Error during indexation : recordid 299, index spe_coteconstruite ( Can't use string ("0") as a subroutine ref while "strict refs" in use at /home/koha/src//C4/Search/Engine/Solr.pm line 461. ) at /home/koha/src//C4/Search/Engine/Solr.pm line 517.
Error during indexation : recordid 299, index spe_coteconstruite ( Can't use string ("0") as a subroutine ref while "strict refs" in use at /home/koha/src//C4/Search/Engine/Solr.pm line 461. ) at /home/koha/src//C4/Search/Engine/Solr.pm line 517.
biblio 731 at /home/koha/src//C4/Search/Engine/Solr.pm line 449.
biblio 731 at /home/koha/src//C4/Search/Engine/Solr.pm line 449.
Error during indexation : recordid 731, index spe_coteconstruite ( Can't use string ("0") as a subroutine ref while "strict refs" in use at /home/koha/src//C4/Search/Engine/Solr.pm line 461. ) at /home/koha/src//C4/Search/Engine/Solr.pm line 517.
Error during indexation : recordid 731, index spe_coteconstruite ( Can't use string ("0") as a subroutine ref while "strict refs" in use at /home/koha/src//C4/Search/Engine/Solr.pm line 461. ) at /home/koha/src//C4/Search/Engine/Solr.pm line 517.
biblio 9668 at /home/koha/src//C4/Search/Engine/Solr.pm line 449.
biblio 9668 at /home/koha/src//C4/Search/Engine/Solr.pm line 449.
Error during indexation : recordid 9668, index spe_coteconstruite ( Can't use string ("0") as a subroutine ref while "strict refs" in use at /home/koha/src//C4/Search/Engine/Solr.pm line 461. ) at /home/koha/src//C4/Search/Engine/Solr.pm line 517.
Error during indexation : recordid 9668, index spe_coteconstruite ( Can't use string ("0") as a subroutine ref while "strict refs" in use at /home/koha/src//C4/Search/Engine/Solr.pm line 461. ) at /home/koha/src//C4/Search/Engine/Solr.pm line 517.
biblio 2067 at /home/koha/src//C4/Search/Engine/Solr.pm line 449.
biblio 2067 at /home/koha/src//C4/Search/Engine/Solr.pm line 449.
Error during indexation : recordid 2067, index spe_coteconstruite ( Can't use string ("0") as a subroutine ref while "strict refs" in use at /home/koha/src//C4/Search/Engine/Solr.pm line 461. ) at /home/koha/src//C4/Search/Engine/Solr.pm line 517.
Error during indexation : recordid 2067, index spe_coteconstruite ( Can't use string ("0") as a subroutine ref while "strict refs" in use at /home/koha/src//C4/Search/Engine/Solr.pm line 461. ) at /home/koha/src//C4/Search/Engine/Solr.pm line 517.
biblio 5643 at /home/koha/src//C4/Search/Engine/Solr.pm line 449.
biblio 5643 at /home/koha/src//C4/Search/Engine/Solr.pm line 449.
Error during indexation : recordid 5643, index spe_coteconstruite ( Can't use string ("0") as a subroutine ref while "strict refs" in use at /home/koha/src//C4/Search/Engine/Solr.pm line 461. ) at /home/koha/src//C4/Search/Engine/Solr.pm line 517.
Error during indexation : recordid 5643, index spe_coteconstruite ( Can't use string ("0") as a subroutine ref while "strict refs" in use at /home/koha/src//C4/Search/Engine/Solr.pm line 461. ) at /home/koha/src//C4/Search/Engine/Solr.pm line 517.
biblio 3364 at /home/koha/src//C4/Search/Engine/Solr.pm line 449.
biblio 3364 at /home/koha/src//C4/Search/Engine/Solr.pm line 449.
Error during indexation : recordid 3364, index spe_coteconstruite ( Can't use string ("0") as a subroutine ref while "strict refs" in use at /home/koha/src//C4/Search/Engine/Solr.pm line 461. ) at /home/koha/src//C4/Search/Engine/Solr.pm line 517.
Error during indexation : recordid 3364, index spe_coteconstruite ( Can't use string ("0") as a subroutine ref while "strict refs" in use at /home/koha/src//C4/Search/Engine/Solr.pm line 461. ) at /home/koha/src//C4/Search/Engine/Solr.pm line 517.
biblio 5726 at /home/koha/src//C4/Search/Engine/Solr.pm line 449.
biblio 5726 at /home/koha/src//C4/Search/Engine/Solr.pm line 449.
Error during indexation : recordid 5726, index spe_coteconstruite ( Can't use string ("0") as a subroutine ref while "strict refs" in use at /home/koha/src//C4/Search/Engine/Solr.pm line 461. ) at /home/koha/src//C4/Search/Engine/Solr.pm line 517.
Error during indexation : recordid 5726, index spe_coteconstruite ( Can't use string ("0") as a subroutine ref while "strict refs" in use at /home/koha/src//C4/Search/Engine/Solr.pm line 461. ) at /home/koha/src//C4/Search/Engine/Solr.pm line 517.
biblio 6332 at /home/koha/src//C4/Search/Engine/Solr.pm line 449.
biblio 6332 at /home/koha/src//C4/Search/Engine/Solr.pm line 449.
Error during indexation : recordid 6332, index spe_coteconstruite ( Can't use string ("0") as a subroutine ref while "strict refs" in use at /home/koha/src//C4/Search/Engine/Solr.pm line 461. ) at /home/koha/src//C4/Search/Engine/Solr.pm line 517.
Error during indexation : recordid 6332, index spe_coteconstruite ( Can't use string ("0") as a subroutine ref while "strict refs" in use at /home/koha/src//C4/Search/Engine/Solr.pm line 461. ) at /home/koha/src//C4/Search/Engine/Solr.pm line 517.
biblio 2414 at /home/koha/src//C4/Search/Engine/Solr.pm line 449.
biblio 2414 at /home/koha/src//C4/Search/Engine/Solr.pm line 449.
Error during indexation : recordid 2414, index spe_coteconstruite ( Can't use string ("0") as a subroutine ref while "strict refs" in use at /home/koha/src//C4/Search/Engine/Solr.pm line 461. ) at /home/koha/src//C4/Search/Engine/Solr.pm line 517.
Error during indexation : recordid 2414, index spe_coteconstruite ( Can't use string ("0") as a subroutine ref while "strict refs" in use at /home/koha/src//C4/Search/Engine/Solr.pm line 461. ) at /home/koha/src//C4/Search/Engine/Solr.pm line 517.
biblio 9007 at /home/koha/src//C4/Search/Engine/Solr.pm line 449.
biblio 9007 at /home/koha/src//C4/Search/Engine/Solr.pm line 449.
Error during indexation : recordid 9007, index spe_coteconstruite ( Can't use string ("0") as a subroutine ref while "strict refs" in use at /home/koha/src//C4/Search/Engine/Solr.pm line 461. ) at /home/koha/src//C4/Search/Engine/Solr.pm line 517.
Error during indexation : recordid 9007, index spe_coteconstruite ( Can't use string ("0") as a subroutine ref while "strict refs" in use at /home/koha/src//C4/Search/Engine/Solr.pm line 461. ) at /home/koha/src//C4/Search/Engine/Solr.pm line 517.
biblio 8590 at /home/koha/src//C4/Search/Engine/Solr.pm line 449.
biblio 8590 at /home/koha/src//C4/Search/Engine/Solr.pm line 449.
Error during indexation : recordid 8590, index spe_coteconstruite ( Can't use string ("0") as a subroutine ref while "strict refs" in use at /home/koha/src//C4/Search/Engine/Solr.pm line 461. ) at /home/koha/src//C4/Search/Engine/Solr.pm line 517.
Error during indexation : recordid 8590, index spe_coteconstruite ( Can't use string ("0") as a subroutine ref while "strict refs" in use at /home/koha/src//C4/Search/Engine/Solr.pm line 461. ) at /home/koha/src//C4/Search/Engine/Solr.pm line 517.
biblio 4959 at /home/koha/src//C4/Search/Engine/Solr.pm line 449.
biblio 4959 at /home/koha/src//C4/Search/Engine/Solr.pm line 449.
Error during indexation : recordid 4959, index spe_coteconstruite ( Can't use string ("0") as a subroutine ref while "strict refs" in use at /home/koha/src//C4/Search/Engine/Solr.pm line 461. ) at /home/koha/src//C4/Search/Engine/Solr.pm line 517.
Error during indexation : recordid 4959, index spe_coteconstruite ( Can't use string ("0") as a subroutine ref while "strict refs" in use at /home/koha/src//C4/Search/Engine/Solr.pm line 461. ) at /home/koha/src//C4/Search/Engine/Solr.pm line 517.
biblio 137 at /home/koha/src//C4/Search/Engine/Solr.pm line 449.
biblio 137 at /home/koha/src//C4/Search/Engine/Solr.pm line 449.
Error during indexation : recordid 137, index spe_coteconstruite ( Can't use string ("0") as a subroutine ref while "strict refs" in use at /home/koha/src//C4/Search/Engine/Solr.pm line 461. ) at /home/koha/src//C4/Search/Engine/Solr.pm line 517.
Error during indexation : recordid 137, index spe_coteconstruite ( Can't use string ("0") as a subroutine ref while "strict refs" in use at /home/koha/src//C4/Search/Engine/Solr.pm line 461. ) at /home/koha/src//C4/Search/Engine/Solr.pm line 517.
biblio 3351 at /home/koha/src//C4/Search/Engine/Solr.pm line 449.
biblio 3351 at /home/koha/src//C4/Search/Engine/Solr.pm line 449.
Error during indexation : recordid 3351, index spe_coteconstruite ( Can't use string ("0") as a subroutine ref while "strict refs" in use at /home/koha/src//C4/Search/Engine/Solr.pm line 461. ) at /home/koha/src//C4/Search/Engine/Solr.pm line 517.
Error during indexation : recordid 3351, index spe_coteconstruite ( Can't use string ("0") as a subroutine ref while "strict refs" in use at /home/koha/src//C4/Search/Engine/Solr.pm line 461. ) at /home/koha/src//C4/Search/Engine/Solr.pm line 517.
biblio 2410 at /home/koha/src//C4/Search/Engine/Solr.pm line 449.
biblio 2410 at /home/koha/src//C4/Search/Engine/Solr.pm line 449.
Error during indexation : recordid 2410, index spe_coteconstruite ( Can't use string ("0") as a subroutine ref while "strict refs" in use at /home/koha/src//C4/Search/Engine/Solr.pm line 461. ) at /home/koha/src//C4/Search/Engine/Solr.pm line 517.
Error during indexation : recordid 2410, index spe_coteconstruite ( Can't use string ("0") as a subroutine ref while "strict refs" in use at /home/koha/src//C4/Search/Engine/Solr.pm line 461. ) at /home/koha/src//C4/Search/Engine/Solr.pm line 517.
biblio 7890 at /home/koha/src//C4/Search/Engine/Solr.pm line 449.
biblio 7890 at /home/koha/src//C4/Search/Engine/Solr.pm line 449.
Error during indexation : recordid 7890, index spe_coteconstruite ( Can't use string ("0") as a subroutine ref while "strict refs" in use at /home/koha/src//C4/Search/Engine/Solr.pm line 461. ) at /home/koha/src//C4/Search/Engine/Solr.pm line 517.
Error during indexation : recordid 7890, index spe_coteconstruite ( Can't use string ("0") as a subroutine ref while "strict refs" in use at /home/koha/src//C4/Search/Engine/Solr.pm line 461. ) at /home/koha/src//C4/Search/Engine/Solr.pm line 517.
biblio 3568 at /home/koha/src//C4/Search/Engine/Solr.pm line 449.
biblio 3568 at /home/koha/src//C4/Search/Engine/Solr.pm line 449.
Error during indexation : recordid 3568, index spe_coteconstruite ( Can't use string ("0") as a subroutine ref while "strict refs" in use at /home/koha/src//C4/Search/Engine/Solr.pm line 461. ) at /home/koha/src//C4/Search/Engine/Solr.pm line 517.
Error during indexation : recordid 3568, index spe_coteconstruite ( Can't use string ("0") as a subroutine ref while "strict refs" in use at /home/koha/src//C4/Search/Engine/Solr.pm line 461. ) at /home/koha/src//C4/Search/Engine/Solr.pm line 517.
biblio 2543 at /home/koha/src//C4/Search/Engine/Solr.pm line 449.
biblio 2543 at /home/koha/src//C4/Search/Engine/Solr.pm line 449.
Error during indexation : recordid 2543, index spe_coteconstruite ( Can't use string ("0") as a subroutine ref while "strict refs" in use at /home/koha/src//C4/Search/Engine/Solr.pm line 461. ) at /home/koha/src//C4/Search/Engine/Solr.pm line 517.
Error during indexation : recordid 2543, index spe_coteconstruite ( Can't use string ("0") as a subroutine ref while "strict refs" in use at /home/koha/src//C4/Search/Engine/Solr.pm line 461. ) at /home/koha/src//C4/Search/Engine/Solr.pm line 517.
biblio 9797 at /home/koha/src//C4/Search/Engine/Solr.pm line 449.
biblio 9797 at /home/koha/src//C4/Search/Engine/Solr.pm line 449.
Error during indexation : recordid 9797, index spe_coteconstruite ( Can't use string ("0") as a subroutine ref while "strict refs" in use at /home/koha/src//C4/Search/Engine/Solr.pm line 461. ) at /home/koha/src//C4/Search/Engine/Solr.pm line 517.
Error during indexation : recordid 9797, index spe_coteconstruite ( Can't use string ("0") as a subroutine ref while "strict refs" in use at /home/koha/src//C4/Search/Engine/Solr.pm line 461. ) at /home/koha/src//C4/Search/Engine/Solr.pm line 517.
biblio 6293 at /home/koha/src//C4/Search/Engine/Solr.pm line 449.
biblio 6293 at /home/koha/src//C4/Search/Engine/Solr.pm line 449.
Error during indexation : recordid 6293, index spe_coteconstruite ( Can't use string ("0") as a subroutine ref while "strict refs" in use at /home/koha/src//C4/Search/Engine/Solr.pm line 461. ) at /home/koha/src//C4/Search/Engine/Solr.pm line 517.
Error during indexation : recordid 6293, index spe_coteconstruite ( Can't use string ("0") as a subroutine ref while "strict refs" in use at /home/koha/src//C4/Search/Engine/Solr.pm line 461. ) at /home/koha/src//C4/Search/Engine/Solr.pm line 517.
biblio 9949 at /home/koha/src//C4/Search/Engine/Solr.pm line 449.
biblio 9949 at /home/koha/src//C4/Search/Engine/Solr.pm line 449.
Error during indexation : recordid 9949, index spe_coteconstruite ( Can't use string ("0") as a subroutine ref while "strict refs" in use at /home/koha/src//C4/Search/Engine/Solr.pm line 461. ) at /home/koha/src//C4/Search/Engine/Solr.pm line 517.
Error during indexation : recordid 9949, index spe_coteconstruite ( Can't use string ("0") as a subroutine ref while "strict refs" in use at /home/koha/src//C4/Search/Engine/Solr.pm line 461. ) at /home/koha/src//C4/Search/Engine/Solr.pm line 517.
