
05/09/2011 16:56:02 START
05/09/2011 16:56:02 SET OPTS: 
filepath=/tmp/records1.txt
max_records=10
max_delta=20
05/09/2011 16:56:03 Processing previous records
05/09/2011 16:56:03 $VAR1 = {};

05/09/2011 16:56:14 READ biblio 1617
05/09/2011 16:56:15 READ biblio 5125
05/09/2011 16:56:16 READ biblio 1746
05/09/2011 16:56:17 READ biblio 8429
05/09/2011 16:56:18 READ biblio 8221
05/09/2011 16:56:19 READ biblio 1305
05/09/2011 16:56:20 READ biblio 8939
05/09/2011 16:56:22 READ biblio 7064
05/09/2011 16:56:23 READ biblio 3851
05/09/2011 16:56:24 READ biblio 1948
05/09/2011 16:56:24 We have 10 records for biblio and 10seconds since first add
05/09/2011 16:56:24 Removing records (biblio 1617,5125,1746,8429,8221,1305,8939,7064,3851,1948) from file
05/09/2011 16:56:24 Indexing
05/09/2011 16:56:24 biblio 1617,5125,1746,8429,8221,1305,8939,7064,3851,1948
05/09/2011 16:56:25 READ biblio 3382
05/09/2011 16:56:26 READ biblio 1293
05/09/2011 16:56:28 READ biblio 3382
05/09/2011 16:56:29 READ biblio 1293
05/09/2011 16:56:30 READ biblio 8509
05/09/2011 16:56:31 READ biblio 8339
05/09/2011 16:56:32 READ biblio 5978
05/09/2011 16:56:33 READ biblio 37
05/09/2011 16:56:35 READ biblio 9484
05/09/2011 16:56:36 READ biblio 5927
05/09/2011 16:56:37 READ biblio 9611
05/09/2011 16:56:38 READ biblio 7062
05/09/2011 16:56:38 We have 10 records for biblio and 13seconds since first add
05/09/2011 16:56:38 Removing records (biblio 3382,1293,8509,8339,5978,37,9484,5927,9611,7062) from file
05/09/2011 16:56:38 Indexing
05/09/2011 16:56:38 biblio 3382,1293,8509,8339,5978,37,9484,5927,9611,7062
05/09/2011 16:56:40 READ biblio 3624
05/09/2011 16:56:41 READ biblio 9993
05/09/2011 16:56:42 READ biblio 1795
05/09/2011 16:56:43 READ biblio 2742
05/09/2011 16:56:45 READ biblio 7894
05/09/2011 16:56:46 READ biblio 7479
05/09/2011 16:56:47 READ biblio 3308
05/09/2011 16:56:48 READ biblio 1750
05/09/2011 16:56:50 READ biblio 182
05/09/2011 16:56:51 READ biblio 5980
05/09/2011 16:56:51 We have 10 records for biblio and 11seconds since first add
05/09/2011 16:56:51 Indexing
05/09/2011 16:56:51 Removing records (biblio 3624,9993,1795,2742,7894,7479,3308,1750,182,5980) from file
05/09/2011 16:56:51 biblio 3624,9993,1795,2742,7894,7479,3308,1750,182,5980
05/09/2011 16:56:53 READ biblio 6013
05/09/2011 16:56:54 READ biblio 4020
05/09/2011 16:56:56 READ biblio 6013
05/09/2011 16:56:57 READ biblio 4020
05/09/2011 16:56:58 READ biblio 1762
05/09/2011 16:56:59 READ biblio 5190
05/09/2011 16:57:00 READ biblio 5713
05/09/2011 16:57:01 READ biblio 4604
05/09/2011 16:57:03 READ biblio 803
05/09/2011 16:57:04 READ biblio 698
05/09/2011 16:57:05 READ biblio 22
05/09/2011 16:57:06 READ biblio 8589
05/09/2011 16:57:06 We have 10 records for biblio and 13seconds since first add
05/09/2011 16:57:06 Removing records (biblio 6013,4020,1762,5190,5713,4604,803,698,22,8589) from file
05/09/2011 16:57:06 Indexing
05/09/2011 16:57:06 biblio 6013,4020,1762,5190,5713,4604,803,698,22,8589
05/09/2011 16:57:08 READ biblio 1862
05/09/2011 16:57:09 READ biblio 7072
05/09/2011 16:57:10 READ biblio 3054
05/09/2011 16:57:11 READ biblio 3982
05/09/2011 16:57:13 READ biblio 7851
05/09/2011 16:57:14 READ biblio 4613
05/09/2011 16:57:15 READ biblio 4475
05/09/2011 16:57:16 READ biblio 1275
05/09/2011 16:57:18 READ biblio 113
05/09/2011 16:57:19 READ biblio 1665
05/09/2011 16:57:19 We have 10 records for biblio and 11seconds since first add
05/09/2011 16:57:19 Removing records (biblio 1862,7072,3054,3982,7851,4613,4475,1275,113,1665) from file
05/09/2011 16:57:19 Indexing
05/09/2011 16:57:19 biblio 1862,7072,3054,3982,7851,4613,4475,1275,113,1665
05/09/2011 16:57:20 READ biblio 7360
05/09/2011 16:57:21 READ biblio 6116
05/09/2011 16:57:23 READ biblio 7360
05/09/2011 16:57:24 READ biblio 6116
05/09/2011 16:57:25 READ biblio 6859
05/09/2011 16:57:26 READ biblio 163
05/09/2011 16:57:27 READ biblio 1812
05/09/2011 16:57:28 READ biblio 7687
05/09/2011 16:57:30 READ biblio 1025
05/09/2011 16:57:31 READ biblio 8336
05/09/2011 16:57:32 READ biblio 759
05/09/2011 16:57:33 READ biblio 2628
05/09/2011 16:57:33 We have 10 records for biblio and 13seconds since first add
05/09/2011 16:57:33 Removing records (biblio 7360,6116,6859,163,1812,7687,1025,8336,759,2628) from file
05/09/2011 16:57:33 Indexing
05/09/2011 16:57:33 biblio 7360,6116,6859,163,1812,7687,1025,8336,759,2628
05/09/2011 16:57:35 READ biblio 8359
05/09/2011 16:57:36 READ biblio 7612
05/09/2011 16:57:37 READ biblio 1801
05/09/2011 16:57:38 READ biblio 4392
05/09/2011 16:57:40 READ biblio 6153
05/09/2011 16:57:41 READ biblio 2213
05/09/2011 16:57:42 READ biblio 6420
05/09/2011 16:57:43 READ biblio 8068
05/09/2011 16:57:45 READ biblio 7573
05/09/2011 16:57:46 READ biblio 7220
05/09/2011 16:57:46 We have 10 records for biblio and 11seconds since first add
05/09/2011 16:57:46 Removing records (biblio 8359,7612,1801,4392,6153,2213,6420,8068,7573,7220) from file
05/09/2011 16:57:46 Indexing
05/09/2011 16:57:46 biblio 8359,7612,1801,4392,6153,2213,6420,8068,7573,7220
05/09/2011 16:57:47 READ biblio 8351
05/09/2011 16:57:48 READ biblio 2404
05/09/2011 16:57:50 READ biblio 8351
05/09/2011 16:57:51 READ biblio 2404
05/09/2011 16:57:52 READ biblio 1333
05/09/2011 16:57:53 READ biblio 5392
05/09/2011 16:57:54 READ biblio 2649
05/09/2011 16:57:55 READ biblio 61
05/09/2011 16:57:57 READ biblio 5134
05/09/2011 16:57:58 READ biblio 4583
05/09/2011 16:57:59 READ biblio 1767
05/09/2011 16:58:00 READ biblio 5043
05/09/2011 16:58:00 We have 10 records for biblio and 13seconds since first add
05/09/2011 16:58:00 Removing records (biblio 8351,2404,1333,5392,2649,61,5134,4583,1767,5043) from file
05/09/2011 16:58:00 Indexing
05/09/2011 16:58:00 biblio 8351,2404,1333,5392,2649,61,5134,4583,1767,5043
05/09/2011 16:58:02 READ biblio 9010
05/09/2011 16:58:03 READ biblio 2106
05/09/2011 16:58:04 READ biblio 2410
05/09/2011 16:58:05 READ biblio 549
05/09/2011 16:58:07 READ biblio 5724
05/09/2011 16:58:08 READ biblio 5355
05/09/2011 16:58:09 READ biblio 7634
05/09/2011 16:58:10 READ biblio 1550
05/09/2011 16:58:12 READ biblio 5203
05/09/2011 16:58:13 READ biblio 1343
05/09/2011 16:58:13 We have 10 records for biblio and 11seconds since first add
05/09/2011 16:58:13 Removing records (biblio 9010,2106,2410,549,5724,5355,7634,1550,5203,1343) from file
05/09/2011 16:58:13 Indexing
05/09/2011 16:58:13 biblio 9010,2106,2410,549,5724,5355,7634,1550,5203,1343
05/09/2011 16:58:14 READ biblio 6251
05/09/2011 16:58:15 READ biblio 3167
05/09/2011 16:58:17 READ biblio 6251
05/09/2011 16:58:18 READ biblio 3167
05/09/2011 16:58:19 READ biblio 4109
05/09/2011 16:58:20 READ biblio 1471
05/09/2011 16:58:21 READ biblio 4772
05/09/2011 16:58:23 READ biblio 6794
05/09/2011 16:58:24 READ biblio 3513
05/09/2011 16:58:25 READ biblio 6352
05/09/2011 16:58:26 READ biblio 1388
05/09/2011 16:58:27 READ biblio 9707
05/09/2011 16:58:27 We have 10 records for biblio and 13seconds since first add
05/09/2011 16:58:27 Indexing
05/09/2011 16:58:27 Removing records (biblio 6251,3167,4109,1471,4772,6794,3513,6352,1388,9707) from file
05/09/2011 16:58:27 biblio 6251,3167,4109,1471,4772,6794,3513,6352,1388,9707
