
05/09/2011 11:18:37 START
05/09/2011 11:18:37 SET OPTS: 
filepath=/tmp/records1.txt
max_records=20
max_delta=20
05/09/2011 11:18:38 Processing previous records
05/09/2011 11:18:38 $VAR1 = {};

05/09/2011 11:18:49 READ biblio 3962
05/09/2011 11:18:50 READ biblio 1844
05/09/2011 11:18:51 READ biblio 3549
05/09/2011 11:18:52 READ biblio 4827
05/09/2011 11:18:53 READ biblio 1102
05/09/2011 11:18:54 READ biblio 8846
05/09/2011 11:18:55 READ biblio 5919
05/09/2011 11:18:56 READ biblio 4193
05/09/2011 11:18:57 READ biblio 1875
05/09/2011 11:18:58 READ biblio 1546
05/09/2011 11:19:00 READ biblio 344
05/09/2011 11:19:01 READ biblio 4830
05/09/2011 11:19:02 READ biblio 8205
05/09/2011 11:19:03 READ biblio 2737
05/09/2011 11:19:04 READ biblio 7714
05/09/2011 11:19:05 READ biblio 6867
05/09/2011 11:19:06 READ biblio 5201
05/09/2011 11:19:07 READ biblio 7168
05/09/2011 11:19:08 READ biblio 5367
05/09/2011 11:19:09 READ biblio 7261
05/09/2011 11:19:09 We have 20 records for biblio and 20seconds since first add
05/09/2011 11:19:09 Indexing
05/09/2011 11:19:09 Removing records (biblio 3962,1844,3549,4827,1102,8846,5919,4193,1875,1546,344,4830,8205,2737,7714,6867,5201,7168,5367,7261) from file
05/09/2011 11:19:09 biblio 3962,1844,3549,4827,1102,8846,5919,4193,1875,1546,344,4830,8205,2737,7714,6867,5201,7168,5367,7261
05/09/2011 11:19:11 READ biblio 2441
05/09/2011 11:19:12 READ biblio 656
05/09/2011 11:19:13 READ biblio 751
05/09/2011 11:19:14 READ biblio 9091
05/09/2011 11:19:15 READ biblio 8185
05/09/2011 11:19:16 READ biblio 6030
05/09/2011 11:19:17 READ biblio 3374
05/09/2011 11:19:18 READ biblio 8387
05/09/2011 11:19:19 READ biblio 1725
05/09/2011 11:19:20 READ biblio 1870
05/09/2011 11:19:21 READ biblio 5142
05/09/2011 11:19:22 READ biblio 548
05/09/2011 11:19:23 READ biblio 6231
05/09/2011 11:19:24 READ biblio 507
05/09/2011 11:19:25 READ biblio 6594
05/09/2011 11:19:26 READ biblio 2755
05/09/2011 11:19:27 READ biblio 8438
05/09/2011 11:19:28 READ biblio 2405
05/09/2011 11:19:29 READ biblio 7816
05/09/2011 11:19:31 READ blio 8751
05/09/2011 11:19:31 We have 19 records for biblio and 20seconds since first add
05/09/2011 11:19:31 Removing records (biblio 2441,656,751,9091,8185,6030,3374,8387,1725,1870,5142,548,6231,507,6594,2755,8438,2405,7816) from file
05/09/2011 11:19:31 Indexing
05/09/2011 11:19:31 biblio 2441,656,751,9091,8185,6030,3374,8387,1725,1870,5142,548,6231,507,6594,2755,8438,2405,7816
05/09/2011 11:19:32 READ biblio 4749
05/09/2011 11:19:33 READ biblio 4540
05/09/2011 11:19:34 READ biblio 1233
05/09/2011 11:19:35 READ biblio 9509
05/09/2011 11:19:36 READ biblio 2435
05/09/2011 11:19:37 READ biblio 5166
05/09/2011 11:19:38 READ biblio 5176
05/09/2011 11:19:39 READ biblio 3117
05/09/2011 11:19:40 READ biblio 6216
05/09/2011 11:19:41 READ biblio 9550
05/09/2011 11:19:42 READ biblio 1678
05/09/2011 11:19:43 READ biblio 2497
05/09/2011 11:19:44 READ biblio 9932
05/09/2011 11:19:45 READ biblio 6093
05/09/2011 11:19:46 READ biblio 1839
05/09/2011 11:19:47 READ biblio 8807
05/09/2011 11:19:48 READ biblio 7451
05/09/2011 11:19:49 READ biblio 8943
05/09/2011 11:19:50 READ biblio 4935
05/09/2011 11:19:51 READ biblio 2345
05/09/2011 11:19:51 We have 20 records for biblio and 19seconds since first add
05/09/2011 11:19:51 Indexing
05/09/2011 11:19:51 Removing records (biblio 4749,4540,1233,9509,2435,5166,5176,3117,6216,9550,1678,2497,9932,6093,1839,8807,7451,8943,4935,2345) from file
05/09/2011 11:19:51 biblio 4749,4540,1233,9509,2435,5166,5176,3117,6216,9550,1678,2497,9932,6093,1839,8807,7451,8943,4935,2345
05/09/2011 11:19:51 We have 1 records for blio and 20seconds since first add
05/09/2011 11:19:51 Removing records (blio 8751) from file
05/09/2011 11:19:51 Indexing
05/09/2011 11:19:51 blio 8751
05/09/2011 11:19:52 READ biblio 4320
05/09/2011 11:19:53 READ biblio 1340
05/09/2011 11:19:54 READ biblio 7900
05/09/2011 11:19:55 READ biblio 8519
05/09/2011 11:19:56 READ biblio 9695
05/09/2011 11:19:57 READ biblio 8737
05/09/2011 11:19:58 READ biblio 998
05/09/2011 11:19:59 READ biblio 2925
05/09/2011 11:20:00 READ biblio 2070
05/09/2011 11:20:01 READ biblio 7278
05/09/2011 11:20:02 READ biblio 6200
05/09/2011 11:20:03 READ biblio 9933
05/09/2011 11:20:04 READ biblio 5267
05/09/2011 11:20:05 READ biblio 2108
05/09/2011 11:20:06 READ biblio 4430
05/09/2011 11:20:07 READ biblio 5024
05/09/2011 11:20:08 READ biblio 8458
05/09/2011 11:20:09 READ biblio 2049
05/09/2011 11:20:10 READ biblio 6744
05/09/2011 11:20:11 READ biblio 4926
05/09/2011 11:20:11 We have 20 records for biblio and 19seconds since first add
05/09/2011 11:20:11 Removing records (biblio 4320,1340,7900,8519,9695,8737,998,2925,2070,7278,6200,9933,5267,2108,4430,5024,8458,2049,6744,4926) from file
05/09/2011 11:20:11 Indexing
05/09/2011 11:20:11 biblio 4320,1340,7900,8519,9695,8737,998,2925,2070,7278,6200,9933,5267,2108,4430,5024,8458,2049,6744,4926
05/09/2011 11:20:13 READ biblio 9178
05/09/2011 11:20:14 READ biblio 7560
05/09/2011 11:20:15 READ biblio 9576
05/09/2011 11:20:16 READ biblio 2888
05/09/2011 11:20:17 READ biblio 7491
05/09/2011 11:20:18 READ biblio 5306
05/09/2011 11:20:19 READ biblio 1794
05/09/2011 11:20:20 READ biblio 5880
05/09/2011 11:20:21 READ biblio 115
05/09/2011 11:20:22 READ biblio 8797
05/09/2011 11:20:23 READ biblio 3067
05/09/2011 11:20:24 READ biblio 7801
05/09/2011 11:20:25 READ biblio 8464
05/09/2011 11:20:26 READ biblio 5178
05/09/2011 11:20:27 READ biblio 9117
05/09/2011 11:20:28 READ biblio 7844
05/09/2011 11:20:29 READ biblio 7976
05/09/2011 11:20:30 READ biblio 2886
05/09/2011 11:20:31 READ biblio 8731
05/09/2011 11:20:32 READ biblio 31
05/09/2011 11:20:32 We have 20 records for biblio and 19seconds since first add
05/09/2011 11:20:32 Removing records (biblio 9178,7560,9576,2888,7491,5306,1794,5880,115,8797,3067,7801,8464,5178,9117,7844,7976,2886,8731,31) from file
05/09/2011 11:20:32 Indexing
05/09/2011 11:20:32 biblio 9178,7560,9576,2888,7491,5306,1794,5880,115,8797,3067,7801,8464,5178,9117,7844,7976,2886,8731,31
05/09/2011 11:20:33 READ biblio 8751
05/09/2011 11:20:35 READ biblio 8751
05/09/2011 11:20:53 We have 1 records for biblio and 20seconds since first add
05/09/2011 11:20:53 Removing records (biblio 8751) from file
05/09/2011 11:20:53 Indexing
05/09/2011 11:20:53 biblio 8751
