
05/09/2011 14:00:01 START
05/09/2011 14:00:01 SET OPTS: 
filepath=/tmp/records1.txt
max_records=20
max_delta=20
05/09/2011 14:00:02 Processing previous records
05/09/2011 14:00:02 $VAR1 = {};

05/09/2011 14:00:22 READ biblio 6731
05/09/2011 14:00:22 READ biblio 3491
05/09/2011 14:00:22 READ biblio 2899
05/09/2011 14:00:22 READ biblio 5956
05/09/2011 14:00:22 READ biblio 4109
05/09/2011 14:00:22 READ biblio 8327
05/09/2011 14:00:22 READ biblio 884
05/09/2011 14:00:22 READ biblio 3803
05/09/2011 14:00:22 READ biblio 1749
05/09/2011 14:00:22 READ biblio 5793
05/09/2011 14:00:22 READ biblio 2070
05/09/2011 14:00:22 READ biblio 5962
05/09/2011 14:00:22 READ biblio 6432
05/09/2011 14:00:22 READ biblio 9607
05/09/2011 14:00:22 READ biblio 3762
05/09/2011 14:00:22 READ biblio 2282
05/09/2011 14:00:22 READ biblio 2543
05/09/2011 14:00:22 READ biblio 4744
05/09/2011 14:00:22 READ biblio 6669
05/09/2011 14:00:22 READ biblio 7709
05/09/2011 14:00:22 We have 20 records for biblio and 0seconds since first add
05/09/2011 14:00:22 Removing records (biblio 6731,3491,2899,5956,4109,8327,884,3803,1749,5793,2070,5962,6432,9607,3762,2282,2543,4744,6669,7709) from file
05/09/2011 14:00:22 Indexing
05/09/2011 14:00:22 biblio 6731,3491,2899,5956,4109,8327,884,3803,1749,5793,2070,5962,6432,9607,3762,2282,2543,4744,6669,7709
05/09/2011 14:00:22 READ biblio 13
05/09/2011 14:00:22 READ biblio 5480
05/09/2011 14:00:23 READ biblio 13
05/09/2011 14:00:23 READ biblio 5480
05/09/2011 14:00:23 READ biblio 9897
05/09/2011 14:00:23 READ biblio 2640
05/09/2011 14:00:24 READ biblio 2272
05/09/2011 14:00:24 READ biblio 6443
05/09/2011 14:00:24 READ biblio 3100
05/09/2011 14:00:25 READ biblio 1831
05/09/2011 14:00:25 READ biblio 4749
05/09/2011 14:00:25 READ biblio 924
05/09/2011 14:00:26 READ biblio 3424
05/09/2011 14:00:26 READ biblio 4792
05/09/2011 14:00:27 READ biblio 6783
05/09/2011 14:00:27 READ biblio 9865
05/09/2011 14:00:28 READ biblio 5380
05/09/2011 14:00:28 READ biblio 4910
05/09/2011 14:00:28 READ biblio 5247
05/09/2011 14:00:29 READ biblio 7021
05/09/2011 14:00:29 READ biblio 2757
05/09/2011 14:00:30 READ biblio 1958
05/09/2011 14:00:30 We have 20 records for biblio and 8seconds since first add
05/09/2011 14:00:30 Removing records (biblio 13,5480,9897,2640,2272,6443,3100,1831,4749,924,3424,4792,6783,9865,5380,4910,5247,7021,2757,1958) from file
05/09/2011 14:00:30 Indexing
05/09/2011 14:00:30 biblio 13,5480,9897,2640,2272,6443,3100,1831,4749,924,3424,4792,6783,9865,5380,4910,5247,7021,2757,1958
05/09/2011 14:00:30 READ biblio 2235
05/09/2011 14:00:31 READ biblio 8616
05/09/2011 14:00:31 READ biblio 1060
05/09/2011 14:00:31 READ biblio 6135
05/09/2011 14:00:32 READ biblio 7042
05/09/2011 14:00:32 READ biblio 8872
05/09/2011 14:00:33 READ biblio 6095
05/09/2011 14:00:33 READ biblio 4995
05/09/2011 14:00:33 READ biblio 3961
05/09/2011 14:00:34 READ biblio 7911
05/09/2011 14:00:34 READ biblio 3761
05/09/2011 14:00:34 READ biblio 2932
05/09/2011 14:00:35 READ biblio 3262
05/09/2011 14:00:35 READ biblio 6823
05/09/2011 14:00:35 READ biblio 5024
05/09/2011 14:00:36 READ biblio 1594
05/09/2011 14:00:36 READ biblio 6247
05/09/2011 14:00:37 READ biblio 470
05/09/2011 14:00:37 READ biblio 2713
05/09/2011 14:00:37 READ biblio 3616
05/09/2011 14:00:37 We have 20 records for biblio and 7seconds since first add
05/09/2011 14:00:37 Removing records (biblio 2235,8616,1060,6135,7042,8872,6095,4995,3961,7911,3761,2932,3262,6823,5024,1594,6247,470,2713,3616) from file
05/09/2011 14:00:37 Indexing
05/09/2011 14:00:37 biblio 2235,8616,1060,6135,7042,8872,6095,4995,3961,7911,3761,2932,3262,6823,5024,1594,6247,470,2713,3616
05/09/2011 14:00:38 READ biblio 9239
05/09/2011 14:00:38 READ biblio 2293
05/09/2011 14:00:39 READ biblio 3870
05/09/2011 14:00:39 READ biblio 8110
05/09/2011 14:00:40 READ biblio 4007
05/09/2011 14:00:40 READ biblio 8417
05/09/2011 14:00:40 READ biblio 5520
05/09/2011 14:00:41 READ biblio 2586
05/09/2011 14:00:41 READ biblio 829
05/09/2011 14:00:42 READ biblio 9022
05/09/2011 14:00:42 READ biblio 4788
05/09/2011 14:00:42 READ biblio 3679
05/09/2011 14:00:43 READ biblio 7157
05/09/2011 14:00:43 READ biblio 5664
05/09/2011 14:00:44 READ biblio 7783
05/09/2011 14:00:44 READ biblio 1472
05/09/2011 14:00:44 READ biblio 3079
05/09/2011 14:00:44 READ biblio 4351
05/09/2011 14:00:45 READ biblio 6762
05/09/2011 14:00:45 READ biblio 2368
05/09/2011 14:00:45 We have 20 records for biblio and 7seconds since first add
05/09/2011 14:00:45 Removing records (biblio 9239,2293,3870,8110,4007,8417,5520,2586,829,9022,4788,3679,7157,5664,7783,1472,3079,4351,6762,2368) from file
05/09/2011 14:00:45 Indexing
05/09/2011 14:00:45 biblio 9239,2293,3870,8110,4007,8417,5520,2586,829,9022,4788,3679,7157,5664,7783,1472,3079,4351,6762,2368
05/09/2011 14:00:46 READ biblio 6693
05/09/2011 14:00:46 READ biblio 449
05/09/2011 14:00:47 READ biblio 3459
05/09/2011 14:00:47 READ biblio 991
05/09/2011 14:00:47 READ biblio 7989
05/09/2011 14:00:48 READ biblio 7159
05/09/2011 14:00:48 READ biblio 8436
05/09/2011 14:00:49 READ biblio 4800
05/09/2011 14:00:49 READ biblio 4263
05/09/2011 14:00:50 READ biblio 7169
05/09/2011 14:00:50 READ biblio 3843
05/09/2011 14:00:51 READ biblio 8794
05/09/2011 14:00:51 READ biblio 5452
05/09/2011 14:00:51 READ biblio 329
05/09/2011 14:00:52 READ biblio 232
05/09/2011 14:00:52 READ biblio 8904
05/09/2011 14:00:53 READ biblio 3725
05/09/2011 14:00:53 READ biblio 8230
05/09/2011 14:00:53 READ biblio 3370
05/09/2011 14:00:54 READ biblio 2777
05/09/2011 14:00:54 We have 20 records for biblio and 8seconds since first add
05/09/2011 14:00:54 Removing records (biblio 6693,449,3459,991,7989,7159,8436,4800,4263,7169,3843,8794,5452,329,232,8904,3725,8230,3370,2777) from file
05/09/2011 14:00:54 Indexing
05/09/2011 14:00:54 biblio 6693,449,3459,991,7989,7159,8436,4800,4263,7169,3843,8794,5452,329,232,8904,3725,8230,3370,2777
