
05/09/2011 09:22:36  Authentication successful
05/09/2011 09:22:36  Auth:
<?xml version='1.0' standalone='yes'?>
<response>
  <status>ok</status>
</response>

05/09/2011 09:25:47 
>>> Checkout barcode 58700001575972 for borrower 1131	response times (in ms) for run 28 : 2292[OK]
>>> Checkout barcode 38700003918563 for borrower 2591	response times (in ms) for run 32 : 1289[OK]
>>> Checkout barcode 38700003424596 for borrower 9483	response times (in ms) for run 17 : 2231[OK]
>>> Checkout barcode 38700005134128 for borrower 2312	response times (in ms) for run 90 : 2156[OK]
>>> Checkout barcode 58700001204755 for borrower 1832	response times (in ms) for run 57 : 2269[OK]
>>> Checkout barcode 38700004287406 for borrower 3751	response times (in ms) for run 50 : 2086[OK]
>>> Checkout barcode 38700006187737 for borrower 3765	response times (in ms) for run 42 : 2448[OK]
>>> Checkout barcode 38700006429600 for borrower 5121	response times (in ms) for run 67 : 2301[OK]
>>> Checkout barcode 38700003834877 for borrower 3751	response times (in ms) for run 39 : 2176[OK]
>>> Checkout barcode 38700008049869 for borrower 8655	response times (in ms) for run 99 : 2379[OK]
>>> Checkout barcode 38700003835098 for borrower 2591	response times (in ms) for run 15 : 2063[OK]
>>> Checkout barcode 38700001841668 for borrower 3734	response times (in ms) for run 18 : 2215[OK]
>>> Checkout barcode 38700005844122 for borrower 657	response times (in ms) for run 69 : 1325[OK]
>>> Checkout barcode 38700004031812 for borrower 2861	response times (in ms) for run 46 : 2221[OK]
>>> Checkout barcode 58700001026786 for borrower 1131	response times (in ms) for run 84 : 2213[OK]
>>> Checkout barcode 38700001233593 for borrower 9483	response times (in ms) for run 81 : 2255[OK]
>>> Checkout barcode 38700003874600 for borrower 9297	response times (in ms) for run 19 : 1358[OK]
>>> Checkout barcode 38700003918555 for borrower 2486	response times (in ms) for run 3 : 2028[OK]
>>> Checkout barcode 38700005783015 for borrower 1832	response times (in ms) for run 36 : 1602[OK]
>>> Checkout barcode 38700002531391 for borrower 8717	response times (in ms) for run 40 : 2306[OK]
>>> Checkout barcode 38700003968592 for borrower 9483	response times (in ms) for run 9 : 2223[OK]
>>> Checkout barcode 38700004277910 for borrower 2486	response times (in ms) for run 76 : 2050[OK]
>>> Checkout barcode 38700002672930 for borrower 2489	response times (in ms) for run 70 : 1257[OK]
>>> Checkout barcode 38700001850560 for borrower 2797	response times (in ms) for run 64 : 1228[OK]
>>> Checkout barcode 38700001361816 for borrower 1832	response times (in ms) for run 4 : 2151[OK]
>>> Checkout barcode 38700003999787 for borrower 2591	response times (in ms) for run 35 : 2068[OK]
>>> Checkout barcode 38700001578468 for borrower 9483	response times (in ms) for run 73 : 2194[OK]
>>> Checkout barcode 38700006883111 for borrower 1609	response times (in ms) for run 59 : 1239[OK]
>>> Checkout barcode 58700001539846 for borrower 2591	response times (in ms) for run 12 : 1255[OK]
>>> Checkout barcode 38700004210572 for borrower 5635	response times (in ms) for run 82 : 2064[OK]
>>> Checkout barcode 38700003492338 for borrower 4509	response times (in ms) for run 43 : 2326[OK]
>>> Checkout barcode 38700002570571 for borrower 2489	response times (in ms) for run 51 : 1264[OK]
>>> Checkout barcode 38700004467271 for borrower 3751	response times (in ms) for run 6 : 1308[OK]
>>> Checkout barcode 38700001427732 for borrower 3734	response times (in ms) for run 13 : 1234[OK]
>>> Checkout barcode 38700003912954 for borrower 4509	response times (in ms) for run 21 : 1350[OK]
>>> Checkout barcode 38700001252734 for borrower 2312	response times (in ms) for run 8 : 2089[OK]
>>> Checkout barcode 38700002567247 for borrower 196	response times (in ms) for run 54 : 2207[OK]
>>> Checkout barcode 38700003854826 for borrower 2395	response times (in ms) for run 16 : 1218[OK]
>>> Checkout barcode 38700003918761 for borrower 1656	response times (in ms) for run 20 : 1210[OK]
>>> Checkout barcode 38700002880202 for borrower 2312	response times (in ms) for run 60 : 2096[OK]
>>> Checkout barcode 38700011253623 for borrower 1651	response times (in ms) for run 75 : 2076[OK]
>>> Checkout barcode 38700001690982 for borrower 3754	response times (in ms) for run 7 : 2102[OK]
>>> Checkout barcode 38700004315900 for borrower 8408	response times (in ms) for run 86 : 1513[OK]
>>> Checkout barcode 38700002244946 for borrower 2489	response times (in ms) for run 31 : 1339[OK]
>>> Checkout barcode 38700003572766 for borrower 2395	response times (in ms) for run 55 : 1226[OK]
>>> Checkout barcode 38700003918464 for borrower 4924	response times (in ms) for run 27 : 1337[OK]
>>> Checkout barcode 38700004316304 for borrower 5155	response times (in ms) for run 38 : 1396[OK]
>>> Checkout barcode 38700003228047 for borrower 196	response times (in ms) for run 83 : 2050[OK]
>>> Checkout barcode 38700001636548 for borrower 2395	response times (in ms) for run 66 : 2076[OK]
>>> Checkout barcode 38700005722534 for borrower 5092	response times (in ms) for run 48 : 1264[OK]
>>> Checkout barcode 38700005981882 for borrower 2312	response times (in ms) for run 45 : 2092[OK]
>>> Checkout barcode 38700008009525 for borrower 9297	response times (in ms) for run 71 : 2165[OK]
>>> Checkout barcode 38700004309309 for borrower 9483	response times (in ms) for run 14 : 1333[OK]
>>> Checkout barcode 38700000468075 for borrower 2797	response times (in ms) for run 29 : 2049[OK]
>>> Checkout barcode 38700003918670 for borrower 5100	response times (in ms) for run 87 : 1282[OK]
>>> Checkout barcode 38700004286226 for borrower 2489	response times (in ms) for run 77 : 2123[OK]
>>> Checkout barcode 38700002247808 for borrower 9297	response times (in ms) for run 1 : 1461[OK]
>>> Checkout barcode 38700004157948 for borrower 1657	response times (in ms) for run 65 : 2135[OK]
>>> Checkout barcode 38700002334549 for borrower 2489	response times (in ms) for run 37 : 2161[OK]
>>> Checkout barcode 38700003965069 for borrower 9483	response times (in ms) for run 34 : 2202[OK]
>>> Checkout barcode 38700001174730 for borrower 3677	response times (in ms) for run 0 : 2590[OK]
>>> Checkout barcode 38700008628704 for borrower 2591	response times (in ms) for run 74 : 1338[OK]
>>> Checkout barcode 38700003857977 for borrower 2312	response times (in ms) for run 26 : 1271[OK]
>>> Checkout barcode 38700003115368 for borrower 2489	response times (in ms) for run 97 : 1284[OK]
>>> Checkout barcode 38700001861476 for borrower 725	response times (in ms) for run 5 : 2519[OK]
>>> Checkout barcode 38700004287620 for borrower 6475	response times (in ms) for run 22 : 2103[OK]
>>> Checkout barcode 38700004122868 for borrower 3734	response times (in ms) for run 72 : 2154[OK]
>>> Checkout barcode 38700006319173 for borrower 5293	response times (in ms) for run 79 : 2169[OK]
>>> Checkout barcode 38700001628099 for borrower 2797	response times (in ms) for run 47 : 1242[OK]
>>> Checkout barcode 38700004287158 for borrower 1651	response times (in ms) for run 61 : 1254[OK]
>>> Checkout barcode 38700003484749 for borrower 3751	response times (in ms) for run 95 : 1304[OK]
>>> Checkout barcode 38700005485009 for borrower 2486	response times (in ms) for run 30 : 2076[OK]
>>> Checkout barcode 38700008625700 for borrower 7694	response times (in ms) for run 96 : 2088[OK]
>>> Checkout barcode 38700004457686 for borrower 9925	response times (in ms) for run 80 : 2066[OK]
>>> Checkout barcode 38700000094129 for borrower 8655	response times (in ms) for run 11 : 2287[OK]
>>> Checkout barcode 38700003834976 for borrower 9580	response times (in ms) for run 23 : 2101[OK]
>>> Checkout barcode 38700005954244 for borrower 9580	response times (in ms) for run 53 : 2146[OK]
>>> Checkout barcode 38700003443653 for borrower 4924	response times (in ms) for run 58 : 2155[OK]
>>> Checkout barcode 38700003096337 for borrower 1832	response times (in ms) for run 49 : 2114[OK]
>>> Checkout barcode 38700003824217 for borrower 2486	response times (in ms) for run 62 : 2071[OK]
>>> Checkout barcode 38700004092863 for borrower 2486	response times (in ms) for run 41 : 1378[OK]
>>> Checkout barcode 38700004467164 for borrower 4578	response times (in ms) for run 52 : 1261[OK]
>>> Checkout barcode 38700004315512 for borrower 7694	response times (in ms) for run 98 : 1209[OK]
>>> Checkout barcode 58700001396387 for borrower 2486	response times (in ms) for run 78 : 2234[OK]
>>> Checkout barcode 38700004272994 for borrower 9925	response times (in ms) for run 25 : 1259[OK]
>>> Checkout barcode 38700001676775 for borrower 9925	response times (in ms) for run 85 : 2063[OK]
>>> Checkout barcode 38700011319507 for borrower 5121	response times (in ms) for run 10 : 2058[OK]
>>> Checkout barcode 58700001722731 for borrower 553	response times (in ms) for run 68 : 2330[OK]
>>> Checkout barcode 38700005148573 for borrower 10177	response times (in ms) for run 56 : 2099[OK]
>>> Checkout barcode 38700001558122 for borrower 4924	response times (in ms) for run 44 : 2142[OK]
>>> Checkout barcode 38700004467214 for borrower 2395	response times (in ms) for run 89 : 1586[OK]
>>> Checkout barcode 38700004262797 for borrower 4578	response times (in ms) for run 2 : 2192[OK]
>>> Checkout barcode 558773 for borrower 2395	response times (in ms) for run 33 : 1235[OK]
>>> Checkout barcode 38700003886620 for borrower 9483	response times (in ms) for run 24 : 2191[OK]
>>> Checkout barcode 38700001406777 for borrower 1656	response times (in ms) for run 88 : 2122[OK]
>>> Checkout barcode 38700004039930 for borrower 553	response times (in ms) for run 92 : 2351[OK]
>>> Checkout barcode 38700005092854 for borrower 5092	response times (in ms) for run 94 : 1290[OK]
>>> Checkout barcode 38700003811693 for borrower 1656	response times (in ms) for run 63 : 2129[OK]
>>> Checkout barcode 38700003918506 for borrower 9297	response times (in ms) for run 93 : 1413[OK]
>>> Checkout barcode 38700004289360 for borrower 2027	response times (in ms) for run 91 : 1266[OK]
total response time = 184766
avg response time = 1847.66


05/09/2011 09:29:55 
>>> Checkin barcode 38700006774344 for borrower 66671 (cardnumber=28700011538785)	response times (in ms) for run 28 : 2450[OK]
>>> Checkin barcode 38700003826212 for borrower 7142 (cardnumber=28700011506220)	response times (in ms) for run 32 : 2236[OK]
>>> Checkin barcode 38700002918846 for borrower 51382 (cardnumber=28700011473108)	response times (in ms) for run 17 : 2455[OK]
>>> Checkin barcode 38700005157202 for borrower 8700 (cardnumber=28700012045913)	response times (in ms) for run 90 : 2048[OK]
>>> Checkin barcode 58700001215579 for borrower 54171 (cardnumber=28700011524876)	response times (in ms) for run 57 : 2561[OK]
>>> Checkin barcode 58700001521760 for borrower 7897 (cardnumber=287000010057877)	response times (in ms) for run 50 : 2149[OK]
>>> Checkin barcode 58700001691324 for borrower 61478 (cardnumber=28700012043934)	response times (in ms) for run 42 : 2547[OK]
>>> Checkin barcode 38700008135213 for borrower 67956 (cardnumber=28700011540567)	response times (in ms) for run 67 : 2524[OK]
>>> Checkin barcode 58700001576608 for borrower 69638 (cardnumber=28700011534412)	response times (in ms) for run 39 : 2487[OK]
>>> Checkin barcode 58700001668785 for borrower 27941 (cardnumber=28700010945338)	response times (in ms) for run 99 : 2457[OK]
>>> Checkin barcode 38700010144773 for borrower 71886 (cardnumber=28700012086214)	response times (in ms) for run 15 : 2508[OK]
>>> Checkin barcode 38700010000793 for borrower 69380 (cardnumber=28700012038629)	response times (in ms) for run 18 : 2618[OK]
>>> Checkin barcode 38700007676662 for borrower 63278 (cardnumber=28700011658310)	response times (in ms) for run 69 : 2518[OK]
>>> Checkin barcode 38700008355142 for borrower 59810 (cardnumber=28700011633453)	response times (in ms) for run 46 : 2436[OK]
>>> Checkin barcode 38700004043825 for borrower 1728 (cardnumber=28700013086387)	response times (in ms) for run 84 : 2129[OK]
>>> Checkin barcode 38700006697354 for borrower 22008 (cardnumber=28700010667585)	response times (in ms) for run 81 : 2510[OK]
>>> Checkin barcode 38700007363915 for borrower 35053 (cardnumber=28700011623892)	response times (in ms) for run 19 : 2405[OK]
>>> Checkin barcode 38700006801832 for borrower 59609 (cardnumber=28700011627042)	response times (in ms) for run 3 : 2541[OK]
>>> Checkin barcode 58700001674296 for borrower 67866 (cardnumber=28700012003847)	response times (in ms) for run 36 : 2388[OK]
>>> Checkin barcode 38700008152689 for borrower 23672 (cardnumber=28700010798778)	response times (in ms) for run 40 : 2443[OK]
>>> Checkin barcode 38700008138423 for borrower 23452 (cardnumber=28700011054403)	response times (in ms) for run 9 : 2451[OK]
>>> Checkin barcode 38700008238967 for borrower 48893 (cardnumber=28700011411256)	response times (in ms) for run 76 : 2682[OK]
>>> Checkin barcode 38700008964505 for borrower 21737 (cardnumber=28700011648634)	response times (in ms) for run 70 : 2429[OK]
>>> Checkin barcode 38700010146927 for borrower 68551 (cardnumber=28700012022102)	response times (in ms) for run 64 : 2415[OK]
>>> Checkin barcode 38700008843121 for borrower 12868 (cardnumber=28700011713602)	response times (in ms) for run 4 : 2533[OK]
>>> Checkin barcode 38700003835098 for borrower 2591 (cardnumber=28700013052207)	response times (in ms) for run 35 : 1978[OK]
>>> Checkin barcode 38700009000937 for borrower 70192 (cardnumber=28700011543926)	response times (in ms) for run 73 : 2439[OK]
>>> Checkin barcode 38700009185860 for borrower 14690 (cardnumber=28700011495051)	response times (in ms) for run 59 : 2527[OK]
>>> Checkin barcode 38700002784123 for borrower 4052 (cardnumber=28700011610543)	response times (in ms) for run 12 : 1967[OK]
>>> Checkin barcode 38700011067601 for borrower 45058 (cardnumber=28700011614412)	response times (in ms) for run 82 : 2888[OK]
>>> Checkin barcode 38700004309705 for borrower 2264 (cardnumber=28700000308463)	response times (in ms) for run 43 : 2037[OK]
>>> Checkin barcode 38700008990252 for borrower 10522 (cardnumber=28700011690560)	response times (in ms) for run 51 : 2386[OK]
>>> Checkin barcode 38700011005437 for borrower 33299 (cardnumber=28700011151522)	response times (in ms) for run 6 : 3336[OK]
>>> Checkin barcode 38700011692465 for borrower 66120 (cardnumber=28700011710509)	response times (in ms) for run 13 : 3065[OK]
>>> Checkin barcode 38700004194966 for borrower 5822 (cardnumber=28700010846726)	response times (in ms) for run 21 : 1988[OK]
>>> Checkin barcode 38700003017317 for borrower 717 (cardnumber=28700000355217)	response times (in ms) for run 8 : 2094[OK]
>>> Checkin barcode 38700003861243 for borrower 1964 (cardnumber=28700010656414)	response times (in ms) for run 54 : 2135[OK]
>>> Checkin barcode 38700002918333 for borrower 34986 (cardnumber=28700012081074)	response times (in ms) for run 16 : 2808[OK]
>>> Checkin barcode 38700005698882 for borrower 71080 (cardnumber=28700012027226)	response times (in ms) for run 20 : 2487[OK]
>>> Checkin barcode CDB79422 for borrower 69497 (cardnumber=28700012038561)	response times (in ms) for run 60 : 2463[OK]
>>> Checkin barcode 38700003096329 for borrower 629 (cardnumber=28700010804451)	response times (in ms) for run 75 : 2147[OK]
>>> Checkin barcode 58700001573977 for borrower 267 (cardnumber=28700011300988)	response times (in ms) for run 7 : 2499[OK]
>>> Checkin barcode 38700004133105 for borrower 1651 (cardnumber=28700001002188)	response times (in ms) for run 86 : 2058[OK]
>>> Checkin barcode 38700000579012 for borrower 13383 (cardnumber=28700011685537)	response times (in ms) for run 31 : 2453[OK]
>>> Checkin barcode 38700008158272 for borrower 38985 (cardnumber=28700011189548)	response times (in ms) for run 55 : 2449[OK]
>>> Checkin barcode 38700006498647 for borrower 371 (cardnumber=28700011446559)	response times (in ms) for run 27 : 1987[OK]
>>> Checkin barcode 38700008530728 for borrower 72190 (cardnumber=28700012087253)	response times (in ms) for run 38 : 2532[OK]
>>> Checkin barcode 38700001577791 for borrower 8362 (cardnumber=28700010757998)	response times (in ms) for run 83 : 2025[OK]
>>> Checkin barcode 58700001678032 for borrower 22009 (cardnumber=28700010915224)	response times (in ms) for run 66 : 2742[OK]
>>> Checkin barcode 38700008428477 for borrower 71886 (cardnumber=28700012086214)	response times (in ms) for run 48 : 2486[OK]
>>> Checkin barcode 38700003985554 for borrower 9045 (cardnumber=28700010687005)	response times (in ms) for run 45 : 2103[OK]
>>> Checkin barcode 38700004003712 for borrower 1 (cardnumber=1)	response times (in ms) for run 71 : 1973[OK]
>>> Checkin barcode 38700007467138 for borrower 73202 (cardnumber=28700013025930)	response times (in ms) for run 14 : 2432[OK]
>>> Checkin barcode 38700005020624 for borrower 194 (cardnumber=287000010057749)	response times (in ms) for run 29 : 2010[OK]
>>> Checkin barcode 38700011180941 for borrower 72190 (cardnumber=28700012087253)	response times (in ms) for run 87 : 2467[OK]
>>> Checkin barcode 38700008033335 for borrower 67955 (cardnumber=28700011540559)	response times (in ms) for run 77 : 2573[OK]
>>> Checkin barcode 38700009210130 for borrower 49110 (cardnumber=28700011348375)	response times (in ms) for run 1 : 2560[OK]
>>> Checkin barcode 38700008420573 for borrower 70053 (cardnumber=28700011543983)	response times (in ms) for run 65 : 2414[OK]
>>> Checkin barcode 38700007926174 for borrower 69785 (cardnumber=28700012052752)	response times (in ms) for run 37 : 2451[OK]
>>> Checkin barcode CDB46855 for borrower 3314 (cardnumber=28700011677450)	response times (in ms) for run 34 : 2493[OK]
>>> Checkin barcode 38700004442274 for borrower 61225 (cardnumber=28700012033844)	response times (in ms) for run 0 : 2614[OK]
>>> Checkin barcode 38700009201253 for borrower 26031 (cardnumber=28700012061282)	response times (in ms) for run 74 : 2443[OK]
>>> Checkin barcode 38700005465795 for borrower 53889 (cardnumber=2006)	response times (in ms) for run 26 : 2951[OK]
>>> Checkin barcode 38700003817518 for borrower 1030 (cardnumber=287000010038084)	response times (in ms) for run 97 : 2015[OK]
>>> Checkin barcode 38700011401891 for borrower 65057 (cardnumber=28700011714626)	response times (in ms) for run 5 : 2954[OK]
>>> Checkin barcode 58700001663661 for borrower 9153 (cardnumber=28700011650556)	response times (in ms) for run 22 : 2460[OK]
>>> Checkin barcode 58700002072706 for borrower 3816 (cardnumber=28700011283374)	response times (in ms) for run 72 : 2052[OK]
>>> Checkin barcode 38700004263753 for borrower 4183 (cardnumber=28700012093392)	response times (in ms) for run 79 : 2163[OK]
>>> Checkin barcode 38700010205632 for borrower 27888 (cardnumber=28700011537704)	response times (in ms) for run 47 : 2508[OK]
>>> Checkin barcode 38700006967997 for borrower 70134 (cardnumber=28700011543942)	response times (in ms) for run 61 : 2463[OK]
>>> Checkin barcode 38700009235202 for borrower 54838 (cardnumber=28700013002285)	response times (in ms) for run 95 : 2421[OK]
>>> Checkin barcode 38700005902862 for borrower 12333 (cardnumber=28700012051101)	response times (in ms) for run 30 : 5982[OK]
>>> Checkin barcode 38700005086625 for borrower 72190 (cardnumber=28700012087253)	response times (in ms) for run 96 : 2403[OK]
>>> Checkin barcode 38700007057384 for borrower 30059 (cardnumber=28700011055434)	response times (in ms) for run 80 : 2511[OK]
>>> Checkin barcode 38700003817369 for borrower 6393 (cardnumber=28700013025492)	response times (in ms) for run 11 : 2130[OK]
>>> Checkin barcode 38700008516776 for borrower 70251 (cardnumber=28700011543744)	response times (in ms) for run 23 : 2439[OK]
>>> Checkin barcode 38700002776749 for borrower 1396 (cardnumber=28700000419682)	response times (in ms) for run 53 : 2615[OK]
>>> Checkin barcode 38700004277910 for borrower 2486 (cardnumber=28700011702712)	response times (in ms) for run 58 : 2033[OK]
>>> Checkin barcode 38700010037936 for borrower 72024 (cardnumber=28700012089218)	response times (in ms) for run 49 : 2515[OK]
>>> Checkin barcode 48700001007326 for borrower 60415 (cardnumber=28700011589283)	response times (in ms) for run 62 : 2514[OK]
>>> Checkin barcode 38700001287474 for borrower 1 (cardnumber=1)	response times (in ms) for run 41 : 2049[OK]
>>> Checkin barcode 38700009047573 for borrower 22786 (cardnumber=28700011454868)	response times (in ms) for run 52 : 2457[OK]
>>> Checkin barcode 38700005989133 for borrower 3839 (cardnumber=287000010035134)	response times (in ms) for run 98 : 1998[OK]
>>> Checkin barcode 38700001111989 for borrower 57567 (cardnumber=28700011602219)	response times (in ms) for run 78 : 2516[OK]
>>> Checkin barcode 38700004306073 for borrower 61134 (cardnumber=28700011631838)	response times (in ms) for run 25 : 2456[OK]
>>> Checkin barcode 38700008270952 for borrower 61478 (cardnumber=28700012043934)	response times (in ms) for run 85 : 2488[OK]
>>> Checkin barcode 38700001559609 for borrower 3188 (cardnumber=28700012048818)	response times (in ms) for run 10 : 2039[OK]
>>> Checkin barcode 38700008270531 for borrower 71541 (cardnumber=28700012027358)	response times (in ms) for run 68 : 2550[OK]
>>> Checkin barcode 58700001359112 for borrower 725 (cardnumber=28700013053510)	response times (in ms) for run 56 : 2000[OK]
>>> Checkin barcode 38700010151398 for borrower 72580 (cardnumber=28700013004323)	response times (in ms) for run 44 : 2443[OK]
>>> Checkin barcode 38700007172274 for borrower 70735 (cardnumber=28700012027648)	response times (in ms) for run 89 : 2500[OK]
>>> Checkin barcode 38700005065470 for borrower 66970 (cardnumber=28700012003656)	response times (in ms) for run 2 : 2468[OK]
>>> Checkin barcode 38700008127699 for borrower 17636 (cardnumber=28700013005080)	response times (in ms) for run 33 : 2434[OK]
>>> Checkin barcode 38700000128984 for borrower 30163 (cardnumber=28700011094425)	response times (in ms) for run 24 : 2463[OK]
>>> Checkin barcode 38700005931135 for borrower 66561 (cardnumber=28700011539122)	response times (in ms) for run 88 : 2459[OK]
>>> Checkin barcode 38700009178501 for borrower 24981 (cardnumber=28700011542704)	response times (in ms) for run 92 : 2541[OK]
>>> Checkin barcode 58700001404660 for borrower 3139 (cardnumber=28700011539155)	response times (in ms) for run 94 : 2185[OK]
>>> Checkin barcode 38700001833665 for borrower 1818 (cardnumber=28700011671636)	response times (in ms) for run 63 : 2162[OK]
>>> Checkin barcode 38700008815541 for borrower 67956 (cardnumber=28700011540567)	response times (in ms) for run 93 : 2449[OK]
>>> Checkin barcode 38700008593064 for borrower 1168 (cardnumber=28700012013507)	response times (in ms) for run 91 : 2069[OK]
total response time = 243284
avg response time = 2432.84


