
06/09/2011 10:39:32  Authentication successful
06/09/2011 10:39:32  Auth:
<?xml version='1.0' standalone='yes'?>
<response>
  <status>ok</status>
</response>

06/09/2011 10:39:37  Authentication successful
06/09/2011 10:39:37  Auth:
<?xml version='1.0' standalone='yes'?>
<response>
  <status>ok</status>
</response>

06/09/2011 10:48:47 
>>> Checkout barcode 38700003828804 for borrower 5822	response times (in ms) for run 28 : 1265[OK]
>>> Checkout barcode 38700002828011 for borrower 3523	response times (in ms) for run 32 : 2130[OK]
>>> Checkout barcode 38700001252536 for borrower 3765	response times (in ms) for run 17 : 1546[OK]
>>> Checkout barcode 38700004285673 for borrower 1807	response times (in ms) for run 90 : 6230[OK]
>>> Checkout barcode 38700003970861 for borrower 1728	response times (in ms) for run 57 : 9920[OK]
>>> Checkout barcode 38700001362160 for borrower 8767	response times (in ms) for run 50 : 9719[OK]
>>> Checkout barcode 38700002610237 for borrower 5200	response times (in ms) for run 42 : 1486[OK]
>>> Checkout barcode 38700004285624 for borrower 6351	response times (in ms) for run 67 : 8891[OK]
>>> Checkout barcode 38700001263210 for borrower 8921	response times (in ms) for run 39 : 1414[OK]
>>> Checkout barcode 38700001524793 for borrower 9598	response times (in ms) for run 99 : 1285[OK]
>>> Checkout barcode 38700004141793 for borrower 5822	response times (in ms) for run 15 : 5497[OK]
>>> Checkout barcode 38700004276052 for borrower 2532	response times (in ms) for run 18 : 1334[OK]
>>> Checkout barcode 38700003970879 for borrower 2626	response times (in ms) for run 69 : 7865[OK]
>>> Checkout barcode 38700003572667 for borrower 803	response times (in ms) for run 46 : 1384[OK]
>>> Checkout barcode 38700002565738 for borrower 8308	response times (in ms) for run 84 : 8643[OK]
>>> Checkout barcode 38700004272929 for borrower 7037	response times (in ms) for run 81 : 1238[OK]
>>> Checkout barcode 58700001590492 for borrower 803	response times (in ms) for run 19 : 1394[OK]
>>> Checkout barcode 48700001006625 for borrower 6042	response times (in ms) for run 3 : 1324[OK]
>>> Checkout barcode 38700004456852 for borrower 2534	response times (in ms) for run 36 : 1283[OK]
>>> Checkout barcode 38700004467123 for borrower 9598	response times (in ms) for run 40 : 1350[OK]
>>> Checkout barcode 38700007167829 for borrower 6042	response times (in ms) for run 9 : 1338[OK]
>>> Checkout barcode 38700001422238 for borrower 5600	response times (in ms) for run 76 : 1244[OK]
>>> Checkout barcode 38700001286419 for borrower 5379	response times (in ms) for run 70 : 7702[OK]
>>> Checkout barcode 38700003971703 for borrower 3765	response times (in ms) for run 64 : 6161[OK]
>>> Checkout barcode 38700003918563 for borrower 8308	response times (in ms) for run 4 : 1278[OK]
>>> Checkout barcode 38700004141041 for borrower 2534	response times (in ms) for run 35 : 7504[OK]
>>> Checkout barcode 38700004000221 for borrower 1229	response times (in ms) for run 73 : 21287[OK]
>>> Checkout barcode 38700004277134 for borrower 866	response times (in ms) for run 59 : 1270[OK]
>>> Checkout barcode 38700005004248 for borrower 4986	response times (in ms) for run 12 : 8319[OK]
>>> Checkout barcode 38700002672930 for borrower 1851	response times (in ms) for run 82 : 1262[OK]
>>> Checkout barcode 38700001577791 for borrower 7568	response times (in ms) for run 43 : 5557[OK]
>>> Checkout barcode 38700004239589 for borrower 7440	response times (in ms) for run 51 : 12716[OK]
>>> Checkout barcode 38700004143526 for borrower 2246	response times (in ms) for run 6 : 9633[OK]
>>> Checkout barcode 38700005303962 for borrower 5600	response times (in ms) for run 13 : 11113[OK]
>>> Checkout barcode 38700004284809 for borrower 3523	response times (in ms) for run 21 : 11004[OK]
>>> Checkout barcode 38700001303941 for borrower 1832	response times (in ms) for run 8 : 8746[OK]
>>> Checkout barcode 38700001348573 for borrower 8733	response times (in ms) for run 54 : 9183[OK]
>>> Checkout barcode 38700001237842 for borrower 1851	response times (in ms) for run 16 : 1270[OK]
>>> Checkout barcode 38700008441660 for borrower 5428	response times (in ms) for run 20 : 9075[OK]
>>> Checkout barcode 38700003705820 for borrower 2988	response times (in ms) for run 60 : 7844[OK]
>>> Checkout barcode 38700005601407 for borrower 169	response times (in ms) for run 75 : 16358[OK]
>>> Checkout barcode 38700003695146 for borrower 169	response times (in ms) for run 7 : 5595[OK]
>>> Checkout barcode 38700001316562 for borrower 3175	response times (in ms) for run 86 : 1552[OK]
>>> Checkout barcode 38700006083050 for borrower 803	response times (in ms) for run 31 : 5883[OK]
>>> Checkout barcode 58700001006226 for borrower 8921	response times (in ms) for run 55 : 8934[OK]
>>> Checkout barcode 38700001420125 for borrower 6192	response times (in ms) for run 27 : 8625[OK]
>>> Checkout barcode 38700011236263 for borrower 4060	response times (in ms) for run 38 : 5478[OK]
>>> Checkout barcode 38700004214228 for borrower 1851	response times (in ms) for run 83 : 6390[OK]
>>> Checkout barcode 38700004003712 for borrower 9217	response times (in ms) for run 66 : 6148[OK]
>>> Checkout barcode 38700003277424 for borrower 866	response times (in ms) for run 48 : 1478[OK]
>>> Checkout barcode 38700005044616 for borrower 2246	response times (in ms) for run 45 : 1293[OK]
>>> Checkout barcode 38700008353253 for borrower 4986	response times (in ms) for run 71 : 1424[OK]
>>> Checkout barcode 38700004276888 for borrower 5379	response times (in ms) for run 14 : 1389[OK]
>>> Checkout barcode 38700002312305 for borrower 3523	response times (in ms) for run 29 : 9631[OK]
>>> Checkout barcode 38700005044533 for borrower 5379	response times (in ms) for run 87 : 1393[OK]
>>> Checkout barcode 38700001863837 for borrower 866	response times (in ms) for run 77 : 1238[OK]
>>> Checkout barcode 38700003948040 for borrower 3523	response times (in ms) for run 1 : 11749[OK]
>>> Checkout barcode 38700003384063 for borrower 8663	response times (in ms) for run 65 : 7942[OK]
>>> Checkout barcode 38700003912954 for borrower 4146	response times (in ms) for run 37 : 1405[OK]
>>> Checkout barcode 38700003919801 for borrower 1229	response times (in ms) for run 34 : 1246[OK]
>>> Checkout barcode 38700004077526 for borrower 413	response times (in ms) for run 0 : 1218[OK]
>>> Checkout barcode 38700004210598 for borrower 3765	response times (in ms) for run 74 : 9054[OK]
>>> Checkout barcode 38700001422444 for borrower 7568	response times (in ms) for run 26 : 6578[OK]
>>> Checkout barcode 38700004046687 for borrower 3523	response times (in ms) for run 97 : 9953[OK]
>>> Checkout barcode 38700003919900 for borrower 8921	response times (in ms) for run 5 : 1399[OK]
>>> Checkout barcode 38700003700292 for borrower 3765	response times (in ms) for run 22 : 6626[OK]
>>> Checkout barcode 38700001375667 for borrower 1229	response times (in ms) for run 72 : 1221[OK]
>>> Checkout barcode 38700004276995 for borrower 5452	response times (in ms) for run 79 : 2244[OK]
>>> Checkout barcode 38700001374983 for borrower 553	response times (in ms) for run 47 : 10173[OK]
>>> Checkout barcode 38700003227171 for borrower 5452	response times (in ms) for run 61 : 8320[OK]
>>> Checkout barcode 38700001676676 for borrower 7440	response times (in ms) for run 95 : 7930[OK]
>>> Checkout barcode 38700000111949 for borrower 7773	response times (in ms) for run 30 : 10440[OK]
>>> Checkout barcode 38700007308258 for borrower 5822	response times (in ms) for run 96 : 12107[OK]
>>> Checkout barcode 38700005044756 for borrower 2276	response times (in ms) for run 80 : 8480[OK]
>>> Checkout barcode 38700002565498 for borrower 413	response times (in ms) for run 11 : 5074[OK]
>>> Checkout barcode CDB158 for borrower 8145	response times (in ms) for run 23 : 1301[OK]
>>> Checkout barcode 38700005222972 for borrower 3937	response times (in ms) for run 53 : 4791[OK]
>>> Checkout barcode 38700006679709 for borrower 3175	response times (in ms) for run 58 : 5925[OK]
>>> Checkout barcode 58700001359112 for borrower 5200	response times (in ms) for run 49 : 9122[OK]
>>> Checkout barcode 38700004484029 for borrower 7568	response times (in ms) for run 62 : 1278[OK]
>>> Checkout barcode 38700006634696 for borrower 169	response times (in ms) for run 41 : 8896[OK]
>>> Checkout barcode 38700004213980 for borrower 8767	response times (in ms) for run 52 : 4231[OK]
>>> Checkout barcode 0161 for borrower 866	response times (in ms) for run 98 : 1231[OK]
>>> Checkout barcode 38700003918571 for borrower 2534	response times (in ms) for run 78 : 1236[OK]
>>> Checkout barcode 38700004143450 for borrower 6351	response times (in ms) for run 25 : 5072[OK]
>>> Checkout barcode 38700002323427 for borrower 2626	response times (in ms) for run 85 : 5790[OK]
>>> Checkout barcode 38700004318433 for borrower 417	response times (in ms) for run 10 : 1513[OK]
>>> Checkout barcode 38700003697274 for borrower 417	response times (in ms) for run 68 : 5403[OK]
>>> Checkout barcode 38700001318683 for borrower 3175	response times (in ms) for run 56 : 7905[OK]
>>> Checkout barcode 38700003967628 for borrower 8145	response times (in ms) for run 44 : 1693[OK]
>>> Checkout barcode 38700001887661 for borrower 2532	response times (in ms) for run 89 : 13138[OK]
>>> Checkout barcode 38700002028588 for borrower 6351	response times (in ms) for run 2 : 6050[OK]
>>> Checkout barcode 38700003971554 for borrower 5200	response times (in ms) for run 33 : 5017[OK]
>>> Checkout barcode 38700004287158 for borrower 7037	response times (in ms) for run 24 : 1247[OK]
>>> Checkout barcode 38700003529386 for borrower 7773	response times (in ms) for run 88 : 5605[OK]
>>> Checkout barcode 38700003317303 for borrower 7773	response times (in ms) for run 92 : 18290[OK]
>>> Checkout barcode 38700004276169 for borrower 9217	response times (in ms) for run 94 : 1316[OK]
>>> Checkout barcode 38700003920015 for borrower 2626	response times (in ms) for run 63 : 1249[OK]
>>> Checkout barcode 38700004468659 for borrower 2532	response times (in ms) for run 93 : 1298[OK]
>>> Checkout barcode 38700001243089 for borrower 7773	response times (in ms) for run 91 : 6547[OK]
total response time = 549816
avg response time = 5498.16


06/09/2011 10:50:45 
>>> Checkout barcode 38700004273026 for borrower 157	response times (in ms) for run 28 : 1441[OK]
>>> Checkout barcode 38700006132519 for borrower 451	response times (in ms) for run 32 : 10641[OK]
>>> Checkout barcode 38700004043825 for borrower 451	response times (in ms) for run 17 : 5680[OK]
>>> Checkout barcode 38700003826212 for borrower 9854	response times (in ms) for run 90 : 7580[OK]
>>> Checkout barcode 38700007161376 for borrower 3445	response times (in ms) for run 57 : 6324[OK]
>>> Checkout barcode 38700003650307 for borrower 4291	response times (in ms) for run 50 : 16316[OK]
>>> Checkout barcode 38700005601407 for borrower 577	response times (in ms) for run 42 : 6490[OK]
>>> Checkout barcode 38700008593064 for borrower 465	response times (in ms) for run 67 : 9297[OK]
>>> Checkout barcode 38700003990497 for borrower 3374	response times (in ms) for run 39 : 7093[OK]
>>> Checkout barcode 38700001318691 for borrower 4291	response times (in ms) for run 99 : 9929[OK]
>>> Checkout barcode 38700001887661 for borrower 451	response times (in ms) for run 15 : 14989[OK]
>>> Checkout barcode 38700001712703 for borrower 4836	response times (in ms) for run 18 : 17444[OK]
>>> Checkout barcode 38700004032117 for borrower 4203	response times (in ms) for run 69 : 7559[OK]
>>> Checkout barcode 38700007138549 for borrower 6525	response times (in ms) for run 46 : 7352[OK]
>>> Checkout barcode 38700006087705 for borrower 4626	response times (in ms) for run 84 : 1321[OK]
>>> Checkout barcode 38700005600441 for borrower 511	response times (in ms) for run 81 : 9573[OK]
>>> Checkout barcode 38700006175849 for borrower 1109	response times (in ms) for run 19 : 13415[OK]
>>> Checkout barcode 38700001303438 for borrower 5685	response times (in ms) for run 3 : 19387[OK]
>>> Checkout barcode 38700003920445 for borrower 3374	response times (in ms) for run 36 : 1391[OK]
>>> Checkout barcode 38700001263210 for borrower 577	response times (in ms) for run 40 : 1293[OK]
>>> Checkout barcode 58700001024393 for borrower 3445	response times (in ms) for run 9 : 1237[OK]
>>> Checkout barcode 38700003798676 for borrower 4341	response times (in ms) for run 76 : 1319[OK]
>>> Checkout barcode 38700001792531 for borrower 4203	response times (in ms) for run 70 : 4651[OK]
>>> Checkout barcode 38700004285624 for borrower 548	response times (in ms) for run 64 : 15091[OK]
>>> Checkout barcode 38700002119809 for borrower 5051	response times (in ms) for run 4 : 7931[OK]
>>> Checkout barcode 38700003695146 for borrower 548	response times (in ms) for run 35 : 9788[OK]
>>> Checkout barcode 38700000112319 for borrower 5051	response times (in ms) for run 73 : 5913[OK]
>>> Checkout barcode 38700007167829 for borrower 451	response times (in ms) for run 59 : 1344[OK]
>>> Checkout barcode 38700004076528 for borrower 756	response times (in ms) for run 12 : 9473[OK]
>>> Checkout barcode 38700005753208 for borrower 4341	response times (in ms) for run 82 : 6419[OK]
>>> Checkout barcode 38700003972842 for borrower 57	response times (in ms) for run 43 : 9154[OK]
>>> Checkout barcode 38700003227494 for borrower 547	response times (in ms) for run 51 : 11411[OK]
>>> Checkout barcode 38700003893618 for borrower 4291	response times (in ms) for run 6 : 6393[OK]
>>> Checkout barcode 38700001700146 for borrower 5051	response times (in ms) for run 13 : 11236[OK]
>>> Checkout barcode 38700001248435 for borrower 4341	response times (in ms) for run 21 : 1394[OK]
>>> Checkout barcode 38700006372933 for borrower 869	response times (in ms) for run 8 : 1815[OK]
>>> Checkout barcode 38700001288548 for borrower 157	response times (in ms) for run 54 : 1384[OK]
>>> Checkout barcode 38700003854842 for borrower 6525	response times (in ms) for run 16 : 1255[OK]
>>> Checkout barcode 58700001590492 for borrower 829	response times (in ms) for run 20 : 1421[OK]
>>> Checkout barcode 38700008432263 for borrower 4203	response times (in ms) for run 60 : 7531[OK]
>>> Checkout barcode 38700005676979 for borrower 7803	response times (in ms) for run 75 : 8240[OK]
>>> Checkout barcode 38700004309887 for borrower 4291	response times (in ms) for run 7 : 1324[OK]
>>> Checkout barcode 38700001288498 for borrower 547	response times (in ms) for run 86 : 1255[OK]
>>> Checkout barcode 38700003920312 for borrower 4498	response times (in ms) for run 31 : 1368[OK]
>>> Checkout barcode 38700004137536 for borrower 4595	response times (in ms) for run 55 : 7908[OK]
>>> Checkout barcode 38700004000221 for borrower 541	response times (in ms) for run 27 : 10339[OK]
>>> Checkout barcode 38700005297164 for borrower 577	response times (in ms) for run 38 : 9451[OK]
>>> Checkout barcode 38700004189149 for borrower 511	response times (in ms) for run 83 : 9610[OK]
>>> Checkout barcode 38700004249968 for borrower 4550	response times (in ms) for run 66 : 8685[OK]
>>> Checkout barcode 38700001885947 for borrower 451	response times (in ms) for run 48 : 7592[OK]
>>> Checkout barcode 38700001238683 for borrower 2959	response times (in ms) for run 45 : 1288[OK]
>>> Checkout barcode 38700002828664 for borrower 541	response times (in ms) for run 71 : 7439[OK]
>>> Checkout barcode 38700002566249 for borrower 451	response times (in ms) for run 14 : 9378[OK]
>>> Checkout barcode 38700001362061 for borrower 10153	response times (in ms) for run 29 : 7170[OK]
>>> Checkout barcode 161 for borrower 5051	response times (in ms) for run 87 : 1379[OK]
>>> Checkout barcode 38700002086107 for borrower 9547	response times (in ms) for run 77 : 11972[OK]
>>> Checkout barcode 38700003560852 for borrower 4291	response times (in ms) for run 1 : 6474[OK]
>>> Checkout barcode 58700001440227 for borrower 465	response times (in ms) for run 65 : 5397[OK]
>>> Checkout barcode 38700003248995 for borrower 7803	response times (in ms) for run 37 : 7843[OK]
>>> Checkout barcode 38700004140746 for borrower 869	response times (in ms) for run 34 : 11781[OK]
>>> Checkout barcode 38700002456755 for borrower 756	response times (in ms) for run 0 : 8817[OK]
>>> Checkout barcode 38700006607064 for borrower 88	response times (in ms) for run 74 : 2321[OK]
>>> Checkout barcode 38700002570969 for borrower 4291	response times (in ms) for run 26 : 1327[OK]
>>> Checkout barcode 38700008049893 for borrower 4498	response times (in ms) for run 97 : 5904[OK]
>>> Checkout barcode 38700004077757 for borrower 541	response times (in ms) for run 5 : 1371[OK]
>>> Checkout barcode 38700004316304 for borrower 179	response times (in ms) for run 22 : 1316[OK]
>>> Checkout barcode 38700006335500 for borrower 4498	response times (in ms) for run 72 : 8457[OK]
>>> Checkout barcode 38700008531833 for borrower 4203	response times (in ms) for run 79 : 7140[OK]
>>> Checkout barcode 38700001578898 for borrower 548	response times (in ms) for run 47 : 10583[OK]
>>> Checkout barcode 38700008617756 for borrower 511	response times (in ms) for run 61 : 8205[OK]
>>> Checkout barcode 38700005989133 for borrower 547	response times (in ms) for run 95 : 5657[OK]
>>> Checkout barcode 38700005430633 for borrower 57	response times (in ms) for run 30 : 12423[OK]
>>> Checkout barcode 38700001361964 for borrower 756	response times (in ms) for run 96 : 9419[OK]
>>> Checkout barcode 38700003375939 for borrower 577	response times (in ms) for run 80 : 7974[OK]
>>> Checkout barcode 38700006525696 for borrower 5051	response times (in ms) for run 11 : 1371[OK]
>>> Checkout barcode 38700004144433 for borrower 778	response times (in ms) for run 23 : 8133[OK]
>>> Checkout barcode 38700001285767 for borrower 4595	response times (in ms) for run 53 : 7824[OK]
>>> Checkout barcode 38700000997255 for borrower 4482	response times (in ms) for run 58 : 1316[OK]
>>> Checkout barcode 38700006777347 for borrower 451	response times (in ms) for run 49 : 1326[OK]
>>> Checkout barcode CDB69 for borrower 7600	response times (in ms) for run 62 : 1411[OK]
>>> Checkout barcode 38700003187532 for borrower 9854	response times (in ms) for run 41 : 8682[OK]
>>> Checkout barcode 38700005230561 for borrower 4482	response times (in ms) for run 52 : 17819[OK]
>>> Checkout barcode 38700004244456 for borrower 179	response times (in ms) for run 98 : 9111[OK]
>>> Checkout barcode 214 for borrower 3445	response times (in ms) for run 78 : 1245[OK]
>>> Checkout barcode 38700006187836 for borrower 756	response times (in ms) for run 25 : 6141[OK]
>>> Checkout barcode 38700004404670 for borrower 157	response times (in ms) for run 85 : 1450[OK]
>>> Checkout barcode 38700001361956 for borrower 6525	response times (in ms) for run 10 : 6989[OK]
>>> Checkout barcode 38700003443398 for borrower 5051	response times (in ms) for run 68 : 6410[OK]
>>> Checkout barcode 38700003572717 for borrower 755	response times (in ms) for run 56 : 1393[OK]
>>> Checkout barcode 38700001318881 for borrower 4252	response times (in ms) for run 44 : 7614[OK]
>>> Checkout barcode 38700004276201 for borrower 185	response times (in ms) for run 89 : 1272[OK]
>>> Checkout barcode 38700002819150 for borrower 3445	response times (in ms) for run 2 : 8549[OK]
>>> Checkout barcode 38700001723205 for borrower 511	response times (in ms) for run 33 : 9193[OK]
>>> Checkout barcode 38700003972891 for borrower 88	response times (in ms) for run 24 : 10496[OK]
>>> Checkout barcode 38700006009220 for borrower 2959	response times (in ms) for run 88 : 8648[OK]
>>> Checkout barcode 38700005681110 for borrower 9854	response times (in ms) for run 92 : 1260[OK]
>>> Checkout barcode 38700001198473 for borrower 756	response times (in ms) for run 94 : 10116[OK]
>>> Checkout barcode 38700005044012 for borrower 829	response times (in ms) for run 63 : 1325[OK]
>>> Checkout barcode 38700003700532 for borrower 548	response times (in ms) for run 93 : 6304[OK]
>>> Checkout barcode 38700006042973 for borrower 5369	response times (in ms) for run 91 : 1244[OK]
total response time = 664124
avg response time = 6641.24


06/09/2011 11:06:21 
>>> Checkin barcode 58700002296644 for borrower 1800 (cardnumber=287000010015281)	response times (in ms) for run 28 : 6907[OK]
>>> Checkin barcode 38700005253753 for borrower 53889 (cardnumber=2006)	response times (in ms) for run 32 : 12720[OK]
>>> Checkin barcode 38700007597280 for borrower 70594 (cardnumber=28700012074186)	response times (in ms) for run 17 : 14009[OK]
>>> Checkin barcode 38700001348573 for borrower 8733 (cardnumber=28700011687087)	response times (in ms) for run 90 : 9327[OK]
>>> Checkin barcode 38700006355953 for borrower 3680 (cardnumber=28700010728734)	response times (in ms) for run 57 : 13616[OK]
>>> Checkin barcode 58700001359021 for borrower 8663 (cardnumber=28700010671926)	response times (in ms) for run 50 : 13624[OK]
>>> Checkin barcode 58700001430400 for borrower 1812 (cardnumber=28700010861287)	response times (in ms) for run 42 : 10352[OK]
>>> Checkin barcode 38700007925382 for borrower 56393 (cardnumber=28700011583039)	response times (in ms) for run 67 : 13848[OK]
>>> Checkin barcode 38700002589852 for borrower 8875 (cardnumber=28700011330498)	response times (in ms) for run 39 : 5342[OK]
>>> Checkin barcode CDB35489 for borrower 53889 (cardnumber=2006)	response times (in ms) for run 99 : 4469[OK]
>>> Checkin barcode 38700004264702 for borrower 3680 (cardnumber=28700010728734)	response times (in ms) for run 15 : 9792[OK]
>>> Checkin barcode 38700008432263 for borrower 4203 (cardnumber=28700011288712)	response times (in ms) for run 18 : 6597[OK]
>>> Checkin barcode 38700009175416 for borrower 61238 (cardnumber=28700011651745)	response times (in ms) for run 69 : 15057[OK]
>>> Checkin barcode 38700002569987 for borrower 595 (cardnumber=287000010055863)	response times (in ms) for run 46 : 14496[OK]
>>> Checkin barcode 58700001049523 for borrower 65835 (cardnumber=28700012034073)	response times (in ms) for run 84 : 17671[OK]
>>> Checkin barcode 38700008970213 for borrower 70134 (cardnumber=28700011543942)	response times (in ms) for run 81 : 8925[OK]
>>> Checkin barcode 38700005962312 for borrower 7027 (cardnumber=28700011259952)	response times (in ms) for run 19 : 12825[OK]
>>> Checkin barcode 38700006466172 for borrower 7526 (cardnumber=28700011142141)	response times (in ms) for run 3 : 9936[OK]
>>> Checkin barcode 38700003144384 for borrower 53889 (cardnumber=2006)	response times (in ms) for run 36 : 15479[OK]
>>> Checkin barcode 38700008605728 for borrower 49962 (cardnumber=28700011693382)	response times (in ms) for run 40 : 12600[OK]
>>> Checkin barcode 38700000254442 for borrower 26799 (cardnumber=28700012024462)	response times (in ms) for run 9 : 13169[OK]
>>> Checkin barcode 38700001636548 for borrower 2395 (cardnumber=28700011621953)	response times (in ms) for run 76 : 7567[OK]
>>> Checkin barcode 38700006014857 for borrower 33704 (cardnumber=28700012018282)	response times (in ms) for run 70 : 14441[OK]
>>> Checkin barcode 38700001723304 for borrower 3971 (cardnumber=28700010905910)	response times (in ms) for run 64 : 9192[OK]
>>> Checkin barcode 38700011535334 for borrower 13522 (cardnumber=28700011315382)	response times (in ms) for run 4 : 11967[OK]
>>> Checkin barcode 38700002819150 for borrower 3445 (cardnumber=287000010056765)	response times (in ms) for run 35 : 3974[OK]
>>> Checkin barcode 38700008783830 for borrower 5312 (cardnumber=28700013024495)	response times (in ms) for run 73 : 9047[OK]
>>> Checkin barcode 38700001696039 for borrower 6744 (cardnumber=28700013143006)	response times (in ms) for run 59 : 11398[OK]
>>> Checkin barcode 38700007853634 for borrower 70106 (cardnumber=28700011530261)	response times (in ms) for run 12 : 7965[OK]
>>> Checkin barcode 38700003407096 for borrower 8291 (cardnumber=287000010055143)	response times (in ms) for run 82 : 11069[OK]
>>> Checkin barcode 38700008298805 for borrower 73279 (cardnumber=28700013026839)	response times (in ms) for run 43 : 8798[OK]
>>> Checkin barcode 38700001243089 for borrower 7773 (cardnumber=28700011188664)	response times (in ms) for run 51 : 5188[OK]
>>> Checkin barcode 38700008192941 for borrower 65978 (cardnumber=28700012030147)	response times (in ms) for run 6 : 14417[OK]
>>> Checkin barcode 38700007100788 for borrower 74160 (cardnumber=28700013023463)	response times (in ms) for run 13 : 16099[OK]
>>> Checkin barcode 38700003736577 for borrower 4370 (cardnumber=287000010062588)	response times (in ms) for run 21 : 9763[OK]
>>> Checkin barcode 38700000911686 for borrower 53889 (cardnumber=2006)	response times (in ms) for run 8 : 11043[OK]
>>> Checkin barcode 38700006619697 for borrower 26084 (cardnumber=28700011136994)	response times (in ms) for run 54 : 9936[OK]
>>> Checkin barcode 38700008927205 for borrower 70689 (cardnumber=28700012064492)	response times (in ms) for run 16 : 9440[OK]
>>> Checkin barcode 38700001860304 for borrower 5851 (cardnumber=28700000606965)	response times (in ms) for run 20 : 7535[OK]
>>> Checkin barcode 38700001318881 for borrower 4252 (cardnumber=28700011584177)	response times (in ms) for run 60 : 5310[OK]
>>> Checkin barcode 38700007385215 for borrower 71994 (cardnumber=28700012085091)	response times (in ms) for run 75 : 12092[OK]
>>> Checkin barcode 38700004001799 for borrower 9237 (cardnumber=28700010661455)	response times (in ms) for run 7 : 5786[OK]
>>> Checkin barcode 38700002101112 for borrower 53889 (cardnumber=2006)	response times (in ms) for run 86 : 11342[OK]
>>> Checkin barcode 38700005759080 for borrower 67956 (cardnumber=28700011540567)	response times (in ms) for run 31 : 10306[OK]
>>> Checkin barcode 38700006947171 for borrower 68371 (cardnumber=28700012024645)	response times (in ms) for run 55 : 12081[OK]
>>> Checkin barcode 38700009196933 for borrower 68371 (cardnumber=28700012024645)	response times (in ms) for run 27 : 9187[OK]
>>> Checkin barcode 38700004010097 for borrower 28216 (cardnumber=28700011007914)	response times (in ms) for run 38 : 7004[OK]
>>> Checkin barcode 38700003700540 for borrower 1396 (cardnumber=28700000419682)	response times (in ms) for run 83 : 9157[OK]
>>> Checkin barcode 38700008593064 for borrower 465 (cardnumber=287000010039973)	response times (in ms) for run 66 : 6780[OK]
>>> Checkin barcode 38700004039377 for borrower 1114 (cardnumber=28700000179666)	response times (in ms) for run 48 : 21180[OK]
>>> Checkin barcode 38700001676676 for borrower 7440 (cardnumber=28700011667519)	response times (in ms) for run 45 : 8412[OK]
>>> Checkin barcode 38700004137429 for borrower 394 (cardnumber=287000010056766)	response times (in ms) for run 71 : 8418[OK]
>>> Checkin barcode 38700006387451 for borrower 24803 (cardnumber=28700011434522)	response times (in ms) for run 14 : 11823[OK]
>>> Checkin barcode 38700001887661 for borrower 2532 (cardnumber=28700013076263)	response times (in ms) for run 29 : 6018[OK]
>>> Checkin barcode 38700000091257 for borrower 46578 (cardnumber=28700011377317)	response times (in ms) for run 87 : 11881[OK]
>>> Checkin barcode 38700003228047 for borrower 196 (cardnumber=28700010998121)	response times (in ms) for run 77 : 8592[OK]
>>> Checkin barcode 38700003227494 for borrower 547 (cardnumber=287000010064914)	response times (in ms) for run 1 : 11715[OK]
>>> Checkin barcode 38700005469862 for borrower 158 (cardnumber=28700010982547)	response times (in ms) for run 65 : 7754[OK]
>>> Checkin barcode 38700004371275 for borrower 36 (cardnumber=28700011504654)	response times (in ms) for run 37 : 5800[OK]
>>> Checkin barcode 38700006885322 for borrower 3680 (cardnumber=28700010728734)	response times (in ms) for run 34 : 6582[OK]
>>> Checkin barcode 38700003893618 for borrower 4291 (cardnumber=28700010776857)	response times (in ms) for run 0 : 7793[OK]
>>> Checkin barcode 48700001019867 for borrower 49110 (cardnumber=28700011348375)	response times (in ms) for run 74 : 9689[OK]
>>> Checkin barcode 38700005538120 for borrower 63278 (cardnumber=28700011658310)	response times (in ms) for run 26 : 8199[OK]
>>> Checkin barcode 38700008488299 for borrower 30459 (cardnumber=28700012021443)	response times (in ms) for run 97 : 4134[OK]
>>> Checkin barcode CDB29424 for borrower 68435 (cardnumber=28700011541573)	response times (in ms) for run 5 : 8992[OK]
>>> Checkin barcode 38700001248427 for borrower 4700 (cardnumber=28700000638059)	response times (in ms) for run 22 : 8184[OK]
>>> Checkin barcode 38700003619047 for borrower 69497 (cardnumber=28700012038561)	response times (in ms) for run 72 : 14673[OK]
>>> Checkin barcode 38700011122042 for borrower 54696 (cardnumber=28700011561548)	response times (in ms) for run 79 : 11156[OK]
>>> Checkin barcode 38700003993962 for borrower 2172 (cardnumber=28700012042472)	response times (in ms) for run 47 : 6397[OK]
>>> Checkin barcode 38700007619753 for borrower 43713 (cardnumber=28700011369090)	response times (in ms) for run 61 : 15207[OK]
>>> Checkin barcode 38700006129218 for borrower 53889 (cardnumber=2006)	response times (in ms) for run 95 : 11846[OK]
>>> Checkin barcode 38700008837669 for borrower 9813 (cardnumber=28700011676353)	response times (in ms) for run 30 : 11205[OK]
>>> Checkin barcode 38700008726896 for borrower 48041 (cardnumber=28700012017508)	response times (in ms) for run 96 : 11797[OK]
>>> Checkin barcode 38700000468075 for borrower 2797 (cardnumber=28700010838020)	response times (in ms) for run 80 : 5962[OK]
>>> Checkin barcode 38700008909385 for borrower 69287 (cardnumber=28700012041276)	response times (in ms) for run 11 : 14408[OK]
>>> Checkin barcode 38700011693281 for borrower 69934 (cardnumber=28700011544163)	response times (in ms) for run 23 : 11051[OK]
>>> Checkin barcode 38700006883715 for borrower 25782 (cardnumber=28700013004034)	response times (in ms) for run 53 : 14927[OK]
>>> Checkin barcode 38700003984763 for borrower 5054 (cardnumber=28700010661521)	response times (in ms) for run 58 : 10672[OK]
>>> Checkin barcode 58700001285325 for borrower 361 (cardnumber=28700011634188)	response times (in ms) for run 49 : 9165[OK]
>>> Checkin barcode 38700005579413 for borrower 74160 (cardnumber=28700013023463)	response times (in ms) for run 62 : 10189[OK]
>>> Checkin barcode 38700000108184 for borrower 9043 (cardnumber=28700010724857)	response times (in ms) for run 41 : 6231[OK]
>>> Checkin barcode 38700006766522 for borrower 28040 (cardnumber=28700010987694)	response times (in ms) for run 52 : 14025[OK]
>>> Checkin barcode 38700004049152 for borrower 7 (cardnumber=28700010737693)	response times (in ms) for run 98 : 9266[OK]
>>> Checkin barcode 38700009174161 for borrower 52484 (cardnumber=28700012070606)	response times (in ms) for run 78 : 10432[OK]
>>> Checkin barcode 38700006634696 for borrower 169 (cardnumber=28700000170988)	response times (in ms) for run 25 : 7602[OK]
>>> Checkin barcode 38700008099310 for borrower 33604 (cardnumber=28700011463125)	response times (in ms) for run 85 : 39297[OK]
>>> Checkin barcode 38700003824217 for borrower 2486 (cardnumber=28700011702712)	response times (in ms) for run 10 : 9013[OK]
>>> Checkin barcode 38700005222527 for borrower 18447 (cardnumber=28700012089911)	response times (in ms) for run 68 : 10676[OK]
>>> Checkin barcode 38700004198728 for borrower 457 (cardnumber=287000010056823)	response times (in ms) for run 56 : 6523[OK]
>>> Checkin barcode 38700001559708 for borrower 242 (cardnumber=28700000522725)	response times (in ms) for run 44 : 13769[OK]
>>> Checkin barcode 38700008990542 for borrower 57630 (cardnumber=28700011520494)	response times (in ms) for run 89 : 11834[OK]
>>> Checkin barcode 38700008624786 for borrower 26084 (cardnumber=28700011136994)	response times (in ms) for run 2 : 10417[OK]
>>> Checkin barcode CDB5918 for borrower 53889 (cardnumber=2006)	response times (in ms) for run 33 : 8862[OK]
>>> Checkin barcode 38700006187836 for borrower 756 (cardnumber=28700010948787)	response times (in ms) for run 24 : 8319[OK]
>>> Checkin barcode 38700009263840 for borrower 15871 (cardnumber=28700011576462)	response times (in ms) for run 88 : 11380[OK]
>>> Checkin barcode 38700006804455 for borrower 7897 (cardnumber=287000010057877)	response times (in ms) for run 92 : 6106[OK]
>>> Checkin barcode 38700004047396 for borrower 4252 (cardnumber=28700011584177)	response times (in ms) for run 94 : 8493[OK]
>>> Checkin barcode 58700001349030 for borrower 54695 (cardnumber=28700011561530)	response times (in ms) for run 63 : 13587[OK]
>>> Checkin barcode 38700003375780 for borrower 9358 (cardnumber=28700000577596)	response times (in ms) for run 93 : 5130[OK]
>>> Checkin barcode 38700010123215 for borrower 71986 (cardnumber=28700012089093)	response times (in ms) for run 91 : 17659[OK]
total response time = 1051087
avg response time = 10510.87


06/09/2011 11:06:54 
>>> Checkin barcode 38700003813178 for borrower 1762 (cardnumber=28700010655556)	response times (in ms) for run 28 : 7491[OK]
>>> Checkin barcode 38700008271034 for borrower 49833 (cardnumber=28700011438291)	response times (in ms) for run 32 : 11389[OK]
>>> Checkin barcode 38700009009516 for borrower 46269 (cardnumber=28700011373712)	response times (in ms) for run 17 : 10017[OK]
>>> Checkin barcode 38700006634274 for borrower 12857 (cardnumber=28700011496604)	response times (in ms) for run 90 : 8272[OK]
>>> Checkin barcode 38700011571313 for borrower 73633 (cardnumber=28700013002384)	response times (in ms) for run 57 : 16440[OK]
>>> Checkin barcode 38700003827996 for borrower 5198 (cardnumber=28700000606460)	response times (in ms) for run 50 : 12248[OK]
>>> Checkin barcode 38700008681562 for borrower 45423 (cardnumber=28700011711853)	response times (in ms) for run 42 : 9714[OK]
>>> Checkin barcode 38700006083050 for borrower 803 (cardnumber=28700001006807)	response times (in ms) for run 67 : 6401[OK]
>>> Checkin barcode 38700001174730 for borrower 3677 (cardnumber=28700011141796)	response times (in ms) for run 39 : 9586[OK]
>>> Checkin barcode 38700004039930 for borrower 553 (cardnumber=28700012088418)	response times (in ms) for run 99 : 8742[OK]
>>> Checkin barcode 38700008668072 for borrower 60005 (cardnumber=28700012014117)	response times (in ms) for run 15 : 12004[OK]
>>> Checkin barcode 38700001362160 for borrower 8767 (cardnumber=287000010061862)	response times (in ms) for run 18 : 4599[OK]
>>> Checkin barcode 38700001318691 for borrower 4291 (cardnumber=28700010776857)	response times (in ms) for run 69 : 8890[OK]
>>> Checkin barcode 38700001367730 for borrower 5653 (cardnumber=287000010059732)	response times (in ms) for run 46 : 10848[OK]
>>> Checkin barcode 38700003675908 for borrower 45110 (cardnumber=28700011686006)	response times (in ms) for run 84 : 9822[OK]
>>> Checkin barcode 38700006496302 for borrower 54877 (cardnumber=28700012013721)	response times (in ms) for run 81 : 12164[OK]
>>> Checkin barcode 38700007611784 for borrower 3267 (cardnumber=28700010768748)	response times (in ms) for run 19 : 6677[OK]
>>> Checkin barcode 38700004204823 for borrower 5452 (cardnumber=28700000039159)	response times (in ms) for run 3 : 5745[OK]
>>> Checkin barcode 38700008488299 for borrower 30459 (cardnumber=28700012021443)	response times (in ms) for run 36 : 16650[OK]
>>> Checkin barcode 38700003379642 for borrower 829 (cardnumber=0808)	response times (in ms) for run 40 : 9029[OK]
>>> Checkin barcode 38700001406777 for borrower 1656 (cardnumber=287000010059380)	response times (in ms) for run 9 : 7192[OK]
>>> Checkin barcode 38700003984672 for borrower 5683 (cardnumber=28700013099687)	response times (in ms) for run 76 : 11297[OK]
>>> Checkin barcode 38700002567247 for borrower 196 (cardnumber=28700010998121)	response times (in ms) for run 70 : 12277[OK]
>>> Checkin barcode 58700001439815 for borrower 8362 (cardnumber=28700010757998)	response times (in ms) for run 64 : 8419[OK]
>>> Checkin barcode 38700009352031 for borrower 18115 (cardnumber=28700012003359)	response times (in ms) for run 4 : 11506[OK]
>>> Checkin barcode 38700008447097 for borrower 67275 (cardnumber=28700011532713)	response times (in ms) for run 35 : 12547[OK]
>>> Checkin barcode 38700003970713 for borrower 7803 (cardnumber=28700010764754)	response times (in ms) for run 73 : 8855[OK]
>>> Checkin barcode 38700005214367 for borrower 36276 (cardnumber=28700012053453)	response times (in ms) for run 59 : 9397[OK]
>>> Checkin barcode 38700003695146 for borrower 548 (cardnumber=28700011316653)	response times (in ms) for run 12 : 7683[OK]
>>> Checkin barcode 38700001673681 for borrower 3119 (cardnumber=287000010051285)	response times (in ms) for run 82 : 6447[OK]
>>> Checkin barcode 38700001248427 for borrower 4700 (cardnumber=28700000638059)	response times (in ms) for run 43 : 4589[OK]
>>> Checkin barcode 58700002010920 for borrower 63193 (cardnumber=28700010983685)	response times (in ms) for run 51 : 8970[OK]
>>> Checkin barcode 58700001550769 for borrower 66741 (cardnumber=28700011537233)	response times (in ms) for run 6 : 8910[OK]
>>> Checkin barcode 38700002819150 for borrower 3445 (cardnumber=287000010056765)	response times (in ms) for run 13 : 12199[OK]
>>> Checkin barcode 58700001440227 for borrower 465 (cardnumber=287000010039973)	response times (in ms) for run 21 : 8283[OK]
>>> Checkin barcode 38700004143526 for borrower 2246 (cardnumber=28700013204402)	response times (in ms) for run 8 : 5479[OK]
>>> Checkin barcode 38700008568736 for borrower 68371 (cardnumber=28700012024645)	response times (in ms) for run 54 : 12736[OK]
>>> Checkin barcode 38700009079790 for borrower 49934 (cardnumber=28700011543595)	response times (in ms) for run 16 : 8595[OK]
>>> Checkin barcode 38700005225306 for borrower 50962 (cardnumber=28700011699207)	response times (in ms) for run 20 : 11054[OK]
>>> Checkin barcode 38700002449180 for borrower 28989 (cardnumber=28700012015825)	response times (in ms) for run 60 : 10877[OK]
>>> Checkin barcode 38700001636431 for borrower 1396 (cardnumber=28700000419682)	response times (in ms) for run 75 : 8156[OK]
>>> Checkin barcode 38700003458776 for borrower 4252 (cardnumber=28700011584177)	response times (in ms) for run 7 : 9350[OK]
>>> Checkin barcode 58700001416490 for borrower 43713 (cardnumber=28700011369090)	response times (in ms) for run 86 : 9688[OK]
>>> Checkin barcode 38700004285624 for borrower 548 (cardnumber=28700011316653)	response times (in ms) for run 31 : 6800[OK]
>>> Checkin barcode 38700003965200 for borrower 779 (cardnumber=28700010704453)	response times (in ms) for run 55 : 10427[OK]
>>> Checkin barcode 38700006314554 for borrower 1382 (cardnumber=28700010665134)	response times (in ms) for run 27 : 4970[OK]
>>> Checkin barcode 38700008363294 for borrower 26745 (cardnumber=28700011214791)	response times (in ms) for run 38 : 14822[OK]
>>> Checkin barcode 58700002296644 for borrower 1800 (cardnumber=287000010015281)	response times (in ms) for run 83 : 5562[OK]
>>> Checkin barcode 38700002512177 for borrower 69784 (cardnumber=28700012052745)	response times (in ms) for run 66 : 11685[OK]
>>> Checkin barcode 38700000468075 for borrower 2797 (cardnumber=28700010838020)	response times (in ms) for run 48 : 8882[OK]
>>> Checkin barcode 38700004140746 for borrower 869 (cardnumber=28700011100891)	response times (in ms) for run 45 : 9398[OK]
>>> Checkin barcode 38700004137585 for borrower 603 (cardnumber=28700011183210)	response times (in ms) for run 71 : 8505[OK]
>>> Checkin barcode 38700011092831 for borrower 5200 (cardnumber=28700011051987)	response times (in ms) for run 14 : 4137[OK]
>>> Checkin barcode 38700003971752 for borrower 704 (cardnumber=28700011368589)	response times (in ms) for run 29 : 4939[OK]
>>> Checkin barcode 38700004001112 for borrower 1530 (cardnumber=28700011483933)	response times (in ms) for run 87 : 8528[OK]
>>> Checkin barcode 38700005303962 for borrower 5600 (cardnumber=28700010894130)	response times (in ms) for run 77 : 7225[OK]
>>> Checkin barcode 38700006418207 for borrower 57708 (cardnumber=28700011606632)	response times (in ms) for run 1 : 15826[OK]
>>> Checkin barcode 38700007075790 for borrower 65983 (cardnumber=28700012030170)	response times (in ms) for run 65 : 10375[OK]
>>> Checkin barcode 38700001833665 for borrower 771 (cardnumber=28700000067515)	response times (in ms) for run 37 : 11091[OK]
>>> Checkin barcode 38700005528915 for borrower 36 (cardnumber=28700011504654)	response times (in ms) for run 34 : 7125[OK]
>>> Checkin barcode 38700001362061 for borrower 10153 (cardnumber=28700011625780)	response times (in ms) for run 0 : 6538[OK]
>>> Checkin barcode 38700003856706 for borrower 69638 (cardnumber=28700011534412)	response times (in ms) for run 74 : 9597[OK]
>>> Checkin barcode 38700001290338 for borrower 5512 (cardnumber=28700011610527)	response times (in ms) for run 26 : 5524[OK]
>>> Checkin barcode 38700004052719 for borrower 3579 (cardnumber=28700011078717)	response times (in ms) for run 97 : 5519[OK]
>>> Checkin barcode 38700006175849 for borrower 1109 (cardnumber=28700010736216)	response times (in ms) for run 5 : 10600[OK]
>>> Checkin barcode 38700011409811 for borrower 27941 (cardnumber=28700010945338)	response times (in ms) for run 22 : 22320[OK]
>>> Checkin barcode 38700009319089 for borrower 73834 (cardnumber=28700013027373)	response times (in ms) for run 72 : 8660[OK]
>>> Checkin barcode CDB35489 for borrower 53889 (cardnumber=2006)	response times (in ms) for run 79 : 10436[OK]
>>> Checkin barcode 38700007444723 for borrower 26367 (cardnumber=28700011188607)	response times (in ms) for run 47 : 7645[OK]
>>> Checkin barcode 38700006369384 for borrower 26084 (cardnumber=28700011136994)	response times (in ms) for run 61 : 7628[OK]
>>> Checkin barcode 38700008521578 for borrower 47954 (cardnumber=28700011665091)	response times (in ms) for run 95 : 12855[OK]
>>> Checkin barcode 58700002023196 for borrower 2444 (cardnumber=28700010675364)	response times (in ms) for run 30 : 7433[OK]
>>> Checkin barcode 58700002084362 for borrower 48041 (cardnumber=28700012017508)	response times (in ms) for run 96 : 8919[OK]
>>> Checkin barcode 38700007493001 for borrower 70735 (cardnumber=28700012027648)	response times (in ms) for run 80 : 11400[OK]
>>> Checkin barcode 38700003424596 for borrower 9483 (cardnumber=28700013207520)	response times (in ms) for run 11 : 7565[OK]
>>> Checkin barcode 38700008480940 for borrower 63278 (cardnumber=28700011658310)	response times (in ms) for run 23 : 12691[OK]
>>> Checkin barcode 58700001596796 for borrower 10792 (cardnumber=28700011410506)	response times (in ms) for run 53 : 13281[OK]
>>> Checkin barcode 38700009227118 for borrower 55009 (cardnumber=28700011460923)	response times (in ms) for run 58 : 12552[OK]
>>> Checkin barcode 38700003907566 for borrower 70937 (cardnumber=28700012006584)	response times (in ms) for run 49 : 10283[OK]
>>> Checkin barcode 38700002817345 for borrower 18830 (cardnumber=287000010051515)	response times (in ms) for run 62 : 17362[OK]
>>> Checkin barcode 38700003227171 for borrower 5452 (cardnumber=28700000039159)	response times (in ms) for run 41 : 11610[OK]
>>> Checkin barcode 38700008008881 for borrower 60786 (cardnumber=28700012023662)	response times (in ms) for run 52 : 12849[OK]
>>> Checkin barcode 38700004258001 for borrower 73005 (cardnumber=28700013008712)	response times (in ms) for run 98 : 9789[OK]
>>> Checkin barcode 38700001263681 for borrower 371 (cardnumber=28700011446559)	response times (in ms) for run 78 : 8927[OK]
>>> Checkin barcode 38700009203853 for borrower 8825 (cardnumber=28700013029544)	response times (in ms) for run 25 : 13098[OK]
>>> Checkin barcode 38700007057277 for borrower 27935 (cardnumber=28700012015817)	response times (in ms) for run 85 : 14988[OK]
>>> Checkin barcode 38700001558122 for borrower 4924 (cardnumber=28700011666362)	response times (in ms) for run 10 : 7475[OK]
>>> Checkin barcode 38700008894066 for borrower 69099 (cardnumber=28700011543215)	response times (in ms) for run 68 : 12667[OK]
>>> Checkin barcode CDB75557 for borrower 57567 (cardnumber=28700011602219)	response times (in ms) for run 56 : 10111[OK]
>>> Checkin barcode 58700002033690 for borrower 5950 (cardnumber=287000010035925)	response times (in ms) for run 44 : 5963[OK]
>>> Checkin barcode 38700003700292 for borrower 3765 (cardnumber=28700000053879)	response times (in ms) for run 89 : 10593[OK]
>>> Checkin barcode 38700006804455 for borrower 7897 (cardnumber=287000010057877)	response times (in ms) for run 2 : 9484[OK]
>>> Checkin barcode 38700006187836 for borrower 756 (cardnumber=28700010948787)	response times (in ms) for run 33 : 6121[OK]
>>> Checkin barcode 38700008839251 for borrower 26084 (cardnumber=28700011136994)	response times (in ms) for run 24 : 9911[OK]
>>> Checkin barcode 38700001841668 for borrower 3734 (cardnumber=287000010029929)	response times (in ms) for run 88 : 6522[OK]
>>> Checkin barcode 38700004210598 for borrower 3765 (cardnumber=28700000053879)	response times (in ms) for run 92 : 6000[OK]
>>> Checkin barcode 38700005004248 for borrower 4986 (cardnumber=28700012080209)	response times (in ms) for run 94 : 8730[OK]
>>> Checkin barcode 38700011077667 for borrower 34986 (cardnumber=28700012081074)	response times (in ms) for run 63 : 11318[OK]
>>> Checkin barcode 38700001774711 for borrower 8875 (cardnumber=28700011330498)	response times (in ms) for run 93 : 9776[OK]
>>> Checkin barcode 58700001411319 for borrower 29765 (cardnumber=28700013007672)	response times (in ms) for run 91 : 12290[OK]
total response time = 968561
avg response time = 9685.61


