
06/09/2011 11:51:08  Authentication successful
06/09/2011 11:51:08  Auth:
<?xml version='1.0' standalone='yes'?>
<response>
  <status>ok</status>
</response>

06/09/2011 11:51:17  Authentication successful
06/09/2011 11:51:17  Auth:
<?xml version='1.0' standalone='yes'?>
<response>
  <status>ok</status>
</response>

06/09/2011 11:53:46 
>>> Checkout barcode 38700002862291 for borrower 1521	response times (in ms) for run 28 : 1315[OK]
>>> Checkout barcode 38700005784153 for borrower 5833	response times (in ms) for run 32 : 1391[OK]
>>> Checkout barcode 38700001263632 for borrower 9003	response times (in ms) for run 17 : 1528[OK]
>>> Checkout barcode 38700003816718 for borrower 4700	response times (in ms) for run 90 : 2355[OK]
>>> Checkout barcode 38700003984078 for borrower 779	response times (in ms) for run 57 : 1318[OK]
>>> Checkout barcode 38700002610237 for borrower 779	response times (in ms) for run 50 : 1322[OK]
>>> Checkout barcode 38700001723148 for borrower 4550	response times (in ms) for run 42 : 1696[OK]
>>> Checkout barcode 38700004467164 for borrower 7042	response times (in ms) for run 67 : 1306[OK]
>>> Checkout barcode 38700001449611 for borrower 1521	response times (in ms) for run 39 : 1350[OK]
>>> Checkout barcode 38700001282988 for borrower 896	response times (in ms) for run 99 : 1330[OK]
>>> Checkout barcode 38700004058724 for borrower 4381	response times (in ms) for run 15 : 1706[OK]
>>> Checkout barcode 38700008650716 for borrower 6704	response times (in ms) for run 18 : 1292[OK]
>>> Checkout barcode 58700001355714 for borrower 102	response times (in ms) for run 69 : 1307[OK]
>>> Checkout barcode 38700001887661 for borrower 6244	response times (in ms) for run 46 : 1569[OK]
>>> Checkout barcode 38700004043924 for borrower 9268	response times (in ms) for run 84 : 1317[OK]
>>> Checkout barcode 38700003920106 for borrower 2	response times (in ms) for run 81 : 2930[OK]
>>> Checkout barcode 38700001792739 for borrower 7125	response times (in ms) for run 19 : 1269[OK]
>>> Checkout barcode 38700004276201 for borrower 5528	response times (in ms) for run 3 : 1252[OK]
>>> Checkout barcode 38700008353287 for borrower 2613	response times (in ms) for run 36 : 1317[OK]
>>> Checkout barcode 38700003983989 for borrower 1521	response times (in ms) for run 40 : 1345[OK]
>>> Checkout barcode 38700005032454 for borrower 9598	response times (in ms) for run 9 : 1327[OK]
>>> Checkout barcode 38700001368340 for borrower 6357	response times (in ms) for run 76 : 1412[OK]
>>> Checkout barcode 38700001696039 for borrower 5249	response times (in ms) for run 70 : 1407[OK]
>>> Checkout barcode 38700006083050 for borrower 6182	response times (in ms) for run 64 : 1270[OK]
>>> Checkout barcode 38700003457422 for borrower 6244	response times (in ms) for run 4 : 1584[OK]
>>> Checkout barcode 38700003983104 for borrower 896	response times (in ms) for run 35 : 1398[OK]
>>> Checkout barcode 38700006700216 for borrower 4079	response times (in ms) for run 73 : 1596[OK]
>>> Checkout barcode 38700004276821 for borrower 6704	response times (in ms) for run 59 : 1396[OK]
>>> Checkout barcode 38700001434118 for borrower 1624	response times (in ms) for run 12 : 1307[OK]
>>> Checkout barcode 58700001344775 for borrower 5528	response times (in ms) for run 82 : 1298[OK]
>>> Checkout barcode 38700008631526 for borrower 3148	response times (in ms) for run 43 : 1769[OK]
>>> Checkout barcode 38700006775259 for borrower 1521	response times (in ms) for run 51 : 1559[OK]
>>> Checkout barcode 38700001683193 for borrower 169	response times (in ms) for run 6 : 1303[OK]
>>> Checkout barcode 38700004482569 for borrower 9874	response times (in ms) for run 13 : 1356[OK]
>>> Checkout barcode 38700004285624 for borrower 1983	response times (in ms) for run 21 : 1362[OK]
>>> Checkout barcode 38700007167811 for borrower 779	response times (in ms) for run 8 : 1257[OK]
>>> Checkout barcode 38700006081260 for borrower 4079	response times (in ms) for run 54 : 1586[OK]
>>> Checkout barcode 38700003918761 for borrower 1624	response times (in ms) for run 16 : 1288[OK]
>>> Checkout barcode 38700001251025 for borrower 1521	response times (in ms) for run 20 : 1246[OK]
>>> Checkout barcode 38700004277910 for borrower 7474	response times (in ms) for run 60 : 1683[OK]
>>> Checkout barcode 38700004044740 for borrower 7904	response times (in ms) for run 75 : 1713[OK]
>>> Checkout barcode 38700006335484 for borrower 3764	response times (in ms) for run 7 : 1307[OK]
>>> Checkout barcode 38700003798676 for borrower 8577	response times (in ms) for run 86 : 1263[OK]
>>> Checkout barcode 38700001304188 for borrower 6182	response times (in ms) for run 31 : 1331[OK]
>>> Checkout barcode 38700001263038 for borrower 7904	response times (in ms) for run 55 : 1641[OK]
>>> Checkout barcode 38700001399709 for borrower 6704	response times (in ms) for run 27 : 1432[OK]
>>> Checkout barcode 38700003919868 for borrower 1624	response times (in ms) for run 38 : 1292[OK]
>>> Checkout barcode 38700004047172 for borrower 5887	response times (in ms) for run 83 : 1291[OK]
>>> Checkout barcode 38700002635952 for borrower 4700	response times (in ms) for run 66 : 2299[OK]
>>> Checkout barcode 38700003919819 for borrower 2613	response times (in ms) for run 48 : 1266[OK]
>>> Checkout barcode 38700001348573 for borrower 4341	response times (in ms) for run 45 : 1386[OK]
>>> Checkout barcode 38700002776558 for borrower 7966	response times (in ms) for run 71 : 1376[OK]
>>> Checkout barcode 38700001695445 for borrower 3345	response times (in ms) for run 14 : 1307[OK]
>>> Checkout barcode 38700003811800 for borrower 3345	response times (in ms) for run 29 : 1310[OK]
>>> Checkout barcode 38700001362335 for borrower 2257	response times (in ms) for run 87 : 1319[OK]
>>> Checkout barcode 38700007069876 for borrower 5249	response times (in ms) for run 77 : 2032[OK]
>>> Checkout barcode 38700003817369 for borrower 1624	response times (in ms) for run 1 : 1334[OK]
>>> Checkout barcode 38700004033669 for borrower 5528	response times (in ms) for run 65 : 1288[OK]
>>> Checkout barcode 38700004316403 for borrower 6704	response times (in ms) for run 37 : 4499[OK]
>>> Checkout barcode 38700003919918 for borrower 9874	response times (in ms) for run 34 : 1483[OK]
>>> Checkout barcode 38700011913820 for borrower 4079	response times (in ms) for run 0 : 1549[OK]
>>> Checkout barcode 38700005157533 for borrower 2257	response times (in ms) for run 74 : 1364[OK]
>>> Checkout barcode 38700004236858 for borrower 6704	response times (in ms) for run 26 : 1356[OK]
>>> Checkout barcode 38700005175808 for borrower 4079	response times (in ms) for run 97 : 1583[OK]
>>> Checkout barcode 38700004276169 for borrower 2744	response times (in ms) for run 5 : 1266[OK]
>>> Checkout barcode 38700004039377 for borrower 2613	response times (in ms) for run 22 : 1272[OK]
>>> Checkout barcode 38700007204861 for borrower 6182	response times (in ms) for run 72 : 1277[OK]
>>> Checkout barcode 38700005148474 for borrower 8577	response times (in ms) for run 79 : 1313[OK]
>>> Checkout barcode 38700001318691 for borrower 102	response times (in ms) for run 47 : 1356[OK]
>>> Checkout barcode 38700003674588 for borrower 4939	response times (in ms) for run 61 : 1500[OK]
>>> Checkout barcode 38700001559773 for borrower 7904	response times (in ms) for run 95 : 1642[OK]
>>> Checkout barcode 38700008441496 for borrower 3548	response times (in ms) for run 30 : 1338[OK]
>>> Checkout barcode 38700001559609 for borrower 896	response times (in ms) for run 96 : 1337[OK]
>>> Checkout barcode 38700003964203 for borrower 10212	response times (in ms) for run 80 : 1376[OK]
>>> Checkout barcode 38700002496256 for borrower 6182	response times (in ms) for run 11 : 1268[OK]
>>> Checkout barcode 38700004045226 for borrower 4079	response times (in ms) for run 23 : 1559[OK]
>>> Checkout barcode 38700002411289 for borrower 8577	response times (in ms) for run 53 : 1338[OK]
>>> Checkout barcode 38700005352951 for borrower 3345	response times (in ms) for run 58 : 1335[OK]
>>> Checkout barcode 38700004001799 for borrower 2257	response times (in ms) for run 49 : 1334[OK]
>>> Checkout barcode 58700001024252 for borrower 4381	response times (in ms) for run 62 : 1268[OK]
>>> Checkout barcode 38700005150082 for borrower 3513	response times (in ms) for run 41 : 1370[OK]
>>> Checkout barcode 38700003017317 for borrower 896	response times (in ms) for run 52 : 1352[OK]
>>> Checkout barcode 38700002179191 for borrower 9003	response times (in ms) for run 98 : 1491[OK]
>>> Checkout barcode 38700001885699 for borrower 2744	response times (in ms) for run 78 : 1339[OK]
>>> Checkout barcode 38700001636431 for borrower 5249	response times (in ms) for run 25 : 1283[OK]
>>> Checkout barcode 38700005044582 for borrower 6182	response times (in ms) for run 85 : 1257[OK]
>>> Checkout barcode 38700002136290 for borrower 1983	response times (in ms) for run 10 : 1399[OK]
>>> Checkout barcode 38700002567395 for borrower 10212	response times (in ms) for run 68 : 1274[OK]
>>> Checkout barcode 38700002828011 for borrower 3764	response times (in ms) for run 56 : 1333[OK]
>>> Checkout barcode 38700003288660 for borrower 6244	response times (in ms) for run 44 : 1485[OK]
>>> Checkout barcode 38700002565530 for borrower 2	response times (in ms) for run 89 : 2480[OK]
>>> Checkout barcode 38700003881712 for borrower 10076	response times (in ms) for run 2 : 1589[OK]
>>> Checkout barcode 38700003450294 for borrower 4341	response times (in ms) for run 33 : 1393[OK]
>>> Checkout barcode 38700003458776 for borrower 1617	response times (in ms) for run 24 : 1304[OK]
>>> Checkout barcode 38700001832915 for borrower 4939	response times (in ms) for run 88 : 1329[OK]
>>> Checkout barcode 38700008301823 for borrower 8635	response times (in ms) for run 92 : 2695[OK]
>>> Checkout barcode 38700002568310 for borrower 8226	response times (in ms) for run 94 : 1250[OK]
>>> Checkout barcode 38700001390211 for borrower 5833	response times (in ms) for run 63 : 1346[OK]
>>> Checkout barcode 38700004439114 for borrower 4381	response times (in ms) for run 93 : 1343[OK]
>>> Checkout barcode 38700003881688 for borrower 2744	response times (in ms) for run 91 : 1282[OK]
total response time = 148013
avg response time = 1480.13


06/09/2011 11:54:05 
>>> Checkout barcode 38700003572576 for borrower 7849	response times (in ms) for run 28 : 1259[OK]
>>> Checkout barcode 38700000108598 for borrower 10155	response times (in ms) for run 32 : 1340[OK]
>>> Checkout barcode 38700003918670 for borrower 2246	response times (in ms) for run 17 : 1316[OK]
>>> Checkout barcode 38700008815137 for borrower 1412	response times (in ms) for run 90 : 1296[OK]
>>> Checkout barcode 38700005044582 for borrower 7900	response times (in ms) for run 57 : 1297[OK]
>>> Checkout barcode 38700004277910 for borrower 3883	response times (in ms) for run 50 : 1310[OK]
>>> Checkout barcode 38700004299641 for borrower 8206	response times (in ms) for run 42 : 1355[OK]
>>> Checkout barcode 38700006224498 for borrower 8206	response times (in ms) for run 67 : 1310[OK]
>>> Checkout barcode 38700005135869 for borrower 10168	response times (in ms) for run 39 : 1386[OK]
>>> Checkout barcode 38700002724236 for borrower 10168	response times (in ms) for run 99 : 1314[OK]
>>> Checkout barcode 38700003920288 for borrower 9916	response times (in ms) for run 15 : 1770[OK]
>>> Checkout barcode 38700001406777 for borrower 1131	response times (in ms) for run 18 : 1435[OK]
>>> Checkout barcode 38700004023454 for borrower 9047	response times (in ms) for run 69 : 1563[OK]
>>> Checkout barcode 38700003695096 for borrower 3659	response times (in ms) for run 46 : 1346[OK]
>>> Checkout barcode 38700003920312 for borrower 9674	response times (in ms) for run 84 : 1534[OK]
>>> Checkout barcode 38700005195996 for borrower 3659	response times (in ms) for run 81 : 1396[OK]
>>> Checkout barcode 38700004204773 for borrower 3942	response times (in ms) for run 19 : 1533[OK]
>>> Checkout barcode CDB81 for borrower 1173	response times (in ms) for run 3 : 1436[OK]
>>> Checkout barcode 38700001723148 for borrower 1807	response times (in ms) for run 36 : 1367[OK]
>>> Checkout barcode 38700008530561 for borrower 157	response times (in ms) for run 40 : 1554[OK]
>>> Checkout barcode 38700002565530 for borrower 7873	response times (in ms) for run 9 : 1642[OK]
>>> Checkout barcode 38700006777792 for borrower 7849	response times (in ms) for run 76 : 1267[OK]
>>> Checkout barcode 38700001362160 for borrower 9288	response times (in ms) for run 70 : 1309[OK]
>>> Checkout barcode 38700004353901 for borrower 1114	response times (in ms) for run 64 : 20291[OK]
>>> Checkout barcode 38700001432203 for borrower 9501	response times (in ms) for run 4 : 1263[OK]
>>> Checkout barcode 58700001228390 for borrower 637	response times (in ms) for run 35 : 1280[OK]
>>> Checkout barcode 38700011113108 for borrower 9501	response times (in ms) for run 73 : 1302[OK]
>>> Checkout barcode 38700002568310 for borrower 10155	response times (in ms) for run 59 : 1272[OK]
>>> Checkout barcode 38700004077526 for borrower 1807	response times (in ms) for run 12 : 1272[OK]
>>> Checkout barcode 38700004309994 for borrower 10155	response times (in ms) for run 82 : 1328[OK]
>>> Checkout barcode 38700004276995 for borrower 9598	response times (in ms) for run 43 : 1404[OK]
>>> Checkout barcode 38700005162327 for borrower 7849	response times (in ms) for run 51 : 1294[OK]
>>> Checkout barcode 38700008464910 for borrower 3481	response times (in ms) for run 6 : 1279[OK]
>>> Checkout barcode 38700005013892 for borrower 9288	response times (in ms) for run 13 : 1286[OK]
>>> Checkout barcode 38700002588532 for borrower 3883	response times (in ms) for run 21 : 1300[OK]
>>> Checkout barcode 38700008783848 for borrower 3298	response times (in ms) for run 8 : 1531[OK]
>>> Checkout barcode 38700003910800 for borrower 2941	response times (in ms) for run 54 : 1254[OK]
>>> Checkout barcode 38700002438498 for borrower 9674	response times (in ms) for run 16 : 1617[OK]
>>> Checkout barcode 38700003575405 for borrower 2437	response times (in ms) for run 20 : 1284[OK]
>>> Checkout barcode 38700004315512 for borrower 8771	response times (in ms) for run 60 : 1362[OK]
>>> Checkout barcode 38700000107715 for borrower 9674	response times (in ms) for run 75 : 1530[OK]
>>> Checkout barcode 38700003858199 for borrower 7900	response times (in ms) for run 7 : 1321[OK]
>>> Checkout barcode 38700003920445 for borrower 10168	response times (in ms) for run 86 : 1299[OK]
>>> Checkout barcode 38700003017317 for borrower 209	response times (in ms) for run 31 : 1279[OK]
>>> Checkout barcode 38700005965216 for borrower 4870	response times (in ms) for run 55 : 2078[OK]
>>> Checkout barcode 38700001287086 for borrower 1807	response times (in ms) for run 27 : 1317[OK]
>>> Checkout barcode 38700001636472 for borrower 8270	response times (in ms) for run 38 : 1297[OK]
>>> Checkout barcode 38700004072147 for borrower 7900	response times (in ms) for run 83 : 1317[OK]
>>> Checkout barcode 38700002731850 for borrower 3481	response times (in ms) for run 66 : 1270[OK]
>>> Checkout barcode 38700004133105 for borrower 637	response times (in ms) for run 48 : 1292[OK]
>>> Checkout barcode 38700004275963 for borrower 8657	response times (in ms) for run 45 : 1380[OK]
>>> Checkout barcode 38700006415179 for borrower 9674	response times (in ms) for run 71 : 1480[OK]
>>> Checkout barcode 38700004404670 for borrower 9580	response times (in ms) for run 14 : 1291[OK]
>>> Checkout barcode 38700003818623 for borrower 744	response times (in ms) for run 29 : 1449[OK]
>>> Checkout barcode 38700006633813 for borrower 9598	response times (in ms) for run 87 : 1329[OK]
>>> Checkout barcode 38700004287158 for borrower 10155	response times (in ms) for run 77 : 1336[OK]
>>> Checkout barcode 38700005303962 for borrower 744	response times (in ms) for run 1 : 1462[OK]
>>> Checkout barcode 38700001263236 for borrower 8663	response times (in ms) for run 65 : 1345[OK]
>>> Checkout barcode 38700003095990 for borrower 9749	response times (in ms) for run 37 : 1608[OK]
>>> Checkout barcode 38700004152907 for borrower 8642	response times (in ms) for run 34 : 1326[OK]
>>> Checkout barcode 38700001863936 for borrower 9288	response times (in ms) for run 0 : 1245[OK]
>>> Checkout barcode 38700001636589 for borrower 8642	response times (in ms) for run 74 : 1372[OK]
>>> Checkout barcode 38700003881712 for borrower 2246	response times (in ms) for run 26 : 1298[OK]
>>> Checkout barcode 38700005157533 for borrower 10240	response times (in ms) for run 97 : 1447[OK]
>>> Checkout barcode 38700004471935 for borrower 3942	response times (in ms) for run 5 : 1407[OK]
>>> Checkout barcode 38700004276888 for borrower 9501	response times (in ms) for run 22 : 1220[OK]
>>> Checkout barcode 38700003880524 for borrower 8663	response times (in ms) for run 72 : 1368[OK]
>>> Checkout barcode 38700005081972 for borrower 242	response times (in ms) for run 79 : 1358[OK]
>>> Checkout barcode 38700004277555 for borrower 10168	response times (in ms) for run 47 : 1246[OK]
>>> Checkout barcode 38700007021463 for borrower 338	response times (in ms) for run 61 : 1360[OK]
>>> Checkout barcode 38700011913820 for borrower 8771	response times (in ms) for run 95 : 1382[OK]
>>> Checkout barcode 38700003572717 for borrower 1114	response times (in ms) for run 30 : 20387[OK]
>>> Checkout barcode 38700006145131 for borrower 9916	response times (in ms) for run 96 : 1317[OK]
>>> Checkout barcode 38700004272929 for borrower 3659	response times (in ms) for run 80 : 1515[OK]
>>> Checkout barcode 38700001640532 for borrower 1807	response times (in ms) for run 11 : 1269[OK]
>>> Checkout barcode 38700001888834 for borrower 9749	response times (in ms) for run 23 : 1627[OK]
>>> Checkout barcode 38700004270253 for borrower 3659	response times (in ms) for run 53 : 1283[OK]
>>> Checkout barcode 58700001355995 for borrower 2941	response times (in ms) for run 58 : 1274[OK]
>>> Checkout barcode 58700002029243 for borrower 8577	response times (in ms) for run 49 : 1321[OK]
>>> Checkout barcode 38700005429437 for borrower 10155	response times (in ms) for run 62 : 1322[OK]
>>> Checkout barcode 38700004221876 for borrower 7900	response times (in ms) for run 41 : 1343[OK]
>>> Checkout barcode 38700005025615 for borrower 9288	response times (in ms) for run 52 : 1288[OK]
>>> Checkout barcode 38700005831152 for borrower 2895	response times (in ms) for run 98 : 1264[OK]
>>> Checkout barcode 38700004472578 for borrower 9443	response times (in ms) for run 78 : 1258[OK]
>>> Checkout barcode 38700003968592 for borrower 9674	response times (in ms) for run 25 : 1522[OK]
>>> Checkout barcode 38700003828705 for borrower 3659	response times (in ms) for run 85 : 1398[OK]
>>> Checkout barcode 38700005044053 for borrower 1412	response times (in ms) for run 10 : 1254[OK]
>>> Checkout barcode 58700001430400 for borrower 4870	response times (in ms) for run 68 : 1909[OK]
>>> Checkout barcode 38700001328252 for borrower 157	response times (in ms) for run 56 : 1449[OK]
>>> Checkout barcode 38700003492338 for borrower 637	response times (in ms) for run 44 : 1301[OK]
>>> Checkout barcode 38700003918456 for borrower 9288	response times (in ms) for run 89 : 1262[OK]
>>> Checkout barcode 38700004272846 for borrower 9047	response times (in ms) for run 2 : 1589[OK]
>>> Checkout barcode 38700006984711 for borrower 5197	response times (in ms) for run 33 : 1416[OK]
>>> Checkout barcode 38700003457422 for borrower 1807	response times (in ms) for run 24 : 1321[OK]
>>> Checkout barcode 38700004067188 for borrower 637	response times (in ms) for run 88 : 1331[OK]
>>> Checkout barcode 38700002273127 for borrower 9580	response times (in ms) for run 92 : 1310[OK]
>>> Checkout barcode 38700009170011 for borrower 10240	response times (in ms) for run 94 : 1471[OK]
>>> Checkout barcode 38700003386134 for borrower 3481	response times (in ms) for run 63 : 1318[OK]
>>> Checkout barcode 38700003910818 for borrower 7900	response times (in ms) for run 93 : 1272[OK]
>>> Checkout barcode 38700003875573 for borrower 3883	response times (in ms) for run 91 : 1302[OK]
total response time = 175556
avg response time = 1755.56


06/09/2011 11:55:52 
>>> Checkin barcode 38700006874532 for borrower 74328 (cardnumber=28700013023943)	response times (in ms) for run 28 : 1258[OK]
>>> Checkin barcode 38700003953461 for borrower 7816 (cardnumber=28700010907452)	response times (in ms) for run 32 : 1248[OK]
>>> Checkin barcode 38700003492338 for borrower 637 (cardnumber=28700011662890)	response times (in ms) for run 17 : 1227[OK]
>>> Checkin barcode 38700001723148 for borrower 1807 (cardnumber=28700000220189)	response times (in ms) for run 90 : 1254[OK]
>>> Checkin barcode 38700003832608 for borrower 1651 (cardnumber=28700001002188)	response times (in ms) for run 57 : 1207[OK]
>>> Checkin barcode 38700007940902 for borrower 15858 (cardnumber=287000010025468)	response times (in ms) for run 50 : 1256[OK]
>>> Checkin barcode 38700001263038 for borrower 7904 (cardnumber=28700010929720)	response times (in ms) for run 42 : 1265[OK]
>>> Checkin barcode CDB2450 for borrower 66588 (cardnumber=28700011538330)	response times (in ms) for run 67 : 1273[OK]
>>> Checkin barcode 38700005944518 for borrower 26084 (cardnumber=28700011136994)	response times (in ms) for run 39 : 1282[OK]
>>> Checkin barcode 38700009151029 for borrower 71023 (cardnumber=28700012068832)	response times (in ms) for run 99 : 1302[OK]
>>> Checkin barcode 38700001636563 for borrower 3119 (cardnumber=287000010051285)	response times (in ms) for run 15 : 1222[OK]
>>> Checkin barcode 58700002091995 for borrower 25782 (cardnumber=28700013004034)	response times (in ms) for run 18 : 1235[OK]
>>> Checkin barcode 38700001366583 for borrower 779 (cardnumber=28700010704453)	response times (in ms) for run 69 : 1238[OK]
>>> Checkin barcode 38700011917730 for borrower 53889 (cardnumber=2006)	response times (in ms) for run 46 : 1251[OK]
>>> Checkin barcode 38700004097458 for borrower 3428 (cardnumber=287000010055510)	response times (in ms) for run 84 : 1204[OK]
>>> Checkin barcode 38700009133340 for borrower 267 (cardnumber=28700011300988)	response times (in ms) for run 81 : 1257[OK]
>>> Checkin barcode 38700006935762 for borrower 74328 (cardnumber=28700013023943)	response times (in ms) for run 19 : 1272[OK]
>>> Checkin barcode 38700010207992 for borrower 26084 (cardnumber=28700011136994)	response times (in ms) for run 3 : 1253[OK]
>>> Checkin barcode 38700006104872 for borrower 25674 (cardnumber=28700001001303)	response times (in ms) for run 36 : 1278[OK]
>>> Checkin barcode 38700004033669 for borrower 5528 (cardnumber=28700011509224)	response times (in ms) for run 40 : 1232[OK]
>>> Checkin barcode 38700006715438 for borrower 59633 (cardnumber=28700011589242)	response times (in ms) for run 9 : 1373[OK]
>>> Checkin barcode 38700004236858 for borrower 6704 (cardnumber=28700010940974)	response times (in ms) for run 76 : 1218[OK]
>>> Checkin barcode 38700003381317 for borrower 2554 (cardnumber=28700011240648)	response times (in ms) for run 70 : 1282[OK]
>>> Checkin barcode 38700006737945 for borrower 18447 (cardnumber=28700012089911)	response times (in ms) for run 64 : 1280[OK]
>>> Checkin barcode 38700001982918 for borrower 30059 (cardnumber=28700011055434)	response times (in ms) for run 4 : 1329[OK]
>>> Checkin barcode 38700006898473 for borrower 71886 (cardnumber=28700012086214)	response times (in ms) for run 35 : 1308[OK]
>>> Checkin barcode 38700011131308 for borrower 65113 (cardnumber=28700011712372)	response times (in ms) for run 73 : 1265[OK]
>>> Checkin barcode 58700001391867 for borrower 28428 (cardnumber=28700012056522)	response times (in ms) for run 59 : 1310[OK]
>>> Checkin barcode 38700003623346 for borrower 53889 (cardnumber=2006)	response times (in ms) for run 12 : 1295[OK]
>>> Checkin barcode 38700001666891 for borrower 9003 (cardnumber=287000010054168)	response times (in ms) for run 82 : 1206[OK]
>>> Checkin barcode 38700008441660 for borrower 5428 (cardnumber=28700010661216)	response times (in ms) for run 43 : 1262[OK]
>>> Checkin barcode 38700006429600 for borrower 5121 (cardnumber=28700001003129)	response times (in ms) for run 51 : 1208[OK]
>>> Checkin barcode 38700001420125 for borrower 6192 (cardnumber=287000010059675)	response times (in ms) for run 6 : 1223[OK]
>>> Checkin barcode 38700008603962 for borrower 25782 (cardnumber=28700013004034)	response times (in ms) for run 13 : 1237[OK]
>>> Checkin barcode 58700001473632 for borrower 30059 (cardnumber=28700011055434)	response times (in ms) for run 21 : 1245[OK]
>>> Checkin barcode 38700004353901 for borrower 1114 (cardnumber=28700000179666)	response times (in ms) for run 8 : 1301[OK]
>>> Checkin barcode 38700009107062 for borrower 53225 (cardnumber=28700013003838)	response times (in ms) for run 54 : 1281[OK]
>>> Checkin barcode 446355 for borrower 26084 (cardnumber=28700011136994)	response times (in ms) for run 16 : 1255[OK]
>>> Checkin barcode 38700001287425 for borrower 3234 (cardnumber=28700011523365)	response times (in ms) for run 20 : 1212[OK]
>>> Checkin barcode 38700008625700 for borrower 7694 (cardnumber=287000010058112)	response times (in ms) for run 60 : 1243[OK]
>>> Checkin barcode 58700001677802 for borrower 19087 (cardnumber=287000010052255)	response times (in ms) for run 75 : 1260[OK]
>>> Checkin barcode 38700005676979 for borrower 7803 (cardnumber=28700010764754)	response times (in ms) for run 7 : 1224[OK]
>>> Checkin barcode 38700008637374 for borrower 67409 (cardnumber=28700012012079)	response times (in ms) for run 86 : 1221[OK]
>>> Checkin barcode 38700003106896 for borrower 4598 (cardnumber=287000010056997)	response times (in ms) for run 31 : 1249[OK]
>>> Checkin barcode 38700003375335 for borrower 69380 (cardnumber=28700012038629)	response times (in ms) for run 55 : 1244[OK]
>>> Checkin barcode 58700001349311 for borrower 68749 (cardnumber=28700012039551)	response times (in ms) for run 27 : 1274[OK]
>>> Checkin barcode 38700007657878 for borrower 1030 (cardnumber=287000010038084)	response times (in ms) for run 38 : 1261[OK]
>>> Checkin barcode 38700008780091 for borrower 63449 (cardnumber=28700011658559)	response times (in ms) for run 83 : 1267[OK]
>>> Checkin barcode CDB71005 for borrower 5130 (cardnumber=28700010774324)	response times (in ms) for run 66 : 1257[OK]
>>> Checkin barcode 38700003410256 for borrower 2861 (cardnumber=287000010054248)	response times (in ms) for run 48 : 1344[OK]
>>> Checkin barcode 38700004072147 for borrower 7900 (cardnumber=28700000320716)	response times (in ms) for run 45 : 1243[OK]
>>> Checkin barcode 38700005625364 for borrower 51393 (cardnumber=28700011467266)	response times (in ms) for run 71 : 1308[OK]
>>> Checkin barcode 38700006471164 for borrower 2534 (cardnumber=28700001009858)	response times (in ms) for run 14 : 1220[OK]
>>> Checkin barcode 38700003778561 for borrower 1536 (cardnumber=28700011140376)	response times (in ms) for run 29 : 1289[OK]
>>> Checkin barcode 38700004296910 for borrower 14191 (cardnumber=28700011514398)	response times (in ms) for run 87 : 1220[OK]
>>> Checkin barcode 38700005360095 for borrower 8782 (cardnumber=28700010950726)	response times (in ms) for run 77 : 1211[OK]
>>> Checkin barcode 38700006620356 for borrower 725 (cardnumber=28700013053510)	response times (in ms) for run 1 : 1239[OK]
>>> Checkin barcode 38700007355986 for borrower 71723 (cardnumber=28700012083849)	response times (in ms) for run 65 : 1257[OK]
>>> Checkin barcode 38700003212082 for borrower 24307 (cardnumber=28700010836768)	response times (in ms) for run 37 : 1246[OK]
>>> Checkin barcode 58700001550652 for borrower 52762 (cardnumber=28700012000751)	response times (in ms) for run 34 : 1255[OK]
>>> Checkin barcode 38700008079999 for borrower 68204 (cardnumber=28700012020197)	response times (in ms) for run 0 : 1283[OK]
>>> Checkin barcode 38700008783848 for borrower 3298 (cardnumber=287000010054639)	response times (in ms) for run 74 : 1219[OK]
>>> Checkin barcode 38700009125346 for borrower 53745 (cardnumber=28700012072123)	response times (in ms) for run 26 : 1265[OK]
>>> Checkin barcode 38700005499992 for borrower 53889 (cardnumber=2006)	response times (in ms) for run 97 : 1262[OK]
>>> Checkin barcode 58700002106637 for borrower 63961 (cardnumber=28700011693192)	response times (in ms) for run 5 : 1293[OK]
>>> Checkin barcode 38700005485009 for borrower 2486 (cardnumber=28700011702712)	response times (in ms) for run 22 : 1218[OK]
>>> Checkin barcode 38700011719920 for borrower 12868 (cardnumber=28700011713602)	response times (in ms) for run 72 : 1359[OK]
>>> Checkin barcode 38700008530561 for borrower 157 (cardnumber=28700000698517)	response times (in ms) for run 79 : 1218[OK]
>>> Checkin barcode 38700007022834 for borrower 48122 (cardnumber=28700011400143)	response times (in ms) for run 47 : 1265[OK]
>>> Checkin barcode 38700001419887 for borrower 3711 (cardnumber=28700011499236)	response times (in ms) for run 61 : 1385[OK]
>>> Checkin barcode 38700001365221 for borrower 64828 (cardnumber=28700011669424)	response times (in ms) for run 95 : 1265[OK]
>>> Checkin barcode 38700007730600 for borrower 72162 (cardnumber=28700012065259)	response times (in ms) for run 30 : 1268[OK]
>>> Checkin barcode 38700002607522 for borrower 7664 (cardnumber=28700011129676)	response times (in ms) for run 96 : 1460[OK]
>>> Checkin barcode 38700010165216 for borrower 73346 (cardnumber=28700013027118)	response times (in ms) for run 80 : 1340[OK]
>>> Checkin barcode 38700001578468 for borrower 9483 (cardnumber=28700013207520)	response times (in ms) for run 11 : 1217[OK]
>>> Checkin barcode 38700001636324 for borrower 3937 (cardnumber=28700010805748)	response times (in ms) for run 23 : 1208[OK]
>>> Checkin barcode 38700003920551 for borrower 20703 (cardnumber=28700011609834)	response times (in ms) for run 53 : 1326[OK]
>>> Checkin barcode 38700009084790 for borrower 59633 (cardnumber=28700011589242)	response times (in ms) for run 58 : 1240[OK]
>>> Checkin barcode 38700001541029 for borrower 59633 (cardnumber=28700011589242)	response times (in ms) for run 49 : 1273[OK]
>>> Checkin barcode 38700004428638 for borrower 48041 (cardnumber=28700012017508)	response times (in ms) for run 62 : 1285[OK]
>>> Checkin barcode 38700004252798 for borrower 7539 (cardnumber=28700001003108)	response times (in ms) for run 41 : 1262[OK]
>>> Checkin barcode 38700003990497 for borrower 3374 (cardnumber=287000010055355)	response times (in ms) for run 52 : 1218[OK]
>>> Checkin barcode 38700001683193 for borrower 169 (cardnumber=28700000170988)	response times (in ms) for run 98 : 1227[OK]
>>> Checkin barcode 38700001348359 for borrower 9478 (cardnumber=28700010983016)	response times (in ms) for run 78 : 1206[OK]
>>> Checkin barcode 38700009010662 for borrower 66393 (cardnumber=28700011531780)	response times (in ms) for run 25 : 1249[OK]
>>> Checkin barcode 38700008049869 for borrower 8655 (cardnumber=28700001000655)	response times (in ms) for run 85 : 1219[OK]
>>> Checkin barcode 38700002336916 for borrower 755 (cardnumber=28700010719634)	response times (in ms) for run 10 : 1222[OK]
>>> Checkin barcode 38700004046687 for borrower 3523 (cardnumber=28700000029705)	response times (in ms) for run 68 : 1239[OK]
>>> Checkin barcode 38700008966757 for borrower 73188 (cardnumber=28700013014074)	response times (in ms) for run 56 : 1239[OK]
>>> Checkin barcode 38700004155306 for borrower 63782 (cardnumber=28700011695601)	response times (in ms) for run 44 : 1274[OK]
>>> Checkin barcode 38700005280012 for borrower 41297 (cardnumber=28700011298851)	response times (in ms) for run 89 : 1206[OK]
>>> Checkin barcode 38700010090216 for borrower 63668 (cardnumber=28700011693432)	response times (in ms) for run 2 : 1312[OK]
>>> Checkin barcode 58700002298285 for borrower 53001 (cardnumber=28700012055474)	response times (in ms) for run 33 : 1273[OK]
>>> Checkin barcode 38700007563852 for borrower 30565 (cardnumber=28700013022259)	response times (in ms) for run 24 : 1227[OK]
>>> Checkin barcode 38700007069876 for borrower 5249 (cardnumber=287000010025562)	response times (in ms) for run 88 : 1242[OK]
>>> Checkin barcode 38700008043060 for borrower 53889 (cardnumber=2006)	response times (in ms) for run 92 : 1278[OK]
>>> Checkin barcode 58700001277488 for borrower 57957 (cardnumber=28700012027556)	response times (in ms) for run 94 : 1273[OK]
>>> Checkin barcode 38700003585693 for borrower 5599 (cardnumber=28700000606783)	response times (in ms) for run 63 : 1270[OK]
>>> Checkin barcode 38700006498589 for borrower 1762 (cardnumber=28700010655556)	response times (in ms) for run 93 : 1243[OK]
>>> Checkin barcode 38700003810018 for borrower 4052 (cardnumber=28700011610543)	response times (in ms) for run 91 : 1241[OK]
total response time = 126005
avg response time = 1260.05


06/09/2011 11:56:11 
>>> Checkin barcode 58700002298285 for borrower 53001 (cardnumber=28700012055474)	response times (in ms) for run 28 : 1214[OK]
>>> Checkin barcode 38700004287612 for borrower 169 (cardnumber=28700000170988)	response times (in ms) for run 32 : 1271[OK]
>>> Checkin barcode 38700003285005 for borrower 704 (cardnumber=28700011368589)	response times (in ms) for run 17 : 1223[OK]
>>> Checkin barcode 38700003225324 for borrower 4060 (cardnumber=28700010725748)	response times (in ms) for run 90 : 1241[OK]
>>> Checkin barcode 58700001391867 for borrower 28428 (cardnumber=28700012056522)	response times (in ms) for run 57 : 1273[OK]
>>> Checkin barcode 38700003912863 for borrower 1673 (cardnumber=28700010817438)	response times (in ms) for run 50 : 1216[OK]
>>> Checkin barcode 446355 for borrower 26084 (cardnumber=28700011136994)	response times (in ms) for run 42 : 1204[OK]
>>> Checkin barcode 38700010195502 for borrower 26084 (cardnumber=28700011136994)	response times (in ms) for run 67 : 1284[OK]
>>> Checkin barcode CDB63859 for borrower 49934 (cardnumber=28700011543595)	response times (in ms) for run 39 : 1274[OK]
>>> Checkin barcode 38700007165641 for borrower 25782 (cardnumber=28700013004034)	response times (in ms) for run 99 : 1262[OK]
>>> Checkin barcode 38700004249968 for borrower 4550 (cardnumber=28700011695783)	response times (in ms) for run 15 : 1252[OK]
>>> Checkin barcode 38700007369425 for borrower 69960 (cardnumber=28700011544312)	response times (in ms) for run 18 : 1276[OK]
>>> Checkin barcode 38700007180434 for borrower 41797 (cardnumber=28700011522375)	response times (in ms) for run 69 : 1335[OK]
>>> Checkin barcode 38700005081972 for borrower 242 (cardnumber=28700000522725)	response times (in ms) for run 46 : 1321[OK]
>>> Checkin barcode 58700002019137 for borrower 73834 (cardnumber=28700013027373)	response times (in ms) for run 84 : 1253[OK]
>>> Checkin barcode 38700001792747 for borrower 553 (cardnumber=28700012088418)	response times (in ms) for run 81 : 1231[OK]
>>> Checkin barcode 38700008165590 for borrower 30116 (cardnumber=28700012008515)	response times (in ms) for run 19 : 1286[OK]
>>> Checkin barcode 38700002862291 for borrower 1521 (cardnumber=28700010968827)	response times (in ms) for run 3 : 1217[OK]
>>> Checkin barcode 38700011402063 for borrower 27941 (cardnumber=28700010945338)	response times (in ms) for run 36 : 1296[OK]
>>> Checkin barcode 38700005747432 for borrower 74741 (cardnumber=28700012068972)	response times (in ms) for run 40 : 1358[OK]
>>> Checkin barcode 38700005297164 for borrower 577 (cardnumber=287000010050335)	response times (in ms) for run 9 : 1223[OK]
>>> Checkin barcode 38700004043825 for borrower 451 (cardnumber=287000010050842)	response times (in ms) for run 76 : 1202[OK]
>>> Checkin barcode 38700008818933 for borrower 34986 (cardnumber=28700012081074)	response times (in ms) for run 70 : 1276[OK]
>>> Checkin barcode 38700008625700 for borrower 7694 (cardnumber=287000010058112)	response times (in ms) for run 64 : 1213[OK]
>>> Checkin barcode 38700005280012 for borrower 41297 (cardnumber=28700011298851)	response times (in ms) for run 4 : 1255[OK]
>>> Checkin barcode 38700003998714 for borrower 5200 (cardnumber=28700011051987)	response times (in ms) for run 35 : 1241[OK]
>>> Checkin barcode 38700003972891 for borrower 88 (cardnumber=28700011255463)	response times (in ms) for run 73 : 1247[OK]
>>> Checkin barcode 38700004045077 for borrower 5671 (cardnumber=28700011581918)	response times (in ms) for run 59 : 1225[OK]
>>> Checkin barcode 38700004247269 for borrower 242 (cardnumber=28700000522725)	response times (in ms) for run 12 : 1236[OK]
>>> Checkin barcode 38700003695096 for borrower 3659 (cardnumber=28700010854324)	response times (in ms) for run 82 : 1206[OK]
>>> Checkin barcode 38700006241559 for borrower 179 (cardnumber=28700011664664)	response times (in ms) for run 43 : 1218[OK]
>>> Checkin barcode 38700006737945 for borrower 18447 (cardnumber=28700012089911)	response times (in ms) for run 51 : 1235[OK]
>>> Checkin barcode 38700010218791 for borrower 69380 (cardnumber=28700012038629)	response times (in ms) for run 6 : 1323[OK]
>>> Checkin barcode 38700000094129 for borrower 8655 (cardnumber=28700001000655)	response times (in ms) for run 13 : 1357[OK]
>>> Checkin barcode 38700006285473 for borrower 7 (cardnumber=28700010737693)	response times (in ms) for run 21 : 1243[OK]
>>> Checkin barcode 58700001346770 for borrower 49539 (cardnumber=28700011528950)	response times (in ms) for run 8 : 1272[OK]
>>> Checkin barcode CDB44731 for borrower 61982 (cardnumber=28700011574400)	response times (in ms) for run 54 : 1270[OK]
>>> Checkin barcode 38700005288510 for borrower 65119 (cardnumber=28700011712422)	response times (in ms) for run 16 : 1325[OK]
>>> Checkin barcode 38700011595031 for borrower 63449 (cardnumber=28700011658559)	response times (in ms) for run 20 : 1773[OK]
>>> Checkin barcode 38700001287425 for borrower 3234 (cardnumber=28700011523365)	response times (in ms) for run 60 : 1253[OK]
>>> Checkin barcode 38700003379360 for borrower 62470 (cardnumber=28700011679944)	response times (in ms) for run 75 : 1264[OK]
>>> Checkin barcode 38700003983104 for borrower 896 (cardnumber=28700000691058)	response times (in ms) for run 7 : 1230[OK]
>>> Checkin barcode 38700000108598 for borrower 10155 (cardnumber=287000010059673)	response times (in ms) for run 86 : 1210[OK]
>>> Checkin barcode 38700002394840 for borrower 57567 (cardnumber=28700011602219)	response times (in ms) for run 31 : 1252[OK]
>>> Checkin barcode 38700011097590 for borrower 971 (cardnumber=28700011069773)	response times (in ms) for run 55 : 1328[OK]
>>> Checkin barcode 38700008107535 for borrower 28989 (cardnumber=28700012015825)	response times (in ms) for run 27 : 1234[OK]
>>> Checkin barcode 38700002515865 for borrower 49934 (cardnumber=28700011543595)	response times (in ms) for run 38 : 1271[OK]
>>> Checkin barcode 38700003990497 for borrower 3374 (cardnumber=287000010055355)	response times (in ms) for run 83 : 1208[OK]
>>> Checkin barcode 58700001241609 for borrower 63808 (cardnumber=28700011695676)	response times (in ms) for run 66 : 1252[OK]
>>> Checkin barcode 38700001287086 for borrower 1807 (cardnumber=28700000220189)	response times (in ms) for run 48 : 1230[OK]
>>> Checkin barcode 38700002079789 for borrower 6157 (cardnumber=287000010028844)	response times (in ms) for run 45 : 1303[OK]
>>> Checkin barcode 58700002311153 for borrower 45423 (cardnumber=28700011711853)	response times (in ms) for run 71 : 1252[OK]
>>> Checkin barcode 38700002828664 for borrower 541 (cardnumber=287000010010334)	response times (in ms) for run 14 : 1213[OK]
>>> Checkin barcode 38700000145111 for borrower 48122 (cardnumber=28700011400143)	response times (in ms) for run 29 : 1273[OK]
>>> Checkin barcode 38700002565530 for borrower 2 (cardnumber=28700010945015)	response times (in ms) for run 87 : 1267[OK]
>>> Checkin barcode 38700011567139 for borrower 15025 (cardnumber=28700011634816)	response times (in ms) for run 77 : 1251[OK]
>>> Checkin barcode 38700003972842 for borrower 57 (cardnumber=287000010060443)	response times (in ms) for run 1 : 1234[OK]
>>> Checkin barcode 38700002179191 for borrower 9003 (cardnumber=287000010054168)	response times (in ms) for run 65 : 1241[OK]
>>> Checkin barcode 38700005907200 for borrower 3642 (cardnumber=28700011423947)	response times (in ms) for run 37 : 1256[OK]
>>> Checkin barcode 38700006813092 for borrower 29339 (cardnumber=28700012084417)	response times (in ms) for run 34 : 1286[OK]
>>> Checkin barcode 38700011684728 for borrower 38985 (cardnumber=28700011189548)	response times (in ms) for run 0 : 1295[OK]
>>> Checkin barcode 38700005020632 for borrower 2281 (cardnumber=28700013121333)	response times (in ms) for run 74 : 1228[OK]
>>> Checkin barcode 38700003996502 for borrower 7733 (cardnumber=287000010053355)	response times (in ms) for run 26 : 1208[OK]
>>> Checkin barcode 58700001232145 for borrower 9003 (cardnumber=287000010054168)	response times (in ms) for run 97 : 1212[OK]
>>> Checkin barcode 38700009183006 for borrower 70106 (cardnumber=28700011530261)	response times (in ms) for run 5 : 1260[OK]
>>> Checkin barcode 38700006132519 for borrower 451 (cardnumber=287000010050842)	response times (in ms) for run 22 : 1261[OK]
>>> Checkin barcode 38700004052776 for borrower 613 (cardnumber=28700011101279)	response times (in ms) for run 72 : 1226[OK]
>>> Checkin barcode 38700008209596 for borrower 71994 (cardnumber=28700012085091)	response times (in ms) for run 79 : 1235[OK]
>>> Checkin barcode 38700011783744 for borrower 53889 (cardnumber=2006)	response times (in ms) for run 47 : 1245[OK]
>>> Checkin barcode 38700010244631 for borrower 70689 (cardnumber=28700012064492)	response times (in ms) for run 61 : 1259[OK]
>>> Checkin barcode 38700007101844 for borrower 63299 (cardnumber=28700011690453)	response times (in ms) for run 95 : 1245[OK]
>>> Checkin barcode 38700005148474 for borrower 8577 (cardnumber=28700011646026)	response times (in ms) for run 30 : 1251[OK]
>>> Checkin barcode 38700008719719 for borrower 74741 (cardnumber=28700012068972)	response times (in ms) for run 96 : 1215[OK]
>>> Checkin barcode 38700007272512 for borrower 22786 (cardnumber=28700011454868)	response times (in ms) for run 80 : 1255[OK]
>>> Checkin barcode 38700001696039 for borrower 5249 (cardnumber=287000010025562)	response times (in ms) for run 11 : 1249[OK]
>>> Checkin barcode 38700005216990 for borrower 5430 (cardnumber=28700000278930)	response times (in ms) for run 23 : 1277[OK]
>>> Checkin barcode 38700008660038 for borrower 74160 (cardnumber=28700013023463)	response times (in ms) for run 53 : 1233[OK]
>>> Checkin barcode 48700001011963 for borrower 63961 (cardnumber=28700011693192)	response times (in ms) for run 58 : 1260[OK]
>>> Checkin barcode 38700007532709 for borrower 63311 (cardnumber=28700011690503)	response times (in ms) for run 49 : 1310[OK]
>>> Checkin barcode 38700011181311 for borrower 66757 (cardnumber=28700011537282)	response times (in ms) for run 62 : 1257[OK]
>>> Checkin barcode 38700009128829 for borrower 65978 (cardnumber=28700012030147)	response times (in ms) for run 41 : 1225[OK]
>>> Checkin barcode 38700007587273 for borrower 4252 (cardnumber=28700011584177)	response times (in ms) for run 52 : 1239[OK]
>>> Checkin barcode 38700003106896 for borrower 4598 (cardnumber=287000010056997)	response times (in ms) for run 98 : 1184[OK]
>>> Checkin barcode 38700008279151 for borrower 68436 (cardnumber=28700011541581)	response times (in ms) for run 78 : 1226[OK]
>>> Checkin barcode 38700006104872 for borrower 25674 (cardnumber=28700001001303)	response times (in ms) for run 25 : 1187[OK]
>>> Checkin barcode CDB68087 for borrower 53889 (cardnumber=2006)	response times (in ms) for run 85 : 1312[OK]
>>> Checkin barcode 38700008637374 for borrower 67409 (cardnumber=28700012012079)	response times (in ms) for run 10 : 1246[OK]
>>> Checkin barcode 38700006650445 for borrower 971 (cardnumber=28700011069773)	response times (in ms) for run 68 : 1262[OK]
>>> Checkin barcode 38700008239098 for borrower 45110 (cardnumber=28700011686006)	response times (in ms) for run 56 : 1259[OK]
>>> Checkin barcode 38700000209388 for borrower 76591 (cardnumber=28700011199182)	response times (in ms) for run 44 : 1290[OK]
>>> Checkin barcode 38700009107062 for borrower 53225 (cardnumber=28700013003838)	response times (in ms) for run 89 : 1218[OK]
>>> Checkin barcode 38700008466618 for borrower 12980 (cardnumber=28700011560086)	response times (in ms) for run 2 : 1295[OK]
>>> Checkin barcode 38700009170011 for borrower 10240 (cardnumber=28700010829730)	response times (in ms) for run 33 : 1239[OK]
>>> Checkin barcode 38700007845366 for borrower 28989 (cardnumber=28700012015825)	response times (in ms) for run 24 : 1268[OK]
>>> Checkin barcode 38700003832608 for borrower 1651 (cardnumber=28700001002188)	response times (in ms) for run 88 : 1221[OK]
>>> Checkin barcode 38700005135679 for borrower 6582 (cardnumber=28700013202885)	response times (in ms) for run 92 : 1209[OK]
>>> Checkin barcode 38700007716005 for borrower 74741 (cardnumber=28700012068972)	response times (in ms) for run 94 : 1234[OK]
>>> Checkin barcode 38700004023454 for borrower 9047 (cardnumber=28700011084129)	response times (in ms) for run 63 : 1237[OK]
>>> Checkin barcode 38700005653135 for borrower 7 (cardnumber=28700010737693)	response times (in ms) for run 93 : 1214[OK]
>>> Checkin barcode 38700005199436 for borrower 427 (cardnumber=28700011450585)	response times (in ms) for run 91 : 1283[OK]
total response time = 125764
avg response time = 1257.64


