
30/08/2011 11:09:25  Authentication successful
30/08/2011 11:09:25  Auth:
<?xml version='1.0' standalone='yes'?>
<response>
  <status>ok</status>
</response>

30/08/2011 11:13:20 
>>> Checkout barcode 38700004163854 for borrower 5422	response times (in ms) for run 28 : 2041[OK]
>>> Checkout barcode 38700003810109 for borrower 2744	response times (in ms) for run 32 : 2106[OK]
>>> Checkout barcode 38700004249455 for borrower 8469	response times (in ms) for run 17 : 2211[OK]
>>> Checkout barcode 38700005096228 for borrower 6075	response times (in ms) for run 90 : 2092[OK]
>>> Checkout barcode 38700006386891 for borrower 1731	response times (in ms) for run 57 : 2063[OK]
>>> Checkout barcode 38700002809805 for borrower 1657	response times (in ms) for run 50 : 2020[OK]
>>> Checkout barcode 38700001676627 for borrower 8362	response times (in ms) for run 42 : 2001[OK]
>>> Checkout barcode 38700001280651 for borrower 2026	response times (in ms) for run 67 : 2027[OK]
>>> Checkout barcode 38700004257987 for borrower 2125	response times (in ms) for run 39 : 2068[OK]
>>> Checkout barcode 38700001319012 for borrower 3711	response times (in ms) for run 99 : 2233[OK]
>>> Checkout barcode 38700001303958 for borrower 6858	response times (in ms) for run 15 : 2066[OK]
>>> Checkout barcode 38700003970812 for borrower 4774	response times (in ms) for run 18 : 2045[OK]
>>> Checkout barcode 38700005722534 for borrower 1039	response times (in ms) for run 69 : 1391[OK]
>>> Checkout barcode 38700002085265 for borrower 1600	response times (in ms) for run 46 : 2009[OK]
>>> Checkout barcode 38700006630389 for borrower 7838	response times (in ms) for run 84 : 3359[OK]
>>> Checkout barcode 38700003919900 for borrower 4172	response times (in ms) for run 81 : 1222[OK]
>>> Checkout barcode 38700001366385 for borrower 653	response times (in ms) for run 19 : 2080[OK]
>>> Checkout barcode 38700004299450 for borrower 5337	response times (in ms) for run 3 : 2056[OK]
>>> Checkout barcode 38700005652954 for borrower 1958	response times (in ms) for run 36 : 29191[OK]
>>> Checkout barcode 38700007492730 for borrower 7594	response times (in ms) for run 40 : 1335[OK]
>>> Checkout barcode 58700001212501 for borrower 8382	response times (in ms) for run 9 : 2025[OK]
>>> Checkout barcode 38700004131943 for borrower 4330	response times (in ms) for run 76 : 2039[OK]
>>> Checkout barcode 38700003384162 for borrower 6488	response times (in ms) for run 70 : 4142[OK]
>>> Checkout barcode 58700001015359 for borrower 4476	response times (in ms) for run 64 : 2089[OK]
>>> Checkout barcode 38700003115368 for borrower 6036	response times (in ms) for run 4 : 1207[OK]
>>> Checkout barcode 38700004262763 for borrower 4550	response times (in ms) for run 35 : 2395[OK]
>>> Checkout barcode 38700003383875 for borrower 8137	response times (in ms) for run 73 : 2034[OK]
>>> Checkout barcode 38700004039773 for borrower 4509	response times (in ms) for run 59 : 2127[OK]
>>> Checkout barcode CDB67 for borrower 3642	response times (in ms) for run 12 : 1228[OK]
>>> Checkout barcode 38700002570043 for borrower 1976	response times (in ms) for run 82 : 1295[OK]
>>> Checkout barcode 38700010109115 for borrower 4158	response times (in ms) for run 43 : 2059[OK]
>>> Checkout barcode 38700004025582 for borrower 2386	response times (in ms) for run 51 : 2067[OK]
>>> Checkout barcode 38700001792507 for borrower 4498	response times (in ms) for run 6 : 2102[OK]
>>> Checkout barcode 38700005040929 for borrower 4957	response times (in ms) for run 13 : 2206[OK]
>>> Checkout barcode 38700003798858 for borrower 4129	response times (in ms) for run 21 : 2068[OK]
>>> Checkout barcode 38700001636514 for borrower 209	response times (in ms) for run 8 : 2036[OK]
>>> Checkout barcode 38700000939430 for borrower 8751	response times (in ms) for run 54 : 2055[OK]
>>> Checkout barcode 38700001295360 for borrower 7545	response times (in ms) for run 16 : 2036[OK]
>>> Checkout barcode 38700002573674 for borrower 4598	response times (in ms) for run 20 : 4044[OK]
>>> Checkout barcode 38700006231089 for borrower 2532	response times (in ms) for run 60 : 2118[OK]
>>> Checkout barcode 38700006883111 for borrower 9034	response times (in ms) for run 75 : 1418[OK]
>>> Checkout barcode 38700005157384 for borrower 2884	response times (in ms) for run 7 : 2143[OK]
>>> Checkout barcode 38700004092863 for borrower 7577	response times (in ms) for run 86 : 1289[OK]
>>> Checkout barcode 38700005041000 for borrower 1818	response times (in ms) for run 31 : 2252[OK]
>>> Checkout barcode 38700001303842 for borrower 7897	response times (in ms) for run 55 : 2209[OK]
>>> Checkout barcode 38700005155412 for borrower 4224	response times (in ms) for run 27 : 2104[OK]
>>> Checkout barcode 38700003826329 for borrower 5252	response times (in ms) for run 38 : 2186[OK]
>>> Checkout barcode 38700004253960 for borrower 8456	response times (in ms) for run 83 : 2021[OK]
>>> Checkout barcode 38700003796480 for borrower 8946	response times (in ms) for run 66 : 2057[OK]
>>> Checkout barcode 38700001259028 for borrower 5871	response times (in ms) for run 48 : 1202[OK]
>>> Checkout barcode 38700004309887 for borrower 5021	response times (in ms) for run 45 : 1212[OK]
>>> Checkout barcode 38700004100211 for borrower 5891	response times (in ms) for run 71 : 2043[OK]
>>> Checkout barcode 58700001528963 for borrower 5535	response times (in ms) for run 14 : 2040[OK]
>>> Checkout barcode 38700003960078 for borrower 8335	response times (in ms) for run 29 : 2063[OK]
>>> Checkout barcode 38700001636647 for borrower 4203	response times (in ms) for run 87 : 2080[OK]
>>> Checkout barcode 38700003817229 for borrower 7590	response times (in ms) for run 77 : 2681[OK]
>>> Checkout barcode 38700008127327 for borrower 4887	response times (in ms) for run 1 : 2076[OK]
>>> Checkout barcode 38700003105450 for borrower 3677	response times (in ms) for run 65 : 2134[OK]
>>> Checkout barcode 38700003824316 for borrower 8887	response times (in ms) for run 37 : 2103[OK]
>>> Checkout barcode 38700001869420 for borrower 3451	response times (in ms) for run 34 : 2066[OK]
>>> Checkout barcode 38700001843011 for borrower 5193	response times (in ms) for run 0 : 2021[OK]
>>> Checkout barcode 38700004420122 for borrower 4462	response times (in ms) for run 74 : 2069[OK]
>>> Checkout barcode 38700003854750 for borrower 2301	response times (in ms) for run 26 : 1337[OK]
>>> Checkout barcode 38700002627645 for borrower 7899	response times (in ms) for run 97 : 1990[OK]
>>> Checkout barcode 38700001678003 for borrower 7243	response times (in ms) for run 5 : 2060[OK]
>>> Checkout barcode 38700004044351 for borrower 5092	response times (in ms) for run 22 : 2193[OK]
>>> Checkout barcode 38700003001485 for borrower 829	response times (in ms) for run 72 : 2091[OK]
>>> Checkout barcode 38700002455823 for borrower 4887	response times (in ms) for run 79 : 2080[OK]
>>> Checkout barcode 38700002136241 for borrower 4598	response times (in ms) for run 47 : 2076[OK]
>>> Checkout barcode 38700003926384 for borrower 1231	response times (in ms) for run 61 : 2011[OK]
>>> Checkout barcode 38700005783015 for borrower 3639	response times (in ms) for run 95 : 1250[OK]
>>> Checkout barcode 38700004456852 for borrower 5046	response times (in ms) for run 30 : 1389[OK]
>>> Checkout barcode 38700002627504 for borrower 1184	response times (in ms) for run 96 : 2031[OK]
>>> Checkout barcode 38700001597625 for borrower 7491	response times (in ms) for run 80 : 2218[OK]
>>> Checkout barcode 38700001876151 for borrower 2391	response times (in ms) for run 11 : 2079[OK]
>>> Checkout barcode 38700004050101 for borrower 2349	response times (in ms) for run 23 : 2069[OK]
>>> Checkout barcode 38700004042462 for borrower 3119	response times (in ms) for run 53 : 2117[OK]
>>> Checkout barcode 38700005846531 for borrower 7317	response times (in ms) for run 58 : 2033[OK]
>>> Checkout barcode 38700003986438 for borrower 4256	response times (in ms) for run 49 : 2010[OK]
>>> Checkout barcode 58700001355474 for borrower 4322	response times (in ms) for run 62 : 2019[OK]
>>> Checkout barcode 38700006883103 for borrower 1461	response times (in ms) for run 41 : 1209[OK]
>>> Checkout barcode 38700005019188 for borrower 6731	response times (in ms) for run 52 : 2120[OK]
>>> Checkout barcode 38700001361907 for borrower 4161	response times (in ms) for run 98 : 2084[OK]
>>> Checkout barcode 38700003894376 for borrower 3734	response times (in ms) for run 78 : 2016[OK]
>>> Checkout barcode 38700005044525 for borrower 2332	response times (in ms) for run 25 : 1229[OK]
>>> Checkout barcode 38700003919850 for borrower 8839	response times (in ms) for run 85 : 1237[OK]
>>> Checkout barcode 38700004472578 for borrower 9177	response times (in ms) for run 10 : 1236[OK]
>>> Checkout barcode 38700001239970 for borrower 8308	response times (in ms) for run 68 : 2037[OK]
>>> Checkout barcode 38700001860247 for borrower 3908	response times (in ms) for run 56 : 2005[OK]
>>> Checkout barcode 38700004143252 for borrower 6986	response times (in ms) for run 44 : 2181[OK]
>>> Checkout barcode 38700005715736 for borrower 8971	response times (in ms) for run 89 : 2045[OK]
>>> Checkout barcode 38700000108200 for borrower 3935	response times (in ms) for run 2 : 2099[OK]
>>> Checkout barcode 38700006098371 for borrower 3758	response times (in ms) for run 33 : 2207[OK]
>>> Checkout barcode 38700003537207 for borrower 1637	response times (in ms) for run 24 : 2043[OK]
>>> Checkout barcode 38700006356670 for borrower 3561	response times (in ms) for run 88 : 3390[OK]
>>> Checkout barcode 38700005500260 for borrower 2986	response times (in ms) for run 92 : 3407[OK]
>>> Checkout barcode 38700003930949 for borrower 8257	response times (in ms) for run 94 : 2015[OK]
>>> Checkout barcode 38700004297850 for borrower 3581	response times (in ms) for run 63 : 2014[OK]
>>> Checkout barcode 38700001319137 for borrower 364	response times (in ms) for run 93 : 2194[OK]
>>> Checkout barcode 38700000090127 for borrower 5314	response times (in ms) for run 91 : 2048[OK]

30/08/2011 11:16:06 
>>> Checkin barcode 38700007727408 for borrower 66634 (cardnumber=28700011538579)	response times (in ms) for run 28 : 2446[OK]
>>> Checkin barcode 48700001016020 for borrower 9049 (cardnumber=28700011524678)	response times (in ms) for run 32 : 2365[OK]
>>> Checkin barcode 58700001427588 for borrower 25651 (cardnumber=28700010888017)	response times (in ms) for run 17 : 2396[OK]
>>> Checkin barcode 38700006575642 for borrower 63319 (cardnumber=28700011690586)	response times (in ms) for run 90 : 757[OK]
>>> Checkin barcode 38700007567689 for borrower 59653 (cardnumber=28700011628974)	response times (in ms) for run 57 : 882[OK]
>>> Checkin barcode 38700001216226 for borrower 59313 (cardnumber=28700011588632)	response times (in ms) for run 50 : 1236[OK]
>>> Checkin barcode 38700008436355 for borrower 55303 (cardnumber=28700011573766)	response times (in ms) for run 42 : 2412[OK]
>>> Checkin barcode 38700005470209 for borrower 13125 (cardnumber=287000010012414)	response times (in ms) for run 67 : 889[OK]
>>> Checkin barcode 38700008632326 for borrower 61748 (cardnumber=28700011661389)	response times (in ms) for run 39 : 2461[OK]
>>> Checkin barcode 38700002853977 for borrower 20482 (cardnumber=28700011717975)	response times (in ms) for run 99 : 321[OK]
>>> Checkin barcode 38700007538516 for borrower 19890 (cardnumber=28700010877499)	response times (in ms) for run 15 : 2448[OK]
>>> Checkin barcode 38700006160254 for borrower 23152 (cardnumber=28700010769886)	response times (in ms) for run 18 : 2377[OK]
>>> Checkin barcode 38700001366575 for borrower 2562 (cardnumber=28700010689795)	response times (in ms) for run 69 : 959[OK]
>>> Checkin barcode 38700005677472 for borrower 57868 (cardnumber=28700011520924)	response times (in ms) for run 46 : 1253[OK]
>>> Checkin barcode 38700005672929 for borrower 25651 (cardnumber=28700010888017)	response times (in ms) for run 84 : 882[OK]
>>> Checkin barcode 38700001304048 for borrower 9268 (cardnumber=28700011152850)	response times (in ms) for run 81 : 884[OK]
>>> Checkin barcode 38700008314719 for borrower 52995 (cardnumber=28700011510164)	response times (in ms) for run 19 : 2957[OK]
>>> Checkin barcode 38700007641336 for borrower 53740 (cardnumber=28700011521963)	response times (in ms) for run 3 : 6754[OK]
>>> Checkin barcode 38700007472492 for borrower 47754 (cardnumber=28700011402818)	response times (in ms) for run 36 : 2397[OK]
>>> Checkin barcode 38700006994041 for borrower 47394 (cardnumber=28700011640490)	response times (in ms) for run 40 : 2364[OK]
>>> Checkin barcode 38700002421528 for borrower 19889 (cardnumber=28700011499988)	response times (in ms) for run 9 : 2425[OK]
>>> Checkin barcode 38700009218901 for borrower 66588 (cardnumber=28700011538330)	response times (in ms) for run 76 : 884[OK]
>>> Checkin barcode 38700006139167 for borrower 29977 (cardnumber=28700011088799)	response times (in ms) for run 70 : 888[OK]
>>> Checkin barcode 38700006093265 for borrower 62932 (cardnumber=28700011687210)	response times (in ms) for run 64 : 885[OK]
>>> Checkin barcode 38700006876438 for borrower 58948 (cardnumber=28700011622837)	response times (in ms) for run 4 : 2415[OK]
>>> Checkin barcode 38700009218612 for borrower 20732 (cardnumber=28700011557942)	response times (in ms) for run 35 : 2364[OK]
>>> Checkin barcode 38700008669781 for borrower 61443 (cardnumber=28700011652487)	response times (in ms) for run 73 : 885[OK]
>>> Checkin barcode 38700006623012 for borrower 55860 (cardnumber=28700011583211)	response times (in ms) for run 59 : 880[OK]
>>> Checkin barcode 38700003654010 for borrower 1239 (cardnumber=28700011505511)	response times (in ms) for run 12 : 1970[OK]
>>> Checkin barcode 38700006953229 for borrower 55860 (cardnumber=28700011583211)	response times (in ms) for run 82 : 894[OK]
>>> Checkin barcode 38700011983781 for borrower 55860 (cardnumber=28700011583211)	response times (in ms) for run 43 : 1481[OK]
>>> Checkin barcode 38700007329106 for borrower 30070 (cardnumber=28700011318261)	response times (in ms) for run 51 : 1220[OK]
>>> Checkin barcode 38700001385690 for borrower 8690 (cardnumber=28700001005811)	response times (in ms) for run 6 : 1957[OK]
>>> Checkin barcode 38700007380265 for borrower 19910 (cardnumber=28700011421990)	response times (in ms) for run 13 : 2381[OK]
>>> Checkin barcode 38700004474004 for borrower 14956 (cardnumber=28700012032127)	response times (in ms) for run 21 : 2374[OK]
>>> Checkin barcode 38700007812952 for borrower 66588 (cardnumber=28700011538330)	response times (in ms) for run 8 : 2448[OK]
>>> Checkin barcode 38700004100278 for borrower 8482 (cardnumber=28700011223859)	response times (in ms) for run 54 : 1187[OK]
>>> Checkin barcode 38700005849907 for borrower 62126 (cardnumber=28700011555482)	response times (in ms) for run 16 : 2399[OK]
>>> Checkin barcode 38700003125698 for borrower 59784 (cardnumber=28700011615260)	response times (in ms) for run 20 : 2854[OK]
>>> Checkin barcode 38700006995907 for borrower 61443 (cardnumber=28700011652487)	response times (in ms) for run 60 : 878[OK]
>>> Checkin barcode 38700009315160 for borrower 63319 (cardnumber=28700011690586)	response times (in ms) for run 75 : 886[OK]
>>> Checkin barcode 38700004246410 for borrower 24904 (cardnumber=28700011712331)	response times (in ms) for run 7 : 2360[OK]
>>> Checkin barcode 38700007320568 for borrower 57943 (cardnumber=28700011557397)	response times (in ms) for run 86 : 883[OK]
>>> Checkin barcode 38700008548373 for borrower 9049 (cardnumber=28700011524678)	response times (in ms) for run 31 : 2371[OK]
>>> Checkin barcode 38700004133519 for borrower 41797 (cardnumber=28700011522375)	response times (in ms) for run 55 : 1226[OK]
>>> Checkin barcode 38700005162087 for borrower 62054 (cardnumber=28700011664888)	response times (in ms) for run 27 : 2390[OK]
>>> Checkin barcode 38700006098090 for borrower 61148 (cardnumber=28700011631945)	response times (in ms) for run 38 : 2395[OK]
>>> Checkin barcode 58700001017884 for borrower 54696 (cardnumber=28700011561548)	response times (in ms) for run 83 : 882[OK]
>>> Checkin barcode 38700002373273 for borrower 60293 (cardnumber=28700011636464)	response times (in ms) for run 66 : 886[OK]
>>> Checkin barcode 38700006920772 for borrower 46919 (cardnumber=28700011521682)	response times (in ms) for run 48 : 1224[OK]
>>> Checkin barcode 38700008801509 for borrower 2591 (cardnumber=28700013052207)	response times (in ms) for run 45 : 1192[OK]
>>> Checkin barcode 38700003669125 for borrower 6162 (cardnumber=28700001000097)	response times (in ms) for run 71 : 887[OK]
>>> Checkin barcode 38700006507033 for borrower 13011 (cardnumber=287000010011652)	response times (in ms) for run 14 : 2389[OK]
>>> Checkin barcode 58700001481478 for borrower 600 (cardnumber=28700011030551)	response times (in ms) for run 29 : 1973[OK]
>>> Checkin barcode 38700008192644 for borrower 38746 (cardnumber=28700011245142)	response times (in ms) for run 87 : 753[OK]
>>> Checkin barcode 38700001560631 for borrower 1876 (cardnumber=28700010873035)	response times (in ms) for run 77 : 881[OK]
>>> Checkin barcode 38700009001018 for borrower 65378 (cardnumber=28700011719641)	response times (in ms) for run 1 : 2429[OK]
>>> Checkin barcode 38700009233447 for borrower 61314 (cardnumber=28700011653642)	response times (in ms) for run 65 : 886[OK]
>>> Checkin barcode 38700007191209 for borrower 61748 (cardnumber=28700011661389)	response times (in ms) for run 37 : 2394[OK]
>>> Checkin barcode 38700007479802 for borrower 17829 (cardnumber=28700011546598)	response times (in ms) for run 34 : 2382[OK]
>>> Checkin barcode 38700011260784 for borrower 61134 (cardnumber=28700011631838)	response times (in ms) for run 0 : 5729[OK]
>>> Checkin barcode 38700006160643 for borrower 13125 (cardnumber=287000010012414)	response times (in ms) for run 74 : 891[OK]
>>> Checkin barcode 38700004318524 for borrower 54696 (cardnumber=28700011561548)	response times (in ms) for run 26 : 2394[OK]
>>> Checkin barcode 38700008980584 for borrower 19889 (cardnumber=28700011499988)	response times (in ms) for run 97 : 321[OK]
>>> Checkin barcode 58700001659719 for borrower 60418 (cardnumber=28700011639039)	response times (in ms) for run 5 : 2363[OK]
>>> Checkin barcode 38700006885322 for borrower 1396 (cardnumber=28700000419682)	response times (in ms) for run 22 : 2016[OK]
>>> Checkin barcode 38700007789879 for borrower 65782 (cardnumber=28700012031533)	response times (in ms) for run 72 : 888[OK]
>>> Checkin barcode 38700009234676 for borrower 59632 (cardnumber=28700011588020)	response times (in ms) for run 79 : 881[OK]
>>> Checkin barcode 38700007651343 for borrower 454 (cardnumber=28700010668617)	response times (in ms) for run 47 : 1211[OK]
>>> Checkin barcode 38700009160210 for borrower 41230 (cardnumber=28700011682971)	response times (in ms) for run 61 : 883[OK]
>>> Checkin barcode 38700003865277 for borrower 26112 (cardnumber=28700011626713)	response times (in ms) for run 95 : 323[OK]
>>> Checkin barcode 38700000413881 for borrower 57697 (cardnumber=28700011654616)	response times (in ms) for run 30 : 2368[OK]
>>> Checkin barcode 38700008887060 for borrower 41797 (cardnumber=28700011522375)	response times (in ms) for run 96 : 325[OK]
>>> Checkin barcode 38700004327764 for borrower 47995 (cardnumber=28700011664425)	response times (in ms) for run 80 : 884[OK]
>>> Checkin barcode 38700004214228 for borrower 179 (cardnumber=28700011664664)	response times (in ms) for run 11 : 2000[OK]
>>> Checkin barcode 38700009171845 for borrower 65908 (cardnumber=28700012033414)	response times (in ms) for run 23 : 2531[OK]
>>> Checkin barcode 38700007913560 for borrower 54696 (cardnumber=28700011561548)	response times (in ms) for run 53 : 1585[OK]
>>> Checkin barcode 38700003984359 for borrower 56184 (cardnumber=28700011577577)	response times (in ms) for run 58 : 881[OK]
>>> Checkin barcode 38700009309080 for borrower 59512 (cardnumber=28700011626648)	response times (in ms) for run 49 : 1622[OK]
>>> Checkin barcode 38700003152304 for borrower 55860 (cardnumber=28700011583211)	response times (in ms) for run 62 : 887[OK]
>>> Checkin barcode 38700006498647 for borrower 1656 (cardnumber=287000010059380)	response times (in ms) for run 41 : 1953[OK]
>>> Checkin barcode 38700008352883 for borrower 49349 (cardnumber=28700011426627)	response times (in ms) for run 52 : 1185[OK]
>>> Checkin barcode 38700001286419 for borrower 2489 (cardnumber=28700010771023)	response times (in ms) for run 98 : 322[OK]
>>> Checkin barcode 58700001349030 for borrower 54695 (cardnumber=28700011561530)	response times (in ms) for run 78 : 883[OK]
>>> Checkin barcode 38700005304861 for borrower 339 (cardnumber=28700011506576)	response times (in ms) for run 25 : 9227[OK]
>>> Checkin barcode 58700001442827 for borrower 18115 (cardnumber=28700012003359)	response times (in ms) for run 85 : 884[OK]
>>> Checkin barcode 38700009254658 for borrower 29779 (cardnumber=28700011267005)	response times (in ms) for run 10 : 2040[OK]
>>> Checkin barcode 38700008705122 for borrower 45058 (cardnumber=28700011614412)	response times (in ms) for run 68 : 892[OK]
>>> Checkin barcode 38700006774310 for borrower 169 (cardnumber=28700000170988)	response times (in ms) for run 56 : 763[OK]
>>> Checkin barcode 38700007557516 for borrower 19910 (cardnumber=28700011421990)	response times (in ms) for run 44 : 1260[OK]
>>> Checkin barcode 38700006859210 for borrower 20802 (cardnumber=28700011180315)	response times (in ms) for run 89 : 754[OK]
>>> Checkin barcode 38700006454772 for borrower 372 (cardnumber=287000010062571)	response times (in ms) for run 2 : 1965[OK]
>>> Checkin barcode 38700002612043 for borrower 33604 (cardnumber=28700011463125)	response times (in ms) for run 33 : 2433[OK]
>>> Checkin barcode 58700001680376 for borrower 67903 (cardnumber=28700012009422)	response times (in ms) for run 24 : 2377[OK]
>>> Checkin barcode 58700001529664 for borrower 59313 (cardnumber=28700011588632)	response times (in ms) for run 88 : 758[OK]
>>> Checkin barcode 38700007615215 for borrower 52762 (cardnumber=28700012000751)	response times (in ms) for run 92 : 761[OK]
>>> Checkin barcode 38700001324228 for borrower 5823 (cardnumber=28700010974908)	response times (in ms) for run 94 : 321[OK]
>>> Checkin barcode 38700008197056 for borrower 61972 (cardnumber=28700011555615)	response times (in ms) for run 63 : 886[OK]
>>> Checkin barcode 38700003376929 for borrower 62775 (cardnumber=28700011683813)	response times (in ms) for run 93 : 323[OK]
>>> Checkin barcode 38700003958395 for borrower 65782 (cardnumber=28700012031533)	response times (in ms) for run 91 : 756[OK]

