
30/08/2011 11:21:26  Authentication successful
30/08/2011 11:21:26  Auth:
<?xml version='1.0' standalone='yes'?>
<response>
  <status>ok</status>
</response>

30/08/2011 11:21:41  Authentication successful
30/08/2011 11:21:41  Auth:
<?xml version='1.0' standalone='yes'?>
<response>
  <status>ok</status>
</response>

30/08/2011 11:25:17 
>>> Checkout barcode 38700001390195 for borrower 5717	response times (in ms) for run 28 : 2114[OK]
>>> Checkout barcode 38700002669209 for borrower 1851	response times (in ms) for run 32 : 2129[OK]
>>> Checkout barcode 38700006883103 for borrower 4482	response times (in ms) for run 17 : 1275[OK]
>>> Checkout barcode 38700002650985 for borrower 36	response times (in ms) for run 90 : 1318[OK]
>>> Checkout barcode 38700004207941 for borrower 1114	response times (in ms) for run 57 : 19359[OK]
>>> Checkout barcode 38700003853661 for borrower 1372	response times (in ms) for run 50 : 1219[OK]
>>> Checkout barcode 38700001319087 for borrower 7849	response times (in ms) for run 42 : 2028[OK]
>>> Checkout barcode 38700005044590 for borrower 3267	response times (in ms) for run 67 : 1312[OK]
>>> Checkout barcode 38700007869812 for borrower 2065	response times (in ms) for run 39 : 1278[OK]
>>> Checkout barcode 38700001683193 for borrower 3236	response times (in ms) for run 99 : 900[OK]
>>> Checkout barcode 38700004285616 for borrower 7345	response times (in ms) for run 15 : 2115[OK]
>>> Checkout barcode 38700004023454 for borrower 8764	response times (in ms) for run 18 : 2056[OK]
>>> Checkout barcode 38700004204682 for borrower 8456	response times (in ms) for run 69 : 2070[OK]
>>> Checkout barcode 38700000112038 for borrower 8921	response times (in ms) for run 46 : 2140[OK]
>>> Checkout barcode 38700001636712 for borrower 4030	response times (in ms) for run 84 : 2068[OK]
>>> Checkout barcode 38700002030162 for borrower 361	response times (in ms) for run 81 : 1383[OK]
>>> Checkout barcode 38700003984763 for borrower 5932	response times (in ms) for run 19 : 2061[OK]
>>> Checkout barcode 38700011801280 for borrower 371	response times (in ms) for run 3 : 2043[OK]
>>> Checkout barcode 38700003105484 for borrower 2850	response times (in ms) for run 36 : 2064[OK]
>>> Checkout barcode 38700004319084 for borrower 9164	response times (in ms) for run 40 : 1252[OK]
>>> Checkout barcode 58700001713375 for borrower 7699	response times (in ms) for run 9 : 2140[OK]
>>> Checkout barcode 38700000112061 for borrower 4381	response times (in ms) for run 76 : 2093[OK]
>>> Checkout barcode 38700004001112 for borrower 5546	response times (in ms) for run 70 : 3205[OK]
>>> Checkout barcode 58700002079750 for borrower 1490	response times (in ms) for run 64 : 2825[OK]
>>> Checkout barcode 38700006081237 for borrower 4943	response times (in ms) for run 4 : 1279[OK]
>>> Checkout barcode 58700001727458 for borrower 2	response times (in ms) for run 35 : 3939[OK]
>>> Checkout barcode 38700000098310 for borrower 6377	response times (in ms) for run 73 : 2042[OK]
>>> Checkout barcode 38700004314838 for borrower 4700	response times (in ms) for run 59 : 2114[OK]
>>> Checkout barcode 38700004194966 for borrower 5822	response times (in ms) for run 12 : 2813[OK]
>>> Checkout barcode 38700001263236 for borrower 1408	response times (in ms) for run 82 : 1412[OK]
>>> Checkout barcode 38700001863936 for borrower 5049	response times (in ms) for run 43 : 1223[OK]
>>> Checkout barcode 38700004304995 for borrower 1243	response times (in ms) for run 51 : 3323[OK]
>>> Checkout barcode 38700008650716 for borrower 3327	response times (in ms) for run 6 : 1224[OK]
>>> Checkout barcode 38700008636665 for borrower 4752	response times (in ms) for run 13 : 2136[OK]
>>> Checkout barcode 38700001316695 for borrower 7474	response times (in ms) for run 21 : 2296[OK]
>>> Checkout barcode 38700004371275 for borrower 3062	response times (in ms) for run 8 : 2122[OK]
>>> Checkout barcode 38700001264093 for borrower 364	response times (in ms) for run 54 : 2277[OK]
>>> Checkout barcode 38700001366583 for borrower 779	response times (in ms) for run 16 : 2130[OK]
>>> Checkout barcode 38700004404670 for borrower 1976	response times (in ms) for run 20 : 1266[OK]
>>> Checkout barcode 38700004214194 for borrower 7699	response times (in ms) for run 60 : 3417[OK]
>>> Checkout barcode 38700003727469 for borrower 6156	response times (in ms) for run 75 : 2119[OK]
>>> Checkout barcode 38700003106896 for borrower 4598	response times (in ms) for run 7 : 2073[OK]
>>> Checkout barcode 38700004114402 for borrower 2744	response times (in ms) for run 86 : 2041[OK]
>>> Checkout barcode 38700004289113 for borrower 653	response times (in ms) for run 31 : 1311[OK]
>>> Checkout barcode 38700003899813 for borrower 2312	response times (in ms) for run 55 : 2101[OK]
>>> Checkout barcode 38700006454772 for borrower 2964	response times (in ms) for run 27 : 2293[OK]
>>> Checkout barcode 38700001792531 for borrower 2362	response times (in ms) for run 38 : 2953[OK]
>>> Checkout barcode 38700004464682 for borrower 4939	response times (in ms) for run 83 : 2111[OK]
>>> Checkout barcode 38700007362610 for borrower 4509	response times (in ms) for run 66 : 2247[OK]
>>> Checkout barcode 38700001875864 for borrower 6793	response times (in ms) for run 48 : 1218[OK]
>>> Checkout barcode 38700003920346 for borrower 5198	response times (in ms) for run 45 : 1942[OK]
>>> Checkout barcode 38700004315512 for borrower 6156	response times (in ms) for run 71 : 1297[OK]
>>> Checkout barcode 38700005528915 for borrower 7063	response times (in ms) for run 14 : 2170[OK]
>>> Checkout barcode 456392 for borrower 2349	response times (in ms) for run 29 : 2193[OK]
>>> Checkout barcode 38700003912277 for borrower 5499	response times (in ms) for run 87 : 2088[OK]
>>> Checkout barcode 38700003572576 for borrower 8131	response times (in ms) for run 77 : 1385[OK]
>>> Checkout barcode 38700003959997 for borrower 5434	response times (in ms) for run 1 : 2054[OK]
>>> Checkout barcode 38700006370481 for borrower 4809	response times (in ms) for run 65 : 2055[OK]
>>> Checkout barcode 38700008801251 for borrower 6750	response times (in ms) for run 37 : 2113[OK]
>>> Checkout barcode 38700002571017 for borrower 7335	response times (in ms) for run 34 : 2071[OK]
>>> Checkout barcode 38700002027663 for borrower 5090	response times (in ms) for run 0 : 2074[OK]
>>> Checkout barcode 38700002776764 for borrower 47	response times (in ms) for run 74 : 2082[OK]
>>> Checkout barcode 38700005019436 for borrower 5255	response times (in ms) for run 26 : 2117[OK]
>>> Checkout barcode 38700002875954 for borrower 3234	response times (in ms) for run 97 : 1562[OK]
>>> Checkout barcode 38700003918571 for borrower 1952	response times (in ms) for run 5 : 1576[OK]
>>> Checkout barcode 38700004164100 for borrower 511	response times (in ms) for run 22 : 3943[OK]
>>> Checkout barcode 38700001362103 for borrower 423	response times (in ms) for run 72 : 2048[OK]
>>> Checkout barcode 38700004384211 for borrower 6121	response times (in ms) for run 79 : 1302[OK]
>>> Checkout barcode 38700004289501 for borrower 1344	response times (in ms) for run 47 : 2084[OK]
>>> Checkout barcode 38700002259043 for borrower 7843	response times (in ms) for run 61 : 2069[OK]
>>> Checkout barcode 38700003972438 for borrower 5252	response times (in ms) for run 95 : 1336[OK]
>>> Checkout barcode 38700001361865 for borrower 1379	response times (in ms) for run 30 : 2396[OK]
>>> Checkout barcode 38700001233593 for borrower 5211	response times (in ms) for run 96 : 1541[OK]
>>> Checkout barcode 38700003962033 for borrower 3942	response times (in ms) for run 80 : 2175[OK]
>>> Checkout barcode 38700004287901 for borrower 3513	response times (in ms) for run 11 : 2059[OK]
>>> Checkout barcode 38700000100397 for borrower 3749	response times (in ms) for run 23 : 2326[OK]
>>> Checkout barcode 38700005600292 for borrower 5155	response times (in ms) for run 53 : 2190[OK]
>>> Checkout barcode 38700006582481 for borrower 6075	response times (in ms) for run 58 : 2109[OK]
>>> Checkout barcode 38700003854164 for borrower 8833	response times (in ms) for run 49 : 1242[OK]
>>> Checkout barcode 38700007611818 for borrower 7289	response times (in ms) for run 62 : 2096[OK]
>>> Checkout barcode 38700004252889 for borrower 7843	response times (in ms) for run 41 : 2036[OK]
>>> Checkout barcode 58700002279467 for borrower 7	response times (in ms) for run 52 : 2286[OK]
>>> Checkout barcode 38700006555453 for borrower 2312	response times (in ms) for run 98 : 911[OK]
>>> Checkout barcode 38700005783015 for borrower 2386	response times (in ms) for run 78 : 1253[OK]
>>> Checkout barcode 38700004276821 for borrower 1126	response times (in ms) for run 25 : 1254[OK]
>>> Checkout barcode 38700001290593 for borrower 8006	response times (in ms) for run 85 : 2092[OK]
>>> Checkout barcode 38700004044849 for borrower 3784	response times (in ms) for run 10 : 2057[OK]
>>> Checkout barcode 38700004469921 for borrower 7042	response times (in ms) for run 68 : 2078[OK]
>>> Checkout barcode 38700003983161 for borrower 5599	response times (in ms) for run 56 : 2145[OK]
>>> Checkout barcode 38700005805388 for borrower 4183	response times (in ms) for run 44 : 2134[OK]
>>> Checkout barcode 38700004053923 for borrower 3506	response times (in ms) for run 89 : 1219[OK]
>>> Checkout barcode 38700006498647 for borrower 4687	response times (in ms) for run 2 : 2087[OK]
>>> Checkout barcode 58700001355615 for borrower 5379	response times (in ms) for run 33 : 2204[OK]
>>> Checkout barcode 38700003920296 for borrower 637	response times (in ms) for run 24 : 1304[OK]
>>> Checkout barcode 38700001739706 for borrower 3803	response times (in ms) for run 88 : 2090[OK]
>>> Checkout barcode 38700002569888 for borrower 5671	response times (in ms) for run 92 : 1308[OK]
>>> Checkout barcode 38700008881303 for borrower 3839	response times (in ms) for run 94 : 1340[OK]
>>> Checkout barcode 38700003808319 for borrower 2536	response times (in ms) for run 63 : 2113[OK]
>>> Checkout barcode 38700002865609 for borrower 2651	response times (in ms) for run 93 : 1294[OK]
>>> Checkout barcode 38700005326641 for borrower 5020	response times (in ms) for run 91 : 1223[OK]

30/08/2011 11:25:21 
>>> Checkout barcode 38700004269388 for borrower 6870	response times (in ms) for run 28 : 2037[OK]
>>> Checkout barcode 38700004143302 for borrower 4252	response times (in ms) for run 32 : 2033[OK]
>>> Checkout barcode 38700004278041 for borrower 3332	response times (in ms) for run 17 : 1226[OK]
>>> Checkout barcode 38700002456755 for borrower 3451	response times (in ms) for run 90 : 893[OK]
>>> Checkout barcode 38700003853737 for borrower 7064	response times (in ms) for run 57 : 1450[OK]
>>> Checkout barcode 38700001898981 for borrower 173	response times (in ms) for run 50 : 2146[OK]
>>> Checkout barcode 58700001590492 for borrower 7843	response times (in ms) for run 42 : 1321[OK]
>>> Checkout barcode 38700003926194 for borrower 3765	response times (in ms) for run 67 : 2350[OK]
>>> Checkout barcode 38700004055522 for borrower 6849	response times (in ms) for run 39 : 2039[OK]
>>> Checkout barcode 38700006306287 for borrower 6704	response times (in ms) for run 99 : 326[OK]
>>> Checkout barcode 38700004163805 for borrower 7317	response times (in ms) for run 15 : 2073[OK]
>>> Checkout barcode 38700001792531 for borrower 595	response times (in ms) for run 18 : 2201[OK]
>>> Checkout barcode 38700003176204 for borrower 6197	response times (in ms) for run 69 : 2116[OK]
>>> Checkout barcode 38700004287455 for borrower 87	response times (in ms) for run 46 : 2076[OK]
>>> Checkout barcode 38700003378115 for borrower 1396	response times (in ms) for run 84 : 3086[OK]
>>> Checkout barcode 38700003919801 for borrower 8950	response times (in ms) for run 81 : 1265[OK]
>>> Checkout barcode 38700001242545 for borrower 196	response times (in ms) for run 19 : 3446[OK]
>>> Checkout barcode 38700002862291 for borrower 2120	response times (in ms) for run 3 : 2075[OK]
>>> Checkout barcode 38700004204732 for borrower 7699	response times (in ms) for run 36 : 2149[OK]
>>> Checkout barcode 38700003918613 for borrower 2713	response times (in ms) for run 40 : 2111[OK]
>>> Checkout barcode 58700001724398 for borrower 4878	response times (in ms) for run 9 : 5966[OK]
>>> Checkout barcode 38700003986487 for borrower 1665	response times (in ms) for run 76 : 2104[OK]
>>> Checkout barcode 38700001284125 for borrower 5452	response times (in ms) for run 70 : 2360[OK]
>>> Checkout barcode 38700004206117 for borrower 427	response times (in ms) for run 64 : 2215[OK]
>>> Checkout barcode 38700001316562 for borrower 2810	response times (in ms) for run 4 : 1284[OK]
>>> Checkout barcode 38700003958593 for borrower 9034	response times (in ms) for run 35 : 2214[OK]
>>> Checkout barcode 38700001560623 for borrower 6000	response times (in ms) for run 73 : 2072[OK]
>>> Checkout barcode 38700001235101 for borrower 2969	response times (in ms) for run 59 : 2146[OK]
>>> Checkout barcode 38700005699252 for borrower 5513	response times (in ms) for run 12 : 1268[OK]
>>> Checkout barcode 38700007171433 for borrower 5583	response times (in ms) for run 82 : 1316[OK]
>>> Checkout barcode 38700004273083 for borrower 2532	response times (in ms) for run 43 : 1347[OK]
>>> Checkout barcode 38700005231296 for borrower 7064	response times (in ms) for run 51 : 2218[OK]
>>> Checkout barcode 58700001403894 for borrower 2475	response times (in ms) for run 6 : 2140[OK]
>>> Checkout barcode 38700001764092 for borrower 3412	response times (in ms) for run 13 : 2061[OK]
>>> Checkout barcode 38700005005773 for borrower 6862	response times (in ms) for run 21 : 1246[OK]
>>> Checkout barcode 38700005142535 for borrower 8514	response times (in ms) for run 8 : 2111[OK]
>>> Checkout barcode 38700006048905 for borrower 4852	response times (in ms) for run 54 : 2140[OK]
>>> Checkout barcode 38700004347820 for borrower 1589	response times (in ms) for run 16 : 2027[OK]
>>> Checkout barcode 38700003970663 for borrower 5823	response times (in ms) for run 20 : 2355[OK]
>>> Checkout barcode 58700001504030 for borrower 4894	response times (in ms) for run 60 : 2297[OK]
>>> Checkout barcode 38700003817278 for borrower 3908	response times (in ms) for run 75 : 2069[OK]
>>> Checkout barcode 38700004194966 for borrower 3332	response times (in ms) for run 7 : 2063[OK]
>>> Checkout barcode 38700001362004 for borrower 7210	response times (in ms) for run 86 : 1254[OK]
>>> Checkout barcode 38700003880474 for borrower 5046	response times (in ms) for run 31 : 1380[OK]
>>> Checkout barcode 58700002079750 for borrower 1832	response times (in ms) for run 55 : 2106[OK]
>>> Checkout barcode 38700003874600 for borrower 5170	response times (in ms) for run 27 : 1322[OK]
>>> Checkout barcode 58700001397401 for borrower 5769	response times (in ms) for run 38 : 1234[OK]
>>> Checkout barcode 38700003899813 for borrower 7843	response times (in ms) for run 83 : 2894[OK]
>>> Checkout barcode 38700011581213 for borrower 8591	response times (in ms) for run 66 : 2097[OK]
>>> Checkout barcode 38700004315512 for borrower 792	response times (in ms) for run 48 : 1253[OK]
>>> Checkout barcode 58700001538954 for borrower 5020	response times (in ms) for run 45 : 1374[OK]
>>> Checkout barcode 38700004236809 for borrower 4146	response times (in ms) for run 71 : 2256[OK]
>>> Checkout barcode 38700005013884 for borrower 8930	response times (in ms) for run 14 : 2078[OK]
>>> Checkout barcode 38700003694172 for borrower 7469	response times (in ms) for run 29 : 2027[OK]
>>> Checkout barcode 38700001875864 for borrower 6253	response times (in ms) for run 87 : 1256[OK]
>>> Checkout barcode 38700008826241 for borrower 4802	response times (in ms) for run 77 : 2064[OK]
>>> Checkout barcode 38700001288498 for borrower 2845	response times (in ms) for run 1 : 1999[OK]
>>> Checkout barcode 38700003910420 for borrower 2591	response times (in ms) for run 65 : 1216[OK]
>>> Checkout barcode 38700008464910 for borrower 4612	response times (in ms) for run 37 : 1429[OK]
>>> Checkout barcode 38700003828804 for borrower 1613	response times (in ms) for run 34 : 1261[OK]
>>> Checkout barcode 38700002449305 for borrower 5008	response times (in ms) for run 0 : 2048[OK]
>>> Checkout barcode 58700001230875 for borrower 8137	response times (in ms) for run 74 : 2136[OK]
>>> Checkout barcode 38700007329064 for borrower 4687	response times (in ms) for run 26 : 2073[OK]
>>> Checkout barcode 38700004239589 for borrower 6233	response times (in ms) for run 97 : 327[OK]
>>> Checkout barcode 38700001328187 for borrower 4893	response times (in ms) for run 5 : 2075[OK]
>>> Checkout barcode 38700004161106 for borrower 70	response times (in ms) for run 22 : 2082[OK]
>>> Checkout barcode 38700001237750 for borrower 3758	response times (in ms) for run 72 : 1417[OK]
>>> Checkout barcode 38700002776764 for borrower 8942	response times (in ms) for run 79 : 2863[OK]
>>> Checkout barcode 38700001303701 for borrower 8362	response times (in ms) for run 47 : 2116[OK]
>>> Checkout barcode 38700002652643 for borrower 6600	response times (in ms) for run 61 : 2070[OK]
>>> Checkout barcode 38700003971703 for borrower 6388	response times (in ms) for run 95 : 330[OK]
>>> Checkout barcode 38700001661470 for borrower 5243	response times (in ms) for run 30 : 2295[OK]
>>> Checkout barcode 38700003880524 for borrower 3030	response times (in ms) for run 96 : 324[OK]
>>> Checkout barcode 38700003873784 for borrower 4153	response times (in ms) for run 80 : 1503[OK]
>>> Checkout barcode 38700004001112 for borrower 4298	response times (in ms) for run 11 : 2046[OK]
>>> Checkout barcode 38700004077468 for borrower 8422	response times (in ms) for run 23 : 1288[OK]
>>> Checkout barcode 38700004100278 for borrower 5092	response times (in ms) for run 53 : 2074[OK]
>>> Checkout barcode 38700005504437 for borrower 5051	response times (in ms) for run 58 : 1448[OK]
>>> Checkout barcode 38700002136340 for borrower 8875	response times (in ms) for run 49 : 2215[OK]
>>> Checkout barcode 58700002282263 for borrower 3790	response times (in ms) for run 62 : 2095[OK]
>>> Checkout barcode 38700003810026 for borrower 2475	response times (in ms) for run 41 : 2317[OK]
>>> Checkout barcode 38700003926293 for borrower 6914	response times (in ms) for run 52 : 2195[OK]
>>> Checkout barcode 38700005401477 for borrower 2948	response times (in ms) for run 98 : 324[OK]
>>> Checkout barcode 38700003918654 for borrower 1818	response times (in ms) for run 78 : 1343[OK]
>>> Checkout barcode 38700002606037 for borrower 1865	response times (in ms) for run 25 : 45367[OK]
>>> Checkout barcode 38700005190609 for borrower 1536	response times (in ms) for run 85 : 3388[OK]
>>> Checkout barcode 38700005946679 for borrower 1851	response times (in ms) for run 10 : 2125[OK]
>>> Checkout barcode 38700003808418 for borrower 9268	response times (in ms) for run 68 : 2069[OK]
>>> Checkout barcode 38700004214319 for borrower 1344	response times (in ms) for run 56 : 2361[OK]
>>> Checkout barcode 38700008617665 for borrower 4291	response times (in ms) for run 44 : 2160[OK]
>>> Checkout barcode 38700003920346 for borrower 8325	response times (in ms) for run 89 : 3619[OK]
>>> Checkout barcode 38700006719224 for borrower 465	response times (in ms) for run 2 : 2213[OK]
>>> Checkout barcode 38700003672152 for borrower 2810	response times (in ms) for run 33 : 2126[OK]
>>> Checkout barcode 38700003965200 for borrower 8542	response times (in ms) for run 24 : 2028[OK]
>>> Checkout barcode 38700004023454 for borrower 406	response times (in ms) for run 88 : 1249[OK]
>>> Checkout barcode 38700002136290 for borrower 7242	response times (in ms) for run 92 : 558[OK]
>>> Checkout barcode 38700006737739 for borrower 3642	response times (in ms) for run 94 : 129[OK]
>>> Checkout barcode 58700001686365 for borrower 4341	response times (in ms) for run 63 : 2108[OK]
>>> Checkout barcode 38700001316646 for borrower 196	response times (in ms) for run 93 : 485[OK]
>>> Checkout barcode 38700006370481 for borrower 1783	response times (in ms) for run 91 : 1100[OK]

30/08/2011 11:25:31 
>>> Checkin barcode 38700003999381 for borrower 10522 (cardnumber=28700011690560)	response times (in ms) for run 28 : 3[OK]
>>> Checkin barcode 38700006527148 for borrower 3314 (cardnumber=28700011677450)	response times (in ms) for run 32 : 3[OK]
>>> Checkin barcode 38700006281639 for borrower 1639 (cardnumber=28700000547771)	response times (in ms) for run 17 : 39[OK]
>>> Checkin barcode 38700005949541 for borrower 29910 (cardnumber=28700011078394)	response times (in ms) for run 90 : 325[OK]
>>> Checkin barcode 38700008160567 for borrower 29381 (cardnumber=28700011277293)	response times (in ms) for run 57 : 3[OK]
>>> Checkin barcode 38700003963312 for borrower 5820 (cardnumber=287000010054935)	response times (in ms) for run 50 : 3[OK]
>>> Checkin barcode 58700001319363 for borrower 119 (cardnumber=28700011391219)	response times (in ms) for run 42 : 3[OK]
>>> Checkin barcode 38700000108085 for borrower 8583 (cardnumber=28700011159582)	response times (in ms) for run 67 : 3[OK]
>>> Checkin barcode 38700006402557 for borrower 50450 (cardnumber=28700011469551)	response times (in ms) for run 39 : 3[OK]
>>> Checkin barcode 48700001021350 for borrower 56183 (cardnumber=28700011575696)	response times (in ms) for run 99 : 323[OK]
>>> Checkin barcode 38700007300446 for borrower 62932 (cardnumber=28700011687210)	response times (in ms) for run 15 : 84[OK]
>>> Checkin barcode 38700007844716 for borrower 62239 (cardnumber=28700011587113)	response times (in ms) for run 18 : 4[OK]
>>> Checkin barcode 58700001017884 for borrower 54696 (cardnumber=28700011561548)	response times (in ms) for run 69 : 3[OK]
>>> Checkin barcode 38700010090216 for borrower 63668 (cardnumber=28700011693432)	response times (in ms) for run 46 : 3[OK]
>>> Checkin barcode 38700005900684 for borrower 63964 (cardnumber=28700011686956)	response times (in ms) for run 84 : 130[OK]
>>> Checkin barcode 38700009263840 for borrower 15871 (cardnumber=28700011576462)	response times (in ms) for run 81 : 140[OK]
>>> Checkin barcode 38700009233447 for borrower 61314 (cardnumber=28700011653642)	response times (in ms) for run 19 : 4[OK]
>>> Checkin barcode 58700001529664 for borrower 59313 (cardnumber=28700011588632)	response times (in ms) for run 3 : 203[OK]
>>> Checkin barcode 38700010226158 for borrower 378 (cardnumber=287000010023237)	response times (in ms) for run 36 : 3[OK]
>>> Checkin barcode 38700008876584 for borrower 24211 (cardnumber=28700010814690)	response times (in ms) for run 40 : 3[OK]
>>> Checkin barcode 38700001248427 for borrower 4700 (cardnumber=28700000638059)	response times (in ms) for run 9 : 325[OK]
>>> Checkin barcode 38700006697719 for borrower 67958 (cardnumber=28700012019298)	response times (in ms) for run 76 : 324[OK]
>>> Checkin barcode 38700007615215 for borrower 52762 (cardnumber=28700012000751)	response times (in ms) for run 70 : 326[OK]
>>> Checkin barcode 38700001700153 for borrower 4221 (cardnumber=28700013061653)	response times (in ms) for run 64 : 3[OK]
>>> Checkin barcode 38700008150204 for borrower 54877 (cardnumber=28700012013721)	response times (in ms) for run 4 : 625[OK]
>>> Checkin barcode 38700002950443 for borrower 61134 (cardnumber=28700011631838)	response times (in ms) for run 35 : 4[OK]
>>> Checkin barcode 38700008408172 for borrower 59313 (cardnumber=28700011588632)	response times (in ms) for run 73 : 84[OK]
>>> Checkin barcode 38700001699611 for borrower 6182 (cardnumber=28700010758533)	response times (in ms) for run 59 : 3[OK]
>>> Checkin barcode 38700006231584 for borrower 454 (cardnumber=28700010668617)	response times (in ms) for run 12 : 337[OK]
>>> Checkin barcode 38700005964821 for borrower 26770 (cardnumber=28700012031202)	response times (in ms) for run 82 : 519[OK]
>>> Checkin barcode 58700001570627 for borrower 59632 (cardnumber=28700011588020)	response times (in ms) for run 43 : 3[OK]
>>> Checkin barcode 58700002091102 for borrower 66741 (cardnumber=28700011537233)	response times (in ms) for run 51 : 3[OK]
>>> Checkin barcode 38700011972412 for borrower 66588 (cardnumber=28700011538330)	response times (in ms) for run 6 : 322[OK]
>>> Checkin barcode 38700011525947 for borrower 66273 (cardnumber=28700011643221)	response times (in ms) for run 13 : 329[OK]
>>> Checkin barcode 38700006555685 for borrower 964 (cardnumber=28700011262030)	response times (in ms) for run 21 : 4[OK]
>>> Checkin barcode 38700003410041 for borrower 59313 (cardnumber=28700011588632)	response times (in ms) for run 8 : 322[OK]
>>> Checkin barcode 38700003865277 for borrower 26112 (cardnumber=28700011626713)	response times (in ms) for run 54 : 4[OK]
>>> Checkin barcode 38700006491576 for borrower 61383 (cardnumber=28700011652586)	response times (in ms) for run 16 : 62[OK]
>>> Checkin barcode 38700011722635 for borrower 23132 (cardnumber=28700010768862)	response times (in ms) for run 20 : 4[OK]
>>> Checkin barcode 38700008296643 for borrower 14194 (cardnumber=28700011645234)	response times (in ms) for run 60 : 3[OK]
>>> Checkin barcode 38700009229767 for borrower 66757 (cardnumber=28700011537282)	response times (in ms) for run 75 : 329[OK]
>>> Checkin barcode 38700008240021 for borrower 52175 (cardnumber=28700011508960)	response times (in ms) for run 7 : 321[OK]
>>> Checkin barcode 478570 for borrower 30313 (cardnumber=28700011099283)	response times (in ms) for run 86 : 324[OK]
>>> Checkin barcode 58700001574785 for borrower 58919 (cardnumber=28700011618348)	response times (in ms) for run 31 : 3[OK]
>>> Checkin barcode 38700006623012 for borrower 55860 (cardnumber=28700011583211)	response times (in ms) for run 55 : 4[OK]
>>> Checkin barcode 38700007797930 for borrower 61380 (cardnumber=28700011652412)	response times (in ms) for run 27 : 4[OK]
>>> Checkin barcode 38700007863062 for borrower 54781 (cardnumber=28700011568089)	response times (in ms) for run 38 : 3[OK]
>>> Checkin barcode 38700007481873 for borrower 25783 (cardnumber=28700010895301)	response times (in ms) for run 83 : 249[OK]
>>> Checkin barcode CDB75526 for borrower 55088 (cardnumber=28700011567339)	response times (in ms) for run 66 : 3[OK]
>>> Checkin barcode 436698 for borrower 22477 (cardnumber=28700011625350)	response times (in ms) for run 48 : 3[OK]
>>> Checkin barcode 38700008954811 for borrower 58747 (cardnumber=28700011644526)	response times (in ms) for run 45 : 3[OK]
>>> Checkin barcode 38700006998018 for borrower 46201 (cardnumber=28700011370353)	response times (in ms) for run 71 : 325[OK]
>>> Checkin barcode 38700008623127 for borrower 65908 (cardnumber=28700012033414)	response times (in ms) for run 14 : 163[OK]
>>> Checkin barcode 38700006715438 for borrower 59633 (cardnumber=28700011589242)	response times (in ms) for run 29 : 3[KO]
>>> Checkin barcode 58700001567870 for borrower 49661 (cardnumber=28700011430264)	response times (in ms) for run 87 : 323[OK]
>>> Checkin barcode 38700003978815 for borrower 3745 (cardnumber=28700011277541)	response times (in ms) for run 77 : 139[OK]
>>> Checkin barcode 58700002008320 for borrower 59633 (cardnumber=28700011589242)	response times (in ms) for run 1 : 322[OK]
>>> Checkin barcode 38700003006526 for borrower 66757 (cardnumber=28700011537282)	response times (in ms) for run 65 : 3[OK]
>>> Checkin barcode 58700001318738 for borrower 43964 (cardnumber=28700011310375)	response times (in ms) for run 37 : 3[OK]
>>> Checkin barcode 38700005875050 for borrower 58894 (cardnumber=28700011643908)	response times (in ms) for run 34 : 3[OK]
>>> Checkin barcode 38700007655427 for borrower 19081 (cardnumber=287000010052502)	response times (in ms) for run 0 : 542[OK]
>>> Checkin barcode 38700008773898 for borrower 65892 (cardnumber=28700012034420)	response times (in ms) for run 74 : 324[OK]
>>> Checkin barcode 38700003687143 for borrower 4752 (cardnumber=28700000638109)	response times (in ms) for run 26 : 4[OK]
>>> Checkin barcode 38700003538361 for borrower 68249 (cardnumber=28700012018951)	response times (in ms) for run 97 : 324[OK]
>>> Checkin barcode 38700010052059 for borrower 35529 (cardnumber=28700011191536)	response times (in ms) for run 5 : 330[OK]
>>> Checkin barcode 38700007178818 for borrower 67930 (cardnumber=28700012019959)	response times (in ms) for run 22 : 4[OK]
>>> Checkin barcode 38700006506415 for borrower 15680 (cardnumber=28700011669093)	response times (in ms) for run 72 : 141[OK]
>>> Checkin barcode 38700000753260 for borrower 9047 (cardnumber=28700011084129)	response times (in ms) for run 79 : 38[OK]
>>> Checkin barcode 38700003526952 for borrower 15870 (cardnumber=28700011576512)	response times (in ms) for run 47 : 3[OK]
>>> Checkin barcode 58700001530175 for borrower 59214 (cardnumber=28700011623843)	response times (in ms) for run 61 : 3[OK]
>>> Checkin barcode CDB56090 for borrower 22822 (cardnumber=28700011648089)	response times (in ms) for run 95 : 326[OK]
>>> Checkin barcode 38700008255268 for borrower 47161 (cardnumber=28700011324814)	response times (in ms) for run 30 : 3[OK]
>>> Checkin barcode 38700007832661 for borrower 48456 (cardnumber=28700011416743)	response times (in ms) for run 96 : 325[OK]
>>> Checkin barcode 38700008277833 for borrower 59653 (cardnumber=28700011628974)	response times (in ms) for run 80 : 301[OK]
>>> Checkin barcode 38700011776292 for borrower 52003 (cardnumber=28700011502427)	response times (in ms) for run 11 : 164[OK]
>>> Checkin barcode 58700001563424 for borrower 6110 (cardnumber=28700010719022)	response times (in ms) for run 23 : 4[OK]
>>> Checkin barcode 38700001522615 for borrower 63003 (cardnumber=28700011687707)	response times (in ms) for run 53 : 4[OK]
>>> Checkin barcode 38700010170398 for borrower 68249 (cardnumber=28700012018951)	response times (in ms) for run 58 : 3[OK]
>>> Checkin barcode 48700001038123 for borrower 47132 (cardnumber=28700011387209)	response times (in ms) for run 49 : 3[OK]
>>> Checkin barcode 38700006602537 for borrower 65113 (cardnumber=28700011712372)	response times (in ms) for run 62 : 3[OK]
>>> Checkin barcode 38700005008116 for borrower 18579 (cardnumber=28700001000963)	response times (in ms) for run 41 : 3[OK]
>>> Checkin barcode 38700005981882 for borrower 5868 (cardnumber=287000010053512)	response times (in ms) for run 52 : 3[OK]
>>> Checkin barcode 38700007849582 for borrower 48152 (cardnumber=28700011404830)	response times (in ms) for run 98 : 327[OK]
>>> Checkin barcode 38700009172058 for borrower 59511 (cardnumber=28700011626697)	response times (in ms) for run 78 : 85[OK]
>>> Checkin barcode 38700008267503 for borrower 444 (cardnumber=28700010806357)	response times (in ms) for run 25 : 4[OK]
>>> Checkin barcode 38700008682909 for borrower 45058 (cardnumber=28700011614412)	response times (in ms) for run 85 : 325[OK]
>>> Checkin barcode 38700009303265 for borrower 51382 (cardnumber=28700011473108)	response times (in ms) for run 10 : 330[OK]
>>> Checkin barcode 38700007314264 for borrower 52995 (cardnumber=28700011510164)	response times (in ms) for run 68 : 3[OK]
>>> Checkin barcode 38700007096812 for borrower 963 (cardnumber=28700010909508)	response times (in ms) for run 56 : 3[OK]
>>> Checkin barcode 38700003861896 for borrower 52629 (cardnumber=28700011510057)	response times (in ms) for run 44 : 3[OK]
>>> Checkin barcode 38700004131315 for borrower 63964 (cardnumber=28700011686956)	response times (in ms) for run 89 : 324[OK]
>>> Checkin barcode 38700004309705 for borrower 2369 (cardnumber=28700011380741)	response times (in ms) for run 2 : 491[OK]
>>> Checkin barcode 38700008582950 for borrower 4903 (cardnumber=28700011259317)	response times (in ms) for run 33 : 3[OK]
>>> Checkin barcode 38700003152304 for borrower 55860 (cardnumber=28700011583211)	response times (in ms) for run 24 : 4[OK]
>>> Checkin barcode 38700008192644 for borrower 38746 (cardnumber=28700011245142)	response times (in ms) for run 88 : 325[OK]
>>> Checkin barcode 38700004318821 for borrower 36116 (cardnumber=28700010910902)	response times (in ms) for run 92 : 323[OK]
>>> Checkin barcode 38700006062377 for borrower 59313 (cardnumber=28700011588632)	response times (in ms) for run 94 : 322[OK]
>>> Checkin barcode 38700004262664 for borrower 20482 (cardnumber=28700011717975)	response times (in ms) for run 63 : 3[OK]
>>> Checkin barcode 38700009009755 for borrower 63319 (cardnumber=28700011690586)	response times (in ms) for run 93 : 325[OK]
>>> Checkin barcode 38700002179191 for borrower 7497 (cardnumber=28700000664139)	response times (in ms) for run 91 : 324[OK]

30/08/2011 11:27:14 
>>> Checkin barcode 38700008505951 for borrower 45423 (cardnumber=28700011711853)	response times (in ms) for run 28 : 2370[OK]
>>> Checkin barcode 38700005534764 for borrower 293 (cardnumber=28700000802523)	response times (in ms) for run 32 : 1991[OK]
>>> Checkin barcode 38700000059270 for borrower 67958 (cardnumber=28700012019298)	response times (in ms) for run 17 : 324[OK]
>>> Checkin barcode 38700004100260 for borrower 792 (cardnumber=28700011422378)	response times (in ms) for run 90 : 1081[OK]
>>> Checkin barcode 38700007615215 for borrower 52762 (cardnumber=28700012000751)	response times (in ms) for run 57 : 1191[OK]
>>> Checkin barcode 38700005369401 for borrower 54634 (cardnumber=28700011563767)	response times (in ms) for run 50 : 1221[OK]
>>> Checkin barcode 38700001636563 for borrower 5337 (cardnumber=287000010060441)	response times (in ms) for run 42 : 1957[OK]
>>> Checkin barcode 38700011722635 for borrower 23132 (cardnumber=28700010768862)	response times (in ms) for run 67 : 1206[OK]
>>> Checkin barcode 38700008898729 for borrower 60916 (cardnumber=28700012016963)	response times (in ms) for run 39 : 2347[OK]
>>> Checkin barcode 38700009307357 for borrower 25524 (cardnumber=28700011460980)	response times (in ms) for run 99 : 203[OK]
>>> Checkin barcode 38700007329023 for borrower 454 (cardnumber=28700010668617)	response times (in ms) for run 15 : 325[OK]
>>> Checkin barcode 38700008496151 for borrower 3314 (cardnumber=28700011677450)	response times (in ms) for run 18 : 323[OK]
>>> Checkin barcode 38700011131308 for borrower 65113 (cardnumber=28700011712372)	response times (in ms) for run 69 : 1095[OK]
>>> Checkin barcode 38700007437271 for borrower 65113 (cardnumber=28700011712372)	response times (in ms) for run 46 : 1300[OK]
>>> Checkin barcode 38700006667803 for borrower 54772 (cardnumber=28700011563999)	response times (in ms) for run 84 : 1082[OK]
>>> Checkin barcode 38700008668072 for borrower 60005 (cardnumber=28700012014117)	response times (in ms) for run 81 : 1081[OK]
>>> Checkin barcode 38700008192644 for borrower 38746 (cardnumber=28700011245142)	response times (in ms) for run 19 : 323[OK]
>>> Checkin barcode 38700004198728 for borrower 359 (cardnumber=28700011442624)	response times (in ms) for run 3 : 325[OK]
>>> Checkin barcode 38700008737570 for borrower 315 (cardnumber=28700012034099)	response times (in ms) for run 36 : 2881[OK]
>>> Checkin barcode 38700005506895 for borrower 29381 (cardnumber=28700011277293)	response times (in ms) for run 40 : 2469[OK]
>>> Checkin barcode 38700011959146 for borrower 2259 (cardnumber=28700011660647)	response times (in ms) for run 9 : 331[OK]
>>> Checkin barcode 38700011283489 for borrower 53537 (cardnumber=28700011527051)	response times (in ms) for run 76 : 1080[OK]
>>> Checkin barcode 38700011141851 for borrower 52003 (cardnumber=28700011502427)	response times (in ms) for run 70 : 1095[OK]
>>> Checkin barcode 38700006139167 for borrower 29977 (cardnumber=28700011088799)	response times (in ms) for run 64 : 1199[OK]
>>> Checkin barcode 38700009353625 for borrower 65724 (cardnumber=28700011710962)	response times (in ms) for run 4 : 549[OK]
>>> Checkin barcode 38700004264702 for borrower 413 (cardnumber=28700010827155)	response times (in ms) for run 35 : 1958[OK]
>>> Checkin barcode 58700001640180 for borrower 61271 (cardnumber=28700011651885)	response times (in ms) for run 73 : 1099[OK]
>>> Checkin barcode 38700007249387 for borrower 60935 (cardnumber=28700011625509)	response times (in ms) for run 59 : 1191[OK]
>>> Checkin barcode 38700005013884 for borrower 8930 (cardnumber=28700010772963)	response times (in ms) for run 12 : 327[OK]
>>> Checkin barcode 38700007300446 for borrower 62932 (cardnumber=28700011687210)	response times (in ms) for run 82 : 1086[OK]
>>> Checkin barcode 38700003958395 for borrower 65782 (cardnumber=28700012031533)	response times (in ms) for run 43 : 2458[OK]
>>> Checkin barcode 38700011123867 for borrower 53740 (cardnumber=28700011521963)	response times (in ms) for run 51 : 1217[OK]
>>> Checkin barcode 38700004392834 for borrower 3936 (cardnumber=28700011584359)	response times (in ms) for run 6 : 342[OK]
>>> Checkin barcode 38700006314554 for borrower 1382 (cardnumber=28700010665134)	response times (in ms) for run 13 : 328[OK]
>>> Checkin barcode 494947 for borrower 66634 (cardnumber=28700011538579)	response times (in ms) for run 21 : 326[OK]
>>> Checkin barcode 38700006062377 for borrower 59313 (cardnumber=28700011588632)	response times (in ms) for run 8 : 514[OK]
>>> Checkin barcode 38700009305674 for borrower 47 (cardnumber=28700011247320)	response times (in ms) for run 54 : 1194[OK]
>>> Checkin barcode 38700005219358 for borrower 59632 (cardnumber=28700011588020)	response times (in ms) for run 16 : 324[OK]
>>> Checkin barcode 38700008820095 for borrower 46780 (cardnumber=28700011679498)	response times (in ms) for run 20 : 324[OK]
>>> Checkin barcode 38700007789879 for borrower 65782 (cardnumber=28700012031533)	response times (in ms) for run 60 : 1197[OK]
>>> Checkin barcode 38700008626526 for borrower 14194 (cardnumber=28700011645234)	response times (in ms) for run 75 : 1081[OK]
>>> Checkin barcode 38700008228380 for borrower 62371 (cardnumber=28700011672683)	response times (in ms) for run 7 : 584[OK]
>>> Checkin barcode 38700006506415 for borrower 15680 (cardnumber=28700011669093)	response times (in ms) for run 86 : 1084[OK]
>>> Checkin barcode 38700000782772 for borrower 24904 (cardnumber=28700011712331)	response times (in ms) for run 31 : 1996[OK]
>>> Checkin barcode 38700007159743 for borrower 7545 (cardnumber=28700011308858)	response times (in ms) for run 55 : 1196[OK]
>>> Checkin barcode 38700006139944 for borrower 65113 (cardnumber=28700011712372)	response times (in ms) for run 27 : 2570[OK]
>>> Checkin barcode 38700004347820 for borrower 1589 (cardnumber=28700010919820)	response times (in ms) for run 38 : 1954[OK]
>>> Checkin barcode 38700009195851 for borrower 6162 (cardnumber=28700001000097)	response times (in ms) for run 83 : 1088[OK]
>>> Checkin barcode 38700000111642 for borrower 7866 (cardnumber=28700010734443)	response times (in ms) for run 66 : 1184[OK]
>>> Checkin barcode 38700007727812 for borrower 45330 (cardnumber=28700011374165)	response times (in ms) for run 48 : 1822[OK]
>>> Checkin barcode 58700001558309 for borrower 57966 (cardnumber=28700011612606)	response times (in ms) for run 45 : 1318[OK]
>>> Checkin barcode 58700001278940 for borrower 26112 (cardnumber=28700011626713)	response times (in ms) for run 71 : 1087[OK]
>>> Checkin barcode 38700008811383 for borrower 15871 (cardnumber=28700011576462)	response times (in ms) for run 14 : 325[OK]
>>> Checkin barcode 38700005949541 for borrower 29910 (cardnumber=28700011078394)	response times (in ms) for run 29 : 2425[OK]
>>> Checkin barcode 38700008705122 for borrower 45058 (cardnumber=28700011614412)	response times (in ms) for run 87 : 1083[OK]
>>> Checkin barcode 38700011972412 for borrower 66588 (cardnumber=28700011538330)	response times (in ms) for run 77 : 1081[OK]
>>> Checkin barcode 38700005779955 for borrower 4809 (cardnumber=287000010052436)	response times (in ms) for run 1 : 339[OK]
>>> Checkin barcode 38700007963342 for borrower 59633 (cardnumber=28700011589242)	response times (in ms) for run 65 : 1216[OK]
>>> Checkin barcode 38700008436413 for borrower 60916 (cardnumber=28700012016963)	response times (in ms) for run 37 : 2414[OK]
>>> Checkin barcode 58700001495783 for borrower 52762 (cardnumber=28700012000751)	response times (in ms) for run 34 : 2369[OK]
>>> Checkin barcode 58700001529664 for borrower 59313 (cardnumber=28700011588632)	response times (in ms) for run 0 : 477[OK]
>>> Checkin barcode CDB17230 for borrower 66588 (cardnumber=28700011538330)	response times (in ms) for run 74 : 1081[OK]
>>> Checkin barcode 58700001457684 for borrower 41797 (cardnumber=28700011522375)	response times (in ms) for run 26 : 2414[OK]
>>> Checkin barcode 38700004309705 for borrower 2369 (cardnumber=28700011380741)	response times (in ms) for run 97 : 205[OK]
>>> Checkin barcode 38700004306073 for borrower 61134 (cardnumber=28700011631838)	response times (in ms) for run 5 : 323[OK]
>>> Checkin barcode 38700003820108 for borrower 3523 (cardnumber=28700000029705)	response times (in ms) for run 22 : 325[OK]
>>> Checkin barcode 38700005922969 for borrower 40094 (cardnumber=28700011277301)	response times (in ms) for run 72 : 1109[OK]
>>> Checkin barcode 38700006402557 for borrower 50450 (cardnumber=28700011469551)	response times (in ms) for run 79 : 1086[OK]
>>> Checkin barcode 38700007718142 for borrower 60916 (cardnumber=28700012016963)	response times (in ms) for run 47 : 1218[OK]
>>> Checkin barcode 38700001833665 for borrower 372 (cardnumber=287000010062571)	response times (in ms) for run 61 : 1264[OK]
>>> Checkin barcode 58700001670617 for borrower 33604 (cardnumber=28700011463125)	response times (in ms) for run 95 : 759[OK]
>>> Checkin barcode 38700004003712 for borrower 7 (cardnumber=28700010737693)	response times (in ms) for run 30 : 2000[OK]
>>> Checkin barcode 38700004315900 for borrower 62922 (cardnumber=28700011651240)	response times (in ms) for run 96 : 205[OK]
>>> Checkin barcode 38700008773898 for borrower 65892 (cardnumber=28700012034420)	response times (in ms) for run 80 : 1090[OK]
>>> Checkin barcode 38700003017317 for borrower 87 (cardnumber=28700011506717)	response times (in ms) for run 11 : 326[OK]
>>> Checkin barcode 38700008885460 for borrower 54877 (cardnumber=28700012013721)	response times (in ms) for run 23 : 325[OK]
>>> Checkin barcode 38700008980584 for borrower 19889 (cardnumber=28700011499988)	response times (in ms) for run 53 : 2107[OK]
>>> Checkin barcode 38700003817294 for borrower 744 (cardnumber=28700011533653)	response times (in ms) for run 58 : 1190[OK]
>>> Checkin barcode 38700003693224 for borrower 43177 (cardnumber=28700011441048)	response times (in ms) for run 49 : 1195[OK]
>>> Checkin barcode 38700008949563 for borrower 59748 (cardnumber=28700011617399)	response times (in ms) for run 62 : 1223[OK]
>>> Checkin barcode 38700006044193 for borrower 38746 (cardnumber=28700011245142)	response times (in ms) for run 41 : 2383[OK]
>>> Checkin barcode 38700001673681 for borrower 5957 (cardnumber=28700000607039)	response times (in ms) for run 52 : 1204[OK]
>>> Checkin barcode 38700007602015 for borrower 45330 (cardnumber=28700011374165)	response times (in ms) for run 98 : 203[OK]
>>> Checkin barcode 38700005964821 for borrower 26770 (cardnumber=28700012031202)	response times (in ms) for run 78 : 1089[OK]
>>> Checkin barcode 58700001503248 for borrower 17726 (cardnumber=28700011258657)	response times (in ms) for run 25 : 324[OK]
>>> Checkin barcode 38700008667454 for borrower 65835 (cardnumber=28700012034073)	response times (in ms) for run 85 : 1080[OK]
>>> Checkin barcode 38700008837669 for borrower 9813 (cardnumber=28700011676353)	response times (in ms) for run 10 : 476[OK]
>>> Checkin barcode 38700008277833 for borrower 59653 (cardnumber=28700011628974)	response times (in ms) for run 68 : 1206[OK]
>>> Checkin barcode 38700006285739 for borrower 209 (cardnumber=287000010053992)	response times (in ms) for run 56 : 1191[OK]
>>> Checkin barcode 38700009229767 for borrower 66757 (cardnumber=28700011537282)	response times (in ms) for run 44 : 1260[OK]
>>> Checkin barcode 38700001328187 for borrower 4893 (cardnumber=28700012072537)	response times (in ms) for run 89 : 1085[OK]
>>> Checkin barcode 58700001067533 for borrower 158 (cardnumber=28700010982547)	response times (in ms) for run 2 : 866[OK]
>>> Checkin barcode 38700006636840 for borrower 54877 (cardnumber=28700012013721)	response times (in ms) for run 33 : 2437[OK]
>>> Checkin barcode 58700001349030 for borrower 54695 (cardnumber=28700011561530)	response times (in ms) for run 24 : 325[OK]
>>> Checkin barcode 38700001522615 for borrower 63003 (cardnumber=28700011687707)	response times (in ms) for run 88 : 1083[OK]
>>> Checkin barcode 38700007001358 for borrower 60916 (cardnumber=28700012016963)	response times (in ms) for run 92 : 1091[OK]
>>> Checkin barcode 38700005164232 for borrower 2895 (cardnumber=28700010898339)	response times (in ms) for run 94 : 1085[OK]
>>> Checkin barcode 58700001227699 for borrower 65113 (cardnumber=28700011712372)	response times (in ms) for run 63 : 1194[OK]
>>> Checkin barcode 38700007205967 for borrower 62628 (cardnumber=28700011677823)	response times (in ms) for run 93 : 1089[OK]
>>> Checkin barcode 38700001361956 for borrower 4891 (cardnumber=287000010039814)	response times (in ms) for run 91 : 1086[OK]

