
30/08/2011 11:48:44  Authentication successful
30/08/2011 11:48:44  Auth:
<?xml version='1.0' standalone='yes'?>
<response>
  <status>ok</status>
</response>

30/08/2011 11:54:14 
>>> Checkout barcode 38700006097639 for borrower 5055	response times (in ms) for run 37 : 13075[OK]
>>> Checkout barcode 38700001303909 for borrower 4878	response times (in ms) for run 28 : 17172[OK]
>>> Checkout barcode 38700004052669 for borrower 4800	response times (in ms) for run 34 : 1212[OK]
>>> Checkout barcode 38700001645531 for borrower 3030	response times (in ms) for run 32 : 8521[OK]
>>> Checkout barcode 38700005396784 for borrower 7064	response times (in ms) for run 17 : 5892[OK]
>>> Checkout barcode 38700003778561 for borrower 3758	response times (in ms) for run 0 : 16715[OK]
>>> Checkout barcode 38700003811800 for borrower 3332	response times (in ms) for run 42 : 5419[OK]
>>> Checkout barcode 38700002030162 for borrower 5685	response times (in ms) for run 39 : 1216[OK]
>>> Checkout barcode 58700001642442 for borrower 6351	response times (in ms) for run 26 : 11950[OK]
>>> Checkout barcode 58700002077044 for borrower 4041	response times (in ms) for run 15 : 6357[OK]
>>> Checkout barcode 38700002109206 for borrower 1303	response times (in ms) for run 22 : 3971[OK]
>>> Checkout barcode 38700001879684 for borrower 3236	response times (in ms) for run 18 : 7877[OK]
>>> Checkout barcode 38700002862945 for borrower 5764	response times (in ms) for run 5 : 9459[OK]
>>> Checkout barcode 38700004273513 for borrower 5015	response times (in ms) for run 46 : 4586[OK]
>>> Checkout barcode 38700003988277 for borrower 6239	response times (in ms) for run 47 : 6697[OK]
>>> Checkout barcode 38700003918878 for borrower 4991	response times (in ms) for run 30 : 1269[OK]
>>> Checkout barcode 38700006804455 for borrower 2861	response times (in ms) for run 19 : 11305[OK]
>>> Checkout barcode 38700004315512 for borrower 860	response times (in ms) for run 3 : 1211[OK]
>>> Checkout barcode 38700001739664 for borrower 1609	response times (in ms) for run 36 : 14862[OK]
>>> Checkout barcode 38700001295311 for borrower 8956	response times (in ms) for run 40 : 15341[OK]
>>> Checkout barcode 38700003810257 for borrower 7272	response times (in ms) for run 23 : 5649[OK]
>>> Checkout barcode 38700001863837 for borrower 2206	response times (in ms) for run 9 : 1225[OK]
>>> Checkout barcode 38700011913861 for borrower 8635	response times (in ms) for run 11 : 1255[OK]
>>> Checkout barcode 38700003952398 for borrower 548	response times (in ms) for run 49 : 8551[OK]
>>> Checkout barcode 38700001690982 for borrower 3784	response times (in ms) for run 4 : 8112[OK]
>>> Checkout barcode 38700002795780 for borrower 5667	response times (in ms) for run 35 : 12000[OK]
>>> Checkout barcode 58700001344817 for borrower 2595	response times (in ms) for run 12 : 6947[OK]
>>> Checkout barcode 38700002589852 for borrower 5667	response times (in ms) for run 43 : 8203[OK]
>>> Checkout barcode 38700001559666 for borrower 9003	response times (in ms) for run 41 : 3567[OK]
>>> Checkout barcode 38700006390000 for borrower 4774	response times (in ms) for run 6 : 4425[OK]
>>> Checkout barcode 38700004274057 for borrower 2332	response times (in ms) for run 13 : 1203[OK]
>>> Checkout barcode 38700003591436 for borrower 2214	response times (in ms) for run 21 : 1212[OK]
>>> Checkout barcode 38700004319084 for borrower 281	response times (in ms) for run 8 : 1267[OK]
>>> Checkout barcode 38700001842872 for borrower 5223	response times (in ms) for run 25 : 13804[OK]
>>> Checkout barcode 38700004264702 for borrower 1665	response times (in ms) for run 16 : 4193[OK]
>>> Checkout barcode 38700008801509 for borrower 417	response times (in ms) for run 20 : 3325[OK]
>>> Checkout barcode 38700011679975 for borrower 70	response times (in ms) for run 10 : 1350[OK]
>>> Checkout barcode 38700005156915 for borrower 1172	response times (in ms) for run 7 : 6163[OK]
>>> Checkout barcode 58700001355995 for borrower 7064	response times (in ms) for run 31 : 6248[OK]
>>> Checkout barcode 38700001366534 for borrower 1762	response times (in ms) for run 44 : 10345[OK]
>>> Checkout barcode 38700005670147 for borrower 1624	response times (in ms) for run 27 : 1236[OK]
>>> Checkout barcode 38700004314838 for borrower 7596	response times (in ms) for run 38 : 1234[OK]
>>> Checkout barcode 38700001290387 for borrower 6998	response times (in ms) for run 33 : 11925[OK]
>>> Checkout barcode 38700005670139 for borrower 3678	response times (in ms) for run 2 : 1254[OK]
>>> Checkout barcode 38700001290411 for borrower 1832	response times (in ms) for run 24 : 6648[OK]
>>> Checkout barcode 38700002828011 for borrower 4800	response times (in ms) for run 48 : 1242[OK]
>>> Checkout barcode 38700003817419 for borrower 8657	response times (in ms) for run 45 : 8246[OK]
>>> Checkout barcode 38700005414157 for borrower 5113	response times (in ms) for run 14 : 8645[OK]
>>> Checkout barcode 58700001232145 for borrower 9003	response times (in ms) for run 29 : 8866[OK]
>>> Checkout barcode 38700003957868 for borrower 5452	response times (in ms) for run 1 : 6069[OK]

30/08/2011 12:01:02 
>>> Checkin barcode 38700004300555 for borrower 22477 (cardnumber=28700011625350)	response times (in ms) for run 37 : 12988[OK]
>>> Checkin barcode 38700000252651 for borrower 65892 (cardnumber=28700012034420)	response times (in ms) for run 28 : 5462[OK]
>>> Checkin barcode 38700003301901 for borrower 44749 (cardnumber=28700011335133)	response times (in ms) for run 34 : 7668[OK]
>>> Checkin barcode 38700005526505 for borrower 1504 (cardnumber=28700000012131)	response times (in ms) for run 32 : 3984[OK]
>>> Checkin barcode 38700007717821 for borrower 12268 (cardnumber=28700010753690)	response times (in ms) for run 17 : 19749[OK]
>>> Checkin barcode 38700008929854 for borrower 38307 (cardnumber=28700011247593)	response times (in ms) for run 0 : 9177[OK]
>>> Checkin barcode 38700004203585 for borrower 8287 (cardnumber=28700010665217)	response times (in ms) for run 42 : 6924[OK]
>>> Checkin barcode 38700006832084 for borrower 55088 (cardnumber=28700011567339)	response times (in ms) for run 39 : 13470[OK]
>>> Checkin barcode 38700008423585 for borrower 1012 (cardnumber=28700011712026)	response times (in ms) for run 26 : 6309[OK]
>>> Checkin barcode 38700004369519 for borrower 53944 (cardnumber=28700011548727)	response times (in ms) for run 15 : 6102[OK]
>>> Checkin barcode 38700004457686 for borrower 4172 (cardnumber=287000010033422)	response times (in ms) for run 22 : 4895[OK]
>>> Checkin barcode 38700009080608 for borrower 30226 (cardnumber=28700011091538)	response times (in ms) for run 18 : 5288[OK]
>>> Checkin barcode 38700003990331 for borrower 9217 (cardnumber=28700010966425)	response times (in ms) for run 5 : 3677[OK]
>>> Checkin barcode 38700008682909 for borrower 45058 (cardnumber=28700011614412)	response times (in ms) for run 46 : 4844[OK]
>>> Checkin barcode 38700008240021 for borrower 52175 (cardnumber=28700011508960)	response times (in ms) for run 47 : 8653[OK]
>>> Checkin barcode 38700009272957 for borrower 60916 (cardnumber=28700012016963)	response times (in ms) for run 30 : 17984[OK]
>>> Checkin barcode 38700008792930 for borrower 68249 (cardnumber=28700012018951)	response times (in ms) for run 19 : 8520[OK]
>>> Checkin barcode 58700001471990 for borrower 37393 (cardnumber=28700011196071)	response times (in ms) for run 3 : 8614[OK]
>>> Checkin barcode 38700007003743 for borrower 66039 (cardnumber=28700012030485)	response times (in ms) for run 36 : 8940[OK]
>>> Checkin barcode 58700001716774 for borrower 52762 (cardnumber=28700012000751)	response times (in ms) for run 40 : 14263[OK]
>>> Checkin barcode 38700009326332 for borrower 65113 (cardnumber=28700011712372)	response times (in ms) for run 23 : 9683[OK]
>>> Checkin barcode 38700007068878 for borrower 13125 (cardnumber=287000010012414)	response times (in ms) for run 9 : 5903[OK]
>>> Checkin barcode 38700005229548 for borrower 613 (cardnumber=28700011101279)	response times (in ms) for run 11 : 4740[OK]
>>> Checkin barcode 38700005544250 for borrower 65892 (cardnumber=28700012034420)	response times (in ms) for run 49 : 5699[OK]
>>> Checkin barcode 38700008894264 for borrower 38580 (cardnumber=28700011251777)	response times (in ms) for run 4 : 10697[OK]
>>> Checkin barcode 38700001699611 for borrower 6182 (cardnumber=28700010758533)	response times (in ms) for run 35 : 5240[OK]
>>> Checkin barcode 58700001388798 for borrower 59820 (cardnumber=28700011633644)	response times (in ms) for run 12 : 7616[OK]
>>> Checkin barcode 38700007567689 for borrower 59653 (cardnumber=28700011628974)	response times (in ms) for run 43 : 7609[OK]
>>> Checkin barcode CDB17230 for borrower 66588 (cardnumber=28700011538330)	response times (in ms) for run 41 : 5648[OK]
>>> Checkin barcode 38700006402557 for borrower 50450 (cardnumber=28700011469551)	response times (in ms) for run 6 : 8242[OK]
>>> Checkin barcode 38700004277811 for borrower 7255 (cardnumber=28700011059527)	response times (in ms) for run 13 : 9897[OK]
>>> Checkin barcode 38700001430983 for borrower 209 (cardnumber=287000010053992)	response times (in ms) for run 21 : 3634[OK]
>>> Checkin barcode 38700001258996 for borrower 37643 (cardnumber=28700011240002)	response times (in ms) for run 8 : 8205[OK]
>>> Checkin barcode 38700004489887 for borrower 427 (cardnumber=28700011450585)	response times (in ms) for run 25 : 3802[OK]
>>> Checkin barcode 38700006667803 for borrower 54772 (cardnumber=28700011563999)	response times (in ms) for run 16 : 13163[OK]
>>> Checkin barcode 38700002666940 for borrower 56469 (cardnumber=28700011594796)	response times (in ms) for run 20 : 9715[OK]
>>> Checkin barcode 38700011883957 for borrower 56658 (cardnumber=28700011595710)	response times (in ms) for run 10 : 9397[OK]
>>> Checkin barcode 38700001509281 for borrower 57 (cardnumber=287000010060443)	response times (in ms) for run 7 : 10382[OK]
>>> Checkin barcode 38700003429496 for borrower 55088 (cardnumber=28700011567339)	response times (in ms) for run 31 : 4304[OK]
>>> Checkin barcode 38700009317380 for borrower 5705 (cardnumber=28700011515825)	response times (in ms) for run 44 : 9028[OK]
>>> Checkin barcode CDB27970 for borrower 57708 (cardnumber=28700011606632)	response times (in ms) for run 27 : 9715[OK]
>>> Checkin barcode 58700001286802 for borrower 5705 (cardnumber=28700011515825)	response times (in ms) for run 38 : 6790[OK]
>>> Checkin barcode 38700007549547 for borrower 20482 (cardnumber=28700011717975)	response times (in ms) for run 33 : 5448[OK]
>>> Checkin barcode 38700003820108 for borrower 3523 (cardnumber=28700000029705)	response times (in ms) for run 2 : 4116[OK]
>>> Checkin barcode 38700011262202 for borrower 68619 (cardnumber=28700012036961)	response times (in ms) for run 24 : 10843[OK]
>>> Checkin barcode 38700006097639 for borrower 5055 (cardnumber=28700000798176)	response times (in ms) for run 48 : 6604[OK]
>>> Checkin barcode 38700008379225 for borrower 50620 (cardnumber=28700011474866)	response times (in ms) for run 45 : 3678[OK]
>>> Checkin barcode 38700009353625 for borrower 65724 (cardnumber=28700011710962)	response times (in ms) for run 14 : 14804[OK]
>>> Checkin barcode 38700003346856 for borrower 65113 (cardnumber=28700011712372)	response times (in ms) for run 29 : 11267[OK]
>>> Checkin barcode 38700000111204 for borrower 5422 (cardnumber=28700000350861)	response times (in ms) for run 1 : 4083[OK]

