
30/08/2011 12:14:40  Authentication successful
30/08/2011 12:14:40  Auth:
<?xml version='1.0' standalone='yes'?>
<response>
  <status>ok</status>
</response>

30/08/2011 12:23:48 
>>> Checkout barcode 38700009212649 for borrower 6525	response times (in ms) for run 28 : 5105[OK]
>>> Checkout barcode 38700003098788 for borrower 5667	response times (in ms) for run 32 : 7722[OK]
>>> Checkout barcode 38700001198473 for borrower 4748	response times (in ms) for run 17 : 3882[OK]
>>> Checkout barcode 38700002782275 for borrower 364	response times (in ms) for run 90 : 5258[OK]
>>> Checkout barcode 38700003920296 for borrower 7367	response times (in ms) for run 57 : 1217[OK]
>>> Checkout barcode 38700003668671 for borrower 6595	response times (in ms) for run 50 : 12678[OK]
>>> Checkout barcode 38700005044517 for borrower 8577	response times (in ms) for run 42 : 1205[OK]
>>> Checkout barcode 38700004464096 for borrower 6089	response times (in ms) for run 67 : 1251[OK]
>>> Checkout barcode 38700003825370 for borrower 87	response times (in ms) for run 39 : 3582[OK]
>>> Checkout barcode 38700004277969 for borrower 8833	response times (in ms) for run 99 : 17360[OK]
>>> Checkout barcode 38700002223981 for borrower 4158	response times (in ms) for run 15 : 5462[OK]
>>> Checkout barcode 38700005081972 for borrower 5303	response times (in ms) for run 18 : 5005[OK]
>>> Checkout barcode 38700001813444 for borrower 5428	response times (in ms) for run 69 : 7268[OK]
>>> Checkout barcode 58700001092218 for borrower 4341	response times (in ms) for run 46 : 6154[OK]
>>> Checkout barcode 38700004353802 for borrower 7507	response times (in ms) for run 84 : 7237[OK]
>>> Checkout barcode 38700004077807 for borrower 5117	response times (in ms) for run 81 : 1220[OK]
>>> Checkout barcode 38700004262797 for borrower 6070	response times (in ms) for run 19 : 5874[OK]
>>> Checkout barcode 38700002627868 for borrower 5033	response times (in ms) for run 3 : 4787[OK]
>>> Checkout barcode 38700003817369 for borrower 6393	response times (in ms) for run 36 : 5238[OK]
>>> Checkout barcode 38700000090762 for borrower 465	response times (in ms) for run 40 : 4626[OK]
>>> Checkout barcode 38700003881712 for borrower 2312	response times (in ms) for run 9 : 1336[OK]
>>> Checkout barcode 38700001250712 for borrower 1117	response times (in ms) for run 76 : 1204[OK]
>>> Checkout barcode 38700004316403 for borrower 4935	response times (in ms) for run 70 : 1868[OK]
>>> Checkout barcode 38700004053790 for borrower 3803	response times (in ms) for run 64 : 4689[OK]
>>> Checkout barcode 38700003811412 for borrower 4767	response times (in ms) for run 4 : 5359[OK]
>>> Checkout barcode 38700001876391 for borrower 444	response times (in ms) for run 35 : 4747[OK]
>>> Checkout barcode 38700008351307 for borrower 6351	response times (in ms) for run 73 : 1277[OK]
>>> Checkout barcode 38700001243055 for borrower 7803	response times (in ms) for run 59 : 4691[OK]
>>> Checkout barcode 38700004287760 for borrower 2245	response times (in ms) for run 12 : 3507[OK]
>>> Checkout barcode 38700003572626 for borrower 5822	response times (in ms) for run 82 : 1221[OK]
>>> Checkout barcode 38700001316760 for borrower 4595	response times (in ms) for run 43 : 9009[OK]
>>> Checkout barcode 38700004318987 for borrower 5051	response times (in ms) for run 51 : 17679[OK]
>>> Checkout barcode 38700003874600 for borrower 7142	response times (in ms) for run 6 : 1246[OK]
>>> Checkout barcode 38700001406777 for borrower 5833	response times (in ms) for run 13 : 4972[OK]
>>> Checkout barcode 38700001876409 for borrower 5567	response times (in ms) for run 21 : 5194[OK]
>>> Checkout barcode 38700001712562 for borrower 7899	response times (in ms) for run 8 : 7579[OK]
>>> Checkout barcode 38700004318433 for borrower 3188	response times (in ms) for run 54 : 1251[OK]
>>> Checkout barcode 38700003899433 for borrower 9297	response times (in ms) for run 16 : 8459[OK]
>>> Checkout barcode 38700004320611 for borrower 6696	response times (in ms) for run 20 : 6643[OK]
>>> Checkout barcode 38700003853737 for borrower 4029	response times (in ms) for run 60 : 1240[OK]
>>> Checkout barcode 38700008641871 for borrower 3234	response times (in ms) for run 75 : 1217[OK]
>>> Checkout barcode 58700001024393 for borrower 6138	response times (in ms) for run 7 : 1197[OK]
>>> Checkout barcode 38700003910420 for borrower 7474	response times (in ms) for run 86 : 1408[OK]
>>> Checkout barcode 38700001833665 for borrower 3072	response times (in ms) for run 31 : 5944[OK]
>>> Checkout barcode 38700004289550 for borrower 1786	response times (in ms) for run 55 : 1206[OK]
>>> Checkout barcode 38700003832608 for borrower 8287	response times (in ms) for run 27 : 4086[OK]
>>> Checkout barcode 38700002624089 for borrower 5936	response times (in ms) for run 38 : 7509[OK]
>>> Checkout barcode 38700005016176 for borrower 2591	response times (in ms) for run 83 : 9312[OK]
>>> Checkout barcode 38700009305674 for borrower 8534	response times (in ms) for run 66 : 3683[OK]
>>> Checkout barcode 38700000112376 for borrower 8686	response times (in ms) for run 48 : 9211[OK]
>>> Checkout barcode 38700003918563 for borrower 3747	response times (in ms) for run 45 : 1206[OK]
>>> Checkout barcode 38700004039583 for borrower 8356	response times (in ms) for run 71 : 11635[OK]
>>> Checkout barcode CDB37 for borrower 3619	response times (in ms) for run 14 : 1306[OK]
>>> Checkout barcode 38700003808343 for borrower 5397	response times (in ms) for run 29 : 14025[OK]
>>> Checkout barcode 38700002606037 for borrower 6830	response times (in ms) for run 87 : 1207[OK]
>>> Checkout barcode 58700001723747 for borrower 4462	response times (in ms) for run 77 : 7545[OK]
>>> Checkout barcode 38700002566736 for borrower 4612	response times (in ms) for run 1 : 6277[OK]
>>> Checkout barcode 38700004273083 for borrower 7263	response times (in ms) for run 65 : 1227[OK]
>>> Checkout barcode 38700005989133 for borrower 3839	response times (in ms) for run 37 : 6174[OK]
>>> Checkout barcode 38700001692475 for borrower 4181	response times (in ms) for run 34 : 7578[OK]
>>> Checkout barcode 38700000901638 for borrower 70	response times (in ms) for run 0 : 5194[OK]
>>> Checkout barcode 58700002282008 for borrower 8206	response times (in ms) for run 74 : 5430[OK]
>>> Checkout barcode 38700004285673 for borrower 3935	response times (in ms) for run 26 : 8624[OK]
>>> Checkout barcode 38700002809953 for borrower 6475	response times (in ms) for run 97 : 4279[OK]
>>> Checkout barcode 38700003875490 for borrower 87	response times (in ms) for run 5 : 1232[OK]
>>> Checkout barcode 38700001290403 for borrower 865	response times (in ms) for run 22 : 4283[OK]
>>> Checkout barcode 38700003410041 for borrower 979	response times (in ms) for run 72 : 4762[OK]
>>> Checkout barcode 38700004045069 for borrower 8006	response times (in ms) for run 79 : 6025[OK]
>>> Checkout barcode 38700001422238 for borrower 2969	response times (in ms) for run 47 : 1299[OK]
>>> Checkout barcode 38700004050788 for borrower 5170	response times (in ms) for run 61 : 4685[OK]
>>> Checkout barcode 38700001252189 for borrower 6058	response times (in ms) for run 95 : 8794[OK]
>>> Checkout barcode 38700001646166 for borrower 4512	response times (in ms) for run 30 : 3832[OK]
>>> Checkout barcode 38700001425884 for borrower 1222	response times (in ms) for run 96 : 9601[OK]
>>> Checkout barcode 38700008308240 for borrower 3581	response times (in ms) for run 80 : 7456[OK]
>>> Checkout barcode 38700002244300 for borrower 1131	response times (in ms) for run 11 : 7163[OK]
>>> Checkout barcode 38700002588532 for borrower 5312	response times (in ms) for run 23 : 5448[OK]
>>> Checkout barcode 38700005216990 for borrower 5430	response times (in ms) for run 53 : 6844[OK]
>>> Checkout barcode 38700003187532 for borrower 1465	response times (in ms) for run 58 : 3378[OK]
>>> Checkout barcode 38700005044046 for borrower 7699	response times (in ms) for run 49 : 1323[OK]
>>> Checkout barcode 38700006505722 for borrower 4582	response times (in ms) for run 62 : 5261[OK]
>>> Checkout barcode 38700002880202 for borrower 1490	response times (in ms) for run 41 : 7420[OK]
>>> Checkout barcode 38700006267505 for borrower 5868	response times (in ms) for run 52 : 4218[OK]
>>> Checkout barcode 38700003384022 for borrower 2711	response times (in ms) for run 98 : 26395[OK]
>>> Checkout barcode 38700001625665 for borrower 4550	response times (in ms) for run 78 : 4319[OK]
>>> Checkout barcode 38700003858199 for borrower 4334	response times (in ms) for run 25 : 1226[OK]
>>> Checkout barcode 38700005162327 for borrower 5583	response times (in ms) for run 85 : 1303[OK]
>>> Checkout barcode 38700001876243 for borrower 6903	response times (in ms) for run 10 : 7955[OK]
>>> Checkout barcode 38700001699207 for borrower 6488	response times (in ms) for run 68 : 7927[OK]
>>> Checkout barcode 38700001362061 for borrower 7445	response times (in ms) for run 56 : 8245[OK]
>>> Checkout barcode 38700001366633 for borrower 5552	response times (in ms) for run 44 : 6617[OK]
>>> Checkout barcode 38700002786714 for borrower 6915	response times (in ms) for run 89 : 12580[OK]
>>> Checkout barcode 38700001559724 for borrower 8132	response times (in ms) for run 2 : 7615[OK]
>>> Checkout barcode 38700005041331 for borrower 119	response times (in ms) for run 33 : 10806[OK]
>>> Checkout barcode 38700004140746 for borrower 6151	response times (in ms) for run 24 : 6682[OK]
>>> Checkout barcode 38700006097357 for borrower 657	response times (in ms) for run 88 : 4104[OK]
>>> Checkout barcode 38700004404829 for borrower 920	response times (in ms) for run 92 : 1236[OK]
>>> Checkout barcode 38700006356639 for borrower 4308	response times (in ms) for run 94 : 5534[OK]
>>> Checkout barcode 38700008464902 for borrower 4322	response times (in ms) for run 63 : 1228[OK]
>>> Checkout barcode 38700004272895 for borrower 394	response times (in ms) for run 93 : 1310[OK]
>>> Checkout barcode 38700005921821 for borrower 6395	response times (in ms) for run 91 : 3914[OK]

30/08/2011 12:40:58 
>>> Checkin barcode 38700008319593 for borrower 57708 (cardnumber=28700011606632)	response times (in ms) for run 28 : 5375[OK]
>>> Checkin barcode CDB75735 for borrower 30226 (cardnumber=28700011091538)	response times (in ms) for run 32 : 8998[OK]
>>> Checkin barcode 38700007662480 for borrower 48122 (cardnumber=28700011400143)	response times (in ms) for run 17 : 15840[OK]
>>> Checkin barcode 38700008247455 for borrower 24211 (cardnumber=28700010814690)	response times (in ms) for run 90 : 6637[OK]
>>> Checkin barcode 58700001273776 for borrower 46201 (cardnumber=28700011370353)	response times (in ms) for run 57 : 6512[OK]
>>> Checkin barcode 38700005653549 for borrower 67845 (cardnumber=28700012004233)	response times (in ms) for run 50 : 4696[OK]
>>> Checkin barcode 38700007348296 for borrower 56659 (cardnumber=28700011491092)	response times (in ms) for run 42 : 9926[OK]
>>> Checkin barcode 58700001533310 for borrower 7774 (cardnumber=28700000320625)	response times (in ms) for run 67 : 5343[OK]
>>> Checkin barcode 38700004044849 for borrower 3784 (cardnumber=28700010773060)	response times (in ms) for run 39 : 6222[OK]
>>> Checkin barcode 38700006251756 for borrower 66671 (cardnumber=28700011538785)	response times (in ms) for run 99 : 12186[OK]
>>> Checkin barcode 38700009241606 for borrower 24211 (cardnumber=28700010814690)	response times (in ms) for run 15 : 9741[OK]
>>> Checkin barcode 38700005485272 for borrower 58605 (cardnumber=28700011644690)	response times (in ms) for run 18 : 15216[OK]
>>> Checkin barcode 38700009193922 for borrower 50090 (cardnumber=28700011432013)	response times (in ms) for run 69 : 13436[OK]
>>> Checkin barcode 38700000604901 for borrower 65908 (cardnumber=28700012033414)	response times (in ms) for run 46 : 15805[OK]
>>> Checkin barcode 38700008160567 for borrower 29381 (cardnumber=28700011277293)	response times (in ms) for run 84 : 10431[OK]
>>> Checkin barcode 38700008019359 for borrower 64026 (cardnumber=28700011701250)	response times (in ms) for run 81 : 8296[OK]
>>> Checkin barcode 38700008296643 for borrower 14194 (cardnumber=28700011645234)	response times (in ms) for run 19 : 5596[OK]
>>> Checkin barcode 38700008228380 for borrower 62371 (cardnumber=28700011672683)	response times (in ms) for run 3 : 6436[OK]
>>> Checkin barcode 38700005812400 for borrower 55860 (cardnumber=28700011583211)	response times (in ms) for run 36 : 11901[OK]
>>> Checkin barcode 38700005541017 for borrower 364 (cardnumber=28700013200483)	response times (in ms) for run 40 : 9319[OK]
>>> Checkin barcode 38700010028596 for borrower 62130 (cardnumber=28700011669168)	response times (in ms) for run 9 : 4211[OK]
>>> Checkin barcode 38700001328187 for borrower 4893 (cardnumber=28700012072537)	response times (in ms) for run 76 : 3543[OK]
>>> Checkin barcode 58700001435763 for borrower 19524 (cardnumber=28700011583328)	response times (in ms) for run 70 : 6003[OK]
>>> Checkin barcode 38700011728269 for borrower 20482 (cardnumber=28700011717975)	response times (in ms) for run 64 : 9985[OK]
>>> Checkin barcode 38700008850233 for borrower 61909 (cardnumber=28700011666354)	response times (in ms) for run 4 : 13165[OK]
>>> Checkin barcode 38700004076528 for borrower 67 (cardnumber=28700010814971)	response times (in ms) for run 35 : 7378[OK]
>>> Checkin barcode 38700007051338 for borrower 60463 (cardnumber=28700011639252)	response times (in ms) for run 73 : 5000[OK]
>>> Checkin barcode 38700000500299 for borrower 64568 (cardnumber=28700011707406)	response times (in ms) for run 59 : 10717[OK]
>>> Checkin barcode 38700003152304 for borrower 55860 (cardnumber=28700011583211)	response times (in ms) for run 12 : 8552[OK]
>>> Checkin barcode 38700003825370 for borrower 87 (cardnumber=28700011506717)	response times (in ms) for run 82 : 7146[OK]
>>> Checkin barcode 38700000357922 for borrower 66757 (cardnumber=28700011537282)	response times (in ms) for run 43 : 13025[OK]
>>> Checkin barcode 38700003992899 for borrower 61237 (cardnumber=28700011654103)	response times (in ms) for run 51 : 9333[OK]
>>> Checkin barcode 38700002116177 for borrower 26112 (cardnumber=28700011626713)	response times (in ms) for run 6 : 6666[OK]
>>> Checkin barcode 38700004359387 for borrower 43964 (cardnumber=28700011310375)	response times (in ms) for run 13 : 10375[OK]
>>> Checkin barcode 38700009194524 for borrower 61271 (cardnumber=28700011651885)	response times (in ms) for run 21 : 11230[OK]
>>> Checkin barcode 38700007006191 for borrower 61298 (cardnumber=28700011650192)	response times (in ms) for run 8 : 18536[OK]
>>> Checkin barcode 38700003899433 for borrower 9297 (cardnumber=287000010057712)	response times (in ms) for run 54 : 3636[OK]
>>> Checkin barcode 38700008705122 for borrower 45058 (cardnumber=28700011614412)	response times (in ms) for run 16 : 7610[OK]
>>> Checkin barcode 58700001472766 for borrower 55303 (cardnumber=28700011573766)	response times (in ms) for run 20 : 9806[OK]
>>> Checkin barcode 38700008017866 for borrower 51382 (cardnumber=28700011473108)	response times (in ms) for run 60 : 9433[OK]
>>> Checkin barcode 38700005672606 for borrower 20482 (cardnumber=28700011717975)	response times (in ms) for run 75 : 10574[OK]
>>> Checkin barcode 429744 for borrower 48168 (cardnumber=28700011532192)	response times (in ms) for run 7 : 13914[OK]
>>> Checkin barcode 38700011747483 for borrower 19461 (cardnumber=28700011506865)	response times (in ms) for run 86 : 3758[OK]
>>> Checkin barcode 38700003817518 for borrower 8270 (cardnumber=28700000864507)	response times (in ms) for run 31 : 3862[OK]
>>> Checkin barcode 38700009014854 for borrower 18485 (cardnumber=28700011711291)	response times (in ms) for run 55 : 4838[OK]
>>> Checkin barcode 462730 for borrower 61763 (cardnumber=28700011661504)	response times (in ms) for run 27 : 11128[OK]
>>> Checkin barcode 38700009009755 for borrower 63319 (cardnumber=28700011690586)	response times (in ms) for run 38 : 6338[OK]
>>> Checkin barcode 38700005923652 for borrower 31393 (cardnumber=28700011600924)	response times (in ms) for run 83 : 5616[OK]
>>> Checkin barcode 38700011141851 for borrower 52003 (cardnumber=28700011502427)	response times (in ms) for run 66 : 11093[OK]
>>> Checkin barcode 38700007254445 for borrower 39645 (cardnumber=28700011266650)	response times (in ms) for run 48 : 6627[OK]
>>> Checkin barcode 38700000061177 for borrower 41269 (cardnumber=28700011678706)	response times (in ms) for run 45 : 8126[OK]
>>> Checkin barcode 38700004262664 for borrower 20482 (cardnumber=28700011717975)	response times (in ms) for run 71 : 10601[OK]
>>> Checkin barcode 38700005358479 for borrower 536 (cardnumber=28700011026609)	response times (in ms) for run 14 : 78340[OK]
>>> Checkin barcode 38700007270201 for borrower 55860 (cardnumber=28700011583211)	response times (in ms) for run 29 : 7733[OK]
>>> Checkin barcode 431342 for borrower 51335 (cardnumber=28700011581108)	response times (in ms) for run 87 : 7388[OK]
>>> Checkin barcode 38700000215674 for borrower 62775 (cardnumber=28700011683813)	response times (in ms) for run 77 : 6040[OK]
>>> Checkin barcode 38700003984359 for borrower 56184 (cardnumber=28700011577577)	response times (in ms) for run 1 : 11253[OK]
>>> Checkin barcode 38700004131315 for borrower 63964 (cardnumber=28700011686956)	response times (in ms) for run 65 : 9858[OK]
>>> Checkin barcode 38700005507190 for borrower 64879 (cardnumber=28700011713255)	response times (in ms) for run 37 : 7895[OK]
>>> Checkin barcode 38700008393333 for borrower 29381 (cardnumber=28700011277293)	response times (in ms) for run 34 : 4846[OK]
>>> Checkin barcode 38700010085059 for borrower 25783 (cardnumber=28700010895301)	response times (in ms) for run 0 : 7492[OK]
>>> Checkin barcode 38700008069339 for borrower 64828 (cardnumber=28700011669424)	response times (in ms) for run 74 : 6896[OK]
>>> Checkin barcode 38700004315900 for borrower 62922 (cardnumber=28700011651240)	response times (in ms) for run 26 : 13777[OK]
>>> Checkin barcode 38700001764175 for borrower 4688 (cardnumber=28700000606080)	response times (in ms) for run 97 : 6081[OK]
>>> Checkin barcode 38700008202047 for borrower 68619 (cardnumber=28700012036961)	response times (in ms) for run 5 : 32324[OK]
>>> Checkin barcode 38700003696086 for borrower 12540 (cardnumber=28700011582551)	response times (in ms) for run 22 : 5592[OK]
>>> Checkin barcode 38700008832215 for borrower 36750 (cardnumber=28700011224691)	response times (in ms) for run 72 : 14855[OK]
>>> Checkin barcode 38700010003771 for borrower 33604 (cardnumber=28700011463125)	response times (in ms) for run 79 : 6090[OK]
>>> Checkin barcode 38700008864473 for borrower 59653 (cardnumber=28700011628974)	response times (in ms) for run 47 : 8006[OK]
>>> Checkin barcode 38700006491576 for borrower 61383 (cardnumber=28700011652586)	response times (in ms) for run 61 : 11559[OK]
>>> Checkin barcode 38700007687719 for borrower 53451 (cardnumber=28700011521948)	response times (in ms) for run 95 : 5928[OK]
>>> Checkin barcode 38700007178818 for borrower 67930 (cardnumber=28700012019959)	response times (in ms) for run 30 : 7924[OK]
>>> Checkin barcode 58700001713375 for borrower 7699 (cardnumber=287000010012375)	response times (in ms) for run 96 : 3897[OK]
>>> Checkin barcode 38700001367730 for borrower 7207 (cardnumber=28700011586016)	response times (in ms) for run 80 : 4862[OK]
>>> Checkin barcode 38700004371275 for borrower 3062 (cardnumber=28700012081025)	response times (in ms) for run 11 : 7653[OK]
>>> Checkin barcode 38700008352727 for borrower 67713 (cardnumber=28700012007889)	response times (in ms) for run 23 : 7232[OK]
>>> Checkin barcode 38700003017317 for borrower 428 (cardnumber=287000010012695)	response times (in ms) for run 53 : 9535[OK]
>>> Checkin barcode 38700001299388 for borrower 61763 (cardnumber=28700011661504)	response times (in ms) for run 58 : 6777[OK]
>>> Checkin barcode CDB52988 for borrower 54695 (cardnumber=28700011561530)	response times (in ms) for run 49 : 11518[OK]
>>> Checkin barcode 48700001021350 for borrower 56183 (cardnumber=28700011575696)	response times (in ms) for run 62 : 16515[OK]
>>> Checkin barcode 58700001475884 for borrower 66671 (cardnumber=28700011538785)	response times (in ms) for run 41 : 5796[OK]
>>> Checkin barcode 38700006281639 for borrower 1639 (cardnumber=28700000547771)	response times (in ms) for run 52 : 11016[OK]
>>> Checkin barcode 38700006701933 for borrower 61298 (cardnumber=28700011650192)	response times (in ms) for run 98 : 13783[OK]
>>> Checkin barcode 478570 for borrower 30313 (cardnumber=28700011099283)	response times (in ms) for run 78 : 8041[OK]
>>> Checkin barcode 58700001672001 for borrower 57630 (cardnumber=28700011520494)	response times (in ms) for run 25 : 7482[OK]
>>> Checkin barcode 38700000364084 for borrower 53740 (cardnumber=28700011521963)	response times (in ms) for run 85 : 15502[OK]
>>> Checkin barcode 38700007066245 for borrower 60935 (cardnumber=28700011625509)	response times (in ms) for run 10 : 6376[OK]
>>> Checkin barcode 58700001442827 for borrower 18115 (cardnumber=28700012003359)	response times (in ms) for run 68 : 12138[OK]
>>> Checkin barcode 58700001403068 for borrower 65057 (cardnumber=28700011714626)	response times (in ms) for run 56 : 8809[OK]
>>> Checkin barcode 38700005823209 for borrower 68301 (cardnumber=28700012020957)	response times (in ms) for run 44 : 4578[OK]
>>> Checkin barcode 38700006485214 for borrower 2922 (cardnumber=28700011702696)	response times (in ms) for run 89 : 6267[OK]
>>> Checkin barcode 38700004392834 for borrower 3936 (cardnumber=28700011584359)	response times (in ms) for run 2 : 12759[OK]
>>> Checkin barcode 38700008197056 for borrower 61972 (cardnumber=28700011555615)	response times (in ms) for run 33 : 39467[OK]
>>> Checkin barcode 38700000172420 for borrower 52003 (cardnumber=28700011502427)	response times (in ms) for run 24 : 7819[OK]
>>> Checkin barcode 38700008726946 for borrower 59818 (cardnumber=28700011656231)	response times (in ms) for run 88 : 8211[OK]
>>> Checkin barcode 38700004001112 for borrower 5546 (cardnumber=28700010804741)	response times (in ms) for run 92 : 4903[OK]
>>> Checkin barcode 58700001437645 for borrower 61204 (cardnumber=28700011651380)	response times (in ms) for run 94 : 6865[OK]
>>> Checkin barcode 38700003988277 for borrower 6239 (cardnumber=28700011100438)	response times (in ms) for run 63 : 8332[OK]
>>> Checkin barcode 38700007925002 for borrower 61380 (cardnumber=28700011652412)	response times (in ms) for run 93 : 46056[OK]
>>> Checkin barcode 38700007754568 for borrower 46942 (cardnumber=28700011563668)	response times (in ms) for run 91 : 7808[OK]

