
30/08/2011 09:12:47 START
30/08/2011 09:12:47 SET OPTS: 
filepath=/tmp/records1.txt
max_records=20
max_delta=30
30/08/2011 09:12:49 Processing previous records
30/08/2011 09:12:49 $VAR1 = {};

30/08/2011 09:13:10 READ biblio 59
30/08/2011 09:13:11 READ biblio 59
30/08/2011 09:13:12 READ biblio 130
30/08/2011 09:13:13 READ biblio 130
30/08/2011 09:13:14 READ biblio 42
30/08/2011 09:13:15 READ biblio 42
30/08/2011 09:13:16 READ biblio 129
30/08/2011 09:13:17 READ biblio 129
30/08/2011 09:13:19 READ biblio 37
30/08/2011 09:13:20 READ biblio 37
30/08/2011 09:13:21 READ biblio 74
30/08/2011 09:13:22 READ biblio 74
30/08/2011 09:13:23 READ biblio 107
30/08/2011 09:13:24 READ biblio 107
30/08/2011 09:13:25 READ biblio 31
30/08/2011 09:13:26 READ biblio 28
30/08/2011 09:13:27 READ biblio 31
30/08/2011 09:13:28 READ biblio 28
30/08/2011 09:13:29 READ biblio 50
30/08/2011 09:13:30 READ biblio 50
30/08/2011 09:13:31 READ biblio 28
30/08/2011 09:13:32 READ biblio 28
30/08/2011 09:13:34 READ biblio 28
30/08/2011 09:13:35 READ biblio 107
30/08/2011 09:13:36 READ biblio 28
30/08/2011 09:13:37 READ biblio 107
30/08/2011 09:13:38 READ biblio 107
30/08/2011 09:13:39 READ biblio 107
30/08/2011 09:13:40 READ biblio 88
30/08/2011 09:13:40 We have 11 records for biblio and 30seconds since first add
30/08/2011 09:13:40 Indexing
30/08/2011 09:13:40 biblio 59,130,42,129,37,74,107,31,28,50,88
30/08/2011 09:13:40 Removing records (biblio 59,130,42,129,37,74,107,31,28,50,88) from file
30/08/2011 09:13:41 READ biblio 88
30/08/2011 09:13:42 READ biblio 103
30/08/2011 09:13:43 READ biblio 103
30/08/2011 09:13:44 READ biblio 6
30/08/2011 09:13:45 READ biblio 31
30/08/2011 09:13:46 READ biblio 6
30/08/2011 09:13:47 READ biblio 31
30/08/2011 09:13:48 READ biblio 31
30/08/2011 09:13:49 READ biblio 31
30/08/2011 09:13:50 READ biblio 90
30/08/2011 09:13:51 READ biblio 90
30/08/2011 09:13:52 READ biblio 60
30/08/2011 09:13:53 READ biblio 60
30/08/2011 09:13:54 READ biblio 58
30/08/2011 09:13:55 READ biblio 58
30/08/2011 09:13:56 READ biblio 130
30/08/2011 09:13:57 READ biblio 130
30/08/2011 09:13:58 READ biblio 89
30/08/2011 09:13:59 READ biblio 89
30/08/2011 09:14:00 READ biblio 89
30/08/2011 09:14:01 READ biblio 37
30/08/2011 09:14:02 READ biblio 89
30/08/2011 09:14:03 READ biblio 37
30/08/2011 09:14:04 READ biblio 89
30/08/2011 09:14:06 READ 23
30/08/2011 09:14:06 ERROR FOR THIS LINE (23), BAD FORMAT
30/08/2011 09:14:06 READ biblio 273670
30/08/2011 09:14:07 READ biblio 172123
30/08/2011 09:14:08 READ biblio 273670
30/08/2011 09:14:09 READ biblio 306915
30/08/2011 09:14:10 READ biblio 39031
30/08/2011 09:14:11 READ biblio 306915
30/08/2011 09:14:11 We have 14 records for biblio and 30seconds since first add
30/08/2011 09:14:11 Indexing
30/08/2011 09:14:11 biblio 88,103,6,31,90,60,58,130,89,37,273670,172123,306915,39031
30/08/2011 09:14:11 Removing records (biblio 88,103,6,31,90,60,58,130,89,37,273670,172123,306915,39031) from file
30/08/2011 09:14:12 READ biblio 39031
30/08/2011 09:14:13 READ biblio 306915
30/08/2011 09:14:14 READ biblio 39031
30/08/2011 09:14:15 READ biblio 99
30/08/2011 09:14:16 READ biblio 111
30/08/2011 09:14:17 READ biblio 111
30/08/2011 09:14:18 READ biblio 99
30/08/2011 09:14:19 READ biblio 806
30/08/2011 09:14:20 READ biblio 45178
30/08/2011 09:14:21 READ biblio 806
30/08/2011 09:14:22 READ biblio 45178
30/08/2011 09:14:23 READ biblio 45178
30/08/2011 09:14:24 READ biblio 456
30/08/2011 09:14:25 READ biblio 456
30/08/2011 09:14:26 READ biblio 261638
30/08/2011 09:14:27 READ biblio 261638
30/08/2011 09:14:29 READ 3
30/08/2011 09:14:29 ERROR FOR THIS LINE (3), BAD FORMAT
30/08/2011 09:14:29 READ biblio 155713
30/08/2011 09:14:30 READ biblio 155713
30/08/2011 09:14:31 READ biblio 173426
30/08/2011 09:14:32 READ biblio 173426
30/08/2011 09:14:33 READ biblio 173426
30/08/2011 09:14:34 READ biblio 842
30/08/2011 09:14:35 READ biblio 842
30/08/2011 09:14:36 READ biblio 338004
30/08/2011 09:14:37 READ biblio 338004
30/08/2011 09:14:38 READ biblio 162
30/08/2011 09:14:39 READ biblio 338004
30/08/2011 09:14:40 READ biblio 162
30/08/2011 09:14:41 READ biblio 336779
30/08/2011 09:14:42 READ biblio 265776
30/08/2011 09:14:42 We have 15 records for biblio and 30seconds since first add
30/08/2011 09:14:42 Indexing
30/08/2011 09:14:42 biblio 39031,306915,99,111,806,45178,456,261638,155713,173426,842,338004,162,336779,265776
30/08/2011 09:14:42 Removing records (biblio 39031,306915,99,111,806,45178,456,261638,155713,173426,842,338004,162,336779,265776) from file
30/08/2011 09:14:43 READ biblio 336779
30/08/2011 09:14:44 READ biblio 265776
30/08/2011 09:14:45 READ biblio 336779
30/08/2011 09:14:46 READ biblio 265776
30/08/2011 09:14:47 READ biblio 324971
30/08/2011 09:14:48 READ biblio 264575
30/08/2011 09:14:49 READ biblio 324971
30/08/2011 09:14:50 READ biblio 264575
30/08/2011 09:14:51 READ biblio 324971
30/08/2011 09:14:52 READ biblio 264575
30/08/2011 09:14:53 READ biblio 168356
30/08/2011 09:14:54 READ biblio 748
30/08/2011 09:14:55 READ biblio 168356
30/08/2011 09:14:56 READ biblio 748
30/08/2011 09:14:57 READ biblio 168356
30/08/2011 09:14:59 READ biblio0
30/08/2011 09:14:59 ERROR FOR THIS LINE (biblio0), BAD FORMAT
30/08/2011 09:14:59 READ biblio0
30/08/2011 09:14:59 ERROR FOR THIS LINE (biblio0), BAD FORMAT
30/08/2011 09:14:59 READ biblio 137
30/08/2011 09:15:00 READ biblio 83
30/08/2011 09:15:01 READ biblio 137
30/08/2011 09:15:02 READ biblio 83
30/08/2011 09:15:03 READ biblio 134
30/08/2011 09:15:04 READ biblio 134
30/08/2011 09:15:05 READ biblio 122
30/08/2011 09:15:06 READ biblio 122
30/08/2011 09:15:07 READ biblio 108
30/08/2011 09:15:08 READ biblio 108
30/08/2011 09:15:09 READ biblio 92
30/08/2011 09:15:10 READ biblio 92
30/08/2011 09:15:11 READ biblio 14
30/08/2011 09:15:12 READ biblio 14
30/08/2011 09:15:13 READ biblio 49
30/08/2011 09:15:13 We have 14 records for biblio and 30seconds since first add
30/08/2011 09:15:13 Indexing
30/08/2011 09:15:13 biblio 336779,265776,324971,264575,168356,748,137,83,134,122,108,92,14,49
30/08/2011 09:15:13 Removing records (biblio 336779,265776,324971,264575,168356,748,137,83,134,122,108,92,14,49) from file
30/08/2011 09:15:14 READ biblio 46
30/08/2011 09:15:15 READ biblio 49
30/08/2011 09:15:16 READ biblio 46
30/08/2011 09:15:17 READ biblio 70
30/08/2011 09:15:18 READ biblio 70
30/08/2011 09:15:19 READ biblio 143754
30/08/2011 09:15:20 READ biblio 143754
30/08/2011 09:15:21 READ biblio 25522
30/08/2011 09:15:22 READ biblio 143754
30/08/2011 09:15:23 READ biblio 25522
30/08/2011 09:15:24 READ biblio 25522
30/08/2011 09:15:25 READ biblio 296556
30/08/2011 09:15:26 READ biblio 296556
30/08/2011 09:15:27 READ biblio 284
30/08/2011 09:15:28 READ biblio 296556
30/08/2011 09:15:29 READ biblio 284
30/08/2011 09:15:30 READ biblio 245200
30/08/2011 09:15:31 READ biblio 245200
30/08/2011 09:15:32 READ biblio 307277
30/08/2011 09:15:33 READ biblio 245200
30/08/2011 09:15:34 READ biblio 307277
30/08/2011 09:15:35 READ biblio 307277
30/08/2011 09:15:36 READ biblio 336044
30/08/2011 09:15:37 READ biblio 336044
30/08/2011 09:15:38 READ biblio 274210
30/08/2011 09:15:39 READ biblio 274210
30/08/2011 09:15:40 READ biblio 274210
30/08/2011 09:15:41 READ biblio 258136
30/08/2011 09:15:42 READ biblio 258136
30/08/2011 09:15:43 READ biblio 258136
30/08/2011 09:15:44 READ biblio 110
30/08/2011 09:15:44 We have 13 records for biblio and 30seconds since first add
30/08/2011 09:15:44 Indexing
30/08/2011 09:15:44 biblio 46,49,70,143754,25522,296556,284,245200,307277,336044,274210,258136,110
30/08/2011 09:15:45 Removing records (biblio 46,49,70,143754,25522,296556,284,245200,307277,336044,274210,258136,110) from file
30/08/2011 09:15:46 READ biblio 110
30/08/2011 09:15:47 READ biblio 234347
30/08/2011 09:15:48 READ biblio 234347
30/08/2011 09:15:49 READ biblio 234347
30/08/2011 09:15:50 READ biblio 324971
30/08/2011 09:15:51 READ biblio 264575
30/08/2011 09:15:52 READ biblio 324971
30/08/2011 09:15:53 READ biblio 264575
30/08/2011 09:15:54 READ biblio 324971
30/08/2011 09:15:55 READ biblio 264575
30/08/2011 09:15:56 READ biblio 168356
30/08/2011 09:15:57 READ biblio 748
30/08/2011 09:15:58 READ biblio 168356
30/08/2011 09:15:59 READ biblio 748
30/08/2011 09:16:00 READ biblio 168356
30/08/2011 09:16:01 READ biblio 724
30/08/2011 09:16:02 READ biblio 107
30/08/2011 09:16:03 READ biblio 724
30/08/2011 09:16:04 READ biblio 107
30/08/2011 09:16:05 READ biblio 234347
30/08/2011 09:16:07 READ biblio0
30/08/2011 09:16:07 ERROR FOR THIS LINE (biblio0), BAD FORMAT
30/08/2011 09:16:07 READ biblio0
30/08/2011 09:16:07 ERROR FOR THIS LINE (biblio0), BAD FORMAT
30/08/2011 09:16:07 READ biblio3754
30/08/2011 09:16:07 ERROR FOR THIS LINE (biblio3754), BAD FORMAT
30/08/2011 09:16:07 READ biblio3754
30/08/2011 09:16:07 ERROR FOR THIS LINE (biblio3754), BAD FORMAT
30/08/2011 09:16:07 READ biblio3754
30/08/2011 09:16:07 ERROR FOR THIS LINE (biblio3754), BAD FORMAT
30/08/2011 09:16:07 READ biblio 234347
30/08/2011 09:16:08 READ biblio 234347
30/08/2011 09:16:09 READ biblio 234347
30/08/2011 09:16:10 READ biblio 724
30/08/2011 09:16:11 READ biblio 107
30/08/2011 09:16:12 READ biblio 724
30/08/2011 09:16:13 READ biblio 107
30/08/2011 09:16:14 READ biblio 234347
30/08/2011 09:16:16 We have 8 records for biblio and 30seconds since first add
30/08/2011 09:16:16 Indexing
30/08/2011 09:16:16 biblio 110,234347,324971,264575,168356,748,724,107
30/08/2011 09:16:16 Removing records (biblio 110,234347,324971,264575,168356,748,724,107) from file
30/08/2011 09:16:22 READ biblio0
30/08/2011 09:16:22 ERROR FOR THIS LINE (biblio0), BAD FORMAT
30/08/2011 09:16:22 READ biblio0
30/08/2011 09:16:22 ERROR FOR THIS LINE (biblio0), BAD FORMAT
30/08/2011 09:16:22 READ biblio3754
30/08/2011 09:16:22 ERROR FOR THIS LINE (biblio3754), BAD FORMAT
30/08/2011 09:16:22 READ biblio3754
30/08/2011 09:16:22 ERROR FOR THIS LINE (biblio3754), BAD FORMAT
30/08/2011 09:16:22 READ biblio3754
30/08/2011 09:16:22 ERROR FOR THIS LINE (biblio3754), BAD FORMAT
